<?xml version="1.0" encoding="UTF-8"?>
<testsuite name="io.pact.example.grpc.provider.PactVerificationTest" tests="1" skipped="0" failures="1" errors="0" timestamp="2023-03-27T09:43:25" hostname="Karthiks-MacBook-Pro.local" time="3.472">
  <properties/>
  <testcase name="grpc-consumer-jvm - calculate rectangle area request" classname="io.pact.example.grpc.provider.PactVerificationTest" time="3.472">
    <failure message="java.lang.AssertionError: grpc-consumer-jvm - Upon calculate rectangle area request &#10;Failures:&#10;&#10;1) Verification Failed&#10;&#10;    1.1) body: $.value Unable to match [&quot;1:(ThirtyTwoBit, Float) = 12&quot;] using Number&#10;&#10;    1.2) body: $.value[0] Expected and actual field have different types: 1:(ThirtyTwoBit, Float) = 12 and 1:(LengthDelimited, Unknown) = 0400004041&#10;&#10;" type="java.lang.AssertionError">java.lang.AssertionError: grpc-consumer-jvm - Upon calculate rectangle area request 
Failures:

1) Verification Failed

    1.1) body: $.value Unable to match [&quot;1:(ThirtyTwoBit, Float) = 12&quot;] using Number

    1.2) body: $.value[0] Expected and actual field have different types: 1:(ThirtyTwoBit, Float) = 12 and 1:(LengthDelimited, Unknown) = 0400004041


	at au.com.dius.pact.provider.junit5.PactVerificationContext.verifyInteraction(PactVerificationContext.kt:72)
	at io.pact.example.grpc.provider.PactVerificationTest.pactVerificationTestTemplate(PactVerificationTest.java:64)
	at java.base/jdk.internal.reflect.NativeMethodAccessorImpl.invoke0(Native Method)
	at java.base/jdk.internal.reflect.NativeMethodAccessorImpl.invoke(NativeMethodAccessorImpl.java:62)
	at java.base/jdk.internal.reflect.DelegatingMethodAccessorImpl.invoke(DelegatingMethodAccessorImpl.java:43)
	at java.base/java.lang.reflect.Method.invoke(Method.java:566)
	at org.junit.platform.commons.util.ReflectionUtils.invokeMethod(ReflectionUtils.java:727)
	at org.junit.jupiter.engine.execution.MethodInvocation.proceed(MethodInvocation.java:60)
	at org.junit.jupiter.engine.execution.InvocationInterceptorChain$ValidatingInvocation.proceed(InvocationInterceptorChain.java:131)
	at org.junit.jupiter.engine.extension.TimeoutExtension.intercept(TimeoutExtension.java:156)
	at org.junit.jupiter.engine.extension.TimeoutExtension.interceptTestableMethod(TimeoutExtension.java:147)
	at org.junit.jupiter.engine.extension.TimeoutExtension.interceptTestTemplateMethod(TimeoutExtension.java:94)
	at org.junit.jupiter.engine.execution.InterceptingExecutableInvoker$ReflectiveInterceptorCall.lambda$ofVoidMethod$0(InterceptingExecutableInvoker.java:103)
	at org.junit.jupiter.engine.execution.InterceptingExecutableInvoker.lambda$invoke$0(InterceptingExecutableInvoker.java:93)
	at org.junit.jupiter.engine.execution.InvocationInterceptorChain$InterceptedInvocation.proceed(InvocationInterceptorChain.java:106)
	at org.junit.jupiter.engine.execution.InvocationInterceptorChain.proceed(InvocationInterceptorChain.java:64)
	at org.junit.jupiter.engine.execution.InvocationInterceptorChain.chainAndInvoke(InvocationInterceptorChain.java:45)
	at org.junit.jupiter.engine.execution.InvocationInterceptorChain.invoke(InvocationInterceptorChain.java:37)
	at org.junit.jupiter.engine.execution.InterceptingExecutableInvoker.invoke(InterceptingExecutableInvoker.java:92)
	at org.junit.jupiter.engine.execution.InterceptingExecutableInvoker.invoke(InterceptingExecutableInvoker.java:86)
	at org.junit.jupiter.engine.descriptor.TestMethodTestDescriptor.lambda$invokeTestMethod$7(TestMethodTestDescriptor.java:217)
	at org.junit.platform.engine.support.hierarchical.ThrowableCollector.execute(ThrowableCollector.java:73)
	at org.junit.jupiter.engine.descriptor.TestMethodTestDescriptor.invokeTestMethod(TestMethodTestDescriptor.java:213)
	at org.junit.jupiter.engine.descriptor.TestMethodTestDescriptor.execute(TestMethodTestDescriptor.java:138)
	at org.junit.jupiter.engine.descriptor.TestMethodTestDescriptor.execute(TestMethodTestDescriptor.java:68)
	at org.junit.platform.engine.support.hierarchical.NodeTestTask.lambda$executeRecursively$6(NodeTestTask.java:151)
	at org.junit.platform.engine.support.hierarchical.ThrowableCollector.execute(ThrowableCollector.java:73)
	at org.junit.platform.engine.support.hierarchical.NodeTestTask.lambda$executeRecursively$8(NodeTestTask.java:141)
	at org.junit.platform.engine.support.hierarchical.Node.around(Node.java:137)
	at org.junit.platform.engine.support.hierarchical.NodeTestTask.lambda$executeRecursively$9(NodeTestTask.java:139)
	at org.junit.platform.engine.support.hierarchical.ThrowableCollector.execute(ThrowableCollector.java:73)
	at org.junit.platform.engine.support.hierarchical.NodeTestTask.executeRecursively(NodeTestTask.java:138)
	at org.junit.platform.engine.support.hierarchical.NodeTestTask.execute(NodeTestTask.java:95)
	at org.junit.platform.engine.support.hierarchical.SameThreadHierarchicalTestExecutorService.submit(SameThreadHierarchicalTestExecutorService.java:35)
	at org.junit.platform.engine.support.hierarchical.NodeTestTask$DefaultDynamicTestExecutor.execute(NodeTestTask.java:226)
	at org.junit.platform.engine.support.hierarchical.NodeTestTask$DefaultDynamicTestExecutor.execute(NodeTestTask.java:204)
	at org.junit.jupiter.engine.descriptor.TestTemplateTestDescriptor.execute(TestTemplateTestDescriptor.java:142)
	at org.junit.jupiter.engine.descriptor.TestTemplateTestDescriptor.lambda$execute$2(TestTemplateTestDescriptor.java:110)
	at java.base/java.util.stream.ForEachOps$ForEachOp$OfRef.accept(ForEachOps.java:183)
	at java.base/java.util.stream.ReferencePipeline$3$1.accept(ReferencePipeline.java:195)
	at java.base/java.util.stream.ReferencePipeline$2$1.accept(ReferencePipeline.java:177)
	at java.base/java.util.stream.ReferencePipeline$3$1.accept(ReferencePipeline.java:195)
	at java.base/java.util.ArrayList$ArrayListSpliterator.forEachRemaining(ArrayList.java:1655)
	at java.base/java.util.stream.ReferencePipeline$Head.forEach(ReferencePipeline.java:658)
	at java.base/java.util.stream.ReferencePipeline$7$1.accept(ReferencePipeline.java:274)
	at java.base/java.util.ArrayList$ArrayListSpliterator.forEachRemaining(ArrayList.java:1655)
	at java.base/java.util.stream.AbstractPipeline.copyInto(AbstractPipeline.java:484)
	at java.base/java.util.stream.AbstractPipeline.wrapAndCopyInto(AbstractPipeline.java:474)
	at java.base/java.util.stream.ForEachOps$ForEachOp.evaluateSequential(ForEachOps.java:150)
	at java.base/java.util.stream.ForEachOps$ForEachOp$OfRef.evaluateSequential(ForEachOps.java:173)
	at java.base/java.util.stream.AbstractPipeline.evaluate(AbstractPipeline.java:234)
	at java.base/java.util.stream.ReferencePipeline.forEach(ReferencePipeline.java:497)
	at org.junit.jupiter.engine.descriptor.TestTemplateTestDescriptor.execute(TestTemplateTestDescriptor.java:110)
	at org.junit.jupiter.engine.descriptor.TestTemplateTestDescriptor.execute(TestTemplateTestDescriptor.java:44)
	at org.junit.platform.engine.support.hierarchical.NodeTestTask.lambda$executeRecursively$6(NodeTestTask.java:151)
	at org.junit.platform.engine.support.hierarchical.ThrowableCollector.execute(ThrowableCollector.java:73)
	at org.junit.platform.engine.support.hierarchical.NodeTestTask.lambda$executeRecursively$8(NodeTestTask.java:141)
	at org.junit.platform.engine.support.hierarchical.Node.around(Node.java:137)
	at org.junit.platform.engine.support.hierarchical.NodeTestTask.lambda$executeRecursively$9(NodeTestTask.java:139)
	at org.junit.platform.engine.support.hierarchical.ThrowableCollector.execute(ThrowableCollector.java:73)
	at org.junit.platform.engine.support.hierarchical.NodeTestTask.executeRecursively(NodeTestTask.java:138)
	at org.junit.platform.engine.support.hierarchical.NodeTestTask.execute(NodeTestTask.java:95)
	at java.base/java.util.ArrayList.forEach(ArrayList.java:1541)
	at org.junit.platform.engine.support.hierarchical.SameThreadHierarchicalTestExecutorService.invokeAll(SameThreadHierarchicalTestExecutorService.java:41)
	at org.junit.platform.engine.support.hierarchical.NodeTestTask.lambda$executeRecursively$6(NodeTestTask.java:155)
	at org.junit.platform.engine.support.hierarchical.ThrowableCollector.execute(ThrowableCollector.java:73)
	at org.junit.platform.engine.support.hierarchical.NodeTestTask.lambda$executeRecursively$8(NodeTestTask.java:141)
	at org.junit.platform.engine.support.hierarchical.Node.around(Node.java:137)
	at org.junit.platform.engine.support.hierarchical.NodeTestTask.lambda$executeRecursively$9(NodeTestTask.java:139)
	at org.junit.platform.engine.support.hierarchical.ThrowableCollector.execute(ThrowableCollector.java:73)
	at org.junit.platform.engine.support.hierarchical.NodeTestTask.executeRecursively(NodeTestTask.java:138)
	at org.junit.platform.engine.support.hierarchical.NodeTestTask.execute(NodeTestTask.java:95)
	at java.base/java.util.ArrayList.forEach(ArrayList.java:1541)
	at org.junit.platform.engine.support.hierarchical.SameThreadHierarchicalTestExecutorService.invokeAll(SameThreadHierarchicalTestExecutorService.java:41)
	at org.junit.platform.engine.support.hierarchical.NodeTestTask.lambda$executeRecursively$6(NodeTestTask.java:155)
	at org.junit.platform.engine.support.hierarchical.ThrowableCollector.execute(ThrowableCollector.java:73)
	at org.junit.platform.engine.support.hierarchical.NodeTestTask.lambda$executeRecursively$8(NodeTestTask.java:141)
	at org.junit.platform.engine.support.hierarchical.Node.around(Node.java:137)
	at org.junit.platform.engine.support.hierarchical.NodeTestTask.lambda$executeRecursively$9(NodeTestTask.java:139)
	at org.junit.platform.engine.support.hierarchical.ThrowableCollector.execute(ThrowableCollector.java:73)
	at org.junit.platform.engine.support.hierarchical.NodeTestTask.executeRecursively(NodeTestTask.java:138)
	at org.junit.platform.engine.support.hierarchical.NodeTestTask.execute(NodeTestTask.java:95)
	at org.junit.platform.engine.support.hierarchical.SameThreadHierarchicalTestExecutorService.submit(SameThreadHierarchicalTestExecutorService.java:35)
	at org.junit.platform.engine.support.hierarchical.HierarchicalTestExecutor.execute(HierarchicalTestExecutor.java:57)
	at org.junit.platform.engine.support.hierarchical.HierarchicalTestEngine.execute(HierarchicalTestEngine.java:54)
	at org.junit.platform.launcher.core.EngineExecutionOrchestrator.execute(EngineExecutionOrchestrator.java:108)
	at org.junit.platform.launcher.core.EngineExecutionOrchestrator.execute(EngineExecutionOrchestrator.java:88)
	at org.junit.platform.launcher.core.EngineExecutionOrchestrator.lambda$execute$0(EngineExecutionOrchestrator.java:54)
	at org.junit.platform.launcher.core.EngineExecutionOrchestrator.withInterceptedStreams(EngineExecutionOrchestrator.java:67)
	at org.junit.platform.launcher.core.EngineExecutionOrchestrator.execute(EngineExecutionOrchestrator.java:52)
	at org.junit.platform.launcher.core.DefaultLauncher.execute(DefaultLauncher.java:96)
	at org.junit.platform.launcher.core.DefaultLauncher.execute(DefaultLauncher.java:75)
	at org.gradle.api.internal.tasks.testing.junitplatform.JUnitPlatformTestClassProcessor$CollectAllTestClassesExecutor.processAllTestClasses(JUnitPlatformTestClassProcessor.java:99)
	at org.gradle.api.internal.tasks.testing.junitplatform.JUnitPlatformTestClassProcessor$CollectAllTestClassesExecutor.access$000(JUnitPlatformTestClassProcessor.java:79)
	at org.gradle.api.internal.tasks.testing.junitplatform.JUnitPlatformTestClassProcessor.stop(JUnitPlatformTestClassProcessor.java:75)
	at org.gradle.api.internal.tasks.testing.SuiteTestClassProcessor.stop(SuiteTestClassProcessor.java:61)
	at java.base/jdk.internal.reflect.NativeMethodAccessorImpl.invoke0(Native Method)
	at java.base/jdk.internal.reflect.NativeMethodAccessorImpl.invoke(NativeMethodAccessorImpl.java:62)
	at java.base/jdk.internal.reflect.DelegatingMethodAccessorImpl.invoke(DelegatingMethodAccessorImpl.java:43)
	at java.base/java.lang.reflect.Method.invoke(Method.java:566)
	at org.gradle.internal.dispatch.ReflectionDispatch.dispatch(ReflectionDispatch.java:36)
	at org.gradle.internal.dispatch.ReflectionDispatch.dispatch(ReflectionDispatch.java:24)
	at org.gradle.internal.dispatch.ContextClassLoaderDispatch.dispatch(ContextClassLoaderDispatch.java:33)
	at org.gradle.internal.dispatch.ProxyDispatchAdapter$DispatchingInvocationHandler.invoke(ProxyDispatchAdapter.java:94)
	at com.sun.proxy.$Proxy2.stop(Unknown Source)
	at org.gradle.api.internal.tasks.testing.worker.TestWorker.stop(TestWorker.java:133)
	at java.base/jdk.internal.reflect.NativeMethodAccessorImpl.invoke0(Native Method)
	at java.base/jdk.internal.reflect.NativeMethodAccessorImpl.invoke(NativeMethodAccessorImpl.java:62)
	at java.base/jdk.internal.reflect.DelegatingMethodAccessorImpl.invoke(DelegatingMethodAccessorImpl.java:43)
	at java.base/java.lang.reflect.Method.invoke(Method.java:566)
	at org.gradle.internal.dispatch.ReflectionDispatch.dispatch(ReflectionDispatch.java:36)
	at org.gradle.internal.dispatch.ReflectionDispatch.dispatch(ReflectionDispatch.java:24)
	at org.gradle.internal.remote.internal.hub.MessageHubBackedObjectConnection$DispatchWrapper.dispatch(MessageHubBackedObjectConnection.java:182)
	at org.gradle.internal.remote.internal.hub.MessageHubBackedObjectConnection$DispatchWrapper.dispatch(MessageHubBackedObjectConnection.java:164)
	at org.gradle.internal.remote.internal.hub.MessageHub$Handler.run(MessageHub.java:414)
	at org.gradle.internal.concurrent.ExecutorPolicy$CatchAndRecordFailures.onExecute(ExecutorPolicy.java:64)
	at org.gradle.internal.concurrent.ManagedExecutorImpl$1.run(ManagedExecutorImpl.java:48)
	at java.base/java.util.concurrent.ThreadPoolExecutor.runWorker(ThreadPoolExecutor.java:1128)
	at java.base/java.util.concurrent.ThreadPoolExecutor$Worker.run(ThreadPoolExecutor.java:628)
	at org.gradle.internal.concurrent.ThreadFactoryImpl$ManagedThreadRunnable.run(ThreadFactoryImpl.java:56)
	at java.base/java.lang.Thread.run(Thread.java:829)
</failure>
  </testcase>
  <system-out><![CDATA[15:13:24,764 |-INFO in ch.qos.logback.classic.LoggerContext[default] - Could NOT find resource [logback-test.xml]
15:13:24,764 |-INFO in ch.qos.logback.classic.LoggerContext[default] - Found resource [logback.xml] at [file:/Users/karthik/Downloads/pact-plugins-main/examples/protobuf/protobuf-consumer-jvm/build/resources/test/logback.xml]
15:13:24,859 |-INFO in ch.qos.logback.classic.joran.action.ConfigurationAction - debug attribute not set
15:13:24,862 |-INFO in ch.qos.logback.core.joran.action.AppenderAction - About to instantiate appender of type [ch.qos.logback.core.ConsoleAppender]
15:13:24,867 |-INFO in ch.qos.logback.core.joran.action.AppenderAction - Naming appender as [STDOUT]
15:13:24,870 |-INFO in ch.qos.logback.core.joran.action.NestedComplexPropertyIA - Assuming default type [ch.qos.logback.classic.encoder.PatternLayoutEncoder] for [encoder] property
15:13:24,887 |-INFO in ch.qos.logback.classic.joran.action.RootLoggerAction - Setting level of ROOT logger to TRACE
15:13:24,887 |-INFO in ch.qos.logback.core.joran.action.AppenderRefAction - Attaching appender named [STDOUT] to Logger[ROOT]
15:13:24,889 |-ERROR in ch.qos.logback.core.joran.spi.Interpreter@13:36 - no applicable action for [io.grpc.netty], current ElementPath  is [[configuration][io.grpc.netty]]
15:13:24,889 |-INFO in ch.qos.logback.classic.joran.action.ConfigurationAction - End of configuration.
15:13:24,889 |-INFO in ch.qos.logback.classic.joran.JoranConfigurator@4859835c - Registering current configuration as safe fallback point

15:13:24.902 [Test worker] TRACE a.c.d.p.p.j.PactVerificationInvocationContextProvider - provideTestTemplateInvocationContexts called
15:13:24.924 [Test worker] DEBUG a.c.d.p.p.j.PactVerificationInvocationContextProvider - Verifying pacts for provider 'area-calculator-provider' and consumer 'null'
15:13:25.340 [Test worker] DEBUG a.c.d.p.p.j.PactVerificationInvocationContextProvider - Pact sources on test class:
 @au.com.dius.pact.provider.junitsupport.loader.PactSource(value=au.com.dius.pact.provider.junitsupport.loader.PactFolderLoader.class)
15:13:25.342 [Test worker] DEBUG a.c.dius.pact.provider.ProviderUtils - Pact source does not have a constructor with one argument of type Class
15:13:25.480 [Test worker] TRACE a.c.d.p.c.m.m.MatchingRule - MatchingRule.create(number, {"match":"number"})
15:13:25.481 [Test worker] TRACE a.c.d.p.c.m.m.MatchingRule - MatchingRule.create(number, {"match":"number"})
15:13:25.483 [Test worker] TRACE a.c.d.p.c.m.m.MatchingRule - MatchingRule.create(number, {"match":"number"})
15:13:25.523 [Test worker] DEBUG a.c.d.p.p.j.PactVerificationStateChangeExtension - beforeEach for interaction 'calculate rectangle area request'
15:13:25.554 [Test worker] DEBUG i.p.p.jvm.core.DefaultPluginManager - Found plugin manifest: /Users/karthik/.pact/plugins/protobuf-0.1.5/pact-plugin.json
15:13:25.572 [Test worker] TRACE i.p.p.jvm.core.DefaultPluginManager - Manifest version is 0.1.5
15:13:25.574 [Test worker] DEBUG i.p.p.jvm.core.DefaultPluginManager - Found plugin manifest: /Users/karthik/.pact/plugins/protobuf-0.0.0/pact-plugin.json
15:13:25.591 [Thread-4] WARN  i.p.plugins.jvm.core.PluginMetrics - 
          Please note: we are tracking this plugin load anonymously to gather important usage statistics.
          To disable tracking, set the 'pact_do_not_track' system property or environment variable to 'true'.
          
15:13:25.613 [Test worker] DEBUG i.p.p.jvm.core.DefaultPluginManager - Starting plugin with manifest DefaultPactPluginManifest(pluginDir=/Users/karthik/.pact/plugins/protobuf-0.1.5, pluginInterfaceVersion=1, name=protobuf, version=0.1.5, executableType=exec, minimumRequiredVersion=null, entryPoint=pact-protobuf-plugin, entryPoints={}, args=[], dependencies=[])
15:13:25.613 [Test worker] DEBUG i.p.p.jvm.core.DefaultPluginManager - Detected OS: mac os x
15:13:25.629 [Thread-4] DEBUG i.p.plugins.jvm.core.PluginMetrics - Sending event to GA - {v=1, t=event, tid=UA-117778936-1, cid=e5055a8685601fcd821493daacce8417, an=pact-plugins-jvm, aid=pact-plugins-jvm, av=0.1.8, aip=true, ds=client, cd2=unknown, cd3=mac os x-x86_64, cd4=protobuf, cd5=0.1.5, cd7=11.0.13+8-LTS, el=Plugin loaded, ec=Plugin, ea=Loaded, ev=1}
15:13:25.631 [Test worker] DEBUG i.p.p.jvm.core.DefaultPluginManager - Starting plugin protobuf process [/Users/karthik/.pact/plugins/protobuf-0.1.5/pact-protobuf-plugin]
15:13:25.643 [Test worker] DEBUG i.pact.plugins.jvm.core.ChildProcess - Child process started = [user: Optional[karthik], cmd: /Users/karthik/.pact/plugins/protobuf-0.1.5/pact-protobuf-plugin, startTime: Optional[2023-03-27T09:43:25.631Z]]
15:13:25.746 [Test worker] DEBUG i.pact.plugins.jvm.core.ChildProcess - Child process started ok
15:13:25.753 [Test worker] DEBUG i.p.p.jvm.core.DefaultPluginManager - Plugin protobuf started with PID 46348
15:13:25.756 [Thread-5] DEBUG i.pact.plugins.jvm.core.ChildProcess - Plugin protobuf [46348] || {"port":54371, "serverKey":"76890bd5-a20d-4c00-9cad-333e5317f474"}
15:13:25.757 [Thread-5] DEBUG i.pact.plugins.jvm.core.ChildProcess - Got JSON message from plugin process
15:13:25.759 [Test worker] DEBUG i.p.p.jvm.core.DefaultPluginManager - Plugin process started OK (port = 54371), sending init message
15:13:25.807 [Test worker] DEBUG i.n.u.i.l.InternalLoggerFactory - Using SLF4J as the default logging framework
15:13:25.812 [Test worker] DEBUG i.n.util.internal.PlatformDependent0 - -Dio.netty.noUnsafe: false
15:13:25.812 [Test worker] DEBUG i.n.util.internal.PlatformDependent0 - Java version: 11
15:13:25.814 [Test worker] DEBUG i.n.util.internal.PlatformDependent0 - sun.misc.Unsafe.theUnsafe: available
15:13:25.815 [Test worker] DEBUG i.n.util.internal.PlatformDependent0 - sun.misc.Unsafe.copyMemory: available
15:13:25.816 [Test worker] DEBUG i.n.util.internal.PlatformDependent0 - sun.misc.Unsafe.storeFence: available
15:13:25.816 [Test worker] DEBUG i.n.util.internal.PlatformDependent0 - java.nio.Buffer.address: available
15:13:25.822 [Test worker] DEBUG i.n.util.internal.PlatformDependent0 - direct buffer constructor: unavailable
java.lang.UnsupportedOperationException: Reflective setAccessible(true) disabled
	at io.netty.util.internal.ReflectionUtil.trySetAccessible(ReflectionUtil.java:31)
	at io.netty.util.internal.PlatformDependent0$5.run(PlatformDependent0.java:288)
	at java.base/java.security.AccessController.doPrivileged(Native Method)
	at io.netty.util.internal.PlatformDependent0.<clinit>(PlatformDependent0.java:282)
	at io.netty.util.internal.PlatformDependent.isAndroid(PlatformDependent.java:333)
	at io.netty.util.internal.PlatformDependent.<clinit>(PlatformDependent.java:88)
	at io.netty.util.AsciiString.<init>(AsciiString.java:223)
	at io.netty.util.AsciiString.<init>(AsciiString.java:210)
	at io.netty.util.AsciiString.cached(AsciiString.java:1401)
	at io.netty.util.AsciiString.<clinit>(AsciiString.java:48)
	at io.grpc.netty.Utils.<clinit>(Utils.java:78)
	at io.grpc.netty.UdsNettyChannelProvider.isAvailable(UdsNettyChannelProvider.java:34)
	at io.grpc.ManagedChannelRegistry$ManagedChannelPriorityAccessor.isAvailable(ManagedChannelRegistry.java:213)
	at io.grpc.ManagedChannelRegistry$ManagedChannelPriorityAccessor.isAvailable(ManagedChannelRegistry.java:209)
	at io.grpc.ServiceProviders.loadAll(ServiceProviders.java:68)
	at io.grpc.ManagedChannelRegistry.getDefaultRegistry(ManagedChannelRegistry.java:101)
	at io.grpc.ManagedChannelProvider.provider(ManagedChannelProvider.java:43)
	at io.grpc.ManagedChannelBuilder.forTarget(ManagedChannelBuilder.java:76)
	at io.pact.plugins.jvm.core.DefaultPluginManager$tryInitPlugin$1.invoke(PluginManager.kt:768)
	at io.pact.plugins.jvm.core.Utils.handleWith(Util.kt:42)
	at io.pact.plugins.jvm.core.DefaultPluginManager.tryInitPlugin(PluginManager.kt:767)
	at io.pact.plugins.jvm.core.DefaultPluginManager.initialisePlugin(PluginManager.kt:750)
	at io.pact.plugins.jvm.core.DefaultPluginManager.loadPlugin(PluginManager.kt:373)
	at au.com.dius.pact.provider.junit5.PluginTestTarget.prepareVerifier(PluginTestTarget.kt:111)
	at au.com.dius.pact.provider.junit5.PactVerificationExtension.prepareVerifier(PactVerificationExtension.kt:144)
	at au.com.dius.pact.provider.junit5.PactVerificationExtension.beforeTestExecution(PactVerificationExtension.kt:119)
	at org.junit.jupiter.engine.descriptor.TestMethodTestDescriptor.lambda$invokeBeforeTestExecutionCallbacks$5(TestMethodTestDescriptor.java:191)
	at org.junit.jupiter.engine.descriptor.TestMethodTestDescriptor.lambda$invokeBeforeMethodsOrCallbacksUntilExceptionOccurs$6(TestMethodTestDescriptor.java:202)
	at org.junit.platform.engine.support.hierarchical.ThrowableCollector.execute(ThrowableCollector.java:73)
	at org.junit.jupiter.engine.descriptor.TestMethodTestDescriptor.invokeBeforeMethodsOrCallbacksUntilExceptionOccurs(TestMethodTestDescriptor.java:202)
	at org.junit.jupiter.engine.descriptor.TestMethodTestDescriptor.invokeBeforeTestExecutionCallbacks(TestMethodTestDescriptor.java:190)
	at org.junit.jupiter.engine.descriptor.TestMethodTestDescriptor.execute(TestMethodTestDescriptor.java:136)
	at org.junit.jupiter.engine.descriptor.TestMethodTestDescriptor.execute(TestMethodTestDescriptor.java:68)
	at org.junit.platform.engine.support.hierarchical.NodeTestTask.lambda$executeRecursively$6(NodeTestTask.java:151)
	at org.junit.platform.engine.support.hierarchical.ThrowableCollector.execute(ThrowableCollector.java:73)
	at org.junit.platform.engine.support.hierarchical.NodeTestTask.lambda$executeRecursively$8(NodeTestTask.java:141)
	at org.junit.platform.engine.support.hierarchical.Node.around(Node.java:137)
	at org.junit.platform.engine.support.hierarchical.NodeTestTask.lambda$executeRecursively$9(NodeTestTask.java:139)
	at org.junit.platform.engine.support.hierarchical.ThrowableCollector.execute(ThrowableCollector.java:73)
	at org.junit.platform.engine.support.hierarchical.NodeTestTask.executeRecursively(NodeTestTask.java:138)
	at org.junit.platform.engine.support.hierarchical.NodeTestTask.execute(NodeTestTask.java:95)
	at org.junit.platform.engine.support.hierarchical.SameThreadHierarchicalTestExecutorService.submit(SameThreadHierarchicalTestExecutorService.java:35)
	at org.junit.platform.engine.support.hierarchical.NodeTestTask$DefaultDynamicTestExecutor.execute(NodeTestTask.java:226)
	at org.junit.platform.engine.support.hierarchical.NodeTestTask$DefaultDynamicTestExecutor.execute(NodeTestTask.java:204)
	at org.junit.jupiter.engine.descriptor.TestTemplateTestDescriptor.execute(TestTemplateTestDescriptor.java:142)
	at org.junit.jupiter.engine.descriptor.TestTemplateTestDescriptor.lambda$execute$2(TestTemplateTestDescriptor.java:110)
	at java.base/java.util.stream.ForEachOps$ForEachOp$OfRef.accept(ForEachOps.java:183)
	at java.base/java.util.stream.ReferencePipeline$3$1.accept(ReferencePipeline.java:195)
	at java.base/java.util.stream.ReferencePipeline$2$1.accept(ReferencePipeline.java:177)
	at java.base/java.util.stream.ReferencePipeline$3$1.accept(ReferencePipeline.java:195)
	at java.base/java.util.ArrayList$ArrayListSpliterator.forEachRemaining(ArrayList.java:1655)
	at java.base/java.util.stream.ReferencePipeline$Head.forEach(ReferencePipeline.java:658)
	at java.base/java.util.stream.ReferencePipeline$7$1.accept(ReferencePipeline.java:274)
	at java.base/java.util.ArrayList$ArrayListSpliterator.forEachRemaining(ArrayList.java:1655)
	at java.base/java.util.stream.AbstractPipeline.copyInto(AbstractPipeline.java:484)
	at java.base/java.util.stream.AbstractPipeline.wrapAndCopyInto(AbstractPipeline.java:474)
	at java.base/java.util.stream.ForEachOps$ForEachOp.evaluateSequential(ForEachOps.java:150)
	at java.base/java.util.stream.ForEachOps$ForEachOp$OfRef.evaluateSequential(ForEachOps.java:173)
	at java.base/java.util.stream.AbstractPipeline.evaluate(AbstractPipeline.java:234)
	at java.base/java.util.stream.ReferencePipeline.forEach(ReferencePipeline.java:497)
	at org.junit.jupiter.engine.descriptor.TestTemplateTestDescriptor.execute(TestTemplateTestDescriptor.java:110)
	at org.junit.jupiter.engine.descriptor.TestTemplateTestDescriptor.execute(TestTemplateTestDescriptor.java:44)
	at org.junit.platform.engine.support.hierarchical.NodeTestTask.lambda$executeRecursively$6(NodeTestTask.java:151)
	at org.junit.platform.engine.support.hierarchical.ThrowableCollector.execute(ThrowableCollector.java:73)
	at org.junit.platform.engine.support.hierarchical.NodeTestTask.lambda$executeRecursively$8(NodeTestTask.java:141)
	at org.junit.platform.engine.support.hierarchical.Node.around(Node.java:137)
	at org.junit.platform.engine.support.hierarchical.NodeTestTask.lambda$executeRecursively$9(NodeTestTask.java:139)
	at org.junit.platform.engine.support.hierarchical.ThrowableCollector.execute(ThrowableCollector.java:73)
	at org.junit.platform.engine.support.hierarchical.NodeTestTask.executeRecursively(NodeTestTask.java:138)
	at org.junit.platform.engine.support.hierarchical.NodeTestTask.execute(NodeTestTask.java:95)
	at java.base/java.util.ArrayList.forEach(ArrayList.java:1541)
	at org.junit.platform.engine.support.hierarchical.SameThreadHierarchicalTestExecutorService.invokeAll(SameThreadHierarchicalTestExecutorService.java:41)
	at org.junit.platform.engine.support.hierarchical.NodeTestTask.lambda$executeRecursively$6(NodeTestTask.java:155)
	at org.junit.platform.engine.support.hierarchical.ThrowableCollector.execute(ThrowableCollector.java:73)
	at org.junit.platform.engine.support.hierarchical.NodeTestTask.lambda$executeRecursively$8(NodeTestTask.java:141)
	at org.junit.platform.engine.support.hierarchical.Node.around(Node.java:137)
	at org.junit.platform.engine.support.hierarchical.NodeTestTask.lambda$executeRecursively$9(NodeTestTask.java:139)
	at org.junit.platform.engine.support.hierarchical.ThrowableCollector.execute(ThrowableCollector.java:73)
	at org.junit.platform.engine.support.hierarchical.NodeTestTask.executeRecursively(NodeTestTask.java:138)
	at org.junit.platform.engine.support.hierarchical.NodeTestTask.execute(NodeTestTask.java:95)
	at java.base/java.util.ArrayList.forEach(ArrayList.java:1541)
	at org.junit.platform.engine.support.hierarchical.SameThreadHierarchicalTestExecutorService.invokeAll(SameThreadHierarchicalTestExecutorService.java:41)
	at org.junit.platform.engine.support.hierarchical.NodeTestTask.lambda$executeRecursively$6(NodeTestTask.java:155)
	at org.junit.platform.engine.support.hierarchical.ThrowableCollector.execute(ThrowableCollector.java:73)
	at org.junit.platform.engine.support.hierarchical.NodeTestTask.lambda$executeRecursively$8(NodeTestTask.java:141)
	at org.junit.platform.engine.support.hierarchical.Node.around(Node.java:137)
	at org.junit.platform.engine.support.hierarchical.NodeTestTask.lambda$executeRecursively$9(NodeTestTask.java:139)
	at org.junit.platform.engine.support.hierarchical.ThrowableCollector.execute(ThrowableCollector.java:73)
	at org.junit.platform.engine.support.hierarchical.NodeTestTask.executeRecursively(NodeTestTask.java:138)
	at org.junit.platform.engine.support.hierarchical.NodeTestTask.execute(NodeTestTask.java:95)
	at org.junit.platform.engine.support.hierarchical.SameThreadHierarchicalTestExecutorService.submit(SameThreadHierarchicalTestExecutorService.java:35)
	at org.junit.platform.engine.support.hierarchical.HierarchicalTestExecutor.execute(HierarchicalTestExecutor.java:57)
	at org.junit.platform.engine.support.hierarchical.HierarchicalTestEngine.execute(HierarchicalTestEngine.java:54)
	at org.junit.platform.launcher.core.EngineExecutionOrchestrator.execute(EngineExecutionOrchestrator.java:108)
	at org.junit.platform.launcher.core.EngineExecutionOrchestrator.execute(EngineExecutionOrchestrator.java:88)
	at org.junit.platform.launcher.core.EngineExecutionOrchestrator.lambda$execute$0(EngineExecutionOrchestrator.java:54)
	at org.junit.platform.launcher.core.EngineExecutionOrchestrator.withInterceptedStreams(EngineExecutionOrchestrator.java:67)
	at org.junit.platform.launcher.core.EngineExecutionOrchestrator.execute(EngineExecutionOrchestrator.java:52)
	at org.junit.platform.launcher.core.DefaultLauncher.execute(DefaultLauncher.java:96)
	at org.junit.platform.launcher.core.DefaultLauncher.execute(DefaultLauncher.java:75)
	at org.gradle.api.internal.tasks.testing.junitplatform.JUnitPlatformTestClassProcessor$CollectAllTestClassesExecutor.processAllTestClasses(JUnitPlatformTestClassProcessor.java:99)
	at org.gradle.api.internal.tasks.testing.junitplatform.JUnitPlatformTestClassProcessor$CollectAllTestClassesExecutor.access$000(JUnitPlatformTestClassProcessor.java:79)
	at org.gradle.api.internal.tasks.testing.junitplatform.JUnitPlatformTestClassProcessor.stop(JUnitPlatformTestClassProcessor.java:75)
	at org.gradle.api.internal.tasks.testing.SuiteTestClassProcessor.stop(SuiteTestClassProcessor.java:61)
	at java.base/jdk.internal.reflect.NativeMethodAccessorImpl.invoke0(Native Method)
	at java.base/jdk.internal.reflect.NativeMethodAccessorImpl.invoke(NativeMethodAccessorImpl.java:62)
	at java.base/jdk.internal.reflect.DelegatingMethodAccessorImpl.invoke(DelegatingMethodAccessorImpl.java:43)
	at java.base/java.lang.reflect.Method.invoke(Method.java:566)
	at org.gradle.internal.dispatch.ReflectionDispatch.dispatch(ReflectionDispatch.java:36)
	at org.gradle.internal.dispatch.ReflectionDispatch.dispatch(ReflectionDispatch.java:24)
	at org.gradle.internal.dispatch.ContextClassLoaderDispatch.dispatch(ContextClassLoaderDispatch.java:33)
	at org.gradle.internal.dispatch.ProxyDispatchAdapter$DispatchingInvocationHandler.invoke(ProxyDispatchAdapter.java:94)
	at com.sun.proxy.$Proxy2.stop(Unknown Source)
	at org.gradle.api.internal.tasks.testing.worker.TestWorker.stop(TestWorker.java:133)
	at java.base/jdk.internal.reflect.NativeMethodAccessorImpl.invoke0(Native Method)
	at java.base/jdk.internal.reflect.NativeMethodAccessorImpl.invoke(NativeMethodAccessorImpl.java:62)
	at java.base/jdk.internal.reflect.DelegatingMethodAccessorImpl.invoke(DelegatingMethodAccessorImpl.java:43)
	at java.base/java.lang.reflect.Method.invoke(Method.java:566)
	at org.gradle.internal.dispatch.ReflectionDispatch.dispatch(ReflectionDispatch.java:36)
	at org.gradle.internal.dispatch.ReflectionDispatch.dispatch(ReflectionDispatch.java:24)
	at org.gradle.internal.remote.internal.hub.MessageHubBackedObjectConnection$DispatchWrapper.dispatch(MessageHubBackedObjectConnection.java:182)
	at org.gradle.internal.remote.internal.hub.MessageHubBackedObjectConnection$DispatchWrapper.dispatch(MessageHubBackedObjectConnection.java:164)
	at org.gradle.internal.remote.internal.hub.MessageHub$Handler.run(MessageHub.java:414)
	at org.gradle.internal.concurrent.ExecutorPolicy$CatchAndRecordFailures.onExecute(ExecutorPolicy.java:64)
	at org.gradle.internal.concurrent.ManagedExecutorImpl$1.run(ManagedExecutorImpl.java:48)
	at java.base/java.util.concurrent.ThreadPoolExecutor.runWorker(ThreadPoolExecutor.java:1128)
	at java.base/java.util.concurrent.ThreadPoolExecutor$Worker.run(ThreadPoolExecutor.java:628)
	at org.gradle.internal.concurrent.ThreadFactoryImpl$ManagedThreadRunnable.run(ThreadFactoryImpl.java:56)
	at java.base/java.lang.Thread.run(Thread.java:829)
15:13:25.828 [Test worker] DEBUG i.n.util.internal.PlatformDependent0 - java.nio.Bits.unaligned: available, true
15:13:25.831 [Test worker] DEBUG i.n.util.internal.PlatformDependent0 - jdk.internal.misc.Unsafe.allocateUninitializedArray(int): unavailable
java.lang.IllegalAccessException: class io.netty.util.internal.PlatformDependent0$7 cannot access class jdk.internal.misc.Unsafe (in module java.base) because module java.base does not export jdk.internal.misc to unnamed module @2f611fd
	at java.base/jdk.internal.reflect.Reflection.newIllegalAccessException(Reflection.java:361)
	at java.base/java.lang.reflect.AccessibleObject.checkAccess(AccessibleObject.java:591)
	at java.base/java.lang.reflect.Method.invoke(Method.java:558)
	at io.netty.util.internal.PlatformDependent0$7.run(PlatformDependent0.java:410)
	at java.base/java.security.AccessController.doPrivileged(Native Method)
	at io.netty.util.internal.PlatformDependent0.<clinit>(PlatformDependent0.java:401)
	at io.netty.util.internal.PlatformDependent.isAndroid(PlatformDependent.java:333)
	at io.netty.util.internal.PlatformDependent.<clinit>(PlatformDependent.java:88)
	at io.netty.util.AsciiString.<init>(AsciiString.java:223)
	at io.netty.util.AsciiString.<init>(AsciiString.java:210)
	at io.netty.util.AsciiString.cached(AsciiString.java:1401)
	at io.netty.util.AsciiString.<clinit>(AsciiString.java:48)
	at io.grpc.netty.Utils.<clinit>(Utils.java:78)
	at io.grpc.netty.UdsNettyChannelProvider.isAvailable(UdsNettyChannelProvider.java:34)
	at io.grpc.ManagedChannelRegistry$ManagedChannelPriorityAccessor.isAvailable(ManagedChannelRegistry.java:213)
	at io.grpc.ManagedChannelRegistry$ManagedChannelPriorityAccessor.isAvailable(ManagedChannelRegistry.java:209)
	at io.grpc.ServiceProviders.loadAll(ServiceProviders.java:68)
	at io.grpc.ManagedChannelRegistry.getDefaultRegistry(ManagedChannelRegistry.java:101)
	at io.grpc.ManagedChannelProvider.provider(ManagedChannelProvider.java:43)
	at io.grpc.ManagedChannelBuilder.forTarget(ManagedChannelBuilder.java:76)
	at io.pact.plugins.jvm.core.DefaultPluginManager$tryInitPlugin$1.invoke(PluginManager.kt:768)
	at io.pact.plugins.jvm.core.Utils.handleWith(Util.kt:42)
	at io.pact.plugins.jvm.core.DefaultPluginManager.tryInitPlugin(PluginManager.kt:767)
	at io.pact.plugins.jvm.core.DefaultPluginManager.initialisePlugin(PluginManager.kt:750)
	at io.pact.plugins.jvm.core.DefaultPluginManager.loadPlugin(PluginManager.kt:373)
	at au.com.dius.pact.provider.junit5.PluginTestTarget.prepareVerifier(PluginTestTarget.kt:111)
	at au.com.dius.pact.provider.junit5.PactVerificationExtension.prepareVerifier(PactVerificationExtension.kt:144)
	at au.com.dius.pact.provider.junit5.PactVerificationExtension.beforeTestExecution(PactVerificationExtension.kt:119)
	at org.junit.jupiter.engine.descriptor.TestMethodTestDescriptor.lambda$invokeBeforeTestExecutionCallbacks$5(TestMethodTestDescriptor.java:191)
	at org.junit.jupiter.engine.descriptor.TestMethodTestDescriptor.lambda$invokeBeforeMethodsOrCallbacksUntilExceptionOccurs$6(TestMethodTestDescriptor.java:202)
	at org.junit.platform.engine.support.hierarchical.ThrowableCollector.execute(ThrowableCollector.java:73)
	at org.junit.jupiter.engine.descriptor.TestMethodTestDescriptor.invokeBeforeMethodsOrCallbacksUntilExceptionOccurs(TestMethodTestDescriptor.java:202)
	at org.junit.jupiter.engine.descriptor.TestMethodTestDescriptor.invokeBeforeTestExecutionCallbacks(TestMethodTestDescriptor.java:190)
	at org.junit.jupiter.engine.descriptor.TestMethodTestDescriptor.execute(TestMethodTestDescriptor.java:136)
	at org.junit.jupiter.engine.descriptor.TestMethodTestDescriptor.execute(TestMethodTestDescriptor.java:68)
	at org.junit.platform.engine.support.hierarchical.NodeTestTask.lambda$executeRecursively$6(NodeTestTask.java:151)
	at org.junit.platform.engine.support.hierarchical.ThrowableCollector.execute(ThrowableCollector.java:73)
	at org.junit.platform.engine.support.hierarchical.NodeTestTask.lambda$executeRecursively$8(NodeTestTask.java:141)
	at org.junit.platform.engine.support.hierarchical.Node.around(Node.java:137)
	at org.junit.platform.engine.support.hierarchical.NodeTestTask.lambda$executeRecursively$9(NodeTestTask.java:139)
	at org.junit.platform.engine.support.hierarchical.ThrowableCollector.execute(ThrowableCollector.java:73)
	at org.junit.platform.engine.support.hierarchical.NodeTestTask.executeRecursively(NodeTestTask.java:138)
	at org.junit.platform.engine.support.hierarchical.NodeTestTask.execute(NodeTestTask.java:95)
	at org.junit.platform.engine.support.hierarchical.SameThreadHierarchicalTestExecutorService.submit(SameThreadHierarchicalTestExecutorService.java:35)
	at org.junit.platform.engine.support.hierarchical.NodeTestTask$DefaultDynamicTestExecutor.execute(NodeTestTask.java:226)
	at org.junit.platform.engine.support.hierarchical.NodeTestTask$DefaultDynamicTestExecutor.execute(NodeTestTask.java:204)
	at org.junit.jupiter.engine.descriptor.TestTemplateTestDescriptor.execute(TestTemplateTestDescriptor.java:142)
	at org.junit.jupiter.engine.descriptor.TestTemplateTestDescriptor.lambda$execute$2(TestTemplateTestDescriptor.java:110)
	at java.base/java.util.stream.ForEachOps$ForEachOp$OfRef.accept(ForEachOps.java:183)
	at java.base/java.util.stream.ReferencePipeline$3$1.accept(ReferencePipeline.java:195)
	at java.base/java.util.stream.ReferencePipeline$2$1.accept(ReferencePipeline.java:177)
	at java.base/java.util.stream.ReferencePipeline$3$1.accept(ReferencePipeline.java:195)
	at java.base/java.util.ArrayList$ArrayListSpliterator.forEachRemaining(ArrayList.java:1655)
	at java.base/java.util.stream.ReferencePipeline$Head.forEach(ReferencePipeline.java:658)
	at java.base/java.util.stream.ReferencePipeline$7$1.accept(ReferencePipeline.java:274)
	at java.base/java.util.ArrayList$ArrayListSpliterator.forEachRemaining(ArrayList.java:1655)
	at java.base/java.util.stream.AbstractPipeline.copyInto(AbstractPipeline.java:484)
	at java.base/java.util.stream.AbstractPipeline.wrapAndCopyInto(AbstractPipeline.java:474)
	at java.base/java.util.stream.ForEachOps$ForEachOp.evaluateSequential(ForEachOps.java:150)
	at java.base/java.util.stream.ForEachOps$ForEachOp$OfRef.evaluateSequential(ForEachOps.java:173)
	at java.base/java.util.stream.AbstractPipeline.evaluate(AbstractPipeline.java:234)
	at java.base/java.util.stream.ReferencePipeline.forEach(ReferencePipeline.java:497)
	at org.junit.jupiter.engine.descriptor.TestTemplateTestDescriptor.execute(TestTemplateTestDescriptor.java:110)
	at org.junit.jupiter.engine.descriptor.TestTemplateTestDescriptor.execute(TestTemplateTestDescriptor.java:44)
	at org.junit.platform.engine.support.hierarchical.NodeTestTask.lambda$executeRecursively$6(NodeTestTask.java:151)
	at org.junit.platform.engine.support.hierarchical.ThrowableCollector.execute(ThrowableCollector.java:73)
	at org.junit.platform.engine.support.hierarchical.NodeTestTask.lambda$executeRecursively$8(NodeTestTask.java:141)
	at org.junit.platform.engine.support.hierarchical.Node.around(Node.java:137)
	at org.junit.platform.engine.support.hierarchical.NodeTestTask.lambda$executeRecursively$9(NodeTestTask.java:139)
	at org.junit.platform.engine.support.hierarchical.ThrowableCollector.execute(ThrowableCollector.java:73)
	at org.junit.platform.engine.support.hierarchical.NodeTestTask.executeRecursively(NodeTestTask.java:138)
	at org.junit.platform.engine.support.hierarchical.NodeTestTask.execute(NodeTestTask.java:95)
	at java.base/java.util.ArrayList.forEach(ArrayList.java:1541)
	at org.junit.platform.engine.support.hierarchical.SameThreadHierarchicalTestExecutorService.invokeAll(SameThreadHierarchicalTestExecutorService.java:41)
	at org.junit.platform.engine.support.hierarchical.NodeTestTask.lambda$executeRecursively$6(NodeTestTask.java:155)
	at org.junit.platform.engine.support.hierarchical.ThrowableCollector.execute(ThrowableCollector.java:73)
	at org.junit.platform.engine.support.hierarchical.NodeTestTask.lambda$executeRecursively$8(NodeTestTask.java:141)
	at org.junit.platform.engine.support.hierarchical.Node.around(Node.java:137)
	at org.junit.platform.engine.support.hierarchical.NodeTestTask.lambda$executeRecursively$9(NodeTestTask.java:139)
	at org.junit.platform.engine.support.hierarchical.ThrowableCollector.execute(ThrowableCollector.java:73)
	at org.junit.platform.engine.support.hierarchical.NodeTestTask.executeRecursively(NodeTestTask.java:138)
	at org.junit.platform.engine.support.hierarchical.NodeTestTask.execute(NodeTestTask.java:95)
	at java.base/java.util.ArrayList.forEach(ArrayList.java:1541)
	at org.junit.platform.engine.support.hierarchical.SameThreadHierarchicalTestExecutorService.invokeAll(SameThreadHierarchicalTestExecutorService.java:41)
	at org.junit.platform.engine.support.hierarchical.NodeTestTask.lambda$executeRecursively$6(NodeTestTask.java:155)
	at org.junit.platform.engine.support.hierarchical.ThrowableCollector.execute(ThrowableCollector.java:73)
	at org.junit.platform.engine.support.hierarchical.NodeTestTask.lambda$executeRecursively$8(NodeTestTask.java:141)
	at org.junit.platform.engine.support.hierarchical.Node.around(Node.java:137)
	at org.junit.platform.engine.support.hierarchical.NodeTestTask.lambda$executeRecursively$9(NodeTestTask.java:139)
	at org.junit.platform.engine.support.hierarchical.ThrowableCollector.execute(ThrowableCollector.java:73)
	at org.junit.platform.engine.support.hierarchical.NodeTestTask.executeRecursively(NodeTestTask.java:138)
	at org.junit.platform.engine.support.hierarchical.NodeTestTask.execute(NodeTestTask.java:95)
	at org.junit.platform.engine.support.hierarchical.SameThreadHierarchicalTestExecutorService.submit(SameThreadHierarchicalTestExecutorService.java:35)
	at org.junit.platform.engine.support.hierarchical.HierarchicalTestExecutor.execute(HierarchicalTestExecutor.java:57)
	at org.junit.platform.engine.support.hierarchical.HierarchicalTestEngine.execute(HierarchicalTestEngine.java:54)
	at org.junit.platform.launcher.core.EngineExecutionOrchestrator.execute(EngineExecutionOrchestrator.java:108)
	at org.junit.platform.launcher.core.EngineExecutionOrchestrator.execute(EngineExecutionOrchestrator.java:88)
	at org.junit.platform.launcher.core.EngineExecutionOrchestrator.lambda$execute$0(EngineExecutionOrchestrator.java:54)
	at org.junit.platform.launcher.core.EngineExecutionOrchestrator.withInterceptedStreams(EngineExecutionOrchestrator.java:67)
	at org.junit.platform.launcher.core.EngineExecutionOrchestrator.execute(EngineExecutionOrchestrator.java:52)
	at org.junit.platform.launcher.core.DefaultLauncher.execute(DefaultLauncher.java:96)
	at org.junit.platform.launcher.core.DefaultLauncher.execute(DefaultLauncher.java:75)
	at org.gradle.api.internal.tasks.testing.junitplatform.JUnitPlatformTestClassProcessor$CollectAllTestClassesExecutor.processAllTestClasses(JUnitPlatformTestClassProcessor.java:99)
	at org.gradle.api.internal.tasks.testing.junitplatform.JUnitPlatformTestClassProcessor$CollectAllTestClassesExecutor.access$000(JUnitPlatformTestClassProcessor.java:79)
	at org.gradle.api.internal.tasks.testing.junitplatform.JUnitPlatformTestClassProcessor.stop(JUnitPlatformTestClassProcessor.java:75)
	at org.gradle.api.internal.tasks.testing.SuiteTestClassProcessor.stop(SuiteTestClassProcessor.java:61)
	at java.base/jdk.internal.reflect.NativeMethodAccessorImpl.invoke0(Native Method)
	at java.base/jdk.internal.reflect.NativeMethodAccessorImpl.invoke(NativeMethodAccessorImpl.java:62)
	at java.base/jdk.internal.reflect.DelegatingMethodAccessorImpl.invoke(DelegatingMethodAccessorImpl.java:43)
	at java.base/java.lang.reflect.Method.invoke(Method.java:566)
	at org.gradle.internal.dispatch.ReflectionDispatch.dispatch(ReflectionDispatch.java:36)
	at org.gradle.internal.dispatch.ReflectionDispatch.dispatch(ReflectionDispatch.java:24)
	at org.gradle.internal.dispatch.ContextClassLoaderDispatch.dispatch(ContextClassLoaderDispatch.java:33)
	at org.gradle.internal.dispatch.ProxyDispatchAdapter$DispatchingInvocationHandler.invoke(ProxyDispatchAdapter.java:94)
	at com.sun.proxy.$Proxy2.stop(Unknown Source)
	at org.gradle.api.internal.tasks.testing.worker.TestWorker.stop(TestWorker.java:133)
	at java.base/jdk.internal.reflect.NativeMethodAccessorImpl.invoke0(Native Method)
	at java.base/jdk.internal.reflect.NativeMethodAccessorImpl.invoke(NativeMethodAccessorImpl.java:62)
	at java.base/jdk.internal.reflect.DelegatingMethodAccessorImpl.invoke(DelegatingMethodAccessorImpl.java:43)
	at java.base/java.lang.reflect.Method.invoke(Method.java:566)
	at org.gradle.internal.dispatch.ReflectionDispatch.dispatch(ReflectionDispatch.java:36)
	at org.gradle.internal.dispatch.ReflectionDispatch.dispatch(ReflectionDispatch.java:24)
	at org.gradle.internal.remote.internal.hub.MessageHubBackedObjectConnection$DispatchWrapper.dispatch(MessageHubBackedObjectConnection.java:182)
	at org.gradle.internal.remote.internal.hub.MessageHubBackedObjectConnection$DispatchWrapper.dispatch(MessageHubBackedObjectConnection.java:164)
	at org.gradle.internal.remote.internal.hub.MessageHub$Handler.run(MessageHub.java:414)
	at org.gradle.internal.concurrent.ExecutorPolicy$CatchAndRecordFailures.onExecute(ExecutorPolicy.java:64)
	at org.gradle.internal.concurrent.ManagedExecutorImpl$1.run(ManagedExecutorImpl.java:48)
	at java.base/java.util.concurrent.ThreadPoolExecutor.runWorker(ThreadPoolExecutor.java:1128)
	at java.base/java.util.concurrent.ThreadPoolExecutor$Worker.run(ThreadPoolExecutor.java:628)
	at org.gradle.internal.concurrent.ThreadFactoryImpl$ManagedThreadRunnable.run(ThreadFactoryImpl.java:56)
	at java.base/java.lang.Thread.run(Thread.java:829)
15:13:25.836 [Test worker] DEBUG i.n.util.internal.PlatformDependent0 - java.nio.DirectByteBuffer.<init>(long, int): unavailable
15:13:25.837 [Test worker] DEBUG i.n.util.internal.PlatformDependent - sun.misc.Unsafe: available
15:13:25.838 [Test worker] DEBUG i.n.util.internal.PlatformDependent - maxDirectMemory: 536870912 bytes (maybe)
15:13:25.839 [Test worker] DEBUG i.n.util.internal.PlatformDependent - -Dio.netty.tmpdir: /var/folders/0k/s_yng38s48z2w619fzthnfnh0000gn/T (java.io.tmpdir)
15:13:25.839 [Test worker] DEBUG i.n.util.internal.PlatformDependent - -Dio.netty.bitMode: 64 (sun.arch.data.model)
15:13:25.839 [Test worker] DEBUG i.n.util.internal.PlatformDependent - Platform: MacOS
15:13:25.841 [Test worker] DEBUG i.n.util.internal.PlatformDependent - -Dio.netty.maxDirectMemory: -1 bytes
15:13:25.841 [Test worker] DEBUG i.n.util.internal.PlatformDependent - -Dio.netty.uninitializedArrayAllocationThreshold: -1
15:13:25.843 [Test worker] DEBUG io.netty.util.internal.CleanerJava9 - java.nio.ByteBuffer.cleaner(): available
15:13:25.843 [Test worker] DEBUG i.n.util.internal.PlatformDependent - -Dio.netty.noPreferDirect: false
15:13:25.895 [Thread-4] DEBUG o.a.h.c.h.i.c.InternalHttpClient - ex-0000000001 preparing request execution
15:13:25.906 [Thread-4] DEBUG o.a.h.c.h.protocol.RequestAddCookies - ex-0000000001 Cookie spec selected: strict
15:13:25.912 [Thread-4] DEBUG o.a.h.c.h.protocol.RequestAuthCache - ex-0000000001 Auth cache not set in the context
15:13:25.913 [Thread-4] DEBUG o.a.h.c.h.impl.classic.ProtocolExec - ex-0000000001 target auth state: UNCHALLENGED
15:13:25.913 [Thread-4] DEBUG o.a.h.c.h.impl.classic.ProtocolExec - ex-0000000001 proxy auth state: UNCHALLENGED
15:13:25.914 [Thread-4] DEBUG o.a.h.c.h.impl.classic.ConnectExec - ex-0000000001 acquiring connection with route {s}->https://www.google-analytics.com:443
15:13:25.914 [Thread-4] DEBUG o.a.h.c.h.i.c.InternalHttpClient - ex-0000000001 acquiring endpoint (3 MINUTES)
15:13:25.915 [Thread-4] DEBUG o.a.h.c.h.i.i.PoolingHttpClientConnectionManager - ex-0000000001 endpoint lease request (3 MINUTES) [route: {s}->https://www.google-analytics.com:443][total available: 0; route allocated: 0 of 100; total allocated: 0 of 200]
15:13:25.938 [Thread-4] DEBUG o.a.h.c.h.i.i.PoolingHttpClientConnectionManager - ex-0000000001 endpoint leased [route: {s}->https://www.google-analytics.com:443][total available: 0; route allocated: 1 of 100; total allocated: 1 of 200]
15:13:25.959 [Thread-4] DEBUG o.a.h.c.h.i.i.PoolingHttpClientConnectionManager - ex-0000000001 acquired ep-0000000000
15:13:25.959 [Thread-4] DEBUG o.a.h.c.h.i.c.InternalHttpClient - ex-0000000001 acquired endpoint ep-0000000000
15:13:25.959 [Thread-4] DEBUG o.a.h.c.h.impl.classic.ConnectExec - ex-0000000001 opening connection {s}->https://www.google-analytics.com:443
15:13:25.960 [Thread-4] DEBUG o.a.h.c.h.i.c.InternalHttpClient - ep-0000000000 connecting endpoint (3 MINUTES)
15:13:25.960 [Thread-4] DEBUG o.a.h.c.h.i.i.PoolingHttpClientConnectionManager - ep-0000000000 connecting endpoint to https://www.google-analytics.com:443 (3 MINUTES)
15:13:25.983 [Thread-4] DEBUG o.a.h.c.h.i.i.DefaultHttpClientConnectionOperator - http-outgoing-0 connecting to www.google-analytics.com/142.250.183.142:443
15:13:25.983 [Thread-4] DEBUG o.a.h.c.h.s.SSLConnectionSocketFactory - Connecting socket to www.google-analytics.com/142.250.183.142:443 with timeout 3 MINUTES
15:13:26.007 [Test worker] DEBUG i.n.c.MultithreadEventLoopGroup - -Dio.netty.eventLoopThreads: 24
15:13:26.027 [Thread-4] DEBUG o.a.h.c.h.s.SSLConnectionSocketFactory - Enabled protocols: [TLSv1.3, TLSv1.2]
15:13:26.027 [Thread-4] DEBUG o.a.h.c.h.s.SSLConnectionSocketFactory - Enabled cipher suites: [TLS_AES_256_GCM_SHA384, TLS_AES_128_GCM_SHA256, TLS_CHACHA20_POLY1305_SHA256, TLS_ECDHE_ECDSA_WITH_AES_256_GCM_SHA384, TLS_ECDHE_ECDSA_WITH_AES_128_GCM_SHA256, TLS_ECDHE_ECDSA_WITH_CHACHA20_POLY1305_SHA256, TLS_ECDHE_RSA_WITH_AES_256_GCM_SHA384, TLS_ECDHE_RSA_WITH_CHACHA20_POLY1305_SHA256, TLS_ECDHE_RSA_WITH_AES_128_GCM_SHA256, TLS_DHE_RSA_WITH_AES_256_GCM_SHA384, TLS_DHE_RSA_WITH_CHACHA20_POLY1305_SHA256, TLS_DHE_DSS_WITH_AES_256_GCM_SHA384, TLS_DHE_RSA_WITH_AES_128_GCM_SHA256, TLS_DHE_DSS_WITH_AES_128_GCM_SHA256, TLS_ECDHE_ECDSA_WITH_AES_256_CBC_SHA384, TLS_ECDHE_RSA_WITH_AES_256_CBC_SHA384, TLS_ECDHE_ECDSA_WITH_AES_128_CBC_SHA256, TLS_ECDHE_RSA_WITH_AES_128_CBC_SHA256, TLS_DHE_RSA_WITH_AES_256_CBC_SHA256, TLS_DHE_DSS_WITH_AES_256_CBC_SHA256, TLS_DHE_RSA_WITH_AES_128_CBC_SHA256, TLS_DHE_DSS_WITH_AES_128_CBC_SHA256, TLS_ECDH_ECDSA_WITH_AES_256_GCM_SHA384, TLS_ECDH_RSA_WITH_AES_256_GCM_SHA384, TLS_ECDH_ECDSA_WITH_AES_128_GCM_SHA256, TLS_ECDH_RSA_WITH_AES_128_GCM_SHA256, TLS_ECDH_ECDSA_WITH_AES_256_CBC_SHA384, TLS_ECDH_RSA_WITH_AES_256_CBC_SHA384, TLS_ECDH_ECDSA_WITH_AES_128_CBC_SHA256, TLS_ECDH_RSA_WITH_AES_128_CBC_SHA256, TLS_ECDHE_ECDSA_WITH_AES_256_CBC_SHA, TLS_ECDHE_RSA_WITH_AES_256_CBC_SHA, TLS_ECDHE_ECDSA_WITH_AES_128_CBC_SHA, TLS_ECDHE_RSA_WITH_AES_128_CBC_SHA, TLS_DHE_RSA_WITH_AES_256_CBC_SHA, TLS_DHE_DSS_WITH_AES_256_CBC_SHA, TLS_DHE_RSA_WITH_AES_128_CBC_SHA, TLS_DHE_DSS_WITH_AES_128_CBC_SHA, TLS_ECDH_ECDSA_WITH_AES_256_CBC_SHA, TLS_ECDH_RSA_WITH_AES_256_CBC_SHA, TLS_ECDH_ECDSA_WITH_AES_128_CBC_SHA, TLS_ECDH_RSA_WITH_AES_128_CBC_SHA, TLS_RSA_WITH_AES_256_GCM_SHA384, TLS_RSA_WITH_AES_128_GCM_SHA256, TLS_RSA_WITH_AES_256_CBC_SHA256, TLS_RSA_WITH_AES_128_CBC_SHA256, TLS_RSA_WITH_AES_256_CBC_SHA, TLS_RSA_WITH_AES_128_CBC_SHA, TLS_EMPTY_RENEGOTIATION_INFO_SCSV]
15:13:26.028 [Thread-4] DEBUG o.a.h.c.h.s.SSLConnectionSocketFactory - Starting handshake
15:13:26.032 [Test worker] DEBUG i.n.u.i.InternalThreadLocalMap - -Dio.netty.threadLocalMap.stringBuilder.initialSize: 1024
15:13:26.033 [Test worker] DEBUG i.n.u.i.InternalThreadLocalMap - -Dio.netty.threadLocalMap.stringBuilder.maxSize: 4096
15:13:26.049 [Test worker] DEBUG io.netty.channel.nio.NioEventLoop - -Dio.netty.noKeySetOptimization: false
15:13:26.049 [Test worker] DEBUG io.netty.channel.nio.NioEventLoop - -Dio.netty.selectorAutoRebuildThreshold: 512
15:13:26.060 [Test worker] DEBUG i.n.util.internal.PlatformDependent - org.jctools-core.MpscChunkedArrayQueue: available
15:13:26.064 [Test worker] TRACE io.netty.channel.nio.NioEventLoop - instrumented a special java.util.Set into: sun.nio.ch.KQueueSelectorImpl@5e292089
15:13:26.065 [Test worker] TRACE io.netty.channel.nio.NioEventLoop - instrumented a special java.util.Set into: sun.nio.ch.KQueueSelectorImpl@1d12370c
15:13:26.065 [Test worker] TRACE io.netty.channel.nio.NioEventLoop - instrumented a special java.util.Set into: sun.nio.ch.KQueueSelectorImpl@1713a840
15:13:26.065 [Test worker] TRACE io.netty.channel.nio.NioEventLoop - instrumented a special java.util.Set into: sun.nio.ch.KQueueSelectorImpl@e557177
15:13:26.066 [Test worker] TRACE io.netty.channel.nio.NioEventLoop - instrumented a special java.util.Set into: sun.nio.ch.KQueueSelectorImpl@523620d5
15:13:26.066 [Test worker] TRACE io.netty.channel.nio.NioEventLoop - instrumented a special java.util.Set into: sun.nio.ch.KQueueSelectorImpl@5e90c7c8
15:13:26.066 [Test worker] TRACE io.netty.channel.nio.NioEventLoop - instrumented a special java.util.Set into: sun.nio.ch.KQueueSelectorImpl@54cb25f2
15:13:26.066 [Test worker] TRACE io.netty.channel.nio.NioEventLoop - instrumented a special java.util.Set into: sun.nio.ch.KQueueSelectorImpl@713028d5
15:13:26.066 [Test worker] TRACE io.netty.channel.nio.NioEventLoop - instrumented a special java.util.Set into: sun.nio.ch.KQueueSelectorImpl@12638eae
15:13:26.067 [Test worker] TRACE io.netty.channel.nio.NioEventLoop - instrumented a special java.util.Set into: sun.nio.ch.KQueueSelectorImpl@4a95b5ad
15:13:26.067 [Test worker] TRACE io.netty.channel.nio.NioEventLoop - instrumented a special java.util.Set into: sun.nio.ch.KQueueSelectorImpl@47fcfdb8
15:13:26.067 [Test worker] TRACE io.netty.channel.nio.NioEventLoop - instrumented a special java.util.Set into: sun.nio.ch.KQueueSelectorImpl@37fa0312
15:13:26.811 [Thread-4] DEBUG o.a.h.c.h.s.SSLConnectionSocketFactory - Secure session established
15:13:26.811 [Thread-4] DEBUG o.a.h.c.h.s.SSLConnectionSocketFactory -  negotiated protocol: TLSv1.3
15:13:26.811 [Thread-4] DEBUG o.a.h.c.h.s.SSLConnectionSocketFactory -  negotiated cipher suite: TLS_AES_256_GCM_SHA384
15:13:26.811 [Thread-4] DEBUG o.a.h.c.h.s.SSLConnectionSocketFactory -  peer principal: CN=*.google-analytics.com
15:13:26.812 [Thread-4] DEBUG o.a.h.c.h.s.SSLConnectionSocketFactory -  peer alternative names: [*.google-analytics.com, region1.app-measurement.com, app-measurement.com, google-analytics.com, region1.google-analytics.com, ssl.google-analytics.com, www.google-analytics.com, region1.analytics.google.com, googletagmanager.com, www.googletagmanager.com, urchin.com, service.urchin.com, fps.goog, *.fps.goog, googleoptimize.com, www.googleoptimize.com]
15:13:26.812 [Thread-4] DEBUG o.a.h.c.h.s.SSLConnectionSocketFactory -  issuer principal: CN=GTS CA 1C3, O=Google Trust Services LLC, C=US
15:13:26.815 [Thread-4] DEBUG o.a.h.c.h.i.i.DefaultHttpClientConnectionOperator - http-outgoing-0 connection established 192.168.29.155:54372<->142.250.183.142:443
15:13:26.818 [Thread-4] DEBUG o.a.h.c.h.i.i.PoolingHttpClientConnectionManager - ep-0000000000 connected http-outgoing-0
15:13:26.818 [Thread-4] DEBUG o.a.h.c.h.i.c.InternalHttpClient - ep-0000000000 endpoint connected
15:13:26.819 [Thread-4] DEBUG o.a.h.c.h.i.classic.MainClientExec - ex-0000000001 executing POST /collect HTTP/1.1
15:13:26.820 [Thread-4] DEBUG o.a.h.c.h.i.c.InternalHttpClient - ep-0000000000 start execution ex-0000000001
15:13:26.820 [Thread-4] DEBUG o.a.h.c.h.i.i.PoolingHttpClientConnectionManager - ep-0000000000 executing exchange ex-0000000001 over http-outgoing-0
15:13:26.822 [Thread-4] DEBUG org.apache.hc.client5.http.headers - http-outgoing-0 >> POST /collect HTTP/1.1
15:13:26.822 [Thread-4] DEBUG org.apache.hc.client5.http.headers - http-outgoing-0 >> Accept-Encoding: gzip, x-gzip, deflate
15:13:26.822 [Thread-4] DEBUG org.apache.hc.client5.http.headers - http-outgoing-0 >> Content-Length: 253
15:13:26.822 [Thread-4] DEBUG org.apache.hc.client5.http.headers - http-outgoing-0 >> Content-Type: application/x-www-form-urlencoded; charset=ISO-8859-1
15:13:26.822 [Thread-4] DEBUG org.apache.hc.client5.http.headers - http-outgoing-0 >> Host: www.google-analytics.com
15:13:26.823 [Thread-4] DEBUG org.apache.hc.client5.http.headers - http-outgoing-0 >> Connection: keep-alive
15:13:26.823 [Thread-4] DEBUG org.apache.hc.client5.http.headers - http-outgoing-0 >> User-Agent: Apache-HttpClient/5.1.3 (Java/11.0.13)
15:13:26.824 [Thread-4] DEBUG org.apache.hc.client5.http.wire - http-outgoing-0 >> "POST /collect HTTP/1.1[\r][\n]"
15:13:26.824 [Thread-4] DEBUG org.apache.hc.client5.http.wire - http-outgoing-0 >> "Accept-Encoding: gzip, x-gzip, deflate[\r][\n]"
15:13:26.824 [Thread-4] DEBUG org.apache.hc.client5.http.wire - http-outgoing-0 >> "Content-Length: 253[\r][\n]"
15:13:26.824 [Thread-4] DEBUG org.apache.hc.client5.http.wire - http-outgoing-0 >> "Content-Type: application/x-www-form-urlencoded; charset=ISO-8859-1[\r][\n]"
15:13:26.825 [Thread-4] DEBUG org.apache.hc.client5.http.wire - http-outgoing-0 >> "Host: www.google-analytics.com[\r][\n]"
15:13:26.825 [Thread-4] DEBUG org.apache.hc.client5.http.wire - http-outgoing-0 >> "Connection: keep-alive[\r][\n]"
15:13:26.825 [Thread-4] DEBUG org.apache.hc.client5.http.wire - http-outgoing-0 >> "User-Agent: Apache-HttpClient/5.1.3 (Java/11.0.13)[\r][\n]"
15:13:26.825 [Thread-4] DEBUG org.apache.hc.client5.http.wire - http-outgoing-0 >> "[\r][\n]"
15:13:26.825 [Thread-4] DEBUG org.apache.hc.client5.http.wire - http-outgoing-0 >> "v=1&t=event&tid=UA-117778936-1&cid=e5055a8685601fcd821493daacce8417&an=pact-plugins-jvm&aid=pact-plugins-jvm&av=0.1.8&aip=true&ds=client&cd2=unknown&cd3=mac+os+x-x86_64&cd4=protobuf&cd5=0.1.5&cd7=11.0.13%2B8-LTS&el=Plugin+loaded&ec=Plugin&ea=Loaded&ev=1"
15:13:26.914 [Thread-4] DEBUG org.apache.hc.client5.http.wire - http-outgoing-0 << "HTTP/1.1 200 OK[\r][\n]"
15:13:26.914 [Thread-4] DEBUG org.apache.hc.client5.http.wire - http-outgoing-0 << "Access-Control-Allow-Origin: *[\r][\n]"
15:13:26.914 [Thread-4] DEBUG org.apache.hc.client5.http.wire - http-outgoing-0 << "Date: Mon, 27 Mar 2023 09:43:27 GMT[\r][\n]"
15:13:26.915 [Thread-4] DEBUG org.apache.hc.client5.http.wire - http-outgoing-0 << "Pragma: no-cache[\r][\n]"
15:13:26.915 [Thread-4] DEBUG org.apache.hc.client5.http.wire - http-outgoing-0 << "Expires: Fri, 01 Jan 1990 00:00:00 GMT[\r][\n]"
15:13:26.915 [Thread-4] DEBUG org.apache.hc.client5.http.wire - http-outgoing-0 << "Cache-Control: no-cache, no-store, must-revalidate[\r][\n]"
15:13:26.915 [Thread-4] DEBUG org.apache.hc.client5.http.wire - http-outgoing-0 << "Last-Modified: Sun, 17 May 1998 03:00:00 GMT[\r][\n]"
15:13:26.915 [Thread-4] DEBUG org.apache.hc.client5.http.wire - http-outgoing-0 << "X-Content-Type-Options: nosniff[\r][\n]"
15:13:26.915 [Thread-4] DEBUG org.apache.hc.client5.http.wire - http-outgoing-0 << "Content-Type: image/gif[\r][\n]"
15:13:26.915 [Thread-4] DEBUG org.apache.hc.client5.http.wire - http-outgoing-0 << "Cross-Origin-Resource-Policy: cross-origin[\r][\n]"
15:13:26.916 [Thread-4] DEBUG org.apache.hc.client5.http.wire - http-outgoing-0 << "Server: Golfe2[\r][\n]"
15:13:26.916 [Thread-4] DEBUG org.apache.hc.client5.http.wire - http-outgoing-0 << "Content-Length: 35[\r][\n]"
15:13:26.916 [Thread-4] DEBUG org.apache.hc.client5.http.wire - http-outgoing-0 << "Alt-Svc: h3=":443"; ma=2592000,h3-29=":443"; ma=2592000[\r][\n]"
15:13:26.916 [Thread-4] DEBUG org.apache.hc.client5.http.wire - http-outgoing-0 << "[\r][\n]"
15:13:26.916 [Thread-4] DEBUG org.apache.hc.client5.http.wire - http-outgoing-0 << "GIF89a[0x1][0x0][0x1][0x0][0xffffff80][0xffffffff][0x0][0xffffffff][0xffffffff][0xffffffff][0x0][0x0][0x0],[0x0][0x0][0x0][0x0][0x1][0x0][0x1][0x0][0x0][0x2][0x2]D[0x1][0x0];"
15:13:26.921 [Thread-4] DEBUG org.apache.hc.client5.http.headers - http-outgoing-0 << HTTP/1.1 200 OK
15:13:26.921 [Thread-4] DEBUG org.apache.hc.client5.http.headers - http-outgoing-0 << Access-Control-Allow-Origin: *
15:13:26.922 [Thread-4] DEBUG org.apache.hc.client5.http.headers - http-outgoing-0 << Date: Mon, 27 Mar 2023 09:43:27 GMT
15:13:26.922 [Thread-4] DEBUG org.apache.hc.client5.http.headers - http-outgoing-0 << Pragma: no-cache
15:13:26.922 [Thread-4] DEBUG org.apache.hc.client5.http.headers - http-outgoing-0 << Expires: Fri, 01 Jan 1990 00:00:00 GMT
15:13:26.922 [Thread-4] DEBUG org.apache.hc.client5.http.headers - http-outgoing-0 << Cache-Control: no-cache, no-store, must-revalidate
15:13:26.922 [Thread-4] DEBUG org.apache.hc.client5.http.headers - http-outgoing-0 << Last-Modified: Sun, 17 May 1998 03:00:00 GMT
15:13:26.922 [Thread-4] DEBUG org.apache.hc.client5.http.headers - http-outgoing-0 << X-Content-Type-Options: nosniff
15:13:26.922 [Thread-4] DEBUG org.apache.hc.client5.http.headers - http-outgoing-0 << Content-Type: image/gif
15:13:26.922 [Thread-4] DEBUG org.apache.hc.client5.http.headers - http-outgoing-0 << Cross-Origin-Resource-Policy: cross-origin
15:13:26.922 [Thread-4] DEBUG org.apache.hc.client5.http.headers - http-outgoing-0 << Server: Golfe2
15:13:26.922 [Thread-4] DEBUG org.apache.hc.client5.http.headers - http-outgoing-0 << Content-Length: 35
15:13:26.922 [Thread-4] DEBUG org.apache.hc.client5.http.headers - http-outgoing-0 << Alt-Svc: h3=":443"; ma=2592000,h3-29=":443"; ma=2592000
15:13:26.937 [Thread-4] DEBUG o.a.h.c.h.i.classic.MainClientExec - ex-0000000001 connection can be kept alive for 3 MINUTES
15:13:26.944 [Thread-4] DEBUG o.a.h.c.h.i.c.InternalHttpClient - ep-0000000000 releasing valid endpoint
15:13:26.944 [Thread-4] DEBUG o.a.h.c.h.i.i.PoolingHttpClientConnectionManager - ep-0000000000 releasing endpoint
15:13:26.944 [Thread-4] DEBUG o.a.h.c.h.i.i.PoolingHttpClientConnectionManager - ep-0000000000 connection http-outgoing-0 can be kept alive for 3 MINUTES
15:13:26.945 [Thread-4] DEBUG o.a.h.c.h.i.i.PoolingHttpClientConnectionManager - ep-0000000000 connection released [route: {s}->https://www.google-analytics.com:443][total available: 1; route allocated: 1 of 100; total allocated: 1 of 200]
15:13:26.956 [grpc-default-executor-0] DEBUG io.netty.util.ResourceLeakDetector - -Dio.netty.leakDetection.level: simple
15:13:26.956 [grpc-default-executor-0] DEBUG io.netty.util.ResourceLeakDetector - -Dio.netty.leakDetection.targetRecords: 4
15:13:26.983 [grpc-default-executor-0] DEBUG io.netty.buffer.AbstractByteBuf - -Dio.netty.buffer.checkAccessible: true
15:13:26.983 [grpc-default-executor-0] DEBUG io.netty.buffer.AbstractByteBuf - -Dio.netty.buffer.checkBounds: true
15:13:26.985 [grpc-default-executor-0] DEBUG i.n.util.ResourceLeakDetectorFactory - Loaded default ResourceLeakDetector: io.netty.util.ResourceLeakDetector@5b6da87a
15:13:27.150 [grpc-default-executor-0] DEBUG i.n.buffer.PooledByteBufAllocator - -Dio.netty.allocator.numHeapArenas: 21
15:13:27.151 [grpc-default-executor-0] DEBUG i.n.buffer.PooledByteBufAllocator - -Dio.netty.allocator.numDirectArenas: 21
15:13:27.151 [grpc-default-executor-0] DEBUG i.n.buffer.PooledByteBufAllocator - -Dio.netty.allocator.pageSize: 8192
15:13:27.151 [grpc-default-executor-0] DEBUG i.n.buffer.PooledByteBufAllocator - -Dio.netty.allocator.maxOrder: 9
15:13:27.151 [grpc-default-executor-0] DEBUG i.n.buffer.PooledByteBufAllocator - -Dio.netty.allocator.chunkSize: 4194304
15:13:27.151 [grpc-default-executor-0] DEBUG i.n.buffer.PooledByteBufAllocator - -Dio.netty.allocator.smallCacheSize: 256
15:13:27.151 [grpc-default-executor-0] DEBUG i.n.buffer.PooledByteBufAllocator - -Dio.netty.allocator.normalCacheSize: 64
15:13:27.151 [grpc-default-executor-0] DEBUG i.n.buffer.PooledByteBufAllocator - -Dio.netty.allocator.maxCachedBufferCapacity: 32768
15:13:27.151 [grpc-default-executor-0] DEBUG i.n.buffer.PooledByteBufAllocator - -Dio.netty.allocator.cacheTrimInterval: 8192
15:13:27.152 [grpc-default-executor-0] DEBUG i.n.buffer.PooledByteBufAllocator - -Dio.netty.allocator.cacheTrimIntervalMillis: 0
15:13:27.152 [grpc-default-executor-0] DEBUG i.n.buffer.PooledByteBufAllocator - -Dio.netty.allocator.useCacheForAllThreads: false
15:13:27.154 [grpc-default-executor-0] DEBUG i.n.buffer.PooledByteBufAllocator - -Dio.netty.allocator.maxCachedByteBuffersPerChunk: 1023
15:13:27.203 [grpc-default-executor-0] DEBUG io.netty.channel.DefaultChannelId - -Dio.netty.processId: 46346 (auto-detected)
15:13:27.208 [grpc-default-executor-0] DEBUG io.netty.util.NetUtil - -Djava.net.preferIPv4Stack: false
15:13:27.209 [grpc-default-executor-0] DEBUG io.netty.util.NetUtil - -Djava.net.preferIPv6Addresses: false
15:13:27.216 [grpc-default-executor-0] DEBUG io.netty.util.NetUtilInitializations - Loopback interface: lo0 (lo0, 0:0:0:0:0:0:0:1%lo0)
15:13:27.218 [grpc-default-executor-0] DEBUG io.netty.util.NetUtil - Failed to get SOMAXCONN from sysctl and file /proc/sys/net/core/somaxconn. Default: 128
15:13:27.225 [grpc-default-executor-0] DEBUG io.netty.channel.DefaultChannelId - -Dio.netty.machineId: 88:66:5a:ff:fe:23:bf:64 (auto-detected)
15:13:27.291 [grpc-default-executor-0] DEBUG io.netty.buffer.ByteBufUtil - -Dio.netty.allocator.type: pooled
15:13:27.291 [grpc-default-executor-0] DEBUG io.netty.buffer.ByteBufUtil - -Dio.netty.threadLocalDirectBufferSize: 0
15:13:27.291 [grpc-default-executor-0] DEBUG io.netty.buffer.ByteBufUtil - -Dio.netty.maxThreadLocalCharBufferSize: 16384
15:13:27.327 [grpc-default-executor-0] DEBUG io.netty.util.Recycler - -Dio.netty.recycler.maxCapacityPerThread: 4096
15:13:27.327 [grpc-default-executor-0] DEBUG io.netty.util.Recycler - -Dio.netty.recycler.ratio: 8
15:13:27.328 [grpc-default-executor-0] DEBUG io.netty.util.Recycler - -Dio.netty.recycler.chunkSize: 32
15:13:27.328 [grpc-default-executor-0] DEBUG io.netty.util.Recycler - -Dio.netty.recycler.blocking: false
15:13:27.355 [grpc-nio-worker-ELG-1-2] DEBUG io.grpc.netty.NettyClientHandler - [id: 0x9e25d4de, L:/0:0:0:0:0:0:0:1:54373 - R:/0:0:0:0:0:0:0:1:54371] OUTBOUND SETTINGS: ack=false settings={ENABLE_PUSH=0, MAX_CONCURRENT_STREAMS=0, INITIAL_WINDOW_SIZE=1048576, MAX_HEADER_LIST_SIZE=8192}
15:13:27.363 [Thread-5] DEBUG i.pact.plugins.jvm.core.ChildProcess - Plugin protobuf [46348] || ?[2m2023-03-27T09:43:27.363292Z?[0m ?[34mDEBUG?[0m tokio-runtime-worker ?[1mserver_handshake?[0m?[2m:?[0m?[1mFramedWrite::buffer?[0m?[1m{?[0m?[3mframe?[0m?[2m=?[0mSettings { flags: (0x0), initial_window_size: 1048576, max_frame_size: 16384 }?[1m}?[0m?[2m:?[0m ?[2mh2::codec::framed_write?[0m?[2m:?[0m send ?[3mframe?[0m?[2m=?[0mSettings { flags: (0x0), initial_window_size: 1048576, max_frame_size: 16384 }
15:13:27.364 [Thread-5] DEBUG i.pact.plugins.jvm.core.ChildProcess - Plugin protobuf [46348] || ?[2m2023-03-27T09:43:27.363697Z?[0m ?[35mTRACE?[0m tokio-runtime-worker ?[1mserver_handshake?[0m?[2m:?[0m?[1mFramedWrite::buffer?[0m?[1m{?[0m?[3mframe?[0m?[2m=?[0mSettings { flags: (0x0), initial_window_size: 1048576, max_frame_size: 16384 }?[1m}?[0m?[2m:?[0m ?[2mh2::frame::settings?[0m?[2m:?[0m encoding SETTINGS; len=12
15:13:27.364 [Thread-5] DEBUG i.pact.plugins.jvm.core.ChildProcess - Plugin protobuf [46348] || ?[2m2023-03-27T09:43:27.364353Z?[0m ?[35mTRACE?[0m tokio-runtime-worker ?[1mserver_handshake?[0m?[2m:?[0m?[1mFramedWrite::buffer?[0m?[1m{?[0m?[3mframe?[0m?[2m=?[0mSettings { flags: (0x0), initial_window_size: 1048576, max_frame_size: 16384 }?[1m}?[0m?[2m:?[0m ?[2mh2::frame::settings?[0m?[2m:?[0m encoding setting; val=InitialWindowSize(1048576)
15:13:27.364 [Thread-5] DEBUG i.pact.plugins.jvm.core.ChildProcess - Plugin protobuf [46348] || ?[2m2023-03-27T09:43:27.364767Z?[0m ?[35mTRACE?[0m tokio-runtime-worker ?[1mserver_handshake?[0m?[2m:?[0m?[1mFramedWrite::buffer?[0m?[1m{?[0m?[3mframe?[0m?[2m=?[0mSettings { flags: (0x0), initial_window_size: 1048576, max_frame_size: 16384 }?[1m}?[0m?[2m:?[0m ?[2mh2::frame::settings?[0m?[2m:?[0m encoding setting; val=MaxFrameSize(16384)
15:13:27.365 [Thread-5] DEBUG i.pact.plugins.jvm.core.ChildProcess - Plugin protobuf [46348] || ?[2m2023-03-27T09:43:27.364794Z?[0m ?[35mTRACE?[0m tokio-runtime-worker ?[1mserver_handshake?[0m?[2m:?[0m?[1mFramedWrite::buffer?[0m?[1m{?[0m?[3mframe?[0m?[2m=?[0mSettings { flags: (0x0), initial_window_size: 1048576, max_frame_size: 16384 }?[1m}?[0m?[2m:?[0m ?[2mh2::codec::framed_write?[0m?[2m:?[0m encoded settings ?[3mrem?[0m?[2m=?[0m21
15:13:27.365 [Thread-5] DEBUG i.pact.plugins.jvm.core.ChildProcess - Plugin protobuf [46348] || ?[2m2023-03-27T09:43:27.365724Z?[0m ?[35mTRACE?[0m tokio-runtime-worker ?[1mserver_handshake?[0m?[2m:?[0m ?[2mh2::server?[0m?[2m:?[0m ?[3mstate?[0m?[2m=?[0mFlushing(_)
15:13:27.366 [Thread-5] DEBUG i.pact.plugins.jvm.core.ChildProcess - Plugin protobuf [46348] || ?[2m2023-03-27T09:43:27.365854Z?[0m ?[35mTRACE?[0m tokio-runtime-worker ?[1mserver_handshake?[0m?[2m:?[0m?[1mflush?[0m?[2m:?[0m?[1mFramedWrite::flush?[0m?[2m:?[0m ?[2mh2::codec::framed_write?[0m?[2m:?[0m ?[3mqueued_data_frame?[0m?[2m=?[0mfalse
15:13:27.366 [Thread-5] DEBUG i.pact.plugins.jvm.core.ChildProcess - Plugin protobuf [46348] || ?[2m2023-03-27T09:43:27.365905Z?[0m ?[35mTRACE?[0m tokio-runtime-worker ?[1mserver_handshake?[0m?[2m:?[0m?[1mflush?[0m?[2m:?[0m?[1mFramedWrite::flush?[0m?[2m:?[0m ?[2mh2::codec::framed_write?[0m?[2m:?[0m flushing buffer
15:13:27.367 [Thread-5] DEBUG i.pact.plugins.jvm.core.ChildProcess - Plugin protobuf [46348] || ?[2m2023-03-27T09:43:27.367280Z?[0m ?[35mTRACE?[0m tokio-runtime-worker ?[1mserver_handshake?[0m?[2m:?[0m ?[2mh2::server?[0m?[2m:?[0m ?[3mflush.poll?[0m?[2m=?[0mReady
15:13:27.381 [grpc-nio-worker-ELG-1-2] DEBUG io.grpc.netty.NettyClientHandler - [id: 0x9e25d4de, L:/0:0:0:0:0:0:0:1:54373 - R:/0:0:0:0:0:0:0:1:54371] OUTBOUND WINDOW_UPDATE: streamId=0 windowSizeIncrement=983041
15:13:27.385 [Thread-5] DEBUG i.pact.plugins.jvm.core.ChildProcess - Plugin protobuf [46348] || ?[2m2023-03-27T09:43:27.385198Z?[0m ?[35mTRACE?[0m tokio-runtime-worker ?[1mserver_handshake?[0m?[2m:?[0m ?[2mh2::server?[0m?[2m:?[0m ?[3mstate?[0m?[2m=?[0mReadingPreface(_)
15:13:27.390 [Thread-5] DEBUG i.pact.plugins.jvm.core.ChildProcess - Plugin protobuf [46348] || ?[2m2023-03-27T09:43:27.389978Z?[0m ?[35mTRACE?[0m tokio-runtime-worker ?[1mserver_handshake?[0m?[2m:?[0m ?[2mh2::proto::streams::flow_control?[0m?[2m:?[0m inc_window; sz=65535; old=0; new=65535
15:13:27.391 [Thread-5] DEBUG i.pact.plugins.jvm.core.ChildProcess - Plugin protobuf [46348] || ?[2m2023-03-27T09:43:27.390812Z?[0m ?[35mTRACE?[0m tokio-runtime-worker ?[1mserver_handshake?[0m?[2m:?[0m ?[2mh2::proto::streams::flow_control?[0m?[2m:?[0m inc_window; sz=65535; old=0; new=65535
15:13:27.391 [Thread-5] DEBUG i.pact.plugins.jvm.core.ChildProcess - Plugin protobuf [46348] || ?[2m2023-03-27T09:43:27.391345Z?[0m ?[35mTRACE?[0m tokio-runtime-worker ?[1mserver_handshake?[0m?[2m:?[0m ?[2mh2::proto::streams::prioritize?[0m?[2m:?[0m Prioritize::new; flow=FlowControl { window_size: Window(65535), available: Window(65535) }
15:13:27.400 [Thread-5] DEBUG i.pact.plugins.jvm.core.ChildProcess - Plugin protobuf [46348] || ?[2m2023-03-27T09:43:27.400390Z?[0m ?[35mTRACE?[0m tokio-runtime-worker ?[1mserver_handshake?[0m?[2m:?[0m ?[2mh2::server?[0m?[2m:?[0m connection established!
15:13:27.401 [grpc-nio-worker-ELG-1-2] DEBUG io.grpc.netty.NettyClientHandler - [id: 0x9e25d4de, L:/0:0:0:0:0:0:0:1:54373 - R:/0:0:0:0:0:0:0:1:54371] INBOUND SETTINGS: ack=false settings={INITIAL_WINDOW_SIZE=1048576, MAX_FRAME_SIZE=16384}
15:13:27.403 [grpc-nio-worker-ELG-1-2] DEBUG io.grpc.netty.NettyClientHandler - [id: 0x9e25d4de, L:/0:0:0:0:0:0:0:1:54373 - R:/0:0:0:0:0:0:0:1:54371] OUTBOUND SETTINGS: ack=true
15:13:27.404 [Thread-5] DEBUG i.pact.plugins.jvm.core.ChildProcess - Plugin protobuf [46348] || ?[2m2023-03-27T09:43:27.403263Z?[0m ?[35mTRACE?[0m tokio-runtime-worker ?[1mserver_handshake?[0m?[2m:?[0m ?[2mh2::proto::streams::recv?[0m?[2m:?[0m set_target_connection_window; target=1048576; available=65535, reserved=0
15:13:27.405 [Thread-5] DEBUG i.pact.plugins.jvm.core.ChildProcess - Plugin protobuf [46348] || ?[2m2023-03-27T09:43:27.405206Z?[0m ?[35mTRACE?[0m tokio-runtime-worker ?[1mserver_handshake?[0m?[2m:?[0m?[1mConnection?[0m?[1m{?[0m?[3mpeer?[0m?[2m=?[0mServer?[1m}?[0m?[2m:?[0m?[1mpoll?[0m?[2m:?[0m ?[2mh2::proto::connection?[0m?[2m:?[0m ?[3mconnection.state?[0m?[2m=?[0mOpen
15:13:27.405 [Thread-5] DEBUG i.pact.plugins.jvm.core.ChildProcess - Plugin protobuf [46348] || ?[2m2023-03-27T09:43:27.405847Z?[0m ?[35mTRACE?[0m tokio-runtime-worker ?[1mserver_handshake?[0m?[2m:?[0m?[1mConnection?[0m?[1m{?[0m?[3mpeer?[0m?[2m=?[0mServer?[1m}?[0m?[2m:?[0m?[1mpoll?[0m?[2m:?[0m?[1mFramedRead::poll_next?[0m?[2m:?[0m ?[2mh2::codec::framed_read?[0m?[2m:?[0m poll
15:13:27.406 [Thread-5] DEBUG i.pact.plugins.jvm.core.ChildProcess - Plugin protobuf [46348] || ?[2m2023-03-27T09:43:27.405896Z?[0m ?[35mTRACE?[0m tokio-runtime-worker ?[1mserver_handshake?[0m?[2m:?[0m?[1mConnection?[0m?[1m{?[0m?[3mpeer?[0m?[2m=?[0mServer?[1m}?[0m?[2m:?[0m?[1mpoll?[0m?[2m:?[0m?[1mFramedRead::poll_next?[0m?[2m:?[0m ?[2mtokio_util::codec::framed_impl?[0m?[2m:?[0m attempting to decode a frame
15:13:27.406 [Thread-5] DEBUG i.pact.plugins.jvm.core.ChildProcess - Plugin protobuf [46348] || ?[2m2023-03-27T09:43:27.405924Z?[0m ?[35mTRACE?[0m tokio-runtime-worker ?[1mserver_handshake?[0m?[2m:?[0m?[1mConnection?[0m?[1m{?[0m?[3mpeer?[0m?[2m=?[0mServer?[1m}?[0m?[2m:?[0m?[1mpoll?[0m?[2m:?[0m?[1mFramedRead::poll_next?[0m?[2m:?[0m ?[2mtokio_util::codec::framed_impl?[0m?[2m:?[0m frame decoded from buffer
15:13:27.406 [Thread-5] DEBUG i.pact.plugins.jvm.core.ChildProcess - Plugin protobuf [46348] || ?[2m2023-03-27T09:43:27.405966Z?[0m ?[35mTRACE?[0m tokio-runtime-worker ?[1mserver_handshake?[0m?[2m:?[0m?[1mConnection?[0m?[1m{?[0m?[3mpeer?[0m?[2m=?[0mServer?[1m}?[0m?[2m:?[0m?[1mpoll?[0m?[2m:?[0m?[1mFramedRead::poll_next?[0m?[2m:?[0m ?[2mh2::codec::framed_read?[0m?[2m:?[0m ?[3mread.bytes?[0m?[2m=?[0m33
15:13:27.406 [Thread-5] DEBUG i.pact.plugins.jvm.core.ChildProcess - Plugin protobuf [46348] || ?[2m2023-03-27T09:43:27.406415Z?[0m ?[35mTRACE?[0m tokio-runtime-worker ?[1mserver_handshake?[0m?[2m:?[0m?[1mConnection?[0m?[1m{?[0m?[3mpeer?[0m?[2m=?[0mServer?[1m}?[0m?[2m:?[0m?[1mpoll?[0m?[2m:?[0m?[1mFramedRead::poll_next?[0m?[2m:?[0m?[1mFramedRead::decode_frame?[0m?[1m{?[0m?[3moffset?[0m?[2m=?[0m33?[1m}?[0m?[2m:?[0m ?[2mh2::codec::framed_read?[0m?[2m:?[0m decoding frame from 33B
15:13:27.406 [Thread-5] DEBUG i.pact.plugins.jvm.core.ChildProcess - Plugin protobuf [46348] || ?[2m2023-03-27T09:43:27.406447Z?[0m ?[35mTRACE?[0m tokio-runtime-worker ?[1mserver_handshake?[0m?[2m:?[0m?[1mConnection?[0m?[1m{?[0m?[3mpeer?[0m?[2m=?[0mServer?[1m}?[0m?[2m:?[0m?[1mpoll?[0m?[2m:?[0m?[1mFramedRead::poll_next?[0m?[2m:?[0m?[1mFramedRead::decode_frame?[0m?[1m{?[0m?[3moffset?[0m?[2m=?[0m33?[1m}?[0m?[2m:?[0m ?[2mh2::codec::framed_read?[0m?[2m:?[0m ?[3mframe.kind?[0m?[2m=?[0mSettings
15:13:27.407 [Thread-5] DEBUG i.pact.plugins.jvm.core.ChildProcess - Plugin protobuf [46348] || ?[2m2023-03-27T09:43:27.406961Z?[0m ?[34mDEBUG?[0m tokio-runtime-worker ?[1mserver_handshake?[0m?[2m:?[0m?[1mConnection?[0m?[1m{?[0m?[3mpeer?[0m?[2m=?[0mServer?[1m}?[0m?[2m:?[0m?[1mpoll?[0m?[2m:?[0m?[1mFramedRead::poll_next?[0m?[2m:?[0m ?[2mh2::codec::framed_read?[0m?[2m:?[0m received ?[3mframe?[0m?[2m=?[0mSettings { flags: (0x0), enable_push: 0, max_concurrent_streams: 0, initial_window_size: 1048576, max_header_list_size: 8192 }
15:13:27.407 [Thread-5] DEBUG i.pact.plugins.jvm.core.ChildProcess - Plugin protobuf [46348] || ?[2m2023-03-27T09:43:27.407089Z?[0m ?[35mTRACE?[0m tokio-runtime-worker ?[1mserver_handshake?[0m?[2m:?[0m?[1mConnection?[0m?[1m{?[0m?[3mpeer?[0m?[2m=?[0mServer?[1m}?[0m?[2m:?[0m?[1mpoll?[0m?[2m:?[0m ?[2mh2::proto::connection?[0m?[2m:?[0m recv SETTINGS ?[3mframe?[0m?[2m=?[0mSettings { flags: (0x0), enable_push: 0, max_concurrent_streams: 0, initial_window_size: 1048576, max_header_list_size: 8192 }
15:13:27.407 [Thread-5] DEBUG i.pact.plugins.jvm.core.ChildProcess - Plugin protobuf [46348] || ?[2m2023-03-27T09:43:27.407198Z?[0m ?[34mDEBUG?[0m tokio-runtime-worker ?[1mserver_handshake?[0m?[2m:?[0m?[1mConnection?[0m?[1m{?[0m?[3mpeer?[0m?[2m=?[0mServer?[1m}?[0m?[2m:?[0m?[1mpoll?[0m?[2m:?[0m?[1mpoll_ready?[0m?[2m:?[0m?[1mFramedWrite::buffer?[0m?[1m{?[0m?[3mframe?[0m?[2m=?[0mSettings { flags: (0x1: ACK) }?[1m}?[0m?[2m:?[0m ?[2mh2::codec::framed_write?[0m?[2m:?[0m send ?[3mframe?[0m?[2m=?[0mSettings { flags: (0x1: ACK) }
15:13:27.407 [Thread-5] DEBUG i.pact.plugins.jvm.core.ChildProcess - Plugin protobuf [46348] || ?[2m2023-03-27T09:43:27.407323Z?[0m ?[35mTRACE?[0m tokio-runtime-worker ?[1mserver_handshake?[0m?[2m:?[0m?[1mConnection?[0m?[1m{?[0m?[3mpeer?[0m?[2m=?[0mServer?[1m}?[0m?[2m:?[0m?[1mpoll?[0m?[2m:?[0m?[1mpoll_ready?[0m?[2m:?[0m?[1mFramedWrite::buffer?[0m?[1m{?[0m?[3mframe?[0m?[2m=?[0mSettings { flags: (0x1: ACK) }?[1m}?[0m?[2m:?[0m ?[2mh2::frame::settings?[0m?[2m:?[0m encoding SETTINGS; len=0
15:13:27.407 [Thread-5] DEBUG i.pact.plugins.jvm.core.ChildProcess - Plugin protobuf [46348] || ?[2m2023-03-27T09:43:27.407458Z?[0m ?[35mTRACE?[0m tokio-runtime-worker ?[1mserver_handshake?[0m?[2m:?[0m?[1mConnection?[0m?[1m{?[0m?[3mpeer?[0m?[2m=?[0mServer?[1m}?[0m?[2m:?[0m?[1mpoll?[0m?[2m:?[0m?[1mpoll_ready?[0m?[2m:?[0m?[1mFramedWrite::buffer?[0m?[1m{?[0m?[3mframe?[0m?[2m=?[0mSettings { flags: (0x1: ACK) }?[1m}?[0m?[2m:?[0m ?[2mh2::codec::framed_write?[0m?[2m:?[0m encoded settings ?[3mrem?[0m?[2m=?[0m9
15:13:27.407 [Thread-5] DEBUG i.pact.plugins.jvm.core.ChildProcess - Plugin protobuf [46348] || ?[2m2023-03-27T09:43:27.407497Z?[0m ?[35mTRACE?[0m tokio-runtime-worker ?[1mserver_handshake?[0m?[2m:?[0m?[1mConnection?[0m?[1m{?[0m?[3mpeer?[0m?[2m=?[0mServer?[1m}?[0m?[2m:?[0m?[1mpoll?[0m?[2m:?[0m?[1mpoll_ready?[0m?[2m:?[0m ?[2mh2::proto::settings?[0m?[2m:?[0m ACK sent; applying settings
15:13:27.408 [Thread-5] DEBUG i.pact.plugins.jvm.core.ChildProcess - Plugin protobuf [46348] || ?[2m2023-03-27T09:43:27.407907Z?[0m ?[35mTRACE?[0m tokio-runtime-worker ?[1mserver_handshake?[0m?[2m:?[0m?[1mConnection?[0m?[1m{?[0m?[3mpeer?[0m?[2m=?[0mServer?[1m}?[0m?[2m:?[0m?[1mpoll?[0m?[2m:?[0m?[1mFramedRead::poll_next?[0m?[2m:?[0m ?[2mh2::codec::framed_read?[0m?[2m:?[0m poll
15:13:27.408 [Thread-5] DEBUG i.pact.plugins.jvm.core.ChildProcess - Plugin protobuf [46348] || ?[2m2023-03-27T09:43:27.407927Z?[0m ?[35mTRACE?[0m tokio-runtime-worker ?[1mserver_handshake?[0m?[2m:?[0m?[1mConnection?[0m?[1m{?[0m?[3mpeer?[0m?[2m=?[0mServer?[1m}?[0m?[2m:?[0m?[1mpoll?[0m?[2m:?[0m?[1mFramedRead::poll_next?[0m?[2m:?[0m ?[2mtokio_util::codec::framed_impl?[0m?[2m:?[0m attempting to decode a frame
15:13:27.408 [Thread-5] DEBUG i.pact.plugins.jvm.core.ChildProcess - Plugin protobuf [46348] || ?[2m2023-03-27T09:43:27.407943Z?[0m ?[35mTRACE?[0m tokio-runtime-worker ?[1mserver_handshake?[0m?[2m:?[0m?[1mConnection?[0m?[1m{?[0m?[3mpeer?[0m?[2m=?[0mServer?[1m}?[0m?[2m:?[0m?[1mpoll?[0m?[2m:?[0m?[1mFramedRead::poll_next?[0m?[2m:?[0m ?[2mtokio_util::codec::framed_impl?[0m?[2m:?[0m frame decoded from buffer
15:13:27.408 [Thread-5] DEBUG i.pact.plugins.jvm.core.ChildProcess - Plugin protobuf [46348] || ?[2m2023-03-27T09:43:27.407962Z?[0m ?[35mTRACE?[0m tokio-runtime-worker ?[1mserver_handshake?[0m?[2m:?[0m?[1mConnection?[0m?[1m{?[0m?[3mpeer?[0m?[2m=?[0mServer?[1m}?[0m?[2m:?[0m?[1mpoll?[0m?[2m:?[0m?[1mFramedRead::poll_next?[0m?[2m:?[0m ?[2mh2::codec::framed_read?[0m?[2m:?[0m ?[3mread.bytes?[0m?[2m=?[0m13
15:13:27.408 [Thread-5] DEBUG i.pact.plugins.jvm.core.ChildProcess - Plugin protobuf [46348] || ?[2m2023-03-27T09:43:27.407987Z?[0m ?[35mTRACE?[0m tokio-runtime-worker ?[1mserver_handshake?[0m?[2m:?[0m?[1mConnection?[0m?[1m{?[0m?[3mpeer?[0m?[2m=?[0mServer?[1m}?[0m?[2m:?[0m?[1mpoll?[0m?[2m:?[0m?[1mFramedRead::poll_next?[0m?[2m:?[0m?[1mFramedRead::decode_frame?[0m?[1m{?[0m?[3moffset?[0m?[2m=?[0m13?[1m}?[0m?[2m:?[0m ?[2mh2::codec::framed_read?[0m?[2m:?[0m decoding frame from 13B
15:13:27.408 [Thread-5] DEBUG i.pact.plugins.jvm.core.ChildProcess - Plugin protobuf [46348] || ?[2m2023-03-27T09:43:27.408002Z?[0m ?[35mTRACE?[0m tokio-runtime-worker ?[1mserver_handshake?[0m?[2m:?[0m?[1mConnection?[0m?[1m{?[0m?[3mpeer?[0m?[2m=?[0mServer?[1m}?[0m?[2m:?[0m?[1mpoll?[0m?[2m:?[0m?[1mFramedRead::poll_next?[0m?[2m:?[0m?[1mFramedRead::decode_frame?[0m?[1m{?[0m?[3moffset?[0m?[2m=?[0m13?[1m}?[0m?[2m:?[0m ?[2mh2::codec::framed_read?[0m?[2m:?[0m ?[3mframe.kind?[0m?[2m=?[0mWindowUpdate
15:13:27.408 [Thread-5] DEBUG i.pact.plugins.jvm.core.ChildProcess - Plugin protobuf [46348] || ?[2m2023-03-27T09:43:27.408026Z?[0m ?[34mDEBUG?[0m tokio-runtime-worker ?[1mserver_handshake?[0m?[2m:?[0m?[1mConnection?[0m?[1m{?[0m?[3mpeer?[0m?[2m=?[0mServer?[1m}?[0m?[2m:?[0m?[1mpoll?[0m?[2m:?[0m?[1mFramedRead::poll_next?[0m?[2m:?[0m ?[2mh2::codec::framed_read?[0m?[2m:?[0m received ?[3mframe?[0m?[2m=?[0mWindowUpdate { stream_id: StreamId(0), size_increment: 983041 }
15:13:27.409 [Thread-5] DEBUG i.pact.plugins.jvm.core.ChildProcess - Plugin protobuf [46348] || ?[2m2023-03-27T09:43:27.408389Z?[0m ?[35mTRACE?[0m tokio-runtime-worker ?[1mserver_handshake?[0m?[2m:?[0m?[1mConnection?[0m?[1m{?[0m?[3mpeer?[0m?[2m=?[0mServer?[1m}?[0m?[2m:?[0m?[1mpoll?[0m?[2m:?[0m ?[2mh2::proto::connection?[0m?[2m:?[0m recv WINDOW_UPDATE ?[3mframe?[0m?[2m=?[0mWindowUpdate { stream_id: StreamId(0), size_increment: 983041 }
15:13:27.409 [Thread-5] DEBUG i.pact.plugins.jvm.core.ChildProcess - Plugin protobuf [46348] || ?[2m2023-03-27T09:43:27.409398Z?[0m ?[35mTRACE?[0m tokio-runtime-worker ?[1mserver_handshake?[0m?[2m:?[0m?[1mConnection?[0m?[1m{?[0m?[3mpeer?[0m?[2m=?[0mServer?[1m}?[0m?[2m:?[0m?[1mpoll?[0m?[2m:?[0m ?[2mh2::proto::streams::flow_control?[0m?[2m:?[0m inc_window; sz=983041; old=65535; new=1048576
15:13:27.410 [Thread-5] DEBUG i.pact.plugins.jvm.core.ChildProcess - Plugin protobuf [46348] || ?[2m2023-03-27T09:43:27.409869Z?[0m ?[35mTRACE?[0m tokio-runtime-worker ?[1mserver_handshake?[0m?[2m:?[0m?[1mConnection?[0m?[1m{?[0m?[3mpeer?[0m?[2m=?[0mServer?[1m}?[0m?[2m:?[0m?[1mpoll?[0m?[2m:?[0m?[1mFramedRead::poll_next?[0m?[2m:?[0m ?[2mh2::codec::framed_read?[0m?[2m:?[0m poll
15:13:27.410 [Thread-5] DEBUG i.pact.plugins.jvm.core.ChildProcess - Plugin protobuf [46348] || ?[2m2023-03-27T09:43:27.409890Z?[0m ?[35mTRACE?[0m tokio-runtime-worker ?[1mserver_handshake?[0m?[2m:?[0m?[1mConnection?[0m?[1m{?[0m?[3mpeer?[0m?[2m=?[0mServer?[1m}?[0m?[2m:?[0m?[1mpoll?[0m?[2m:?[0m?[1mFramedRead::poll_next?[0m?[2m:?[0m ?[2mtokio_util::codec::framed_impl?[0m?[2m:?[0m attempting to decode a frame
15:13:27.410 [Thread-5] DEBUG i.pact.plugins.jvm.core.ChildProcess - Plugin protobuf [46348] || ?[2m2023-03-27T09:43:27.409940Z?[0m ?[34mDEBUG?[0m tokio-runtime-worker ?[1mserver_handshake?[0m?[2m:?[0m?[1mConnection?[0m?[1m{?[0m?[3mpeer?[0m?[2m=?[0mServer?[1m}?[0m?[2m:?[0m?[1mpoll?[0m?[2m:?[0m?[1mFramedWrite::buffer?[0m?[1m{?[0m?[3mframe?[0m?[2m=?[0mWindowUpdate { stream_id: StreamId(0), size_increment: 983041 }?[1m}?[0m?[2m:?[0m ?[2mh2::codec::framed_write?[0m?[2m:?[0m send ?[3mframe?[0m?[2m=?[0mWindowUpdate { stream_id: StreamId(0), size_increment: 983041 }
15:13:27.410 [Thread-5] DEBUG i.pact.plugins.jvm.core.ChildProcess - Plugin protobuf [46348] || ?[2m2023-03-27T09:43:27.409966Z?[0m ?[35mTRACE?[0m tokio-runtime-worker ?[1mserver_handshake?[0m?[2m:?[0m?[1mConnection?[0m?[1m{?[0m?[3mpeer?[0m?[2m=?[0mServer?[1m}?[0m?[2m:?[0m?[1mpoll?[0m?[2m:?[0m?[1mFramedWrite::buffer?[0m?[1m{?[0m?[3mframe?[0m?[2m=?[0mWindowUpdate { stream_id: StreamId(0), size_increment: 983041 }?[1m}?[0m?[2m:?[0m ?[2mh2::frame::window_update?[0m?[2m:?[0m encoding WINDOW_UPDATE; id=StreamId(0)
15:13:27.410 [Thread-5] DEBUG i.pact.plugins.jvm.core.ChildProcess - Plugin protobuf [46348] || ?[2m2023-03-27T09:43:27.409983Z?[0m ?[35mTRACE?[0m tokio-runtime-worker ?[1mserver_handshake?[0m?[2m:?[0m?[1mConnection?[0m?[1m{?[0m?[3mpeer?[0m?[2m=?[0mServer?[1m}?[0m?[2m:?[0m?[1mpoll?[0m?[2m:?[0m?[1mFramedWrite::buffer?[0m?[1m{?[0m?[3mframe?[0m?[2m=?[0mWindowUpdate { stream_id: StreamId(0), size_increment: 983041 }?[1m}?[0m?[2m:?[0m ?[2mh2::codec::framed_write?[0m?[2m:?[0m encoded window_update ?[3mrem?[0m?[2m=?[0m22
15:13:27.411 [Thread-5] DEBUG i.pact.plugins.jvm.core.ChildProcess - Plugin protobuf [46348] || ?[2m2023-03-27T09:43:27.410007Z?[0m ?[35mTRACE?[0m tokio-runtime-worker ?[1mserver_handshake?[0m?[2m:?[0m?[1mConnection?[0m?[1m{?[0m?[3mpeer?[0m?[2m=?[0mServer?[1m}?[0m?[2m:?[0m?[1mpoll?[0m?[2m:?[0m ?[2mh2::proto::streams::flow_control?[0m?[2m:?[0m inc_window; sz=983041; old=65535; new=1048576
15:13:27.411 [Thread-5] DEBUG i.pact.plugins.jvm.core.ChildProcess - Plugin protobuf [46348] || ?[2m2023-03-27T09:43:27.410052Z?[0m ?[35mTRACE?[0m tokio-runtime-worker ?[1mserver_handshake?[0m?[2m:?[0m?[1mConnection?[0m?[1m{?[0m?[3mpeer?[0m?[2m=?[0mServer?[1m}?[0m?[2m:?[0m?[1mpoll?[0m?[2m:?[0m ?[2mh2::proto::streams::prioritize?[0m?[2m:?[0m poll_complete
15:13:27.411 [Thread-5] DEBUG i.pact.plugins.jvm.core.ChildProcess - Plugin protobuf [46348] || ?[2m2023-03-27T09:43:27.410371Z?[0m ?[35mTRACE?[0m tokio-runtime-worker ?[1mserver_handshake?[0m?[2m:?[0m?[1mConnection?[0m?[1m{?[0m?[3mpeer?[0m?[2m=?[0mServer?[1m}?[0m?[2m:?[0m?[1mpoll?[0m?[2m:?[0m ?[2mh2::proto::streams::prioritize?[0m?[2m:?[0m schedule_pending_open
15:13:27.411 [Thread-5] DEBUG i.pact.plugins.jvm.core.ChildProcess - Plugin protobuf [46348] || ?[2m2023-03-27T09:43:27.410553Z?[0m ?[35mTRACE?[0m tokio-runtime-worker ?[1mserver_handshake?[0m?[2m:?[0m?[1mConnection?[0m?[1m{?[0m?[3mpeer?[0m?[2m=?[0mServer?[1m}?[0m?[2m:?[0m?[1mpoll?[0m?[2m:?[0m?[1mFramedWrite::flush?[0m?[2m:?[0m ?[2mh2::codec::framed_write?[0m?[2m:?[0m ?[3mqueued_data_frame?[0m?[2m=?[0mfalse
15:13:27.411 [Thread-5] DEBUG i.pact.plugins.jvm.core.ChildProcess - Plugin protobuf [46348] || ?[2m2023-03-27T09:43:27.410599Z?[0m ?[35mTRACE?[0m tokio-runtime-worker ?[1mserver_handshake?[0m?[2m:?[0m?[1mConnection?[0m?[1m{?[0m?[3mpeer?[0m?[2m=?[0mServer?[1m}?[0m?[2m:?[0m?[1mpoll?[0m?[2m:?[0m?[1mFramedWrite::flush?[0m?[2m:?[0m ?[2mh2::codec::framed_write?[0m?[2m:?[0m flushing buffer
15:13:27.430 [Thread-5] DEBUG i.pact.plugins.jvm.core.ChildProcess - Plugin protobuf [46348] || ?[2m2023-03-27T09:43:27.430643Z?[0m ?[35mTRACE?[0m tokio-runtime-worker ?[1mserver_handshake?[0m?[2m:?[0m?[1mConnection?[0m?[1m{?[0m?[3mpeer?[0m?[2m=?[0mServer?[1m}?[0m?[2m:?[0m?[1mpoll?[0m?[2m:?[0m ?[2mh2::proto::connection?[0m?[2m:?[0m ?[3mconnection.state?[0m?[2m=?[0mOpen
15:13:27.431 [grpc-nio-worker-ELG-1-2] DEBUG io.grpc.netty.NettyClientHandler - [id: 0x9e25d4de, L:/0:0:0:0:0:0:0:1:54373 - R:/0:0:0:0:0:0:0:1:54371] INBOUND SETTINGS: ack=true
15:13:27.431 [Thread-5] DEBUG i.pact.plugins.jvm.core.ChildProcess - Plugin protobuf [46348] || ?[2m2023-03-27T09:43:27.430715Z?[0m ?[35mTRACE?[0m tokio-runtime-worker ?[1mserver_handshake?[0m?[2m:?[0m?[1mConnection?[0m?[1m{?[0m?[3mpeer?[0m?[2m=?[0mServer?[1m}?[0m?[2m:?[0m?[1mpoll?[0m?[2m:?[0m?[1mFramedRead::poll_next?[0m?[2m:?[0m ?[2mh2::codec::framed_read?[0m?[2m:?[0m poll
15:13:27.431 [Thread-5] DEBUG i.pact.plugins.jvm.core.ChildProcess - Plugin protobuf [46348] || ?[2m2023-03-27T09:43:27.430748Z?[0m ?[35mTRACE?[0m tokio-runtime-worker ?[1mserver_handshake?[0m?[2m:?[0m?[1mConnection?[0m?[1m{?[0m?[3mpeer?[0m?[2m=?[0mServer?[1m}?[0m?[2m:?[0m?[1mpoll?[0m?[2m:?[0m?[1mFramedRead::poll_next?[0m?[2m:?[0m ?[2mtokio_util::codec::framed_impl?[0m?[2m:?[0m attempting to decode a frame
15:13:27.431 [Thread-5] DEBUG i.pact.plugins.jvm.core.ChildProcess - Plugin protobuf [46348] || ?[2m2023-03-27T09:43:27.430766Z?[0m ?[35mTRACE?[0m tokio-runtime-worker ?[1mserver_handshake?[0m?[2m:?[0m?[1mConnection?[0m?[1m{?[0m?[3mpeer?[0m?[2m=?[0mServer?[1m}?[0m?[2m:?[0m?[1mpoll?[0m?[2m:?[0m?[1mFramedRead::poll_next?[0m?[2m:?[0m ?[2mtokio_util::codec::framed_impl?[0m?[2m:?[0m frame decoded from buffer
15:13:27.432 [Thread-5] DEBUG i.pact.plugins.jvm.core.ChildProcess - Plugin protobuf [46348] || ?[2m2023-03-27T09:43:27.430781Z?[0m ?[35mTRACE?[0m tokio-runtime-worker ?[1mserver_handshake?[0m?[2m:?[0m?[1mConnection?[0m?[1m{?[0m?[3mpeer?[0m?[2m=?[0mServer?[1m}?[0m?[2m:?[0m?[1mpoll?[0m?[2m:?[0m?[1mFramedRead::poll_next?[0m?[2m:?[0m ?[2mh2::codec::framed_read?[0m?[2m:?[0m ?[3mread.bytes?[0m?[2m=?[0m9
15:13:27.432 [Thread-5] DEBUG i.pact.plugins.jvm.core.ChildProcess - Plugin protobuf [46348] || ?[2m2023-03-27T09:43:27.430808Z?[0m ?[35mTRACE?[0m tokio-runtime-worker ?[1mserver_handshake?[0m?[2m:?[0m?[1mConnection?[0m?[1m{?[0m?[3mpeer?[0m?[2m=?[0mServer?[1m}?[0m?[2m:?[0m?[1mpoll?[0m?[2m:?[0m?[1mFramedRead::poll_next?[0m?[2m:?[0m?[1mFramedRead::decode_frame?[0m?[1m{?[0m?[3moffset?[0m?[2m=?[0m9?[1m}?[0m?[2m:?[0m ?[2mh2::codec::framed_read?[0m?[2m:?[0m decoding frame from 9B
15:13:27.432 [Thread-5] DEBUG i.pact.plugins.jvm.core.ChildProcess - Plugin protobuf [46348] || ?[2m2023-03-27T09:43:27.430825Z?[0m ?[35mTRACE?[0m tokio-runtime-worker ?[1mserver_handshake?[0m?[2m:?[0m?[1mConnection?[0m?[1m{?[0m?[3mpeer?[0m?[2m=?[0mServer?[1m}?[0m?[2m:?[0m?[1mpoll?[0m?[2m:?[0m?[1mFramedRead::poll_next?[0m?[2m:?[0m?[1mFramedRead::decode_frame?[0m?[1m{?[0m?[3moffset?[0m?[2m=?[0m9?[1m}?[0m?[2m:?[0m ?[2mh2::codec::framed_read?[0m?[2m:?[0m ?[3mframe.kind?[0m?[2m=?[0mSettings
15:13:27.432 [Thread-5] DEBUG i.pact.plugins.jvm.core.ChildProcess - Plugin protobuf [46348] || ?[2m2023-03-27T09:43:27.430855Z?[0m ?[34mDEBUG?[0m tokio-runtime-worker ?[1mserver_handshake?[0m?[2m:?[0m?[1mConnection?[0m?[1m{?[0m?[3mpeer?[0m?[2m=?[0mServer?[1m}?[0m?[2m:?[0m?[1mpoll?[0m?[2m:?[0m?[1mFramedRead::poll_next?[0m?[2m:?[0m ?[2mh2::codec::framed_read?[0m?[2m:?[0m received ?[3mframe?[0m?[2m=?[0mSettings { flags: (0x1: ACK) }
15:13:27.432 [Thread-5] DEBUG i.pact.plugins.jvm.core.ChildProcess - Plugin protobuf [46348] || ?[2m2023-03-27T09:43:27.430884Z?[0m ?[35mTRACE?[0m tokio-runtime-worker ?[1mserver_handshake?[0m?[2m:?[0m?[1mConnection?[0m?[1m{?[0m?[3mpeer?[0m?[2m=?[0mServer?[1m}?[0m?[2m:?[0m?[1mpoll?[0m?[2m:?[0m ?[2mh2::proto::connection?[0m?[2m:?[0m recv SETTINGS ?[3mframe?[0m?[2m=?[0mSettings { flags: (0x1: ACK) }
15:13:27.432 [Thread-5] DEBUG i.pact.plugins.jvm.core.ChildProcess - Plugin protobuf [46348] || ?[2m2023-03-27T09:43:27.430908Z?[0m ?[34mDEBUG?[0m tokio-runtime-worker ?[1mserver_handshake?[0m?[2m:?[0m?[1mConnection?[0m?[1m{?[0m?[3mpeer?[0m?[2m=?[0mServer?[1m}?[0m?[2m:?[0m?[1mpoll?[0m?[2m:?[0m ?[2mh2::proto::settings?[0m?[2m:?[0m received settings ACK; applying Settings { flags: (0x0), initial_window_size: 1048576, max_frame_size: 16384 }
15:13:27.433 [Thread-5] DEBUG i.pact.plugins.jvm.core.ChildProcess - Plugin protobuf [46348] || ?[2m2023-03-27T09:43:27.431057Z?[0m ?[35mTRACE?[0m tokio-runtime-worker ?[1mserver_handshake?[0m?[2m:?[0m?[1mConnection?[0m?[1m{?[0m?[3mpeer?[0m?[2m=?[0mServer?[1m}?[0m?[2m:?[0m?[1mpoll?[0m?[2m:?[0m ?[2mh2::proto::streams::recv?[0m?[2m:?[0m update_initial_window_size; new=1048576; old=1048576
15:13:27.433 [grpc-nio-worker-ELG-1-2] DEBUG io.grpc.netty.NettyClientHandler - [id: 0x9e25d4de, L:/0:0:0:0:0:0:0:1:54373 - R:/0:0:0:0:0:0:0:1:54371] INBOUND WINDOW_UPDATE: streamId=0 windowSizeIncrement=983041
15:13:27.433 [Thread-5] DEBUG i.pact.plugins.jvm.core.ChildProcess - Plugin protobuf [46348] || ?[2m2023-03-27T09:43:27.431162Z?[0m ?[35mTRACE?[0m tokio-runtime-worker ?[1mserver_handshake?[0m?[2m:?[0m?[1mConnection?[0m?[1m{?[0m?[3mpeer?[0m?[2m=?[0mServer?[1m}?[0m?[2m:?[0m?[1mpoll?[0m?[2m:?[0m?[1mFramedRead::poll_next?[0m?[2m:?[0m ?[2mh2::codec::framed_read?[0m?[2m:?[0m poll
15:13:27.433 [Thread-5] DEBUG i.pact.plugins.jvm.core.ChildProcess - Plugin protobuf [46348] || ?[2m2023-03-27T09:43:27.431180Z?[0m ?[35mTRACE?[0m tokio-runtime-worker ?[1mserver_handshake?[0m?[2m:?[0m?[1mConnection?[0m?[1m{?[0m?[3mpeer?[0m?[2m=?[0mServer?[1m}?[0m?[2m:?[0m?[1mpoll?[0m?[2m:?[0m?[1mFramedRead::poll_next?[0m?[2m:?[0m ?[2mtokio_util::codec::framed_impl?[0m?[2m:?[0m attempting to decode a frame
15:13:27.433 [Thread-5] DEBUG i.pact.plugins.jvm.core.ChildProcess - Plugin protobuf [46348] || ?[2m2023-03-27T09:43:27.431230Z?[0m ?[35mTRACE?[0m tokio-runtime-worker ?[1mserver_handshake?[0m?[2m:?[0m?[1mConnection?[0m?[1m{?[0m?[3mpeer?[0m?[2m=?[0mServer?[1m}?[0m?[2m:?[0m?[1mpoll?[0m?[2m:?[0m ?[2mh2::proto::streams::prioritize?[0m?[2m:?[0m poll_complete
15:13:27.434 [Thread-5] DEBUG i.pact.plugins.jvm.core.ChildProcess - Plugin protobuf [46348] || ?[2m2023-03-27T09:43:27.431248Z?[0m ?[35mTRACE?[0m tokio-runtime-worker ?[1mserver_handshake?[0m?[2m:?[0m?[1mConnection?[0m?[1m{?[0m?[3mpeer?[0m?[2m=?[0mServer?[1m}?[0m?[2m:?[0m?[1mpoll?[0m?[2m:?[0m ?[2mh2::proto::streams::prioritize?[0m?[2m:?[0m schedule_pending_open
15:13:27.434 [Thread-5] DEBUG i.pact.plugins.jvm.core.ChildProcess - Plugin protobuf [46348] || ?[2m2023-03-27T09:43:27.431281Z?[0m ?[35mTRACE?[0m tokio-runtime-worker ?[1mserver_handshake?[0m?[2m:?[0m?[1mConnection?[0m?[1m{?[0m?[3mpeer?[0m?[2m=?[0mServer?[1m}?[0m?[2m:?[0m?[1mpoll?[0m?[2m:?[0m?[1mFramedWrite::flush?[0m?[2m:?[0m ?[2mh2::codec::framed_write?[0m?[2m:?[0m flushing buffer
15:13:27.453 [grpc-nio-worker-ELG-1-2] DEBUG io.grpc.netty.NettyClientHandler - [id: 0x9e25d4de, L:/0:0:0:0:0:0:0:1:54373 - R:/0:0:0:0:0:0:0:1:54371] OUTBOUND HEADERS: streamId=3 headers=GrpcHttp2OutboundHeaders[:authority: [::1]:54371, :path: /io.pact.plugin.PactPlugin/InitPlugin, :method: POST, :scheme: http, content-type: application/grpc, te: trailers, user-agent: grpc-java-netty/1.49.0, grpc-accept-encoding: gzip, authorization: 76890bd5-a20d-4c00-9cad-333e5317f474] streamDependency=0 weight=16 exclusive=false padding=0 endStream=false
15:13:27.471 [grpc-nio-worker-ELG-1-2] DEBUG io.grpc.netty.NettyClientHandler - [id: 0x9e25d4de, L:/0:0:0:0:0:0:0:1:54373 - R:/0:0:0:0:0:0:0:1:54371] OUTBOUND DATA: streamId=3 padding=0 endStream=true length=31 bytes=000000001a0a11706c7567696e2d6472697665722d6a766d1205302e312e38
15:13:27.475 [Thread-5] DEBUG i.pact.plugins.jvm.core.ChildProcess - Plugin protobuf [46348] || ?[2m2023-03-27T09:43:27.475100Z?[0m ?[35mTRACE?[0m tokio-runtime-worker ?[1mserver_handshake?[0m?[2m:?[0m?[1mConnection?[0m?[1m{?[0m?[3mpeer?[0m?[2m=?[0mServer?[1m}?[0m?[2m:?[0m?[1mpoll?[0m?[2m:?[0m ?[2mh2::proto::connection?[0m?[2m:?[0m ?[3mconnection.state?[0m?[2m=?[0mOpen
15:13:27.475 [Thread-5] DEBUG i.pact.plugins.jvm.core.ChildProcess - Plugin protobuf [46348] || ?[2m2023-03-27T09:43:27.475216Z?[0m ?[35mTRACE?[0m tokio-runtime-worker ?[1mserver_handshake?[0m?[2m:?[0m?[1mConnection?[0m?[1m{?[0m?[3mpeer?[0m?[2m=?[0mServer?[1m}?[0m?[2m:?[0m?[1mpoll?[0m?[2m:?[0m?[1mFramedRead::poll_next?[0m?[2m:?[0m ?[2mh2::codec::framed_read?[0m?[2m:?[0m poll
15:13:27.475 [Thread-5] DEBUG i.pact.plugins.jvm.core.ChildProcess - Plugin protobuf [46348] || ?[2m2023-03-27T09:43:27.475252Z?[0m ?[35mTRACE?[0m tokio-runtime-worker ?[1mserver_handshake?[0m?[2m:?[0m?[1mConnection?[0m?[1m{?[0m?[3mpeer?[0m?[2m=?[0mServer?[1m}?[0m?[2m:?[0m?[1mpoll?[0m?[2m:?[0m?[1mFramedRead::poll_next?[0m?[2m:?[0m ?[2mtokio_util::codec::framed_impl?[0m?[2m:?[0m attempting to decode a frame
15:13:27.475 [Thread-5] DEBUG i.pact.plugins.jvm.core.ChildProcess - Plugin protobuf [46348] || ?[2m2023-03-27T09:43:27.475280Z?[0m ?[35mTRACE?[0m tokio-runtime-worker ?[1mserver_handshake?[0m?[2m:?[0m?[1mConnection?[0m?[1m{?[0m?[3mpeer?[0m?[2m=?[0mServer?[1m}?[0m?[2m:?[0m?[1mpoll?[0m?[2m:?[0m?[1mFramedRead::poll_next?[0m?[2m:?[0m ?[2mtokio_util::codec::framed_impl?[0m?[2m:?[0m frame decoded from buffer
15:13:27.476 [Thread-5] DEBUG i.pact.plugins.jvm.core.ChildProcess - Plugin protobuf [46348] || ?[2m2023-03-27T09:43:27.475299Z?[0m ?[35mTRACE?[0m tokio-runtime-worker ?[1mserver_handshake?[0m?[2m:?[0m?[1mConnection?[0m?[1m{?[0m?[3mpeer?[0m?[2m=?[0mServer?[1m}?[0m?[2m:?[0m?[1mpoll?[0m?[2m:?[0m?[1mFramedRead::poll_next?[0m?[2m:?[0m ?[2mh2::codec::framed_read?[0m?[2m:?[0m ?[3mread.bytes?[0m?[2m=?[0m188
15:13:27.476 [Thread-5] DEBUG i.pact.plugins.jvm.core.ChildProcess - Plugin protobuf [46348] || ?[2m2023-03-27T09:43:27.475327Z?[0m ?[35mTRACE?[0m tokio-runtime-worker ?[1mserver_handshake?[0m?[2m:?[0m?[1mConnection?[0m?[1m{?[0m?[3mpeer?[0m?[2m=?[0mServer?[1m}?[0m?[2m:?[0m?[1mpoll?[0m?[2m:?[0m?[1mFramedRead::poll_next?[0m?[2m:?[0m?[1mFramedRead::decode_frame?[0m?[1m{?[0m?[3moffset?[0m?[2m=?[0m188?[1m}?[0m?[2m:?[0m ?[2mh2::codec::framed_read?[0m?[2m:?[0m decoding frame from 188B
15:13:27.476 [Thread-5] DEBUG i.pact.plugins.jvm.core.ChildProcess - Plugin protobuf [46348] || ?[2m2023-03-27T09:43:27.475352Z?[0m ?[35mTRACE?[0m tokio-runtime-worker ?[1mserver_handshake?[0m?[2m:?[0m?[1mConnection?[0m?[1m{?[0m?[3mpeer?[0m?[2m=?[0mServer?[1m}?[0m?[2m:?[0m?[1mpoll?[0m?[2m:?[0m?[1mFramedRead::poll_next?[0m?[2m:?[0m?[1mFramedRead::decode_frame?[0m?[1m{?[0m?[3moffset?[0m?[2m=?[0m188?[1m}?[0m?[2m:?[0m ?[2mh2::codec::framed_read?[0m?[2m:?[0m ?[3mframe.kind?[0m?[2m=?[0mHeaders
15:13:27.476 [Thread-5] DEBUG i.pact.plugins.jvm.core.ChildProcess - Plugin protobuf [46348] || ?[2m2023-03-27T09:43:27.475372Z?[0m ?[35mTRACE?[0m tokio-runtime-worker ?[1mserver_handshake?[0m?[2m:?[0m?[1mConnection?[0m?[1m{?[0m?[3mpeer?[0m?[2m=?[0mServer?[1m}?[0m?[2m:?[0m?[1mpoll?[0m?[2m:?[0m?[1mFramedRead::poll_next?[0m?[2m:?[0m?[1mFramedRead::decode_frame?[0m?[1m{?[0m?[3moffset?[0m?[2m=?[0m188?[1m}?[0m?[2m:?[0m ?[2mh2::frame::headers?[0m?[2m:?[0m loading headers; flags=(0x24: END_HEADERS | PRIORITY)
15:13:27.476 [Thread-5] DEBUG i.pact.plugins.jvm.core.ChildProcess - Plugin protobuf [46348] || ?[2m2023-03-27T09:43:27.475487Z?[0m ?[35mTRACE?[0m tokio-runtime-worker ?[1mserver_handshake?[0m?[2m:?[0m?[1mConnection?[0m?[1m{?[0m?[3mpeer?[0m?[2m=?[0mServer?[1m}?[0m?[2m:?[0m?[1mpoll?[0m?[2m:?[0m?[1mFramedRead::poll_next?[0m?[2m:?[0m?[1mFramedRead::decode_frame?[0m?[1m{?[0m?[3moffset?[0m?[2m=?[0m188?[1m}?[0m?[2m:?[0m?[1mhpack::decode?[0m?[2m:?[0m ?[2mh2::hpack::decoder?[0m?[2m:?[0m decode
15:13:27.476 [Thread-5] DEBUG i.pact.plugins.jvm.core.ChildProcess - Plugin protobuf [46348] || ?[2m2023-03-27T09:43:27.475524Z?[0m ?[35mTRACE?[0m tokio-runtime-worker ?[1mserver_handshake?[0m?[2m:?[0m?[1mConnection?[0m?[1m{?[0m?[3mpeer?[0m?[2m=?[0mServer?[1m}?[0m?[2m:?[0m?[1mpoll?[0m?[2m:?[0m?[1mFramedRead::poll_next?[0m?[2m:?[0m?[1mFramedRead::decode_frame?[0m?[1m{?[0m?[3moffset?[0m?[2m=?[0m188?[1m}?[0m?[2m:?[0m?[1mhpack::decode?[0m?[2m:?[0m ?[2mh2::hpack::decoder?[0m?[2m:?[0m ?[3mrem?[0m?[2m=?[0m174 ?[3mkind?[0m?[2m=?[0mLiteralWithIndexing
15:13:27.476 [Thread-5] DEBUG i.pact.plugins.jvm.core.ChildProcess - Plugin protobuf [46348] || ?[2m2023-03-27T09:43:27.476786Z?[0m ?[35mTRACE?[0m tokio-runtime-worker ?[1mserver_handshake?[0m?[2m:?[0m?[1mConnection?[0m?[1m{?[0m?[3mpeer?[0m?[2m=?[0mServer?[1m}?[0m?[2m:?[0m?[1mpoll?[0m?[2m:?[0m?[1mFramedRead::poll_next?[0m?[2m:?[0m?[1mFramedRead::decode_frame?[0m?[1m{?[0m?[3moffset?[0m?[2m=?[0m188?[1m}?[0m?[2m:?[0m?[1mhpack::decode?[0m?[2m:?[0m ?[2mh2::hpack::decoder?[0m?[2m:?[0m ?[3mrem?[0m?[2m=?[0m161 ?[3mkind?[0m?[2m=?[0mLiteralWithIndexing
15:13:27.477 [Thread-5] DEBUG i.pact.plugins.jvm.core.ChildProcess - Plugin protobuf [46348] || ?[2m2023-03-27T09:43:27.476853Z?[0m ?[35mTRACE?[0m tokio-runtime-worker ?[1mserver_handshake?[0m?[2m:?[0m?[1mConnection?[0m?[1m{?[0m?[3mpeer?[0m?[2m=?[0mServer?[1m}?[0m?[2m:?[0m?[1mpoll?[0m?[2m:?[0m?[1mFramedRead::poll_next?[0m?[2m:?[0m?[1mFramedRead::decode_frame?[0m?[1m{?[0m?[3moffset?[0m?[2m=?[0m188?[1m}?[0m?[2m:?[0m?[1mhpack::decode?[0m?[2m:?[0m ?[2mh2::hpack::decoder?[0m?[2m:?[0m ?[3mrem?[0m?[2m=?[0m122 ?[3mkind?[0m?[2m=?[0mIndexed
15:13:27.477 [Thread-5] DEBUG i.pact.plugins.jvm.core.ChildProcess - Plugin protobuf [46348] || ?[2m2023-03-27T09:43:27.476966Z?[0m ?[35mTRACE?[0m tokio-runtime-worker ?[1mserver_handshake?[0m?[2m:?[0m?[1mConnection?[0m?[1m{?[0m?[3mpeer?[0m?[2m=?[0mServer?[1m}?[0m?[2m:?[0m?[1mpoll?[0m?[2m:?[0m?[1mFramedRead::poll_next?[0m?[2m:?[0m?[1mFramedRead::decode_frame?[0m?[1m{?[0m?[3moffset?[0m?[2m=?[0m188?[1m}?[0m?[2m:?[0m?[1mhpack::decode?[0m?[2m:?[0m ?[2mh2::hpack::decoder?[0m?[2m:?[0m ?[3mrem?[0m?[2m=?[0m121 ?[3mkind?[0m?[2m=?[0mIndexed
15:13:27.477 [Thread-5] DEBUG i.pact.plugins.jvm.core.ChildProcess - Plugin protobuf [46348] || ?[2m2023-03-27T09:43:27.477002Z?[0m ?[35mTRACE?[0m tokio-runtime-worker ?[1mserver_handshake?[0m?[2m:?[0m?[1mConnection?[0m?[1m{?[0m?[3mpeer?[0m?[2m=?[0mServer?[1m}?[0m?[2m:?[0m?[1mpoll?[0m?[2m:?[0m?[1mFramedRead::poll_next?[0m?[2m:?[0m?[1mFramedRead::decode_frame?[0m?[1m{?[0m?[3moffset?[0m?[2m=?[0m188?[1m}?[0m?[2m:?[0m?[1mhpack::decode?[0m?[2m:?[0m ?[2mh2::hpack::decoder?[0m?[2m:?[0m ?[3mrem?[0m?[2m=?[0m120 ?[3mkind?[0m?[2m=?[0mLiteralWithIndexing
15:13:27.477 [Thread-5] DEBUG i.pact.plugins.jvm.core.ChildProcess - Plugin protobuf [46348] || ?[2m2023-03-27T09:43:27.477417Z?[0m ?[35mTRACE?[0m tokio-runtime-worker ?[1mserver_handshake?[0m?[2m:?[0m?[1mConnection?[0m?[1m{?[0m?[3mpeer?[0m?[2m=?[0mServer?[1m}?[0m?[2m:?[0m?[1mpoll?[0m?[2m:?[0m?[1mFramedRead::poll_next?[0m?[2m:?[0m?[1mFramedRead::decode_frame?[0m?[1m{?[0m?[3moffset?[0m?[2m=?[0m188?[1m}?[0m?[2m:?[0m?[1mhpack::decode?[0m?[2m:?[0m ?[2mh2::hpack::decoder?[0m?[2m:?[0m ?[3mrem?[0m?[2m=?[0m102 ?[3mkind?[0m?[2m=?[0mLiteralWithIndexing
15:13:27.478 [Thread-5] DEBUG i.pact.plugins.jvm.core.ChildProcess - Plugin protobuf [46348] || ?[2m2023-03-27T09:43:27.477645Z?[0m ?[35mTRACE?[0m tokio-runtime-worker ?[1mserver_handshake?[0m?[2m:?[0m?[1mConnection?[0m?[1m{?[0m?[3mpeer?[0m?[2m=?[0mServer?[1m}?[0m?[2m:?[0m?[1mpoll?[0m?[2m:?[0m?[1mFramedRead::poll_next?[0m?[2m:?[0m?[1mFramedRead::decode_frame?[0m?[1m{?[0m?[3moffset?[0m?[2m=?[0m188?[1m}?[0m?[2m:?[0m?[1mhpack::decode?[0m?[2m:?[0m ?[2mh2::hpack::decoder?[0m?[2m:?[0m ?[3mrem?[0m?[2m=?[0m89 ?[3mkind?[0m?[2m=?[0mLiteralWithIndexing
15:13:27.478 [Thread-5] DEBUG i.pact.plugins.jvm.core.ChildProcess - Plugin protobuf [46348] || ?[2m2023-03-27T09:43:27.477730Z?[0m ?[35mTRACE?[0m tokio-runtime-worker ?[1mserver_handshake?[0m?[2m:?[0m?[1mConnection?[0m?[1m{?[0m?[3mpeer?[0m?[2m=?[0mServer?[1m}?[0m?[2m:?[0m?[1mpoll?[0m?[2m:?[0m?[1mFramedRead::poll_next?[0m?[2m:?[0m?[1mFramedRead::decode_frame?[0m?[1m{?[0m?[3moffset?[0m?[2m=?[0m188?[1m}?[0m?[2m:?[0m?[1mhpack::decode?[0m?[2m:?[0m ?[2mh2::hpack::decoder?[0m?[2m:?[0m ?[3mrem?[0m?[2m=?[0m65 ?[3mkind?[0m?[2m=?[0mLiteralWithIndexing
15:13:27.478 [Thread-5] DEBUG i.pact.plugins.jvm.core.ChildProcess - Plugin protobuf [46348] || ?[2m2023-03-27T09:43:27.477839Z?[0m ?[35mTRACE?[0m tokio-runtime-worker ?[1mserver_handshake?[0m?[2m:?[0m?[1mConnection?[0m?[1m{?[0m?[3mpeer?[0m?[2m=?[0mServer?[1m}?[0m?[2m:?[0m?[1mpoll?[0m?[2m:?[0m?[1mFramedRead::poll_next?[0m?[2m:?[0m?[1mFramedRead::decode_frame?[0m?[1m{?[0m?[3moffset?[0m?[2m=?[0m188?[1m}?[0m?[2m:?[0m?[1mhpack::decode?[0m?[2m:?[0m ?[2mh2::hpack::decoder?[0m?[2m:?[0m ?[3mrem?[0m?[2m=?[0m38 ?[3mkind?[0m?[2m=?[0mLiteralWithIndexing
15:13:27.478 [Thread-5] DEBUG i.pact.plugins.jvm.core.ChildProcess - Plugin protobuf [46348] || ?[2m2023-03-27T09:43:27.477898Z?[0m ?[34mDEBUG?[0m tokio-runtime-worker ?[1mserver_handshake?[0m?[2m:?[0m?[1mConnection?[0m?[1m{?[0m?[3mpeer?[0m?[2m=?[0mServer?[1m}?[0m?[2m:?[0m?[1mpoll?[0m?[2m:?[0m?[1mFramedRead::poll_next?[0m?[2m:?[0m ?[2mh2::codec::framed_read?[0m?[2m:?[0m received ?[3mframe?[0m?[2m=?[0mHeaders { stream_id: StreamId(3), flags: (0x24: END_HEADERS | PRIORITY), stream_dep: StreamDependency { dependency_id: StreamId(0), weight: 15, is_exclusive: false } }
15:13:27.478 [Thread-5] DEBUG i.pact.plugins.jvm.core.ChildProcess - Plugin protobuf [46348] || ?[2m2023-03-27T09:43:27.477936Z?[0m ?[35mTRACE?[0m tokio-runtime-worker ?[1mserver_handshake?[0m?[2m:?[0m?[1mConnection?[0m?[1m{?[0m?[3mpeer?[0m?[2m=?[0mServer?[1m}?[0m?[2m:?[0m?[1mpoll?[0m?[2m:?[0m ?[2mh2::proto::connection?[0m?[2m:?[0m recv HEADERS ?[3mframe?[0m?[2m=?[0mHeaders { stream_id: StreamId(3), flags: (0x24: END_HEADERS | PRIORITY), stream_dep: StreamDependency { dependency_id: StreamId(0), weight: 15, is_exclusive: false } }
15:13:27.478 [Thread-5] DEBUG i.pact.plugins.jvm.core.ChildProcess - Plugin protobuf [46348] || ?[2m2023-03-27T09:43:27.477988Z?[0m ?[35mTRACE?[0m tokio-runtime-worker ?[1mserver_handshake?[0m?[2m:?[0m?[1mConnection?[0m?[1m{?[0m?[3mpeer?[0m?[2m=?[0mServer?[1m}?[0m?[2m:?[0m?[1mpoll?[0m?[2m:?[0m ?[2mh2::proto::streams::flow_control?[0m?[2m:?[0m inc_window; sz=1048576; old=0; new=1048576
15:13:27.478 [Thread-5] DEBUG i.pact.plugins.jvm.core.ChildProcess - Plugin protobuf [46348] || ?[2m2023-03-27T09:43:27.478007Z?[0m ?[35mTRACE?[0m tokio-runtime-worker ?[1mserver_handshake?[0m?[2m:?[0m?[1mConnection?[0m?[1m{?[0m?[3mpeer?[0m?[2m=?[0mServer?[1m}?[0m?[2m:?[0m?[1mpoll?[0m?[2m:?[0m ?[2mh2::proto::streams::flow_control?[0m?[2m:?[0m inc_window; sz=1048576; old=0; new=1048576
15:13:27.478 [Thread-5] DEBUG i.pact.plugins.jvm.core.ChildProcess - Plugin protobuf [46348] || ?[2m2023-03-27T09:43:27.478192Z?[0m ?[35mTRACE?[0m tokio-runtime-worker ?[1mserver_handshake?[0m?[2m:?[0m?[1mConnection?[0m?[1m{?[0m?[3mpeer?[0m?[2m=?[0mServer?[1m}?[0m?[2m:?[0m?[1mpoll?[0m?[2m:?[0m ?[2mh2::proto::streams::streams?[0m?[2m:?[0m recv_headers; stream=StreamId(3); state=State { inner: Idle }
15:13:27.478 [Thread-5] DEBUG i.pact.plugins.jvm.core.ChildProcess - Plugin protobuf [46348] || ?[2m2023-03-27T09:43:27.478232Z?[0m ?[35mTRACE?[0m tokio-runtime-worker ?[1mserver_handshake?[0m?[2m:?[0m?[1mConnection?[0m?[1m{?[0m?[3mpeer?[0m?[2m=?[0mServer?[1m}?[0m?[2m:?[0m?[1mpoll?[0m?[2m:?[0m ?[2mh2::proto::streams::recv?[0m?[2m:?[0m opening stream; init_window=1048576
15:13:27.478 [Thread-5] DEBUG i.pact.plugins.jvm.core.ChildProcess - Plugin protobuf [46348] || ?[2m2023-03-27T09:43:27.478673Z?[0m ?[35mTRACE?[0m tokio-runtime-worker ?[1mserver_handshake?[0m?[2m:?[0m?[1mConnection?[0m?[1m{?[0m?[3mpeer?[0m?[2m=?[0mServer?[1m}?[0m?[2m:?[0m?[1mpoll?[0m?[2m:?[0m ?[2mh2::proto::streams::store?[0m?[2m:?[0m Queue::push
15:13:27.479 [Thread-5] DEBUG i.pact.plugins.jvm.core.ChildProcess - Plugin protobuf [46348] || ?[2m2023-03-27T09:43:27.478716Z?[0m ?[35mTRACE?[0m tokio-runtime-worker ?[1mserver_handshake?[0m?[2m:?[0m?[1mConnection?[0m?[1m{?[0m?[3mpeer?[0m?[2m=?[0mServer?[1m}?[0m?[2m:?[0m?[1mpoll?[0m?[2m:?[0m ?[2mh2::proto::streams::store?[0m?[2m:?[0m  -> first entry
15:13:27.479 [Thread-5] DEBUG i.pact.plugins.jvm.core.ChildProcess - Plugin protobuf [46348] || ?[2m2023-03-27T09:43:27.478741Z?[0m ?[35mTRACE?[0m tokio-runtime-worker ?[1mserver_handshake?[0m?[2m:?[0m?[1mConnection?[0m?[1m{?[0m?[3mpeer?[0m?[2m=?[0mServer?[1m}?[0m?[2m:?[0m?[1mpoll?[0m?[2m:?[0m ?[2mh2::proto::streams::counts?[0m?[2m:?[0m transition_after; stream=StreamId(3); state=State { inner: Open { local: AwaitingHeaders, remote: Streaming } }; is_closed=false; pending_send_empty=true; buffered_send_data=0; num_recv=1; num_send=0
15:13:27.479 [Thread-5] DEBUG i.pact.plugins.jvm.core.ChildProcess - Plugin protobuf [46348] || ?[2m2023-03-27T09:43:27.478873Z?[0m ?[35mTRACE?[0m tokio-runtime-worker ?[1mserver_handshake?[0m?[2m:?[0m?[1mConnection?[0m?[1m{?[0m?[3mpeer?[0m?[2m=?[0mServer?[1m}?[0m?[2m:?[0m?[1mpoll?[0m?[2m:?[0m?[1mFramedRead::poll_next?[0m?[2m:?[0m ?[2mh2::codec::framed_read?[0m?[2m:?[0m poll
15:13:27.479 [Thread-5] DEBUG i.pact.plugins.jvm.core.ChildProcess - Plugin protobuf [46348] || ?[2m2023-03-27T09:43:27.478908Z?[0m ?[35mTRACE?[0m tokio-runtime-worker ?[1mserver_handshake?[0m?[2m:?[0m?[1mConnection?[0m?[1m{?[0m?[3mpeer?[0m?[2m=?[0mServer?[1m}?[0m?[2m:?[0m?[1mpoll?[0m?[2m:?[0m?[1mFramedRead::poll_next?[0m?[2m:?[0m ?[2mtokio_util::codec::framed_impl?[0m?[2m:?[0m attempting to decode a frame
15:13:27.479 [Thread-5] DEBUG i.pact.plugins.jvm.core.ChildProcess - Plugin protobuf [46348] || ?[2m2023-03-27T09:43:27.478954Z?[0m ?[35mTRACE?[0m tokio-runtime-worker ?[1mserver_handshake?[0m?[2m:?[0m?[1mConnection?[0m?[1m{?[0m?[3mpeer?[0m?[2m=?[0mServer?[1m}?[0m?[2m:?[0m?[1mpoll?[0m?[2m:?[0m?[1mFramedRead::poll_next?[0m?[2m:?[0m ?[2mtokio_util::codec::framed_impl?[0m?[2m:?[0m frame decoded from buffer
15:13:27.479 [Thread-5] DEBUG i.pact.plugins.jvm.core.ChildProcess - Plugin protobuf [46348] || ?[2m2023-03-27T09:43:27.478970Z?[0m ?[35mTRACE?[0m tokio-runtime-worker ?[1mserver_handshake?[0m?[2m:?[0m?[1mConnection?[0m?[1m{?[0m?[3mpeer?[0m?[2m=?[0mServer?[1m}?[0m?[2m:?[0m?[1mpoll?[0m?[2m:?[0m?[1mFramedRead::poll_next?[0m?[2m:?[0m ?[2mh2::codec::framed_read?[0m?[2m:?[0m ?[3mread.bytes?[0m?[2m=?[0m40
15:13:27.479 [Thread-5] DEBUG i.pact.plugins.jvm.core.ChildProcess - Plugin protobuf [46348] || ?[2m2023-03-27T09:43:27.478999Z?[0m ?[35mTRACE?[0m tokio-runtime-worker ?[1mserver_handshake?[0m?[2m:?[0m?[1mConnection?[0m?[1m{?[0m?[3mpeer?[0m?[2m=?[0mServer?[1m}?[0m?[2m:?[0m?[1mpoll?[0m?[2m:?[0m?[1mFramedRead::poll_next?[0m?[2m:?[0m?[1mFramedRead::decode_frame?[0m?[1m{?[0m?[3moffset?[0m?[2m=?[0m40?[1m}?[0m?[2m:?[0m ?[2mh2::codec::framed_read?[0m?[2m:?[0m decoding frame from 40B
15:13:27.479 [Thread-5] DEBUG i.pact.plugins.jvm.core.ChildProcess - Plugin protobuf [46348] || ?[2m2023-03-27T09:43:27.479036Z?[0m ?[35mTRACE?[0m tokio-runtime-worker ?[1mserver_handshake?[0m?[2m:?[0m?[1mConnection?[0m?[1m{?[0m?[3mpeer?[0m?[2m=?[0mServer?[1m}?[0m?[2m:?[0m?[1mpoll?[0m?[2m:?[0m?[1mFramedRead::poll_next?[0m?[2m:?[0m?[1mFramedRead::decode_frame?[0m?[1m{?[0m?[3moffset?[0m?[2m=?[0m40?[1m}?[0m?[2m:?[0m ?[2mh2::codec::framed_read?[0m?[2m:?[0m ?[3mframe.kind?[0m?[2m=?[0mData
15:13:27.480 [Thread-5] DEBUG i.pact.plugins.jvm.core.ChildProcess - Plugin protobuf [46348] || ?[2m2023-03-27T09:43:27.479066Z?[0m ?[34mDEBUG?[0m tokio-runtime-worker ?[1mserver_handshake?[0m?[2m:?[0m?[1mConnection?[0m?[1m{?[0m?[3mpeer?[0m?[2m=?[0mServer?[1m}?[0m?[2m:?[0m?[1mpoll?[0m?[2m:?[0m?[1mFramedRead::poll_next?[0m?[2m:?[0m ?[2mh2::codec::framed_read?[0m?[2m:?[0m received ?[3mframe?[0m?[2m=?[0mData { stream_id: StreamId(3), flags: (0x1: END_STREAM) }
15:13:27.480 [Thread-5] DEBUG i.pact.plugins.jvm.core.ChildProcess - Plugin protobuf [46348] || ?[2m2023-03-27T09:43:27.479095Z?[0m ?[35mTRACE?[0m tokio-runtime-worker ?[1mserver_handshake?[0m?[2m:?[0m?[1mConnection?[0m?[1m{?[0m?[3mpeer?[0m?[2m=?[0mServer?[1m}?[0m?[2m:?[0m?[1mpoll?[0m?[2m:?[0m ?[2mh2::proto::connection?[0m?[2m:?[0m recv DATA ?[3mframe?[0m?[2m=?[0mData { stream_id: StreamId(3), flags: (0x1: END_STREAM) }
15:13:27.480 [Thread-5] DEBUG i.pact.plugins.jvm.core.ChildProcess - Plugin protobuf [46348] || ?[2m2023-03-27T09:43:27.479123Z?[0m ?[35mTRACE?[0m tokio-runtime-worker ?[1mserver_handshake?[0m?[2m:?[0m?[1mConnection?[0m?[1m{?[0m?[3mpeer?[0m?[2m=?[0mServer?[1m}?[0m?[2m:?[0m?[1mpoll?[0m?[2m:?[0m ?[2mh2::proto::streams::recv?[0m?[2m:?[0m recv_data; size=31; connection=1048576; stream=1048576
15:13:27.480 [Thread-5] DEBUG i.pact.plugins.jvm.core.ChildProcess - Plugin protobuf [46348] || ?[2m2023-03-27T09:43:27.479147Z?[0m ?[35mTRACE?[0m tokio-runtime-worker ?[1mserver_handshake?[0m?[2m:?[0m?[1mConnection?[0m?[1m{?[0m?[3mpeer?[0m?[2m=?[0mServer?[1m}?[0m?[2m:?[0m?[1mpoll?[0m?[2m:?[0m ?[2mh2::proto::streams::flow_control?[0m?[2m:?[0m send_data; sz=31; window=1048576; available=1048576
15:13:27.480 [Thread-5] DEBUG i.pact.plugins.jvm.core.ChildProcess - Plugin protobuf [46348] || ?[2m2023-03-27T09:43:27.479641Z?[0m ?[35mTRACE?[0m tokio-runtime-worker ?[1mserver_handshake?[0m?[2m:?[0m?[1mConnection?[0m?[1m{?[0m?[3mpeer?[0m?[2m=?[0mServer?[1m}?[0m?[2m:?[0m?[1mpoll?[0m?[2m:?[0m ?[2mh2::proto::streams::state?[0m?[2m:?[0m recv_close: Open => HalfClosedRemote(AwaitingHeaders)
15:13:27.480 [Thread-5] DEBUG i.pact.plugins.jvm.core.ChildProcess - Plugin protobuf [46348] || ?[2m2023-03-27T09:43:27.479692Z?[0m ?[35mTRACE?[0m tokio-runtime-worker ?[1mserver_handshake?[0m?[2m:?[0m?[1mConnection?[0m?[1m{?[0m?[3mpeer?[0m?[2m=?[0mServer?[1m}?[0m?[2m:?[0m?[1mpoll?[0m?[2m:?[0m ?[2mh2::proto::streams::flow_control?[0m?[2m:?[0m send_data; sz=31; window=1048576; available=1048576
15:13:27.480 [Thread-5] DEBUG i.pact.plugins.jvm.core.ChildProcess - Plugin protobuf [46348] || ?[2m2023-03-27T09:43:27.479714Z?[0m ?[35mTRACE?[0m tokio-runtime-worker ?[1mserver_handshake?[0m?[2m:?[0m?[1mConnection?[0m?[1m{?[0m?[3mpeer?[0m?[2m=?[0mServer?[1m}?[0m?[2m:?[0m?[1mpoll?[0m?[2m:?[0m ?[2mh2::proto::streams::counts?[0m?[2m:?[0m transition_after; stream=StreamId(3); state=State { inner: HalfClosedRemote(AwaitingHeaders) }; is_closed=false; pending_send_empty=true; buffered_send_data=0; num_recv=1; num_send=0
15:13:27.480 [Thread-5] DEBUG i.pact.plugins.jvm.core.ChildProcess - Plugin protobuf [46348] || ?[2m2023-03-27T09:43:27.479787Z?[0m ?[35mTRACE?[0m tokio-runtime-worker ?[1mserver_handshake?[0m?[2m:?[0m?[1mConnection?[0m?[1m{?[0m?[3mpeer?[0m?[2m=?[0mServer?[1m}?[0m?[2m:?[0m?[1mpoll?[0m?[2m:?[0m?[1mFramedRead::poll_next?[0m?[2m:?[0m ?[2mh2::codec::framed_read?[0m?[2m:?[0m poll
15:13:27.480 [Thread-5] DEBUG i.pact.plugins.jvm.core.ChildProcess - Plugin protobuf [46348] || ?[2m2023-03-27T09:43:27.479806Z?[0m ?[35mTRACE?[0m tokio-runtime-worker ?[1mserver_handshake?[0m?[2m:?[0m?[1mConnection?[0m?[1m{?[0m?[3mpeer?[0m?[2m=?[0mServer?[1m}?[0m?[2m:?[0m?[1mpoll?[0m?[2m:?[0m?[1mFramedRead::poll_next?[0m?[2m:?[0m ?[2mtokio_util::codec::framed_impl?[0m?[2m:?[0m attempting to decode a frame
15:13:27.480 [Thread-5] DEBUG i.pact.plugins.jvm.core.ChildProcess - Plugin protobuf [46348] || ?[2m2023-03-27T09:43:27.479882Z?[0m ?[35mTRACE?[0m tokio-runtime-worker ?[1mserver_handshake?[0m?[2m:?[0m?[1mConnection?[0m?[1m{?[0m?[3mpeer?[0m?[2m=?[0mServer?[1m}?[0m?[2m:?[0m?[1mpoll?[0m?[2m:?[0m ?[2mh2::proto::streams::prioritize?[0m?[2m:?[0m poll_complete
15:13:27.481 [Thread-5] DEBUG i.pact.plugins.jvm.core.ChildProcess - Plugin protobuf [46348] || ?[2m2023-03-27T09:43:27.479908Z?[0m ?[35mTRACE?[0m tokio-runtime-worker ?[1mserver_handshake?[0m?[2m:?[0m?[1mConnection?[0m?[1m{?[0m?[3mpeer?[0m?[2m=?[0mServer?[1m}?[0m?[2m:?[0m?[1mpoll?[0m?[2m:?[0m ?[2mh2::proto::streams::prioritize?[0m?[2m:?[0m schedule_pending_open
15:13:27.481 [Thread-5] DEBUG i.pact.plugins.jvm.core.ChildProcess - Plugin protobuf [46348] || ?[2m2023-03-27T09:43:27.479944Z?[0m ?[35mTRACE?[0m tokio-runtime-worker ?[1mserver_handshake?[0m?[2m:?[0m?[1mConnection?[0m?[1m{?[0m?[3mpeer?[0m?[2m=?[0mServer?[1m}?[0m?[2m:?[0m?[1mpoll?[0m?[2m:?[0m?[1mFramedWrite::flush?[0m?[2m:?[0m ?[2mh2::codec::framed_write?[0m?[2m:?[0m flushing buffer
15:13:27.481 [Thread-5] DEBUG i.pact.plugins.jvm.core.ChildProcess - Plugin protobuf [46348] || ?[2m2023-03-27T09:43:27.479996Z?[0m ?[35mTRACE?[0m tokio-runtime-worker ?[2mh2::proto::streams::streams?[0m?[2m:?[0m next_incoming; id=StreamId(3), state=State { inner: HalfClosedRemote(AwaitingHeaders) }
15:13:27.481 [Thread-5] DEBUG i.pact.plugins.jvm.core.ChildProcess - Plugin protobuf [46348] || ?[2m2023-03-27T09:43:27.480020Z?[0m ?[35mTRACE?[0m tokio-runtime-worker ?[2mh2::server?[0m?[2m:?[0m received incoming
15:13:27.481 [Thread-5] DEBUG i.pact.plugins.jvm.core.ChildProcess - Plugin protobuf [46348] || ?[2m2023-03-27T09:43:27.480043Z?[0m ?[35mTRACE?[0m tokio-runtime-worker ?[2mhyper::proto::h2::server?[0m?[2m:?[0m incoming request
15:13:27.481 [Thread-5] DEBUG i.pact.plugins.jvm.core.ChildProcess - Plugin protobuf [46348] || ?[2m2023-03-27T09:43:27.480321Z?[0m ?[34mDEBUG?[0m tokio-runtime-worker ?[1mrequest?[0m?[1m{?[0m?[3mmethod?[0m?[2m=?[0mPOST ?[3muri?[0m?[2m=?[0mhttp://[::1]:54371/io.pact.plugin.PactPlugin/InitPlugin ?[3mversion?[0m?[2m=?[0mHTTP/2.0 ?[3mheaders?[0m?[2m=?[0m{"content-type": "application/grpc", "te": "trailers", "user-agent": "grpc-java-netty/1.49.0", "grpc-accept-encoding": "gzip", "authorization": Sensitive}?[1m}?[0m?[2m:?[0m ?[2mtower_http::trace::on_request?[0m?[2m:?[0m started processing request
15:13:27.481 [Thread-5] DEBUG i.pact.plugins.jvm.core.ChildProcess - Plugin protobuf [46348] || ?[2m2023-03-27T09:43:27.480372Z?[0m ?[35mTRACE?[0m tokio-runtime-worker ?[1mserver_handshake?[0m?[2m:?[0m?[1mConnection?[0m?[1m{?[0m?[3mpeer?[0m?[2m=?[0mServer?[1m}?[0m?[2m:?[0m?[1mpoll?[0m?[2m:?[0m ?[2mh2::proto::connection?[0m?[2m:?[0m ?[3mconnection.state?[0m?[2m=?[0mOpen
15:13:27.481 [Thread-5] DEBUG i.pact.plugins.jvm.core.ChildProcess - Plugin protobuf [46348] || ?[2m2023-03-27T09:43:27.480414Z?[0m ?[35mTRACE?[0m tokio-runtime-worker ?[1mserver_handshake?[0m?[2m:?[0m?[1mConnection?[0m?[1m{?[0m?[3mpeer?[0m?[2m=?[0mServer?[1m}?[0m?[2m:?[0m?[1mpoll?[0m?[2m:?[0m?[1mFramedRead::poll_next?[0m?[2m:?[0m ?[2mh2::codec::framed_read?[0m?[2m:?[0m poll
15:13:27.481 [Thread-5] DEBUG i.pact.plugins.jvm.core.ChildProcess - Plugin protobuf [46348] || ?[2m2023-03-27T09:43:27.480454Z?[0m ?[35mTRACE?[0m tokio-runtime-worker ?[1mserver_handshake?[0m?[2m:?[0m?[1mConnection?[0m?[1m{?[0m?[3mpeer?[0m?[2m=?[0mServer?[1m}?[0m?[2m:?[0m?[1mpoll?[0m?[2m:?[0m ?[2mh2::proto::streams::prioritize?[0m?[2m:?[0m poll_complete
15:13:27.481 [Thread-5] DEBUG i.pact.plugins.jvm.core.ChildProcess - Plugin protobuf [46348] || ?[2m2023-03-27T09:43:27.480470Z?[0m ?[35mTRACE?[0m tokio-runtime-worker ?[1mserver_handshake?[0m?[2m:?[0m?[1mConnection?[0m?[1m{?[0m?[3mpeer?[0m?[2m=?[0mServer?[1m}?[0m?[2m:?[0m?[1mpoll?[0m?[2m:?[0m ?[2mh2::proto::streams::prioritize?[0m?[2m:?[0m schedule_pending_open
15:13:27.481 [Thread-5] DEBUG i.pact.plugins.jvm.core.ChildProcess - Plugin protobuf [46348] || ?[2m2023-03-27T09:43:27.480507Z?[0m ?[35mTRACE?[0m tokio-runtime-worker ?[1mserver_handshake?[0m?[2m:?[0m?[1mConnection?[0m?[1m{?[0m?[3mpeer?[0m?[2m=?[0mServer?[1m}?[0m?[2m:?[0m?[1mpoll?[0m?[2m:?[0m?[1mFramedWrite::flush?[0m?[2m:?[0m ?[2mh2::codec::framed_write?[0m?[2m:?[0m flushing buffer
15:13:27.482 [Thread-5] DEBUG i.pact.plugins.jvm.core.ChildProcess - Plugin protobuf [46348] || ?[2m2023-03-27T09:43:27.480719Z?[0m ?[35mTRACE?[0m tokio-runtime-worker ?[1mrequest?[0m?[1m{?[0m?[3mmethod?[0m?[2m=?[0mPOST ?[3muri?[0m?[2m=?[0mhttp://[::1]:54371/io.pact.plugin.PactPlugin/InitPlugin ?[3mversion?[0m?[2m=?[0mHTTP/2.0 ?[3mheaders?[0m?[2m=?[0m{"content-type": "application/grpc", "te": "trailers", "user-agent": "grpc-java-netty/1.49.0", "grpc-accept-encoding": "gzip", "authorization": Sensitive}?[1m}?[0m?[2m:?[0m ?[2mh2::proto::streams::recv?[0m?[2m:?[0m release_capacity; size=31
15:13:27.482 [Thread-5] DEBUG i.pact.plugins.jvm.core.ChildProcess - Plugin protobuf [46348] || ?[2m2023-03-27T09:43:27.480756Z?[0m ?[35mTRACE?[0m tokio-runtime-worker ?[1mrequest?[0m?[1m{?[0m?[3mmethod?[0m?[2m=?[0mPOST ?[3muri?[0m?[2m=?[0mhttp://[::1]:54371/io.pact.plugin.PactPlugin/InitPlugin ?[3mversion?[0m?[2m=?[0mHTTP/2.0 ?[3mheaders?[0m?[2m=?[0m{"content-type": "application/grpc", "te": "trailers", "user-agent": "grpc-java-netty/1.49.0", "grpc-accept-encoding": "gzip", "authorization": Sensitive}?[1m}?[0m?[2m:?[0m ?[2mh2::proto::streams::recv?[0m?[2m:?[0m release_connection_capacity; size=31, connection in_flight_data=31
15:13:27.482 [Thread-5] DEBUG i.pact.plugins.jvm.core.ChildProcess - Plugin protobuf [46348] || ?[2m2023-03-27T09:43:27.480808Z?[0m ?[35mTRACE?[0m tokio-runtime-worker ?[1mrequest?[0m?[1m{?[0m?[3mmethod?[0m?[2m=?[0mPOST ?[3muri?[0m?[2m=?[0mhttp://[::1]:54371/io.pact.plugin.PactPlugin/InitPlugin ?[3mversion?[0m?[2m=?[0mHTTP/2.0 ?[3mheaders?[0m?[2m=?[0m{"content-type": "application/grpc", "te": "trailers", "user-agent": "grpc-java-netty/1.49.0", "grpc-accept-encoding": "gzip", "authorization": Sensitive}?[1m}?[0m?[2m:?[0m ?[2mh2::proto::streams::streams?[0m?[2m:?[0m drop_stream_ref; stream=Stream { id: StreamId(3), state: State { inner: HalfClosedRemote(AwaitingHeaders) }, is_counted: true, ref_count: 2, next_pending_send: None, is_pending_send: false, send_flow: FlowControl { window_size: Window(1048576), available: Window(0) }, requested_send_capacity: 0, buffered_send_data: 0, send_task: None, pending_send: Deque { indices: None }, next_pending_send_capacity: None, is_pending_send_capacity: false, send_capacity_inc: false, next_open: None, is_pending_open: false, is_pending_push: false, next_pending_accept: None, is_pending_accept: false, recv_flow: FlowControl { window_size: Window(1048545), available: Window(1048576) }, in_flight_recv_data: 0, next_window_update: None, is_pending_window_update: false, reset_at: None, next_reset_expire: None, pending_recv: Deque { indices: None }, recv_task: None, pending_push_promises: Queue { indices: None, _p: PhantomData }, content_length: Omitted }
15:13:27.482 [Thread-5] DEBUG i.pact.plugins.jvm.core.ChildProcess - Plugin protobuf [46348] || ?[2m2023-03-27T09:43:27.480856Z?[0m ?[35mTRACE?[0m tokio-runtime-worker ?[1mrequest?[0m?[1m{?[0m?[3mmethod?[0m?[2m=?[0mPOST ?[3muri?[0m?[2m=?[0mhttp://[::1]:54371/io.pact.plugin.PactPlugin/InitPlugin ?[3mversion?[0m?[2m=?[0mHTTP/2.0 ?[3mheaders?[0m?[2m=?[0m{"content-type": "application/grpc", "te": "trailers", "user-agent": "grpc-java-netty/1.49.0", "grpc-accept-encoding": "gzip", "authorization": Sensitive}?[1m}?[0m?[2m:?[0m ?[2mh2::proto::streams::counts?[0m?[2m:?[0m transition_after; stream=StreamId(3); state=State { inner: HalfClosedRemote(AwaitingHeaders) }; is_closed=false; pending_send_empty=true; buffered_send_data=0; num_recv=1; num_send=0
15:13:27.482 [Thread-5] DEBUG i.pact.plugins.jvm.core.ChildProcess - Plugin protobuf [46348] || ?[2m2023-03-27T09:43:27.481653Z?[0m ?[34mDEBUG?[0m tokio-runtime-worker ?[1mrequest?[0m?[1m{?[0m?[3mmethod?[0m?[2m=?[0mPOST ?[3muri?[0m?[2m=?[0mhttp://[::1]:54371/io.pact.plugin.PactPlugin/InitPlugin ?[3mversion?[0m?[2m=?[0mHTTP/2.0 ?[3mheaders?[0m?[2m=?[0m{"content-type": "application/grpc", "te": "trailers", "user-agent": "grpc-java-netty/1.49.0", "grpc-accept-encoding": "gzip", "authorization": Sensitive}?[1m}?[0m?[2m:?[0m ?[2mpact_protobuf_plugin::server?[0m?[2m:?[0m Init request from plugin-driver-jvm/0.1.8
15:13:27.483 [Thread-5] DEBUG i.pact.plugins.jvm.core.ChildProcess - Plugin protobuf [46348] || ?[2m2023-03-27T09:43:27.483241Z?[0m ?[34mDEBUG?[0m tokio-runtime-worker ?[1mrequest?[0m?[1m{?[0m?[3mmethod?[0m?[2m=?[0mPOST ?[3muri?[0m?[2m=?[0mhttp://[::1]:54371/io.pact.plugin.PactPlugin/InitPlugin ?[3mversion?[0m?[2m=?[0mHTTP/2.0 ?[3mheaders?[0m?[2m=?[0m{"content-type": "application/grpc", "te": "trailers", "user-agent": "grpc-java-netty/1.49.0", "grpc-accept-encoding": "gzip", "authorization": Sensitive}?[1m}?[0m?[2m:?[0m ?[2mtower_http::trace::on_response?[0m?[2m:?[0m finished processing request ?[3mlatency?[0m?[2m=?[0m2 ms
15:13:27.483 [Thread-5] DEBUG i.pact.plugins.jvm.core.ChildProcess - Plugin protobuf [46348] || ?[2m2023-03-27T09:43:27.483337Z?[0m ?[35mTRACE?[0m tokio-runtime-worker ?[2mh2::proto::streams::send?[0m?[2m:?[0m send_headers; frame=Headers { stream_id: StreamId(3), flags: (0x4: END_HEADERS) }; init_window=1048576
15:13:27.483 [Thread-5] DEBUG i.pact.plugins.jvm.core.ChildProcess - Plugin protobuf [46348] || ?[2m2023-03-27T09:43:27.483389Z?[0m ?[35mTRACE?[0m tokio-runtime-worker ?[1mPrioritize::queue_frame?[0m?[1m{?[0m?[3mstream.id?[0m?[2m=?[0mStreamId(3)?[1m}?[0m?[2m:?[0m ?[2mh2::proto::streams::prioritize?[0m?[2m:?[0m schedule_send ?[3mstream.id?[0m?[2m=?[0mStreamId(3)
15:13:27.483 [Thread-5] DEBUG i.pact.plugins.jvm.core.ChildProcess - Plugin protobuf [46348] || ?[2m2023-03-27T09:43:27.483415Z?[0m ?[35mTRACE?[0m tokio-runtime-worker ?[1mPrioritize::queue_frame?[0m?[1m{?[0m?[3mstream.id?[0m?[2m=?[0mStreamId(3)?[1m}?[0m?[2m:?[0m ?[2mh2::proto::streams::store?[0m?[2m:?[0m Queue::push
15:13:27.483 [Thread-5] DEBUG i.pact.plugins.jvm.core.ChildProcess - Plugin protobuf [46348] || ?[2m2023-03-27T09:43:27.483432Z?[0m ?[35mTRACE?[0m tokio-runtime-worker ?[1mPrioritize::queue_frame?[0m?[1m{?[0m?[3mstream.id?[0m?[2m=?[0mStreamId(3)?[1m}?[0m?[2m:?[0m ?[2mh2::proto::streams::store?[0m?[2m:?[0m  -> first entry
15:13:27.483 [Thread-5] DEBUG i.pact.plugins.jvm.core.ChildProcess - Plugin protobuf [46348] || ?[2m2023-03-27T09:43:27.483471Z?[0m ?[35mTRACE?[0m tokio-runtime-worker ?[2mh2::proto::streams::counts?[0m?[2m:?[0m transition_after; stream=StreamId(3); state=State { inner: HalfClosedRemote(Streaming) }; is_closed=false; pending_send_empty=false; buffered_send_data=0; num_recv=1; num_send=0
15:13:27.483 [Thread-5] DEBUG i.pact.plugins.jvm.core.ChildProcess - Plugin protobuf [46348] || ?[2m2023-03-27T09:43:27.483831Z?[0m ?[35mTRACE?[0m tokio-runtime-worker ?[1mreserve_capacity?[0m?[1m{?[0m?[3mstream.id?[0m?[2m=?[0mStreamId(3) ?[3mrequested?[0m?[2m=?[0m1 ?[3meffective?[0m?[2m=?[0m1 ?[3mcurr?[0m?[2m=?[0m0?[1m}?[0m?[2m:?[0m?[1mtry_assign_capacity?[0m?[1m{?[0m?[3mstream.id?[0m?[2m=?[0mStreamId(3)?[1m}?[0m?[2m:?[0m ?[2mh2::proto::streams::prioritize?[0m?[2m:?[0m ?[3mrequested?[0m?[2m=?[0m1 ?[3madditional?[0m?[2m=?[0m1 ?[3mbuffered?[0m?[2m=?[0m0 ?[3mwindow?[0m?[2m=?[0m1048576 ?[3mconn?[0m?[2m=?[0m1048576
15:13:27.484 [Thread-5] DEBUG i.pact.plugins.jvm.core.ChildProcess - Plugin protobuf [46348] || ?[2m2023-03-27T09:43:27.483905Z?[0m ?[35mTRACE?[0m tokio-runtime-worker ?[1mreserve_capacity?[0m?[1m{?[0m?[3mstream.id?[0m?[2m=?[0mStreamId(3) ?[3mrequested?[0m?[2m=?[0m1 ?[3meffective?[0m?[2m=?[0m1 ?[3mcurr?[0m?[2m=?[0m0?[1m}?[0m?[2m:?[0m?[1mtry_assign_capacity?[0m?[1m{?[0m?[3mstream.id?[0m?[2m=?[0mStreamId(3)?[1m}?[0m?[2m:?[0m ?[2mh2::proto::streams::prioritize?[0m?[2m:?[0m assigning ?[3mcapacity?[0m?[2m=?[0m1
15:13:27.484 [Thread-5] DEBUG i.pact.plugins.jvm.core.ChildProcess - Plugin protobuf [46348] || ?[2m2023-03-27T09:43:27.483928Z?[0m ?[35mTRACE?[0m tokio-runtime-worker ?[1mreserve_capacity?[0m?[1m{?[0m?[3mstream.id?[0m?[2m=?[0mStreamId(3) ?[3mrequested?[0m?[2m=?[0m1 ?[3meffective?[0m?[2m=?[0m1 ?[3mcurr?[0m?[2m=?[0m0?[1m}?[0m?[2m:?[0m?[1mtry_assign_capacity?[0m?[1m{?[0m?[3mstream.id?[0m?[2m=?[0mStreamId(3)?[1m}?[0m?[2m:?[0m ?[2mh2::proto::streams::stream?[0m?[2m:?[0m   assigned capacity to stream; available=1; buffered=0; id=StreamId(3); max_buffer_size=409600
15:13:27.484 [Thread-5] DEBUG i.pact.plugins.jvm.core.ChildProcess - Plugin protobuf [46348] || ?[2m2023-03-27T09:43:27.483977Z?[0m ?[35mTRACE?[0m tokio-runtime-worker ?[1mreserve_capacity?[0m?[1m{?[0m?[3mstream.id?[0m?[2m=?[0mStreamId(3) ?[3mrequested?[0m?[2m=?[0m1 ?[3meffective?[0m?[2m=?[0m1 ?[3mcurr?[0m?[2m=?[0m0?[1m}?[0m?[2m:?[0m?[1mtry_assign_capacity?[0m?[1m{?[0m?[3mstream.id?[0m?[2m=?[0mStreamId(3)?[1m}?[0m?[2m:?[0m ?[2mh2::proto::streams::stream?[0m?[2m:?[0m   notifying task
15:13:27.484 [Thread-5] DEBUG i.pact.plugins.jvm.core.ChildProcess - Plugin protobuf [46348] || ?[2m2023-03-27T09:43:27.483997Z?[0m ?[35mTRACE?[0m tokio-runtime-worker ?[1mreserve_capacity?[0m?[1m{?[0m?[3mstream.id?[0m?[2m=?[0mStreamId(3) ?[3mrequested?[0m?[2m=?[0m1 ?[3meffective?[0m?[2m=?[0m1 ?[3mcurr?[0m?[2m=?[0m0?[1m}?[0m?[2m:?[0m?[1mtry_assign_capacity?[0m?[1m{?[0m?[3mstream.id?[0m?[2m=?[0mStreamId(3)?[1m}?[0m?[2m:?[0m ?[2mh2::proto::streams::prioritize?[0m?[2m:?[0m ?[3mavailable?[0m?[2m=?[0m1 ?[3mrequested?[0m?[2m=?[0m1 ?[3mbuffered?[0m?[2m=?[0m0 ?[3mhas_unavailable?[0m?[2m=?[0mtrue
15:13:27.484 [Thread-5] DEBUG i.pact.plugins.jvm.core.ChildProcess - Plugin protobuf [46348] || ?[2m2023-03-27T09:43:27.484077Z?[0m ?[35mTRACE?[0m tokio-runtime-worker ?[2mhyper::proto::h2?[0m?[2m:?[0m send body chunk: 153 bytes, eos=false
15:13:27.484 [Thread-5] DEBUG i.pact.plugins.jvm.core.ChildProcess - Plugin protobuf [46348] || ?[2m2023-03-27T09:43:27.484110Z?[0m ?[35mTRACE?[0m tokio-runtime-worker ?[1msend_data?[0m?[1m{?[0m?[3msz?[0m?[2m=?[0m153 ?[3mrequested?[0m?[2m=?[0m1?[1m}?[0m?[2m:?[0m ?[2mh2::proto::streams::prioritize?[0m?[2m:?[0m ?[3mbuffered?[0m?[2m=?[0m153
15:13:27.484 [Thread-5] DEBUG i.pact.plugins.jvm.core.ChildProcess - Plugin protobuf [46348] || ?[2m2023-03-27T09:43:27.484144Z?[0m ?[35mTRACE?[0m tokio-runtime-worker ?[1msend_data?[0m?[1m{?[0m?[3msz?[0m?[2m=?[0m153 ?[3mrequested?[0m?[2m=?[0m1?[1m}?[0m?[2m:?[0m?[1mtry_assign_capacity?[0m?[1m{?[0m?[3mstream.id?[0m?[2m=?[0mStreamId(3)?[1m}?[0m?[2m:?[0m ?[2mh2::proto::streams::prioritize?[0m?[2m:?[0m ?[3mrequested?[0m?[2m=?[0m153 ?[3madditional?[0m?[2m=?[0m152 ?[3mbuffered?[0m?[2m=?[0m153 ?[3mwindow?[0m?[2m=?[0m1048576 ?[3mconn?[0m?[2m=?[0m1048575
15:13:27.484 [Thread-5] DEBUG i.pact.plugins.jvm.core.ChildProcess - Plugin protobuf [46348] || ?[2m2023-03-27T09:43:27.484169Z?[0m ?[35mTRACE?[0m tokio-runtime-worker ?[1msend_data?[0m?[1m{?[0m?[3msz?[0m?[2m=?[0m153 ?[3mrequested?[0m?[2m=?[0m1?[1m}?[0m?[2m:?[0m?[1mtry_assign_capacity?[0m?[1m{?[0m?[3mstream.id?[0m?[2m=?[0mStreamId(3)?[1m}?[0m?[2m:?[0m ?[2mh2::proto::streams::prioritize?[0m?[2m:?[0m assigning ?[3mcapacity?[0m?[2m=?[0m152
15:13:27.484 [Thread-5] DEBUG i.pact.plugins.jvm.core.ChildProcess - Plugin protobuf [46348] || ?[2m2023-03-27T09:43:27.484185Z?[0m ?[35mTRACE?[0m tokio-runtime-worker ?[1msend_data?[0m?[1m{?[0m?[3msz?[0m?[2m=?[0m153 ?[3mrequested?[0m?[2m=?[0m1?[1m}?[0m?[2m:?[0m?[1mtry_assign_capacity?[0m?[1m{?[0m?[3mstream.id?[0m?[2m=?[0mStreamId(3)?[1m}?[0m?[2m:?[0m ?[2mh2::proto::streams::stream?[0m?[2m:?[0m   assigned capacity to stream; available=153; buffered=153; id=StreamId(3); max_buffer_size=409600
15:13:27.484 [Thread-5] DEBUG i.pact.plugins.jvm.core.ChildProcess - Plugin protobuf [46348] || ?[2m2023-03-27T09:43:27.484207Z?[0m ?[35mTRACE?[0m tokio-runtime-worker ?[1msend_data?[0m?[1m{?[0m?[3msz?[0m?[2m=?[0m153 ?[3mrequested?[0m?[2m=?[0m1?[1m}?[0m?[2m:?[0m?[1mtry_assign_capacity?[0m?[1m{?[0m?[3mstream.id?[0m?[2m=?[0mStreamId(3)?[1m}?[0m?[2m:?[0m ?[2mh2::proto::streams::prioritize?[0m?[2m:?[0m ?[3mavailable?[0m?[2m=?[0m153 ?[3mrequested?[0m?[2m=?[0m153 ?[3mbuffered?[0m?[2m=?[0m153 ?[3mhas_unavailable?[0m?[2m=?[0mtrue
15:13:27.484 [Thread-5] DEBUG i.pact.plugins.jvm.core.ChildProcess - Plugin protobuf [46348] || ?[2m2023-03-27T09:43:27.484227Z?[0m ?[35mTRACE?[0m tokio-runtime-worker ?[1msend_data?[0m?[1m{?[0m?[3msz?[0m?[2m=?[0m153 ?[3mrequested?[0m?[2m=?[0m1?[1m}?[0m?[2m:?[0m?[1mtry_assign_capacity?[0m?[1m{?[0m?[3mstream.id?[0m?[2m=?[0mStreamId(3)?[1m}?[0m?[2m:?[0m ?[2mh2::proto::streams::store?[0m?[2m:?[0m Queue::push
15:13:27.485 [Thread-5] DEBUG i.pact.plugins.jvm.core.ChildProcess - Plugin protobuf [46348] || ?[2m2023-03-27T09:43:27.484246Z?[0m ?[35mTRACE?[0m tokio-runtime-worker ?[1msend_data?[0m?[1m{?[0m?[3msz?[0m?[2m=?[0m153 ?[3mrequested?[0m?[2m=?[0m1?[1m}?[0m?[2m:?[0m?[1mtry_assign_capacity?[0m?[1m{?[0m?[3mstream.id?[0m?[2m=?[0mStreamId(3)?[1m}?[0m?[2m:?[0m ?[2mh2::proto::streams::store?[0m?[2m:?[0m  -> already queued
15:13:27.485 [Thread-5] DEBUG i.pact.plugins.jvm.core.ChildProcess - Plugin protobuf [46348] || ?[2m2023-03-27T09:43:27.484279Z?[0m ?[35mTRACE?[0m tokio-runtime-worker ?[1msend_data?[0m?[1m{?[0m?[3msz?[0m?[2m=?[0m153 ?[3mrequested?[0m?[2m=?[0m1?[1m}?[0m?[2m:?[0m ?[2mh2::proto::streams::prioritize?[0m?[2m:?[0m ?[3mavailable?[0m?[2m=?[0m153 ?[3mbuffered?[0m?[2m=?[0m153
15:13:27.485 [Thread-5] DEBUG i.pact.plugins.jvm.core.ChildProcess - Plugin protobuf [46348] || ?[2m2023-03-27T09:43:27.484310Z?[0m ?[35mTRACE?[0m tokio-runtime-worker ?[1msend_data?[0m?[1m{?[0m?[3msz?[0m?[2m=?[0m153 ?[3mrequested?[0m?[2m=?[0m1?[1m}?[0m?[2m:?[0m?[1mPrioritize::queue_frame?[0m?[1m{?[0m?[3mstream.id?[0m?[2m=?[0mStreamId(3)?[1m}?[0m?[2m:?[0m ?[2mh2::proto::streams::prioritize?[0m?[2m:?[0m schedule_send ?[3mstream.id?[0m?[2m=?[0mStreamId(3)
15:13:27.485 [Thread-5] DEBUG i.pact.plugins.jvm.core.ChildProcess - Plugin protobuf [46348] || ?[2m2023-03-27T09:43:27.484345Z?[0m ?[35mTRACE?[0m tokio-runtime-worker ?[1msend_data?[0m?[1m{?[0m?[3msz?[0m?[2m=?[0m153 ?[3mrequested?[0m?[2m=?[0m1?[1m}?[0m?[2m:?[0m?[1mPrioritize::queue_frame?[0m?[1m{?[0m?[3mstream.id?[0m?[2m=?[0mStreamId(3)?[1m}?[0m?[2m:?[0m ?[2mh2::proto::streams::store?[0m?[2m:?[0m Queue::push
15:13:27.485 [Thread-5] DEBUG i.pact.plugins.jvm.core.ChildProcess - Plugin protobuf [46348] || ?[2m2023-03-27T09:43:27.484371Z?[0m ?[35mTRACE?[0m tokio-runtime-worker ?[1msend_data?[0m?[1m{?[0m?[3msz?[0m?[2m=?[0m153 ?[3mrequested?[0m?[2m=?[0m1?[1m}?[0m?[2m:?[0m?[1mPrioritize::queue_frame?[0m?[1m{?[0m?[3mstream.id?[0m?[2m=?[0mStreamId(3)?[1m}?[0m?[2m:?[0m ?[2mh2::proto::streams::store?[0m?[2m:?[0m  -> already queued
15:13:27.485 [Thread-5] DEBUG i.pact.plugins.jvm.core.ChildProcess - Plugin protobuf [46348] || ?[2m2023-03-27T09:43:27.484411Z?[0m ?[35mTRACE?[0m tokio-runtime-worker ?[2mh2::proto::streams::counts?[0m?[2m:?[0m transition_after; stream=StreamId(3); state=State { inner: HalfClosedRemote(Streaming) }; is_closed=false; pending_send_empty=false; buffered_send_data=153; num_recv=1; num_send=0
15:13:27.485 [Thread-5] DEBUG i.pact.plugins.jvm.core.ChildProcess - Plugin protobuf [46348] || ?[2m2023-03-27T09:43:27.484460Z?[0m ?[35mTRACE?[0m tokio-runtime-worker ?[1mreserve_capacity?[0m?[1m{?[0m?[3mstream.id?[0m?[2m=?[0mStreamId(3) ?[3mrequested?[0m?[2m=?[0m1 ?[3meffective?[0m?[2m=?[0m154 ?[3mcurr?[0m?[2m=?[0m153?[1m}?[0m?[2m:?[0m?[1mtry_assign_capacity?[0m?[1m{?[0m?[3mstream.id?[0m?[2m=?[0mStreamId(3)?[1m}?[0m?[2m:?[0m ?[2mh2::proto::streams::prioritize?[0m?[2m:?[0m ?[3mrequested?[0m?[2m=?[0m154 ?[3madditional?[0m?[2m=?[0m1 ?[3mbuffered?[0m?[2m=?[0m153 ?[3mwindow?[0m?[2m=?[0m1048576 ?[3mconn?[0m?[2m=?[0m1048423
15:13:27.486 [Thread-5] DEBUG i.pact.plugins.jvm.core.ChildProcess - Plugin protobuf [46348] || ?[2m2023-03-27T09:43:27.484486Z?[0m ?[35mTRACE?[0m tokio-runtime-worker ?[1mreserve_capacity?[0m?[1m{?[0m?[3mstream.id?[0m?[2m=?[0mStreamId(3) ?[3mrequested?[0m?[2m=?[0m1 ?[3meffective?[0m?[2m=?[0m154 ?[3mcurr?[0m?[2m=?[0m153?[1m}?[0m?[2m:?[0m?[1mtry_assign_capacity?[0m?[1m{?[0m?[3mstream.id?[0m?[2m=?[0mStreamId(3)?[1m}?[0m?[2m:?[0m ?[2mh2::proto::streams::prioritize?[0m?[2m:?[0m assigning ?[3mcapacity?[0m?[2m=?[0m1
15:13:27.486 [Thread-5] DEBUG i.pact.plugins.jvm.core.ChildProcess - Plugin protobuf [46348] || ?[2m2023-03-27T09:43:27.484503Z?[0m ?[35mTRACE?[0m tokio-runtime-worker ?[1mreserve_capacity?[0m?[1m{?[0m?[3mstream.id?[0m?[2m=?[0mStreamId(3) ?[3mrequested?[0m?[2m=?[0m1 ?[3meffective?[0m?[2m=?[0m154 ?[3mcurr?[0m?[2m=?[0m153?[1m}?[0m?[2m:?[0m?[1mtry_assign_capacity?[0m?[1m{?[0m?[3mstream.id?[0m?[2m=?[0mStreamId(3)?[1m}?[0m?[2m:?[0m ?[2mh2::proto::streams::stream?[0m?[2m:?[0m   assigned capacity to stream; available=154; buffered=153; id=StreamId(3); max_buffer_size=409600
15:13:27.486 [Thread-5] DEBUG i.pact.plugins.jvm.core.ChildProcess - Plugin protobuf [46348] || ?[2m2023-03-27T09:43:27.484524Z?[0m ?[35mTRACE?[0m tokio-runtime-worker ?[1mreserve_capacity?[0m?[1m{?[0m?[3mstream.id?[0m?[2m=?[0mStreamId(3) ?[3mrequested?[0m?[2m=?[0m1 ?[3meffective?[0m?[2m=?[0m154 ?[3mcurr?[0m?[2m=?[0m153?[1m}?[0m?[2m:?[0m?[1mtry_assign_capacity?[0m?[1m{?[0m?[3mstream.id?[0m?[2m=?[0mStreamId(3)?[1m}?[0m?[2m:?[0m ?[2mh2::proto::streams::stream?[0m?[2m:?[0m   notifying task
15:13:27.486 [Thread-5] DEBUG i.pact.plugins.jvm.core.ChildProcess - Plugin protobuf [46348] || ?[2m2023-03-27T09:43:27.484538Z?[0m ?[35mTRACE?[0m tokio-runtime-worker ?[1mreserve_capacity?[0m?[1m{?[0m?[3mstream.id?[0m?[2m=?[0mStreamId(3) ?[3mrequested?[0m?[2m=?[0m1 ?[3meffective?[0m?[2m=?[0m154 ?[3mcurr?[0m?[2m=?[0m153?[1m}?[0m?[2m:?[0m?[1mtry_assign_capacity?[0m?[1m{?[0m?[3mstream.id?[0m?[2m=?[0mStreamId(3)?[1m}?[0m?[2m:?[0m ?[2mh2::proto::streams::prioritize?[0m?[2m:?[0m ?[3mavailable?[0m?[2m=?[0m154 ?[3mrequested?[0m?[2m=?[0m154 ?[3mbuffered?[0m?[2m=?[0m153 ?[3mhas_unavailable?[0m?[2m=?[0mtrue
15:13:27.486 [Thread-5] DEBUG i.pact.plugins.jvm.core.ChildProcess - Plugin protobuf [46348] || ?[2m2023-03-27T09:43:27.484559Z?[0m ?[35mTRACE?[0m tokio-runtime-worker ?[1mreserve_capacity?[0m?[1m{?[0m?[3mstream.id?[0m?[2m=?[0mStreamId(3) ?[3mrequested?[0m?[2m=?[0m1 ?[3meffective?[0m?[2m=?[0m154 ?[3mcurr?[0m?[2m=?[0m153?[1m}?[0m?[2m:?[0m?[1mtry_assign_capacity?[0m?[1m{?[0m?[3mstream.id?[0m?[2m=?[0mStreamId(3)?[1m}?[0m?[2m:?[0m ?[2mh2::proto::streams::store?[0m?[2m:?[0m Queue::push
15:13:27.486 [Thread-5] DEBUG i.pact.plugins.jvm.core.ChildProcess - Plugin protobuf [46348] || ?[2m2023-03-27T09:43:27.484573Z?[0m ?[35mTRACE?[0m tokio-runtime-worker ?[1mreserve_capacity?[0m?[1m{?[0m?[3mstream.id?[0m?[2m=?[0mStreamId(3) ?[3mrequested?[0m?[2m=?[0m1 ?[3meffective?[0m?[2m=?[0m154 ?[3mcurr?[0m?[2m=?[0m153?[1m}?[0m?[2m:?[0m?[1mtry_assign_capacity?[0m?[1m{?[0m?[3mstream.id?[0m?[2m=?[0mStreamId(3)?[1m}?[0m?[2m:?[0m ?[2mh2::proto::streams::store?[0m?[2m:?[0m  -> already queued
15:13:27.486 [Thread-5] DEBUG i.pact.plugins.jvm.core.ChildProcess - Plugin protobuf [46348] || ?[2m2023-03-27T09:43:27.484689Z?[0m ?[34mDEBUG?[0m tokio-runtime-worker ?[1mrequest?[0m?[1m{?[0m?[3mmethod?[0m?[2m=?[0mPOST ?[3muri?[0m?[2m=?[0mhttp://[::1]:54371/io.pact.plugin.PactPlugin/InitPlugin ?[3mversion?[0m?[2m=?[0mHTTP/2.0 ?[3mheaders?[0m?[2m=?[0m{"content-type": "application/grpc", "te": "trailers", "user-agent": "grpc-java-netty/1.49.0", "grpc-accept-encoding": "gzip", "authorization": Sensitive}?[1m}?[0m?[2m:?[0m ?[2mtower_http::trace::on_eos?[0m?[2m:?[0m end of stream ?[3mstream_duration?[0m?[2m=?[0m1 ms ?[3mstatus?[0m?[2m=?[0m0
15:13:27.486 [Thread-5] DEBUG i.pact.plugins.jvm.core.ChildProcess - Plugin protobuf [46348] || ?[2m2023-03-27T09:43:27.484717Z?[0m ?[35mTRACE?[0m tokio-runtime-worker ?[2mh2::proto::streams::state?[0m?[2m:?[0m send_close: HalfClosedRemote => Closed
15:13:27.486 [Thread-5] DEBUG i.pact.plugins.jvm.core.ChildProcess - Plugin protobuf [46348] || ?[2m2023-03-27T09:43:27.484732Z?[0m ?[35mTRACE?[0m tokio-runtime-worker ?[2mh2::proto::streams::send?[0m?[2m:?[0m send_trailers -- queuing; frame=Headers { stream_id: StreamId(3), flags: (0x5: END_HEADERS | END_STREAM) }
15:13:27.486 [Thread-5] DEBUG i.pact.plugins.jvm.core.ChildProcess - Plugin protobuf [46348] || ?[2m2023-03-27T09:43:27.484756Z?[0m ?[35mTRACE?[0m tokio-runtime-worker ?[1mPrioritize::queue_frame?[0m?[1m{?[0m?[3mstream.id?[0m?[2m=?[0mStreamId(3)?[1m}?[0m?[2m:?[0m ?[2mh2::proto::streams::prioritize?[0m?[2m:?[0m schedule_send ?[3mstream.id?[0m?[2m=?[0mStreamId(3)
15:13:27.486 [Thread-5] DEBUG i.pact.plugins.jvm.core.ChildProcess - Plugin protobuf [46348] || ?[2m2023-03-27T09:43:27.484774Z?[0m ?[35mTRACE?[0m tokio-runtime-worker ?[1mPrioritize::queue_frame?[0m?[1m{?[0m?[3mstream.id?[0m?[2m=?[0mStreamId(3)?[1m}?[0m?[2m:?[0m ?[2mh2::proto::streams::store?[0m?[2m:?[0m Queue::push
15:13:27.486 [Thread-5] DEBUG i.pact.plugins.jvm.core.ChildProcess - Plugin protobuf [46348] || ?[2m2023-03-27T09:43:27.484786Z?[0m ?[35mTRACE?[0m tokio-runtime-worker ?[1mPrioritize::queue_frame?[0m?[1m{?[0m?[3mstream.id?[0m?[2m=?[0mStreamId(3)?[1m}?[0m?[2m:?[0m ?[2mh2::proto::streams::store?[0m?[2m:?[0m  -> already queued
15:13:27.486 [Thread-5] DEBUG i.pact.plugins.jvm.core.ChildProcess - Plugin protobuf [46348] || ?[2m2023-03-27T09:43:27.484829Z?[0m ?[35mTRACE?[0m tokio-runtime-worker ?[2mh2::proto::streams::counts?[0m?[2m:?[0m transition_after; stream=StreamId(3); state=State { inner: Closed(EndStream) }; is_closed=false; pending_send_empty=false; buffered_send_data=153; num_recv=1; num_send=0
15:13:27.486 [Thread-5] DEBUG i.pact.plugins.jvm.core.ChildProcess - Plugin protobuf [46348] || ?[2m2023-03-27T09:43:27.484855Z?[0m ?[35mTRACE?[0m tokio-runtime-worker ?[2mh2::proto::streams::streams?[0m?[2m:?[0m drop_stream_ref; stream=Stream { id: StreamId(3), state: State { inner: Closed(EndStream) }, is_counted: true, ref_count: 2, next_pending_send: None, is_pending_send: true, send_flow: FlowControl { window_size: Window(1048576), available: Window(153) }, requested_send_capacity: 153, buffered_send_data: 153, send_task: Some(Waker { data: 0x600002808000, vtable: 0x102fab458 }), pending_send: Deque { indices: Some(Indices { head: 0, tail: 2 }) }, next_pending_send_capacity: None, is_pending_send_capacity: false, send_capacity_inc: true, next_open: None, is_pending_open: false, is_pending_push: false, next_pending_accept: None, is_pending_accept: false, recv_flow: FlowControl { window_size: Window(1048545), available: Window(1048576) }, in_flight_recv_data: 0, next_window_update: None, is_pending_window_update: false, reset_at: None, next_reset_expire: None, pending_recv: Deque { indices: None }, recv_task: None, pending_push_promises: Queue { indices: None, _p: PhantomData }, content_length: Omitted }
15:13:27.486 [Thread-5] DEBUG i.pact.plugins.jvm.core.ChildProcess - Plugin protobuf [46348] || ?[2m2023-03-27T09:43:27.485502Z?[0m ?[35mTRACE?[0m tokio-runtime-worker ?[2mh2::proto::streams::counts?[0m?[2m:?[0m transition_after; stream=StreamId(3); state=State { inner: Closed(EndStream) }; is_closed=false; pending_send_empty=false; buffered_send_data=153; num_recv=1; num_send=0
15:13:27.487 [Thread-5] DEBUG i.pact.plugins.jvm.core.ChildProcess - Plugin protobuf [46348] || ?[2m2023-03-27T09:43:27.485533Z?[0m ?[35mTRACE?[0m tokio-runtime-worker ?[2mh2::proto::streams::streams?[0m?[2m:?[0m drop_stream_ref; stream=Stream { id: StreamId(3), state: State { inner: Closed(EndStream) }, is_counted: true, ref_count: 1, next_pending_send: None, is_pending_send: true, send_flow: FlowControl { window_size: Window(1048576), available: Window(153) }, requested_send_capacity: 153, buffered_send_data: 153, send_task: Some(Waker { data: 0x600002808000, vtable: 0x102fab458 }), pending_send: Deque { indices: Some(Indices { head: 0, tail: 2 }) }, next_pending_send_capacity: None, is_pending_send_capacity: false, send_capacity_inc: true, next_open: None, is_pending_open: false, is_pending_push: false, next_pending_accept: None, is_pending_accept: false, recv_flow: FlowControl { window_size: Window(1048545), available: Window(1048576) }, in_flight_recv_data: 0, next_window_update: None, is_pending_window_update: false, reset_at: None, next_reset_expire: None, pending_recv: Deque { indices: None }, recv_task: None, pending_push_promises: Queue { indices: None, _p: PhantomData }, content_length: Omitted }
15:13:27.487 [Thread-5] DEBUG i.pact.plugins.jvm.core.ChildProcess - Plugin protobuf [46348] || ?[2m2023-03-27T09:43:27.485635Z?[0m ?[35mTRACE?[0m tokio-runtime-worker ?[2mh2::proto::streams::counts?[0m?[2m:?[0m transition_after; stream=StreamId(3); state=State { inner: Closed(EndStream) }; is_closed=false; pending_send_empty=false; buffered_send_data=153; num_recv=1; num_send=0
15:13:27.487 [Thread-5] DEBUG i.pact.plugins.jvm.core.ChildProcess - Plugin protobuf [46348] || ?[2m2023-03-27T09:43:27.485706Z?[0m ?[35mTRACE?[0m tokio-runtime-worker ?[1mserver_handshake?[0m?[2m:?[0m?[1mConnection?[0m?[1m{?[0m?[3mpeer?[0m?[2m=?[0mServer?[1m}?[0m?[2m:?[0m?[1mpoll?[0m?[2m:?[0m ?[2mh2::proto::connection?[0m?[2m:?[0m ?[3mconnection.state?[0m?[2m=?[0mOpen
15:13:27.487 [Thread-5] DEBUG i.pact.plugins.jvm.core.ChildProcess - Plugin protobuf [46348] || ?[2m2023-03-27T09:43:27.485756Z?[0m ?[35mTRACE?[0m tokio-runtime-worker ?[1mserver_handshake?[0m?[2m:?[0m?[1mConnection?[0m?[1m{?[0m?[3mpeer?[0m?[2m=?[0mServer?[1m}?[0m?[2m:?[0m?[1mpoll?[0m?[2m:?[0m?[1mFramedRead::poll_next?[0m?[2m:?[0m ?[2mh2::codec::framed_read?[0m?[2m:?[0m poll
15:13:27.487 [Thread-5] DEBUG i.pact.plugins.jvm.core.ChildProcess - Plugin protobuf [46348] || ?[2m2023-03-27T09:43:27.485807Z?[0m ?[35mTRACE?[0m tokio-runtime-worker ?[1mserver_handshake?[0m?[2m:?[0m?[1mConnection?[0m?[1m{?[0m?[3mpeer?[0m?[2m=?[0mServer?[1m}?[0m?[2m:?[0m?[1mpoll?[0m?[2m:?[0m ?[2mh2::proto::streams::prioritize?[0m?[2m:?[0m poll_complete
15:13:27.487 [Thread-5] DEBUG i.pact.plugins.jvm.core.ChildProcess - Plugin protobuf [46348] || ?[2m2023-03-27T09:43:27.485826Z?[0m ?[35mTRACE?[0m tokio-runtime-worker ?[1mserver_handshake?[0m?[2m:?[0m?[1mConnection?[0m?[1m{?[0m?[3mpeer?[0m?[2m=?[0mServer?[1m}?[0m?[2m:?[0m?[1mpoll?[0m?[2m:?[0m ?[2mh2::proto::streams::prioritize?[0m?[2m:?[0m schedule_pending_open
15:13:27.487 [Thread-5] DEBUG i.pact.plugins.jvm.core.ChildProcess - Plugin protobuf [46348] || ?[2m2023-03-27T09:43:27.485880Z?[0m ?[35mTRACE?[0m tokio-runtime-worker ?[1mserver_handshake?[0m?[2m:?[0m?[1mConnection?[0m?[1m{?[0m?[3mpeer?[0m?[2m=?[0mServer?[1m}?[0m?[2m:?[0m?[1mpoll?[0m?[2m:?[0m?[1mpop_frame?[0m?[2m:?[0m?[1mpopped?[0m?[1m{?[0m?[3mstream.id?[0m?[2m=?[0mStreamId(3) ?[3mstream.state?[0m?[2m=?[0mState { inner: Closed(EndStream) }?[1m}?[0m?[2m:?[0m ?[2mh2::proto::streams::prioritize?[0m?[2m:?[0m ?[3mis_pending_reset?[0m?[2m=?[0mfalse
15:13:27.487 [Thread-5] DEBUG i.pact.plugins.jvm.core.ChildProcess - Plugin protobuf [46348] || ?[2m2023-03-27T09:43:27.485904Z?[0m ?[35mTRACE?[0m tokio-runtime-worker ?[1mserver_handshake?[0m?[2m:?[0m?[1mConnection?[0m?[1m{?[0m?[3mpeer?[0m?[2m=?[0mServer?[1m}?[0m?[2m:?[0m?[1mpoll?[0m?[2m:?[0m?[1mpop_frame?[0m?[2m:?[0m?[1mpopped?[0m?[1m{?[0m?[3mstream.id?[0m?[2m=?[0mStreamId(3) ?[3mstream.state?[0m?[2m=?[0mState { inner: Closed(EndStream) }?[1m}?[0m?[2m:?[0m ?[2mh2::proto::streams::prioritize?[0m?[2m:?[0m pop_frame; frame=Headers { stream_id: StreamId(3), flags: (0x4: END_HEADERS) }
15:13:27.488 [Thread-5] DEBUG i.pact.plugins.jvm.core.ChildProcess - Plugin protobuf [46348] || ?[2m2023-03-27T09:43:27.485936Z?[0m ?[35mTRACE?[0m tokio-runtime-worker ?[1mserver_handshake?[0m?[2m:?[0m?[1mConnection?[0m?[1m{?[0m?[3mpeer?[0m?[2m=?[0mServer?[1m}?[0m?[2m:?[0m?[1mpoll?[0m?[2m:?[0m?[1mpop_frame?[0m?[2m:?[0m?[1mpopped?[0m?[1m{?[0m?[3mstream.id?[0m?[2m=?[0mStreamId(3) ?[3mstream.state?[0m?[2m=?[0mState { inner: Closed(EndStream) }?[1m}?[0m?[2m:?[0m ?[2mh2::proto::streams::store?[0m?[2m:?[0m Queue::push
15:13:27.488 [Thread-5] DEBUG i.pact.plugins.jvm.core.ChildProcess - Plugin protobuf [46348] || ?[2m2023-03-27T09:43:27.485957Z?[0m ?[35mTRACE?[0m tokio-runtime-worker ?[1mserver_handshake?[0m?[2m:?[0m?[1mConnection?[0m?[1m{?[0m?[3mpeer?[0m?[2m=?[0mServer?[1m}?[0m?[2m:?[0m?[1mpoll?[0m?[2m:?[0m?[1mpop_frame?[0m?[2m:?[0m?[1mpopped?[0m?[1m{?[0m?[3mstream.id?[0m?[2m=?[0mStreamId(3) ?[3mstream.state?[0m?[2m=?[0mState { inner: Closed(EndStream) }?[1m}?[0m?[2m:?[0m ?[2mh2::proto::streams::store?[0m?[2m:?[0m  -> first entry
15:13:27.488 [Thread-5] DEBUG i.pact.plugins.jvm.core.ChildProcess - Plugin protobuf [46348] || ?[2m2023-03-27T09:43:27.485993Z?[0m ?[35mTRACE?[0m tokio-runtime-worker ?[1mserver_handshake?[0m?[2m:?[0m?[1mConnection?[0m?[1m{?[0m?[3mpeer?[0m?[2m=?[0mServer?[1m}?[0m?[2m:?[0m?[1mpoll?[0m?[2m:?[0m?[1mpop_frame?[0m?[2m:?[0m?[1mpopped?[0m?[1m{?[0m?[3mstream.id?[0m?[2m=?[0mStreamId(3) ?[3mstream.state?[0m?[2m=?[0mState { inner: Closed(EndStream) }?[1m}?[0m?[2m:?[0m ?[2mh2::proto::streams::counts?[0m?[2m:?[0m transition_after; stream=StreamId(3); state=State { inner: Closed(EndStream) }; is_closed=false; pending_send_empty=false; buffered_send_data=153; num_recv=1; num_send=0
15:13:27.488 [Thread-5] DEBUG i.pact.plugins.jvm.core.ChildProcess - Plugin protobuf [46348] || ?[2m2023-03-27T09:43:27.486045Z?[0m ?[35mTRACE?[0m tokio-runtime-worker ?[1mserver_handshake?[0m?[2m:?[0m?[1mConnection?[0m?[1m{?[0m?[3mpeer?[0m?[2m=?[0mServer?[1m}?[0m?[2m:?[0m?[1mpoll?[0m?[2m:?[0m ?[2mh2::proto::streams::prioritize?[0m?[2m:?[0m writing ?[3mframe?[0m?[2m=?[0mHeaders { stream_id: StreamId(3), flags: (0x4: END_HEADERS) }
15:13:27.488 [Thread-5] DEBUG i.pact.plugins.jvm.core.ChildProcess - Plugin protobuf [46348] || ?[2m2023-03-27T09:43:27.486076Z?[0m ?[34mDEBUG?[0m tokio-runtime-worker ?[1mserver_handshake?[0m?[2m:?[0m?[1mConnection?[0m?[1m{?[0m?[3mpeer?[0m?[2m=?[0mServer?[1m}?[0m?[2m:?[0m?[1mpoll?[0m?[2m:?[0m?[1mFramedWrite::buffer?[0m?[1m{?[0m?[3mframe?[0m?[2m=?[0mHeaders { stream_id: StreamId(3), flags: (0x4: END_HEADERS) }?[1m}?[0m?[2m:?[0m ?[2mh2::codec::framed_write?[0m?[2m:?[0m send ?[3mframe?[0m?[2m=?[0mHeaders { stream_id: StreamId(3), flags: (0x4: END_HEADERS) }
15:13:27.488 [Thread-5] DEBUG i.pact.plugins.jvm.core.ChildProcess - Plugin protobuf [46348] || ?[2m2023-03-27T09:43:27.486157Z?[0m ?[35mTRACE?[0m tokio-runtime-worker ?[1mserver_handshake?[0m?[2m:?[0m?[1mConnection?[0m?[1m{?[0m?[3mpeer?[0m?[2m=?[0mServer?[1m}?[0m?[2m:?[0m?[1mpoll?[0m?[2m:?[0m ?[2mh2::proto::streams::prioritize?[0m?[2m:?[0m schedule_pending_open
15:13:27.488 [Thread-5] DEBUG i.pact.plugins.jvm.core.ChildProcess - Plugin protobuf [46348] || ?[2m2023-03-27T09:43:27.486199Z?[0m ?[35mTRACE?[0m tokio-runtime-worker ?[1mserver_handshake?[0m?[2m:?[0m?[1mConnection?[0m?[1m{?[0m?[3mpeer?[0m?[2m=?[0mServer?[1m}?[0m?[2m:?[0m?[1mpoll?[0m?[2m:?[0m?[1mpop_frame?[0m?[2m:?[0m?[1mpopped?[0m?[1m{?[0m?[3mstream.id?[0m?[2m=?[0mStreamId(3) ?[3mstream.state?[0m?[2m=?[0mState { inner: Closed(EndStream) }?[1m}?[0m?[2m:?[0m ?[2mh2::proto::streams::prioritize?[0m?[2m:?[0m ?[3mis_pending_reset?[0m?[2m=?[0mfalse
15:13:27.488 [Thread-5] DEBUG i.pact.plugins.jvm.core.ChildProcess - Plugin protobuf [46348] || ?[2m2023-03-27T09:43:27.486225Z?[0m ?[35mTRACE?[0m tokio-runtime-worker ?[1mserver_handshake?[0m?[2m:?[0m?[1mConnection?[0m?[1m{?[0m?[3mpeer?[0m?[2m=?[0mServer?[1m}?[0m?[2m:?[0m?[1mpoll?[0m?[2m:?[0m?[1mpop_frame?[0m?[2m:?[0m?[1mpopped?[0m?[1m{?[0m?[3mstream.id?[0m?[2m=?[0mStreamId(3) ?[3mstream.state?[0m?[2m=?[0mState { inner: Closed(EndStream) }?[1m}?[0m?[2m:?[0m ?[2mh2::proto::streams::prioritize?[0m?[2m:?[0m data frame ?[3msz?[0m?[2m=?[0m153 ?[3meos?[0m?[2m=?[0mfalse ?[3mwindow?[0m?[2m=?[0m153 ?[3mavailable?[0m?[2m=?[0m153 ?[3mrequested?[0m?[2m=?[0m153 ?[3mbuffered?[0m?[2m=?[0m153
15:13:27.488 [Thread-5] DEBUG i.pact.plugins.jvm.core.ChildProcess - Plugin protobuf [46348] || ?[2m2023-03-27T09:43:27.486254Z?[0m ?[35mTRACE?[0m tokio-runtime-worker ?[1mserver_handshake?[0m?[2m:?[0m?[1mConnection?[0m?[1m{?[0m?[3mpeer?[0m?[2m=?[0mServer?[1m}?[0m?[2m:?[0m?[1mpoll?[0m?[2m:?[0m?[1mpop_frame?[0m?[2m:?[0m?[1mpopped?[0m?[1m{?[0m?[3mstream.id?[0m?[2m=?[0mStreamId(3) ?[3mstream.state?[0m?[2m=?[0mState { inner: Closed(EndStream) }?[1m}?[0m?[2m:?[0m ?[2mh2::proto::streams::prioritize?[0m?[2m:?[0m sending data frame ?[3mlen?[0m?[2m=?[0m153
15:13:27.488 [Thread-5] DEBUG i.pact.plugins.jvm.core.ChildProcess - Plugin protobuf [46348] || ?[2m2023-03-27T09:43:27.486282Z?[0m ?[35mTRACE?[0m tokio-runtime-worker ?[1mserver_handshake?[0m?[2m:?[0m?[1mConnection?[0m?[1m{?[0m?[3mpeer?[0m?[2m=?[0mServer?[1m}?[0m?[2m:?[0m?[1mpoll?[0m?[2m:?[0m?[1mpop_frame?[0m?[2m:?[0m?[1mpopped?[0m?[1m{?[0m?[3mstream.id?[0m?[2m=?[0mStreamId(3) ?[3mstream.state?[0m?[2m=?[0mState { inner: Closed(EndStream) }?[1m}?[0m?[2m:?[0m?[1mupdating stream flow?[0m?[2m:?[0m ?[2mh2::proto::streams::flow_control?[0m?[2m:?[0m send_data; sz=153; window=1048576; available=153
15:13:27.489 [Thread-5] DEBUG i.pact.plugins.jvm.core.ChildProcess - Plugin protobuf [46348] || ?[2m2023-03-27T09:43:27.486327Z?[0m ?[35mTRACE?[0m tokio-runtime-worker ?[1mserver_handshake?[0m?[2m:?[0m?[1mConnection?[0m?[1m{?[0m?[3mpeer?[0m?[2m=?[0mServer?[1m}?[0m?[2m:?[0m?[1mpoll?[0m?[2m:?[0m?[1mpop_frame?[0m?[2m:?[0m?[1mpopped?[0m?[1m{?[0m?[3mstream.id?[0m?[2m=?[0mStreamId(3) ?[3mstream.state?[0m?[2m=?[0mState { inner: Closed(EndStream) }?[1m}?[0m?[2m:?[0m?[1mupdating connection flow?[0m?[2m:?[0m ?[2mh2::proto::streams::flow_control?[0m?[2m:?[0m send_data; sz=153; window=1048576; available=1048576
15:13:27.489 [Thread-5] DEBUG i.pact.plugins.jvm.core.ChildProcess - Plugin protobuf [46348] || ?[2m2023-03-27T09:43:27.486357Z?[0m ?[35mTRACE?[0m tokio-runtime-worker ?[1mserver_handshake?[0m?[2m:?[0m?[1mConnection?[0m?[1m{?[0m?[3mpeer?[0m?[2m=?[0mServer?[1m}?[0m?[2m:?[0m?[1mpoll?[0m?[2m:?[0m?[1mpop_frame?[0m?[2m:?[0m?[1mpopped?[0m?[1m{?[0m?[3mstream.id?[0m?[2m=?[0mStreamId(3) ?[3mstream.state?[0m?[2m=?[0mState { inner: Closed(EndStream) }?[1m}?[0m?[2m:?[0m ?[2mh2::proto::streams::prioritize?[0m?[2m:?[0m pop_frame; frame=Data { stream_id: StreamId(3) }
15:13:27.489 [Thread-5] DEBUG i.pact.plugins.jvm.core.ChildProcess - Plugin protobuf [46348] || ?[2m2023-03-27T09:43:27.486382Z?[0m ?[35mTRACE?[0m tokio-runtime-worker ?[1mserver_handshake?[0m?[2m:?[0m?[1mConnection?[0m?[1m{?[0m?[3mpeer?[0m?[2m=?[0mServer?[1m}?[0m?[2m:?[0m?[1mpoll?[0m?[2m:?[0m?[1mpop_frame?[0m?[2m:?[0m?[1mpopped?[0m?[1m{?[0m?[3mstream.id?[0m?[2m=?[0mStreamId(3) ?[3mstream.state?[0m?[2m=?[0mState { inner: Closed(EndStream) }?[1m}?[0m?[2m:?[0m ?[2mh2::proto::streams::store?[0m?[2m:?[0m Queue::push
15:13:27.489 [Thread-5] DEBUG i.pact.plugins.jvm.core.ChildProcess - Plugin protobuf [46348] || ?[2m2023-03-27T09:43:27.486402Z?[0m ?[35mTRACE?[0m tokio-runtime-worker ?[1mserver_handshake?[0m?[2m:?[0m?[1mConnection?[0m?[1m{?[0m?[3mpeer?[0m?[2m=?[0mServer?[1m}?[0m?[2m:?[0m?[1mpoll?[0m?[2m:?[0m?[1mpop_frame?[0m?[2m:?[0m?[1mpopped?[0m?[1m{?[0m?[3mstream.id?[0m?[2m=?[0mStreamId(3) ?[3mstream.state?[0m?[2m=?[0mState { inner: Closed(EndStream) }?[1m}?[0m?[2m:?[0m ?[2mh2::proto::streams::store?[0m?[2m:?[0m  -> first entry
15:13:27.489 [Thread-5] DEBUG i.pact.plugins.jvm.core.ChildProcess - Plugin protobuf [46348] || ?[2m2023-03-27T09:43:27.486466Z?[0m ?[35mTRACE?[0m tokio-runtime-worker ?[1mserver_handshake?[0m?[2m:?[0m?[1mConnection?[0m?[1m{?[0m?[3mpeer?[0m?[2m=?[0mServer?[1m}?[0m?[2m:?[0m?[1mpoll?[0m?[2m:?[0m?[1mpop_frame?[0m?[2m:?[0m?[1mpopped?[0m?[1m{?[0m?[3mstream.id?[0m?[2m=?[0mStreamId(3) ?[3mstream.state?[0m?[2m=?[0mState { inner: Closed(EndStream) }?[1m}?[0m?[2m:?[0m ?[2mh2::proto::streams::counts?[0m?[2m:?[0m transition_after; stream=StreamId(3); state=State { inner: Closed(EndStream) }; is_closed=false; pending_send_empty=false; buffered_send_data=0; num_recv=1; num_send=0
15:13:27.489 [Thread-5] DEBUG i.pact.plugins.jvm.core.ChildProcess - Plugin protobuf [46348] || ?[2m2023-03-27T09:43:27.486512Z?[0m ?[35mTRACE?[0m tokio-runtime-worker ?[1mserver_handshake?[0m?[2m:?[0m?[1mConnection?[0m?[1m{?[0m?[3mpeer?[0m?[2m=?[0mServer?[1m}?[0m?[2m:?[0m?[1mpoll?[0m?[2m:?[0m ?[2mh2::proto::streams::prioritize?[0m?[2m:?[0m writing ?[3mframe?[0m?[2m=?[0mData { stream_id: StreamId(3) }
15:13:27.489 [Thread-5] DEBUG i.pact.plugins.jvm.core.ChildProcess - Plugin protobuf [46348] || ?[2m2023-03-27T09:43:27.486545Z?[0m ?[34mDEBUG?[0m tokio-runtime-worker ?[1mserver_handshake?[0m?[2m:?[0m?[1mConnection?[0m?[1m{?[0m?[3mpeer?[0m?[2m=?[0mServer?[1m}?[0m?[2m:?[0m?[1mpoll?[0m?[2m:?[0m?[1mFramedWrite::buffer?[0m?[1m{?[0m?[3mframe?[0m?[2m=?[0mData { stream_id: StreamId(3) }?[1m}?[0m?[2m:?[0m ?[2mh2::codec::framed_write?[0m?[2m:?[0m send ?[3mframe?[0m?[2m=?[0mData { stream_id: StreamId(3) }
15:13:27.489 [Thread-5] DEBUG i.pact.plugins.jvm.core.ChildProcess - Plugin protobuf [46348] || ?[2m2023-03-27T09:43:27.486584Z?[0m ?[35mTRACE?[0m tokio-runtime-worker ?[1mserver_handshake?[0m?[2m:?[0m?[1mConnection?[0m?[1m{?[0m?[3mpeer?[0m?[2m=?[0mServer?[1m}?[0m?[2m:?[0m?[1mpoll?[0m?[2m:?[0m?[1mtry_reclaim_frame?[0m?[2m:?[0m ?[2mh2::proto::streams::prioritize?[0m?[2m:?[0m reclaimed ?[3mframe?[0m?[2m=?[0mData { stream_id: StreamId(3) } ?[3msz?[0m?[2m=?[0m0
15:13:27.489 [Thread-5] DEBUG i.pact.plugins.jvm.core.ChildProcess - Plugin protobuf [46348] || ?[2m2023-03-27T09:43:27.486618Z?[0m ?[35mTRACE?[0m tokio-runtime-worker ?[1mserver_handshake?[0m?[2m:?[0m?[1mConnection?[0m?[1m{?[0m?[3mpeer?[0m?[2m=?[0mServer?[1m}?[0m?[2m:?[0m?[1mpoll?[0m?[2m:?[0m ?[2mh2::proto::streams::prioritize?[0m?[2m:?[0m schedule_pending_open
15:13:27.489 [Thread-5] DEBUG i.pact.plugins.jvm.core.ChildProcess - Plugin protobuf [46348] || ?[2m2023-03-27T09:43:27.486665Z?[0m ?[35mTRACE?[0m tokio-runtime-worker ?[1mserver_handshake?[0m?[2m:?[0m?[1mConnection?[0m?[1m{?[0m?[3mpeer?[0m?[2m=?[0mServer?[1m}?[0m?[2m:?[0m?[1mpoll?[0m?[2m:?[0m?[1mpop_frame?[0m?[2m:?[0m?[1mpopped?[0m?[1m{?[0m?[3mstream.id?[0m?[2m=?[0mStreamId(3) ?[3mstream.state?[0m?[2m=?[0mState { inner: Closed(EndStream) }?[1m}?[0m?[2m:?[0m ?[2mh2::proto::streams::prioritize?[0m?[2m:?[0m ?[3mis_pending_reset?[0m?[2m=?[0mfalse
15:13:27.489 [Thread-5] DEBUG i.pact.plugins.jvm.core.ChildProcess - Plugin protobuf [46348] || ?[2m2023-03-27T09:43:27.486688Z?[0m ?[35mTRACE?[0m tokio-runtime-worker ?[1mserver_handshake?[0m?[2m:?[0m?[1mConnection?[0m?[1m{?[0m?[3mpeer?[0m?[2m=?[0mServer?[1m}?[0m?[2m:?[0m?[1mpoll?[0m?[2m:?[0m?[1mpop_frame?[0m?[2m:?[0m?[1mpopped?[0m?[1m{?[0m?[3mstream.id?[0m?[2m=?[0mStreamId(3) ?[3mstream.state?[0m?[2m=?[0mState { inner: Closed(EndStream) }?[1m}?[0m?[2m:?[0m ?[2mh2::proto::streams::prioritize?[0m?[2m:?[0m pop_frame; frame=Headers { stream_id: StreamId(3), flags: (0x5: END_HEADERS | END_STREAM) }
15:13:27.489 [Thread-5] DEBUG i.pact.plugins.jvm.core.ChildProcess - Plugin protobuf [46348] || ?[2m2023-03-27T09:43:27.486718Z?[0m ?[35mTRACE?[0m tokio-runtime-worker ?[1mserver_handshake?[0m?[2m:?[0m?[1mConnection?[0m?[1m{?[0m?[3mpeer?[0m?[2m=?[0mServer?[1m}?[0m?[2m:?[0m?[1mpoll?[0m?[2m:?[0m?[1mpop_frame?[0m?[2m:?[0m?[1mpopped?[0m?[1m{?[0m?[3mstream.id?[0m?[2m=?[0mStreamId(3) ?[3mstream.state?[0m?[2m=?[0mState { inner: Closed(EndStream) }?[1m}?[0m?[2m:?[0m ?[2mh2::proto::streams::counts?[0m?[2m:?[0m transition_after; stream=StreamId(3); state=State { inner: Closed(EndStream) }; is_closed=true; pending_send_empty=true; buffered_send_data=0; num_recv=1; num_send=0
15:13:27.489 [Thread-5] DEBUG i.pact.plugins.jvm.core.ChildProcess - Plugin protobuf [46348] || ?[2m2023-03-27T09:43:27.486747Z?[0m ?[35mTRACE?[0m tokio-runtime-worker ?[1mserver_handshake?[0m?[2m:?[0m?[1mConnection?[0m?[1m{?[0m?[3mpeer?[0m?[2m=?[0mServer?[1m}?[0m?[2m:?[0m?[1mpoll?[0m?[2m:?[0m?[1mpop_frame?[0m?[2m:?[0m?[1mpopped?[0m?[1m{?[0m?[3mstream.id?[0m?[2m=?[0mStreamId(3) ?[3mstream.state?[0m?[2m=?[0mState { inner: Closed(EndStream) }?[1m}?[0m?[2m:?[0m ?[2mh2::proto::streams::counts?[0m?[2m:?[0m dec_num_streams; stream=StreamId(3)
15:13:27.489 [Thread-5] DEBUG i.pact.plugins.jvm.core.ChildProcess - Plugin protobuf [46348] || ?[2m2023-03-27T09:43:27.486792Z?[0m ?[35mTRACE?[0m tokio-runtime-worker ?[1mserver_handshake?[0m?[2m:?[0m?[1mConnection?[0m?[1m{?[0m?[3mpeer?[0m?[2m=?[0mServer?[1m}?[0m?[2m:?[0m?[1mpoll?[0m?[2m:?[0m ?[2mh2::proto::streams::prioritize?[0m?[2m:?[0m writing ?[3mframe?[0m?[2m=?[0mHeaders { stream_id: StreamId(3), flags: (0x5: END_HEADERS | END_STREAM) }
15:13:27.490 [Thread-5] DEBUG i.pact.plugins.jvm.core.ChildProcess - Plugin protobuf [46348] || ?[2m2023-03-27T09:43:27.486825Z?[0m ?[34mDEBUG?[0m tokio-runtime-worker ?[1mserver_handshake?[0m?[2m:?[0m?[1mConnection?[0m?[1m{?[0m?[3mpeer?[0m?[2m=?[0mServer?[1m}?[0m?[2m:?[0m?[1mpoll?[0m?[2m:?[0m?[1mFramedWrite::buffer?[0m?[1m{?[0m?[3mframe?[0m?[2m=?[0mHeaders { stream_id: StreamId(3), flags: (0x5: END_HEADERS | END_STREAM) }?[1m}?[0m?[2m:?[0m ?[2mh2::codec::framed_write?[0m?[2m:?[0m send ?[3mframe?[0m?[2m=?[0mHeaders { stream_id: StreamId(3), flags: (0x5: END_HEADERS | END_STREAM) }
15:13:27.490 [Thread-5] DEBUG i.pact.plugins.jvm.core.ChildProcess - Plugin protobuf [46348] || ?[2m2023-03-27T09:43:27.486891Z?[0m ?[35mTRACE?[0m tokio-runtime-worker ?[1mserver_handshake?[0m?[2m:?[0m?[1mConnection?[0m?[1m{?[0m?[3mpeer?[0m?[2m=?[0mServer?[1m}?[0m?[2m:?[0m?[1mpoll?[0m?[2m:?[0m ?[2mh2::proto::streams::prioritize?[0m?[2m:?[0m schedule_pending_open
15:13:27.490 [Thread-5] DEBUG i.pact.plugins.jvm.core.ChildProcess - Plugin protobuf [46348] || ?[2m2023-03-27T09:43:27.486933Z?[0m ?[35mTRACE?[0m tokio-runtime-worker ?[1mserver_handshake?[0m?[2m:?[0m?[1mConnection?[0m?[1m{?[0m?[3mpeer?[0m?[2m=?[0mServer?[1m}?[0m?[2m:?[0m?[1mpoll?[0m?[2m:?[0m?[1mFramedWrite::flush?[0m?[2m:?[0m ?[2mh2::codec::framed_write?[0m?[2m:?[0m ?[3mqueued_data_frame?[0m?[2m=?[0mfalse
15:13:27.490 [Thread-5] DEBUG i.pact.plugins.jvm.core.ChildProcess - Plugin protobuf [46348] || ?[2m2023-03-27T09:43:27.486990Z?[0m ?[35mTRACE?[0m tokio-runtime-worker ?[1mserver_handshake?[0m?[2m:?[0m?[1mConnection?[0m?[1m{?[0m?[3mpeer?[0m?[2m=?[0mServer?[1m}?[0m?[2m:?[0m?[1mpoll?[0m?[2m:?[0m?[1mFramedWrite::flush?[0m?[2m:?[0m ?[2mh2::codec::framed_write?[0m?[2m:?[0m flushing buffer
15:13:27.494 [grpc-nio-worker-ELG-1-2] DEBUG io.grpc.netty.NettyClientHandler - [id: 0x9e25d4de, L:/0:0:0:0:0:0:0:1:54373 - R:/0:0:0:0:0:0:0:1:54371] INBOUND HEADERS: streamId=3 headers=GrpcHttp2ResponseHeaders[:status: 200, content-type: application/grpc, date: Mon, 27 Mar 2023 09:43:27 GMT] padding=0 endStream=false
15:13:27.503 [grpc-nio-worker-ELG-1-2] DEBUG io.grpc.netty.NettyClientHandler - [id: 0x9e25d4de, L:/0:0:0:0:0:0:0:1:54373 - R:/0:0:0:0:0:0:0:1:54371] INBOUND DATA: streamId=3 padding=0 endStream=false length=153 bytes=00000000940a42120870726f746f6275661a360a0d636f6e74656e742d747970657312256170706c69636174696f6e2f70726f746f6275663b6170706c696361...
15:13:27.504 [grpc-nio-worker-ELG-1-2] DEBUG io.grpc.netty.NettyClientHandler - [id: 0x9e25d4de, L:/0:0:0:0:0:0:0:1:54373 - R:/0:0:0:0:0:0:0:1:54371] OUTBOUND PING: ack=false bytes=1234
15:13:27.512 [grpc-nio-worker-ELG-1-2] DEBUG io.grpc.netty.NettyClientHandler - [id: 0x9e25d4de, L:/0:0:0:0:0:0:0:1:54373 - R:/0:0:0:0:0:0:0:1:54371] INBOUND HEADERS: streamId=3 headers=GrpcHttp2ResponseHeaders[grpc-status: 0] padding=0 endStream=true
15:13:27.520 [Thread-5] DEBUG i.pact.plugins.jvm.core.ChildProcess - Plugin protobuf [46348] || ?[2m2023-03-27T09:43:27.520101Z?[0m ?[35mTRACE?[0m tokio-runtime-worker ?[1mserver_handshake?[0m?[2m:?[0m?[1mConnection?[0m?[1m{?[0m?[3mpeer?[0m?[2m=?[0mServer?[1m}?[0m?[2m:?[0m?[1mpoll?[0m?[2m:?[0m ?[2mh2::proto::connection?[0m?[2m:?[0m ?[3mconnection.state?[0m?[2m=?[0mOpen
15:13:27.520 [Thread-5] DEBUG i.pact.plugins.jvm.core.ChildProcess - Plugin protobuf [46348] || ?[2m2023-03-27T09:43:27.520191Z?[0m ?[35mTRACE?[0m tokio-runtime-worker ?[1mserver_handshake?[0m?[2m:?[0m?[1mConnection?[0m?[1m{?[0m?[3mpeer?[0m?[2m=?[0mServer?[1m}?[0m?[2m:?[0m?[1mpoll?[0m?[2m:?[0m?[1mFramedRead::poll_next?[0m?[2m:?[0m ?[2mh2::codec::framed_read?[0m?[2m:?[0m poll
15:13:27.520 [Thread-5] DEBUG i.pact.plugins.jvm.core.ChildProcess - Plugin protobuf [46348] || ?[2m2023-03-27T09:43:27.520246Z?[0m ?[35mTRACE?[0m tokio-runtime-worker ?[1mserver_handshake?[0m?[2m:?[0m?[1mConnection?[0m?[1m{?[0m?[3mpeer?[0m?[2m=?[0mServer?[1m}?[0m?[2m:?[0m?[1mpoll?[0m?[2m:?[0m?[1mFramedRead::poll_next?[0m?[2m:?[0m ?[2mtokio_util::codec::framed_impl?[0m?[2m:?[0m attempting to decode a frame
15:13:27.521 [Thread-5] DEBUG i.pact.plugins.jvm.core.ChildProcess - Plugin protobuf [46348] || ?[2m2023-03-27T09:43:27.520266Z?[0m ?[35mTRACE?[0m tokio-runtime-worker ?[1mserver_handshake?[0m?[2m:?[0m?[1mConnection?[0m?[1m{?[0m?[3mpeer?[0m?[2m=?[0mServer?[1m}?[0m?[2m:?[0m?[1mpoll?[0m?[2m:?[0m?[1mFramedRead::poll_next?[0m?[2m:?[0m ?[2mtokio_util::codec::framed_impl?[0m?[2m:?[0m frame decoded from buffer
15:13:27.521 [Thread-5] DEBUG i.pact.plugins.jvm.core.ChildProcess - Plugin protobuf [46348] || ?[2m2023-03-27T09:43:27.520284Z?[0m ?[35mTRACE?[0m tokio-runtime-worker ?[1mserver_handshake?[0m?[2m:?[0m?[1mConnection?[0m?[1m{?[0m?[3mpeer?[0m?[2m=?[0mServer?[1m}?[0m?[2m:?[0m?[1mpoll?[0m?[2m:?[0m?[1mFramedRead::poll_next?[0m?[2m:?[0m ?[2mh2::codec::framed_read?[0m?[2m:?[0m ?[3mread.bytes?[0m?[2m=?[0m17
15:13:27.521 [Thread-5] DEBUG i.pact.plugins.jvm.core.ChildProcess - Plugin protobuf [46348] || ?[2m2023-03-27T09:43:27.520313Z?[0m ?[35mTRACE?[0m tokio-runtime-worker ?[1mserver_handshake?[0m?[2m:?[0m?[1mConnection?[0m?[1m{?[0m?[3mpeer?[0m?[2m=?[0mServer?[1m}?[0m?[2m:?[0m?[1mpoll?[0m?[2m:?[0m?[1mFramedRead::poll_next?[0m?[2m:?[0m?[1mFramedRead::decode_frame?[0m?[1m{?[0m?[3moffset?[0m?[2m=?[0m17?[1m}?[0m?[2m:?[0m ?[2mh2::codec::framed_read?[0m?[2m:?[0m decoding frame from 17B
15:13:27.521 [Thread-5] DEBUG i.pact.plugins.jvm.core.ChildProcess - Plugin protobuf [46348] || ?[2m2023-03-27T09:43:27.520342Z?[0m ?[35mTRACE?[0m tokio-runtime-worker ?[1mserver_handshake?[0m?[2m:?[0m?[1mConnection?[0m?[1m{?[0m?[3mpeer?[0m?[2m=?[0mServer?[1m}?[0m?[2m:?[0m?[1mpoll?[0m?[2m:?[0m?[1mFramedRead::poll_next?[0m?[2m:?[0m?[1mFramedRead::decode_frame?[0m?[1m{?[0m?[3moffset?[0m?[2m=?[0m17?[1m}?[0m?[2m:?[0m ?[2mh2::codec::framed_read?[0m?[2m:?[0m ?[3mframe.kind?[0m?[2m=?[0mPing
15:13:27.521 [Thread-5] DEBUG i.pact.plugins.jvm.core.ChildProcess - Plugin protobuf [46348] || ?[2m2023-03-27T09:43:27.520370Z?[0m ?[34mDEBUG?[0m tokio-runtime-worker ?[1mserver_handshake?[0m?[2m:?[0m?[1mConnection?[0m?[1m{?[0m?[3mpeer?[0m?[2m=?[0mServer?[1m}?[0m?[2m:?[0m?[1mpoll?[0m?[2m:?[0m?[1mFramedRead::poll_next?[0m?[2m:?[0m ?[2mh2::codec::framed_read?[0m?[2m:?[0m received ?[3mframe?[0m?[2m=?[0mPing { ack: false, payload: [0, 0, 0, 0, 0, 0, 4, 210] }
15:13:27.521 [Thread-5] DEBUG i.pact.plugins.jvm.core.ChildProcess - Plugin protobuf [46348] || ?[2m2023-03-27T09:43:27.520407Z?[0m ?[35mTRACE?[0m tokio-runtime-worker ?[1mserver_handshake?[0m?[2m:?[0m?[1mConnection?[0m?[1m{?[0m?[3mpeer?[0m?[2m=?[0mServer?[1m}?[0m?[2m:?[0m?[1mpoll?[0m?[2m:?[0m ?[2mh2::proto::connection?[0m?[2m:?[0m recv PING ?[3mframe?[0m?[2m=?[0mPing { ack: false, payload: [0, 0, 0, 0, 0, 0, 4, 210] }
15:13:27.521 [Thread-5] DEBUG i.pact.plugins.jvm.core.ChildProcess - Plugin protobuf [46348] || ?[2m2023-03-27T09:43:27.520452Z?[0m ?[34mDEBUG?[0m tokio-runtime-worker ?[1mserver_handshake?[0m?[2m:?[0m?[1mConnection?[0m?[1m{?[0m?[3mpeer?[0m?[2m=?[0mServer?[1m}?[0m?[2m:?[0m?[1mpoll?[0m?[2m:?[0m?[1mpoll_ready?[0m?[2m:?[0m?[1mFramedWrite::buffer?[0m?[1m{?[0m?[3mframe?[0m?[2m=?[0mPing { ack: true, payload: [0, 0, 0, 0, 0, 0, 4, 210] }?[1m}?[0m?[2m:?[0m ?[2mh2::codec::framed_write?[0m?[2m:?[0m send ?[3mframe?[0m?[2m=?[0mPing { ack: true, payload: [0, 0, 0, 0, 0, 0, 4, 210] }
15:13:27.522 [Thread-5] DEBUG i.pact.plugins.jvm.core.ChildProcess - Plugin protobuf [46348] || ?[2m2023-03-27T09:43:27.520476Z?[0m ?[35mTRACE?[0m tokio-runtime-worker ?[1mserver_handshake?[0m?[2m:?[0m?[1mConnection?[0m?[1m{?[0m?[3mpeer?[0m?[2m=?[0mServer?[1m}?[0m?[2m:?[0m?[1mpoll?[0m?[2m:?[0m?[1mpoll_ready?[0m?[2m:?[0m?[1mFramedWrite::buffer?[0m?[1m{?[0m?[3mframe?[0m?[2m=?[0mPing { ack: true, payload: [0, 0, 0, 0, 0, 0, 4, 210] }?[1m}?[0m?[2m:?[0m ?[2mh2::frame::ping?[0m?[2m:?[0m encoding PING; ack=true len=8
15:13:27.522 [Thread-5] DEBUG i.pact.plugins.jvm.core.ChildProcess - Plugin protobuf [46348] || ?[2m2023-03-27T09:43:27.520495Z?[0m ?[35mTRACE?[0m tokio-runtime-worker ?[1mserver_handshake?[0m?[2m:?[0m?[1mConnection?[0m?[1m{?[0m?[3mpeer?[0m?[2m=?[0mServer?[1m}?[0m?[2m:?[0m?[1mpoll?[0m?[2m:?[0m?[1mpoll_ready?[0m?[2m:?[0m?[1mFramedWrite::buffer?[0m?[1m{?[0m?[3mframe?[0m?[2m=?[0mPing { ack: true, payload: [0, 0, 0, 0, 0, 0, 4, 210] }?[1m}?[0m?[2m:?[0m ?[2mh2::codec::framed_write?[0m?[2m:?[0m encoded ping ?[3mrem?[0m?[2m=?[0m17
15:13:27.522 [Thread-5] DEBUG i.pact.plugins.jvm.core.ChildProcess - Plugin protobuf [46348] || ?[2m2023-03-27T09:43:27.520539Z?[0m ?[35mTRACE?[0m tokio-runtime-worker ?[1mserver_handshake?[0m?[2m:?[0m?[1mConnection?[0m?[1m{?[0m?[3mpeer?[0m?[2m=?[0mServer?[1m}?[0m?[2m:?[0m?[1mpoll?[0m?[2m:?[0m?[1mFramedRead::poll_next?[0m?[2m:?[0m ?[2mh2::codec::framed_read?[0m?[2m:?[0m poll
15:13:27.522 [Thread-5] DEBUG i.pact.plugins.jvm.core.ChildProcess - Plugin protobuf [46348] || ?[2m2023-03-27T09:43:27.520555Z?[0m ?[35mTRACE?[0m tokio-runtime-worker ?[1mserver_handshake?[0m?[2m:?[0m?[1mConnection?[0m?[1m{?[0m?[3mpeer?[0m?[2m=?[0mServer?[1m}?[0m?[2m:?[0m?[1mpoll?[0m?[2m:?[0m?[1mFramedRead::poll_next?[0m?[2m:?[0m ?[2mtokio_util::codec::framed_impl?[0m?[2m:?[0m attempting to decode a frame
15:13:27.522 [Thread-5] DEBUG i.pact.plugins.jvm.core.ChildProcess - Plugin protobuf [46348] || ?[2m2023-03-27T09:43:27.520606Z?[0m ?[35mTRACE?[0m tokio-runtime-worker ?[1mserver_handshake?[0m?[2m:?[0m?[1mConnection?[0m?[1m{?[0m?[3mpeer?[0m?[2m=?[0mServer?[1m}?[0m?[2m:?[0m?[1mpoll?[0m?[2m:?[0m ?[2mh2::proto::streams::prioritize?[0m?[2m:?[0m poll_complete
15:13:27.522 [Thread-5] DEBUG i.pact.plugins.jvm.core.ChildProcess - Plugin protobuf [46348] || ?[2m2023-03-27T09:43:27.520629Z?[0m ?[35mTRACE?[0m tokio-runtime-worker ?[1mserver_handshake?[0m?[2m:?[0m?[1mConnection?[0m?[1m{?[0m?[3mpeer?[0m?[2m=?[0mServer?[1m}?[0m?[2m:?[0m?[1mpoll?[0m?[2m:?[0m ?[2mh2::proto::streams::prioritize?[0m?[2m:?[0m schedule_pending_open
15:13:27.522 [Thread-5] DEBUG i.pact.plugins.jvm.core.ChildProcess - Plugin protobuf [46348] || ?[2m2023-03-27T09:43:27.520668Z?[0m ?[35mTRACE?[0m tokio-runtime-worker ?[1mserver_handshake?[0m?[2m:?[0m?[1mConnection?[0m?[1m{?[0m?[3mpeer?[0m?[2m=?[0mServer?[1m}?[0m?[2m:?[0m?[1mpoll?[0m?[2m:?[0m?[1mFramedWrite::flush?[0m?[2m:?[0m ?[2mh2::codec::framed_write?[0m?[2m:?[0m ?[3mqueued_data_frame?[0m?[2m=?[0mfalse
15:13:27.522 [Thread-5] DEBUG i.pact.plugins.jvm.core.ChildProcess - Plugin protobuf [46348] || ?[2m2023-03-27T09:43:27.520774Z?[0m ?[35mTRACE?[0m tokio-runtime-worker ?[1mserver_handshake?[0m?[2m:?[0m?[1mConnection?[0m?[1m{?[0m?[3mpeer?[0m?[2m=?[0mServer?[1m}?[0m?[2m:?[0m?[1mpoll?[0m?[2m:?[0m?[1mFramedWrite::flush?[0m?[2m:?[0m ?[2mh2::codec::framed_write?[0m?[2m:?[0m flushing buffer
15:13:27.528 [grpc-nio-worker-ELG-1-2] DEBUG io.grpc.netty.NettyClientHandler - [id: 0x9e25d4de, L:/0:0:0:0:0:0:0:1:54373 - R:/0:0:0:0:0:0:0:1:54371] INBOUND PING: ack=true bytes=1234
15:13:27.768 [Test worker] DEBUG i.p.p.jvm.core.DefaultPluginManager - Got init response [key: "protobuf"
values {
  key: "content-types"
  value: "application/protobuf;application/grpc"
}
, type: CONTENT_GENERATOR
key: "protobuf"
values {
  key: "content-types"
  value: "application/protobuf;application/grpc"
}
, type: TRANSPORT
key: "grpc"
] from plugin protobuf
15:13:27.785 [Test worker] DEBUG i.p.p.jvm.core.CatalogueManager - Updated catalogue entries:
plugin/protobuf/content-matcher/protobuf
plugin/protobuf/content-generator/protobuf
plugin/protobuf/transport/grpc
15:13:27.801 [grpc-nio-worker-ELG-1-2] DEBUG io.grpc.netty.NettyClientHandler - [id: 0x9e25d4de, L:/0:0:0:0:0:0:0:1:54373 - R:/0:0:0:0:0:0:0:1:54371] OUTBOUND HEADERS: streamId=5 headers=GrpcHttp2OutboundHeaders[:authority: [::1]:54371, :path: /io.pact.plugin.PactPlugin/UpdateCatalogue, :method: POST, :scheme: http, content-type: application/grpc, te: trailers, user-agent: grpc-java-netty/1.49.0, grpc-accept-encoding: gzip, authorization: 76890bd5-a20d-4c00-9cad-333e5317f474] streamDependency=0 weight=16 exclusive=false padding=0 endStream=false
15:13:27.802 [grpc-nio-worker-ELG-1-2] DEBUG io.grpc.netty.NettyClientHandler - [id: 0x9e25d4de, L:/0:0:0:0:0:0:0:1:54373 - R:/0:0:0:0:0:0:0:1:54371] OUTBOUND DATA: streamId=5 padding=0 endStream=true length=153 bytes=00000000940a42120870726f746f6275661a360a0d636f6e74656e742d747970657312256170706c69636174696f6e2f70726f746f6275663b6170706c696361...
15:13:27.807 [Thread-5] DEBUG i.pact.plugins.jvm.core.ChildProcess - Plugin protobuf [46348] || ?[2m2023-03-27T09:43:27.804947Z?[0m ?[35mTRACE?[0m tokio-runtime-worker ?[1mserver_handshake?[0m?[2m:?[0m?[1mConnection?[0m?[1m{?[0m?[3mpeer?[0m?[2m=?[0mServer?[1m}?[0m?[2m:?[0m?[1mpoll?[0m?[2m:?[0m ?[2mh2::proto::connection?[0m?[2m:?[0m ?[3mconnection.state?[0m?[2m=?[0mOpen
15:13:27.807 [Thread-5] DEBUG i.pact.plugins.jvm.core.ChildProcess - Plugin protobuf [46348] || ?[2m2023-03-27T09:43:27.805075Z?[0m ?[35mTRACE?[0m tokio-runtime-worker ?[1mserver_handshake?[0m?[2m:?[0m?[1mConnection?[0m?[1m{?[0m?[3mpeer?[0m?[2m=?[0mServer?[1m}?[0m?[2m:?[0m?[1mpoll?[0m?[2m:?[0m?[1mFramedRead::poll_next?[0m?[2m:?[0m ?[2mh2::codec::framed_read?[0m?[2m:?[0m poll
15:13:27.807 [Thread-5] DEBUG i.pact.plugins.jvm.core.ChildProcess - Plugin protobuf [46348] || ?[2m2023-03-27T09:43:27.805162Z?[0m ?[35mTRACE?[0m tokio-runtime-worker ?[1mserver_handshake?[0m?[2m:?[0m?[1mConnection?[0m?[1m{?[0m?[3mpeer?[0m?[2m=?[0mServer?[1m}?[0m?[2m:?[0m?[1mpoll?[0m?[2m:?[0m?[1mFramedRead::poll_next?[0m?[2m:?[0m ?[2mtokio_util::codec::framed_impl?[0m?[2m:?[0m attempting to decode a frame
15:13:27.807 [Thread-5] DEBUG i.pact.plugins.jvm.core.ChildProcess - Plugin protobuf [46348] || ?[2m2023-03-27T09:43:27.805190Z?[0m ?[35mTRACE?[0m tokio-runtime-worker ?[1mserver_handshake?[0m?[2m:?[0m?[1mConnection?[0m?[1m{?[0m?[3mpeer?[0m?[2m=?[0mServer?[1m}?[0m?[2m:?[0m?[1mpoll?[0m?[2m:?[0m?[1mFramedRead::poll_next?[0m?[2m:?[0m ?[2mtokio_util::codec::framed_impl?[0m?[2m:?[0m frame decoded from buffer
15:13:27.808 [Thread-5] DEBUG i.pact.plugins.jvm.core.ChildProcess - Plugin protobuf [46348] || ?[2m2023-03-27T09:43:27.805210Z?[0m ?[35mTRACE?[0m tokio-runtime-worker ?[1mserver_handshake?[0m?[2m:?[0m?[1mConnection?[0m?[1m{?[0m?[3mpeer?[0m?[2m=?[0mServer?[1m}?[0m?[2m:?[0m?[1mpoll?[0m?[2m:?[0m?[1mFramedRead::poll_next?[0m?[2m:?[0m ?[2mh2::codec::framed_read?[0m?[2m:?[0m ?[3mread.bytes?[0m?[2m=?[0m66
15:13:27.808 [Thread-5] DEBUG i.pact.plugins.jvm.core.ChildProcess - Plugin protobuf [46348] || ?[2m2023-03-27T09:43:27.805245Z?[0m ?[35mTRACE?[0m tokio-runtime-worker ?[1mserver_handshake?[0m?[2m:?[0m?[1mConnection?[0m?[1m{?[0m?[3mpeer?[0m?[2m=?[0mServer?[1m}?[0m?[2m:?[0m?[1mpoll?[0m?[2m:?[0m?[1mFramedRead::poll_next?[0m?[2m:?[0m?[1mFramedRead::decode_frame?[0m?[1m{?[0m?[3moffset?[0m?[2m=?[0m66?[1m}?[0m?[2m:?[0m ?[2mh2::codec::framed_read?[0m?[2m:?[0m decoding frame from 66B
15:13:27.808 [Thread-5] DEBUG i.pact.plugins.jvm.core.ChildProcess - Plugin protobuf [46348] || ?[2m2023-03-27T09:43:27.805307Z?[0m ?[35mTRACE?[0m tokio-runtime-worker ?[1mserver_handshake?[0m?[2m:?[0m?[1mConnection?[0m?[1m{?[0m?[3mpeer?[0m?[2m=?[0mServer?[1m}?[0m?[2m:?[0m?[1mpoll?[0m?[2m:?[0m?[1mFramedRead::poll_next?[0m?[2m:?[0m?[1mFramedRead::decode_frame?[0m?[1m{?[0m?[3moffset?[0m?[2m=?[0m66?[1m}?[0m?[2m:?[0m ?[2mh2::codec::framed_read?[0m?[2m:?[0m ?[3mframe.kind?[0m?[2m=?[0mHeaders
15:13:27.808 [Thread-5] DEBUG i.pact.plugins.jvm.core.ChildProcess - Plugin protobuf [46348] || ?[2m2023-03-27T09:43:27.805344Z?[0m ?[35mTRACE?[0m tokio-runtime-worker ?[1mserver_handshake?[0m?[2m:?[0m?[1mConnection?[0m?[1m{?[0m?[3mpeer?[0m?[2m=?[0mServer?[1m}?[0m?[2m:?[0m?[1mpoll?[0m?[2m:?[0m?[1mFramedRead::poll_next?[0m?[2m:?[0m?[1mFramedRead::decode_frame?[0m?[1m{?[0m?[3moffset?[0m?[2m=?[0m66?[1m}?[0m?[2m:?[0m ?[2mh2::frame::headers?[0m?[2m:?[0m loading headers; flags=(0x24: END_HEADERS | PRIORITY)
15:13:27.808 [Thread-5] DEBUG i.pact.plugins.jvm.core.ChildProcess - Plugin protobuf [46348] || ?[2m2023-03-27T09:43:27.805382Z?[0m ?[35mTRACE?[0m tokio-runtime-worker ?[1mserver_handshake?[0m?[2m:?[0m?[1mConnection?[0m?[1m{?[0m?[3mpeer?[0m?[2m=?[0mServer?[1m}?[0m?[2m:?[0m?[1mpoll?[0m?[2m:?[0m?[1mFramedRead::poll_next?[0m?[2m:?[0m?[1mFramedRead::decode_frame?[0m?[1m{?[0m?[3moffset?[0m?[2m=?[0m66?[1m}?[0m?[2m:?[0m?[1mhpack::decode?[0m?[2m:?[0m ?[2mh2::hpack::decoder?[0m?[2m:?[0m decode
15:13:27.808 [Thread-5] DEBUG i.pact.plugins.jvm.core.ChildProcess - Plugin protobuf [46348] || ?[2m2023-03-27T09:43:27.805403Z?[0m ?[35mTRACE?[0m tokio-runtime-worker ?[1mserver_handshake?[0m?[2m:?[0m?[1mConnection?[0m?[1m{?[0m?[3mpeer?[0m?[2m=?[0mServer?[1m}?[0m?[2m:?[0m?[1mpoll?[0m?[2m:?[0m?[1mFramedRead::poll_next?[0m?[2m:?[0m?[1mFramedRead::decode_frame?[0m?[1m{?[0m?[3moffset?[0m?[2m=?[0m66?[1m}?[0m?[2m:?[0m?[1mhpack::decode?[0m?[2m:?[0m ?[2mh2::hpack::decoder?[0m?[2m:?[0m ?[3mrem?[0m?[2m=?[0m52 ?[3mkind?[0m?[2m=?[0mIndexed
15:13:27.808 [Thread-5] DEBUG i.pact.plugins.jvm.core.ChildProcess - Plugin protobuf [46348] || ?[2m2023-03-27T09:43:27.805428Z?[0m ?[35mTRACE?[0m tokio-runtime-worker ?[1mserver_handshake?[0m?[2m:?[0m?[1mConnection?[0m?[1m{?[0m?[3mpeer?[0m?[2m=?[0mServer?[1m}?[0m?[2m:?[0m?[1mpoll?[0m?[2m:?[0m?[1mFramedRead::poll_next?[0m?[2m:?[0m?[1mFramedRead::decode_frame?[0m?[1m{?[0m?[3moffset?[0m?[2m=?[0m66?[1m}?[0m?[2m:?[0m?[1mhpack::decode?[0m?[2m:?[0m ?[2mh2::hpack::decoder?[0m?[2m:?[0m ?[3mrem?[0m?[2m=?[0m51 ?[3mkind?[0m?[2m=?[0mLiteralWithIndexing
15:13:27.808 [Thread-5] DEBUG i.pact.plugins.jvm.core.ChildProcess - Plugin protobuf [46348] || ?[2m2023-03-27T09:43:27.805455Z?[0m ?[35mTRACE?[0m tokio-runtime-worker ?[1mserver_handshake?[0m?[2m:?[0m?[1mConnection?[0m?[1m{?[0m?[3mpeer?[0m?[2m=?[0mServer?[1m}?[0m?[2m:?[0m?[1mpoll?[0m?[2m:?[0m?[1mFramedRead::poll_next?[0m?[2m:?[0m?[1mFramedRead::decode_frame?[0m?[1m{?[0m?[3moffset?[0m?[2m=?[0m66?[1m}?[0m?[2m:?[0m?[1mhpack::decode?[0m?[2m:?[0m ?[2mh2::hpack::decoder?[0m?[2m:?[0m ?[3mrem?[0m?[2m=?[0m7 ?[3mkind?[0m?[2m=?[0mIndexed
15:13:27.808 [Thread-5] DEBUG i.pact.plugins.jvm.core.ChildProcess - Plugin protobuf [46348] || ?[2m2023-03-27T09:43:27.805477Z?[0m ?[35mTRACE?[0m tokio-runtime-worker ?[1mserver_handshake?[0m?[2m:?[0m?[1mConnection?[0m?[1m{?[0m?[3mpeer?[0m?[2m=?[0mServer?[1m}?[0m?[2m:?[0m?[1mpoll?[0m?[2m:?[0m?[1mFramedRead::poll_next?[0m?[2m:?[0m?[1mFramedRead::decode_frame?[0m?[1m{?[0m?[3moffset?[0m?[2m=?[0m66?[1m}?[0m?[2m:?[0m?[1mhpack::decode?[0m?[2m:?[0m ?[2mh2::hpack::decoder?[0m?[2m:?[0m ?[3mrem?[0m?[2m=?[0m6 ?[3mkind?[0m?[2m=?[0mIndexed
15:13:27.808 [Thread-5] DEBUG i.pact.plugins.jvm.core.ChildProcess - Plugin protobuf [46348] || ?[2m2023-03-27T09:43:27.805496Z?[0m ?[35mTRACE?[0m tokio-runtime-worker ?[1mserver_handshake?[0m?[2m:?[0m?[1mConnection?[0m?[1m{?[0m?[3mpeer?[0m?[2m=?[0mServer?[1m}?[0m?[2m:?[0m?[1mpoll?[0m?[2m:?[0m?[1mFramedRead::poll_next?[0m?[2m:?[0m?[1mFramedRead::decode_frame?[0m?[1m{?[0m?[3moffset?[0m?[2m=?[0m66?[1m}?[0m?[2m:?[0m?[1mhpack::decode?[0m?[2m:?[0m ?[2mh2::hpack::decoder?[0m?[2m:?[0m ?[3mrem?[0m?[2m=?[0m5 ?[3mkind?[0m?[2m=?[0mIndexed
15:13:27.808 [Thread-5] DEBUG i.pact.plugins.jvm.core.ChildProcess - Plugin protobuf [46348] || ?[2m2023-03-27T09:43:27.805520Z?[0m ?[35mTRACE?[0m tokio-runtime-worker ?[1mserver_handshake?[0m?[2m:?[0m?[1mConnection?[0m?[1m{?[0m?[3mpeer?[0m?[2m=?[0mServer?[1m}?[0m?[2m:?[0m?[1mpoll?[0m?[2m:?[0m?[1mFramedRead::poll_next?[0m?[2m:?[0m?[1mFramedRead::decode_frame?[0m?[1m{?[0m?[3moffset?[0m?[2m=?[0m66?[1m}?[0m?[2m:?[0m?[1mhpack::decode?[0m?[2m:?[0m ?[2mh2::hpack::decoder?[0m?[2m:?[0m ?[3mrem?[0m?[2m=?[0m4 ?[3mkind?[0m?[2m=?[0mIndexed
15:13:27.808 [Thread-5] DEBUG i.pact.plugins.jvm.core.ChildProcess - Plugin protobuf [46348] || ?[2m2023-03-27T09:43:27.805541Z?[0m ?[35mTRACE?[0m tokio-runtime-worker ?[1mserver_handshake?[0m?[2m:?[0m?[1mConnection?[0m?[1m{?[0m?[3mpeer?[0m?[2m=?[0mServer?[1m}?[0m?[2m:?[0m?[1mpoll?[0m?[2m:?[0m?[1mFramedRead::poll_next?[0m?[2m:?[0m?[1mFramedRead::decode_frame?[0m?[1m{?[0m?[3moffset?[0m?[2m=?[0m66?[1m}?[0m?[2m:?[0m?[1mhpack::decode?[0m?[2m:?[0m ?[2mh2::hpack::decoder?[0m?[2m:?[0m ?[3mrem?[0m?[2m=?[0m3 ?[3mkind?[0m?[2m=?[0mIndexed
15:13:27.808 [Thread-5] DEBUG i.pact.plugins.jvm.core.ChildProcess - Plugin protobuf [46348] || ?[2m2023-03-27T09:43:27.805562Z?[0m ?[35mTRACE?[0m tokio-runtime-worker ?[1mserver_handshake?[0m?[2m:?[0m?[1mConnection?[0m?[1m{?[0m?[3mpeer?[0m?[2m=?[0mServer?[1m}?[0m?[2m:?[0m?[1mpoll?[0m?[2m:?[0m?[1mFramedRead::poll_next?[0m?[2m:?[0m?[1mFramedRead::decode_frame?[0m?[1m{?[0m?[3moffset?[0m?[2m=?[0m66?[1m}?[0m?[2m:?[0m?[1mhpack::decode?[0m?[2m:?[0m ?[2mh2::hpack::decoder?[0m?[2m:?[0m ?[3mrem?[0m?[2m=?[0m2 ?[3mkind?[0m?[2m=?[0mIndexed
15:13:27.808 [Thread-5] DEBUG i.pact.plugins.jvm.core.ChildProcess - Plugin protobuf [46348] || ?[2m2023-03-27T09:43:27.805583Z?[0m ?[35mTRACE?[0m tokio-runtime-worker ?[1mserver_handshake?[0m?[2m:?[0m?[1mConnection?[0m?[1m{?[0m?[3mpeer?[0m?[2m=?[0mServer?[1m}?[0m?[2m:?[0m?[1mpoll?[0m?[2m:?[0m?[1mFramedRead::poll_next?[0m?[2m:?[0m?[1mFramedRead::decode_frame?[0m?[1m{?[0m?[3moffset?[0m?[2m=?[0m66?[1m}?[0m?[2m:?[0m?[1mhpack::decode?[0m?[2m:?[0m ?[2mh2::hpack::decoder?[0m?[2m:?[0m ?[3mrem?[0m?[2m=?[0m1 ?[3mkind?[0m?[2m=?[0mIndexed
15:13:27.808 [Thread-5] DEBUG i.pact.plugins.jvm.core.ChildProcess - Plugin protobuf [46348] || ?[2m2023-03-27T09:43:27.805622Z?[0m ?[34mDEBUG?[0m tokio-runtime-worker ?[1mserver_handshake?[0m?[2m:?[0m?[1mConnection?[0m?[1m{?[0m?[3mpeer?[0m?[2m=?[0mServer?[1m}?[0m?[2m:?[0m?[1mpoll?[0m?[2m:?[0m?[1mFramedRead::poll_next?[0m?[2m:?[0m ?[2mh2::codec::framed_read?[0m?[2m:?[0m received ?[3mframe?[0m?[2m=?[0mHeaders { stream_id: StreamId(5), flags: (0x24: END_HEADERS | PRIORITY), stream_dep: StreamDependency { dependency_id: StreamId(0), weight: 15, is_exclusive: false } }
15:13:27.808 [Thread-5] DEBUG i.pact.plugins.jvm.core.ChildProcess - Plugin protobuf [46348] || ?[2m2023-03-27T09:43:27.805693Z?[0m ?[35mTRACE?[0m tokio-runtime-worker ?[1mserver_handshake?[0m?[2m:?[0m?[1mConnection?[0m?[1m{?[0m?[3mpeer?[0m?[2m=?[0mServer?[1m}?[0m?[2m:?[0m?[1mpoll?[0m?[2m:?[0m ?[2mh2::proto::connection?[0m?[2m:?[0m recv HEADERS ?[3mframe?[0m?[2m=?[0mHeaders { stream_id: StreamId(5), flags: (0x24: END_HEADERS | PRIORITY), stream_dep: StreamDependency { dependency_id: StreamId(0), weight: 15, is_exclusive: false } }
15:13:27.809 [Thread-5] DEBUG i.pact.plugins.jvm.core.ChildProcess - Plugin protobuf [46348] || ?[2m2023-03-27T09:43:27.805729Z?[0m ?[35mTRACE?[0m tokio-runtime-worker ?[1mserver_handshake?[0m?[2m:?[0m?[1mConnection?[0m?[1m{?[0m?[3mpeer?[0m?[2m=?[0mServer?[1m}?[0m?[2m:?[0m?[1mpoll?[0m?[2m:?[0m ?[2mh2::proto::streams::flow_control?[0m?[2m:?[0m inc_window; sz=1048576; old=0; new=1048576
15:13:27.809 [Thread-5] DEBUG i.pact.plugins.jvm.core.ChildProcess - Plugin protobuf [46348] || ?[2m2023-03-27T09:43:27.805751Z?[0m ?[35mTRACE?[0m tokio-runtime-worker ?[1mserver_handshake?[0m?[2m:?[0m?[1mConnection?[0m?[1m{?[0m?[3mpeer?[0m?[2m=?[0mServer?[1m}?[0m?[2m:?[0m?[1mpoll?[0m?[2m:?[0m ?[2mh2::proto::streams::flow_control?[0m?[2m:?[0m inc_window; sz=1048576; old=0; new=1048576
15:13:27.809 [Thread-5] DEBUG i.pact.plugins.jvm.core.ChildProcess - Plugin protobuf [46348] || ?[2m2023-03-27T09:43:27.805778Z?[0m ?[35mTRACE?[0m tokio-runtime-worker ?[1mserver_handshake?[0m?[2m:?[0m?[1mConnection?[0m?[1m{?[0m?[3mpeer?[0m?[2m=?[0mServer?[1m}?[0m?[2m:?[0m?[1mpoll?[0m?[2m:?[0m ?[2mh2::proto::streams::streams?[0m?[2m:?[0m recv_headers; stream=StreamId(5); state=State { inner: Idle }
15:13:27.809 [Thread-5] DEBUG i.pact.plugins.jvm.core.ChildProcess - Plugin protobuf [46348] || ?[2m2023-03-27T09:43:27.805826Z?[0m ?[35mTRACE?[0m tokio-runtime-worker ?[1mserver_handshake?[0m?[2m:?[0m?[1mConnection?[0m?[1m{?[0m?[3mpeer?[0m?[2m=?[0mServer?[1m}?[0m?[2m:?[0m?[1mpoll?[0m?[2m:?[0m ?[2mh2::proto::streams::recv?[0m?[2m:?[0m opening stream; init_window=1048576
15:13:27.809 [Thread-5] DEBUG i.pact.plugins.jvm.core.ChildProcess - Plugin protobuf [46348] || ?[2m2023-03-27T09:43:27.805867Z?[0m ?[35mTRACE?[0m tokio-runtime-worker ?[1mserver_handshake?[0m?[2m:?[0m?[1mConnection?[0m?[1m{?[0m?[3mpeer?[0m?[2m=?[0mServer?[1m}?[0m?[2m:?[0m?[1mpoll?[0m?[2m:?[0m ?[2mh2::proto::streams::store?[0m?[2m:?[0m Queue::push
15:13:27.809 [Thread-5] DEBUG i.pact.plugins.jvm.core.ChildProcess - Plugin protobuf [46348] || ?[2m2023-03-27T09:43:27.805888Z?[0m ?[35mTRACE?[0m tokio-runtime-worker ?[1mserver_handshake?[0m?[2m:?[0m?[1mConnection?[0m?[1m{?[0m?[3mpeer?[0m?[2m=?[0mServer?[1m}?[0m?[2m:?[0m?[1mpoll?[0m?[2m:?[0m ?[2mh2::proto::streams::store?[0m?[2m:?[0m  -> first entry
15:13:27.809 [Thread-5] DEBUG i.pact.plugins.jvm.core.ChildProcess - Plugin protobuf [46348] || ?[2m2023-03-27T09:43:27.805904Z?[0m ?[35mTRACE?[0m tokio-runtime-worker ?[1mserver_handshake?[0m?[2m:?[0m?[1mConnection?[0m?[1m{?[0m?[3mpeer?[0m?[2m=?[0mServer?[1m}?[0m?[2m:?[0m?[1mpoll?[0m?[2m:?[0m ?[2mh2::proto::streams::counts?[0m?[2m:?[0m transition_after; stream=StreamId(5); state=State { inner: Open { local: AwaitingHeaders, remote: Streaming } }; is_closed=false; pending_send_empty=true; buffered_send_data=0; num_recv=1; num_send=0
15:13:27.809 [Thread-5] DEBUG i.pact.plugins.jvm.core.ChildProcess - Plugin protobuf [46348] || ?[2m2023-03-27T09:43:27.805957Z?[0m ?[35mTRACE?[0m tokio-runtime-worker ?[1mserver_handshake?[0m?[2m:?[0m?[1mConnection?[0m?[1m{?[0m?[3mpeer?[0m?[2m=?[0mServer?[1m}?[0m?[2m:?[0m?[1mpoll?[0m?[2m:?[0m?[1mFramedRead::poll_next?[0m?[2m:?[0m ?[2mh2::codec::framed_read?[0m?[2m:?[0m poll
15:13:27.809 [Thread-5] DEBUG i.pact.plugins.jvm.core.ChildProcess - Plugin protobuf [46348] || ?[2m2023-03-27T09:43:27.805973Z?[0m ?[35mTRACE?[0m tokio-runtime-worker ?[1mserver_handshake?[0m?[2m:?[0m?[1mConnection?[0m?[1m{?[0m?[3mpeer?[0m?[2m=?[0mServer?[1m}?[0m?[2m:?[0m?[1mpoll?[0m?[2m:?[0m?[1mFramedRead::poll_next?[0m?[2m:?[0m ?[2mtokio_util::codec::framed_impl?[0m?[2m:?[0m attempting to decode a frame
15:13:27.809 [Thread-5] DEBUG i.pact.plugins.jvm.core.ChildProcess - Plugin protobuf [46348] || ?[2m2023-03-27T09:43:27.805988Z?[0m ?[35mTRACE?[0m tokio-runtime-worker ?[1mserver_handshake?[0m?[2m:?[0m?[1mConnection?[0m?[1m{?[0m?[3mpeer?[0m?[2m=?[0mServer?[1m}?[0m?[2m:?[0m?[1mpoll?[0m?[2m:?[0m?[1mFramedRead::poll_next?[0m?[2m:?[0m ?[2mtokio_util::codec::framed_impl?[0m?[2m:?[0m frame decoded from buffer
15:13:27.809 [Thread-5] DEBUG i.pact.plugins.jvm.core.ChildProcess - Plugin protobuf [46348] || ?[2m2023-03-27T09:43:27.806002Z?[0m ?[35mTRACE?[0m tokio-runtime-worker ?[1mserver_handshake?[0m?[2m:?[0m?[1mConnection?[0m?[1m{?[0m?[3mpeer?[0m?[2m=?[0mServer?[1m}?[0m?[2m:?[0m?[1mpoll?[0m?[2m:?[0m?[1mFramedRead::poll_next?[0m?[2m:?[0m ?[2mh2::codec::framed_read?[0m?[2m:?[0m ?[3mread.bytes?[0m?[2m=?[0m162
15:13:27.809 [Thread-5] DEBUG i.pact.plugins.jvm.core.ChildProcess - Plugin protobuf [46348] || ?[2m2023-03-27T09:43:27.806026Z?[0m ?[35mTRACE?[0m tokio-runtime-worker ?[1mserver_handshake?[0m?[2m:?[0m?[1mConnection?[0m?[1m{?[0m?[3mpeer?[0m?[2m=?[0mServer?[1m}?[0m?[2m:?[0m?[1mpoll?[0m?[2m:?[0m?[1mFramedRead::poll_next?[0m?[2m:?[0m?[1mFramedRead::decode_frame?[0m?[1m{?[0m?[3moffset?[0m?[2m=?[0m162?[1m}?[0m?[2m:?[0m ?[2mh2::codec::framed_read?[0m?[2m:?[0m decoding frame from 162B
15:13:27.809 [Thread-5] DEBUG i.pact.plugins.jvm.core.ChildProcess - Plugin protobuf [46348] || ?[2m2023-03-27T09:43:27.806045Z?[0m ?[35mTRACE?[0m tokio-runtime-worker ?[1mserver_handshake?[0m?[2m:?[0m?[1mConnection?[0m?[1m{?[0m?[3mpeer?[0m?[2m=?[0mServer?[1m}?[0m?[2m:?[0m?[1mpoll?[0m?[2m:?[0m?[1mFramedRead::poll_next?[0m?[2m:?[0m?[1mFramedRead::decode_frame?[0m?[1m{?[0m?[3moffset?[0m?[2m=?[0m162?[1m}?[0m?[2m:?[0m ?[2mh2::codec::framed_read?[0m?[2m:?[0m ?[3mframe.kind?[0m?[2m=?[0mData
15:13:27.809 [Thread-5] DEBUG i.pact.plugins.jvm.core.ChildProcess - Plugin protobuf [46348] || ?[2m2023-03-27T09:43:27.806069Z?[0m ?[34mDEBUG?[0m tokio-runtime-worker ?[1mserver_handshake?[0m?[2m:?[0m?[1mConnection?[0m?[1m{?[0m?[3mpeer?[0m?[2m=?[0mServer?[1m}?[0m?[2m:?[0m?[1mpoll?[0m?[2m:?[0m?[1mFramedRead::poll_next?[0m?[2m:?[0m ?[2mh2::codec::framed_read?[0m?[2m:?[0m received ?[3mframe?[0m?[2m=?[0mData { stream_id: StreamId(5), flags: (0x1: END_STREAM) }
15:13:27.810 [Thread-5] DEBUG i.pact.plugins.jvm.core.ChildProcess - Plugin protobuf [46348] || ?[2m2023-03-27T09:43:27.806099Z?[0m ?[35mTRACE?[0m tokio-runtime-worker ?[1mserver_handshake?[0m?[2m:?[0m?[1mConnection?[0m?[1m{?[0m?[3mpeer?[0m?[2m=?[0mServer?[1m}?[0m?[2m:?[0m?[1mpoll?[0m?[2m:?[0m ?[2mh2::proto::connection?[0m?[2m:?[0m recv DATA ?[3mframe?[0m?[2m=?[0mData { stream_id: StreamId(5), flags: (0x1: END_STREAM) }
15:13:27.810 [Thread-5] DEBUG i.pact.plugins.jvm.core.ChildProcess - Plugin protobuf [46348] || ?[2m2023-03-27T09:43:27.806131Z?[0m ?[35mTRACE?[0m tokio-runtime-worker ?[1mserver_handshake?[0m?[2m:?[0m?[1mConnection?[0m?[1m{?[0m?[3mpeer?[0m?[2m=?[0mServer?[1m}?[0m?[2m:?[0m?[1mpoll?[0m?[2m:?[0m ?[2mh2::proto::streams::recv?[0m?[2m:?[0m recv_data; size=153; connection=1048545; stream=1048576
15:13:27.810 [Thread-5] DEBUG i.pact.plugins.jvm.core.ChildProcess - Plugin protobuf [46348] || ?[2m2023-03-27T09:43:27.806150Z?[0m ?[35mTRACE?[0m tokio-runtime-worker ?[1mserver_handshake?[0m?[2m:?[0m?[1mConnection?[0m?[1m{?[0m?[3mpeer?[0m?[2m=?[0mServer?[1m}?[0m?[2m:?[0m?[1mpoll?[0m?[2m:?[0m ?[2mh2::proto::streams::flow_control?[0m?[2m:?[0m send_data; sz=153; window=1048545; available=1048576
15:13:27.810 [Thread-5] DEBUG i.pact.plugins.jvm.core.ChildProcess - Plugin protobuf [46348] || ?[2m2023-03-27T09:43:27.806169Z?[0m ?[35mTRACE?[0m tokio-runtime-worker ?[1mserver_handshake?[0m?[2m:?[0m?[1mConnection?[0m?[1m{?[0m?[3mpeer?[0m?[2m=?[0mServer?[1m}?[0m?[2m:?[0m?[1mpoll?[0m?[2m:?[0m ?[2mh2::proto::streams::state?[0m?[2m:?[0m recv_close: Open => HalfClosedRemote(AwaitingHeaders)
15:13:27.810 [Thread-5] DEBUG i.pact.plugins.jvm.core.ChildProcess - Plugin protobuf [46348] || ?[2m2023-03-27T09:43:27.806183Z?[0m ?[35mTRACE?[0m tokio-runtime-worker ?[1mserver_handshake?[0m?[2m:?[0m?[1mConnection?[0m?[1m{?[0m?[3mpeer?[0m?[2m=?[0mServer?[1m}?[0m?[2m:?[0m?[1mpoll?[0m?[2m:?[0m ?[2mh2::proto::streams::flow_control?[0m?[2m:?[0m send_data; sz=153; window=1048576; available=1048576
15:13:27.810 [Thread-5] DEBUG i.pact.plugins.jvm.core.ChildProcess - Plugin protobuf [46348] || ?[2m2023-03-27T09:43:27.806205Z?[0m ?[35mTRACE?[0m tokio-runtime-worker ?[1mserver_handshake?[0m?[2m:?[0m?[1mConnection?[0m?[1m{?[0m?[3mpeer?[0m?[2m=?[0mServer?[1m}?[0m?[2m:?[0m?[1mpoll?[0m?[2m:?[0m ?[2mh2::proto::streams::counts?[0m?[2m:?[0m transition_after; stream=StreamId(5); state=State { inner: HalfClosedRemote(AwaitingHeaders) }; is_closed=false; pending_send_empty=true; buffered_send_data=0; num_recv=1; num_send=0
15:13:27.810 [Thread-5] DEBUG i.pact.plugins.jvm.core.ChildProcess - Plugin protobuf [46348] || ?[2m2023-03-27T09:43:27.806246Z?[0m ?[35mTRACE?[0m tokio-runtime-worker ?[1mserver_handshake?[0m?[2m:?[0m?[1mConnection?[0m?[1m{?[0m?[3mpeer?[0m?[2m=?[0mServer?[1m}?[0m?[2m:?[0m?[1mpoll?[0m?[2m:?[0m?[1mFramedRead::poll_next?[0m?[2m:?[0m ?[2mh2::codec::framed_read?[0m?[2m:?[0m poll
15:13:27.810 [Thread-5] DEBUG i.pact.plugins.jvm.core.ChildProcess - Plugin protobuf [46348] || ?[2m2023-03-27T09:43:27.806263Z?[0m ?[35mTRACE?[0m tokio-runtime-worker ?[1mserver_handshake?[0m?[2m:?[0m?[1mConnection?[0m?[1m{?[0m?[3mpeer?[0m?[2m=?[0mServer?[1m}?[0m?[2m:?[0m?[1mpoll?[0m?[2m:?[0m?[1mFramedRead::poll_next?[0m?[2m:?[0m ?[2mtokio_util::codec::framed_impl?[0m?[2m:?[0m attempting to decode a frame
15:13:27.810 [Thread-5] DEBUG i.pact.plugins.jvm.core.ChildProcess - Plugin protobuf [46348] || ?[2m2023-03-27T09:43:27.806316Z?[0m ?[35mTRACE?[0m tokio-runtime-worker ?[1mserver_handshake?[0m?[2m:?[0m?[1mConnection?[0m?[1m{?[0m?[3mpeer?[0m?[2m=?[0mServer?[1m}?[0m?[2m:?[0m?[1mpoll?[0m?[2m:?[0m ?[2mh2::proto::streams::prioritize?[0m?[2m:?[0m poll_complete
15:13:27.810 [Thread-5] DEBUG i.pact.plugins.jvm.core.ChildProcess - Plugin protobuf [46348] || ?[2m2023-03-27T09:43:27.806335Z?[0m ?[35mTRACE?[0m tokio-runtime-worker ?[1mserver_handshake?[0m?[2m:?[0m?[1mConnection?[0m?[1m{?[0m?[3mpeer?[0m?[2m=?[0mServer?[1m}?[0m?[2m:?[0m?[1mpoll?[0m?[2m:?[0m ?[2mh2::proto::streams::prioritize?[0m?[2m:?[0m schedule_pending_open
15:13:27.810 [Thread-5] DEBUG i.pact.plugins.jvm.core.ChildProcess - Plugin protobuf [46348] || ?[2m2023-03-27T09:43:27.806373Z?[0m ?[35mTRACE?[0m tokio-runtime-worker ?[1mserver_handshake?[0m?[2m:?[0m?[1mConnection?[0m?[1m{?[0m?[3mpeer?[0m?[2m=?[0mServer?[1m}?[0m?[2m:?[0m?[1mpoll?[0m?[2m:?[0m?[1mFramedWrite::flush?[0m?[2m:?[0m ?[2mh2::codec::framed_write?[0m?[2m:?[0m flushing buffer
15:13:27.810 [Thread-5] DEBUG i.pact.plugins.jvm.core.ChildProcess - Plugin protobuf [46348] || ?[2m2023-03-27T09:43:27.806422Z?[0m ?[35mTRACE?[0m tokio-runtime-worker ?[2mh2::proto::streams::streams?[0m?[2m:?[0m next_incoming; id=StreamId(5), state=State { inner: HalfClosedRemote(AwaitingHeaders) }
15:13:27.810 [Thread-5] DEBUG i.pact.plugins.jvm.core.ChildProcess - Plugin protobuf [46348] || ?[2m2023-03-27T09:43:27.806495Z?[0m ?[35mTRACE?[0m tokio-runtime-worker ?[2mh2::server?[0m?[2m:?[0m received incoming
15:13:27.810 [Thread-5] DEBUG i.pact.plugins.jvm.core.ChildProcess - Plugin protobuf [46348] || ?[2m2023-03-27T09:43:27.806519Z?[0m ?[35mTRACE?[0m tokio-runtime-worker ?[2mhyper::proto::h2::server?[0m?[2m:?[0m incoming request
15:13:27.810 [Thread-5] DEBUG i.pact.plugins.jvm.core.ChildProcess - Plugin protobuf [46348] || ?[2m2023-03-27T09:43:27.806597Z?[0m ?[34mDEBUG?[0m tokio-runtime-worker ?[1mrequest?[0m?[1m{?[0m?[3mmethod?[0m?[2m=?[0mPOST ?[3muri?[0m?[2m=?[0mhttp://[::1]:54371/io.pact.plugin.PactPlugin/UpdateCatalogue ?[3mversion?[0m?[2m=?[0mHTTP/2.0 ?[3mheaders?[0m?[2m=?[0m{"content-type": "application/grpc", "te": "trailers", "user-agent": "grpc-java-netty/1.49.0", "grpc-accept-encoding": "gzip", "authorization": Sensitive}?[1m}?[0m?[2m:?[0m ?[2mtower_http::trace::on_request?[0m?[2m:?[0m started processing request
15:13:27.811 [Thread-5] DEBUG i.pact.plugins.jvm.core.ChildProcess - Plugin protobuf [46348] || ?[2m2023-03-27T09:43:27.806672Z?[0m ?[35mTRACE?[0m tokio-runtime-worker ?[1mserver_handshake?[0m?[2m:?[0m?[1mConnection?[0m?[1m{?[0m?[3mpeer?[0m?[2m=?[0mServer?[1m}?[0m?[2m:?[0m?[1mpoll?[0m?[2m:?[0m ?[2mh2::proto::connection?[0m?[2m:?[0m ?[3mconnection.state?[0m?[2m=?[0mOpen
15:13:27.811 [Thread-5] DEBUG i.pact.plugins.jvm.core.ChildProcess - Plugin protobuf [46348] || ?[2m2023-03-27T09:43:27.806718Z?[0m ?[35mTRACE?[0m tokio-runtime-worker ?[1mserver_handshake?[0m?[2m:?[0m?[1mConnection?[0m?[1m{?[0m?[3mpeer?[0m?[2m=?[0mServer?[1m}?[0m?[2m:?[0m?[1mpoll?[0m?[2m:?[0m?[1mFramedRead::poll_next?[0m?[2m:?[0m ?[2mh2::codec::framed_read?[0m?[2m:?[0m poll
15:13:27.811 [Thread-5] DEBUG i.pact.plugins.jvm.core.ChildProcess - Plugin protobuf [46348] || ?[2m2023-03-27T09:43:27.806789Z?[0m ?[35mTRACE?[0m tokio-runtime-worker ?[1mserver_handshake?[0m?[2m:?[0m?[1mConnection?[0m?[1m{?[0m?[3mpeer?[0m?[2m=?[0mServer?[1m}?[0m?[2m:?[0m?[1mpoll?[0m?[2m:?[0m ?[2mh2::proto::streams::prioritize?[0m?[2m:?[0m poll_complete
15:13:27.811 [Thread-5] DEBUG i.pact.plugins.jvm.core.ChildProcess - Plugin protobuf [46348] || ?[2m2023-03-27T09:43:27.806810Z?[0m ?[35mTRACE?[0m tokio-runtime-worker ?[1mserver_handshake?[0m?[2m:?[0m?[1mConnection?[0m?[1m{?[0m?[3mpeer?[0m?[2m=?[0mServer?[1m}?[0m?[2m:?[0m?[1mpoll?[0m?[2m:?[0m ?[2mh2::proto::streams::prioritize?[0m?[2m:?[0m schedule_pending_open
15:13:27.811 [Thread-5] DEBUG i.pact.plugins.jvm.core.ChildProcess - Plugin protobuf [46348] || ?[2m2023-03-27T09:43:27.806848Z?[0m ?[35mTRACE?[0m tokio-runtime-worker ?[1mserver_handshake?[0m?[2m:?[0m?[1mConnection?[0m?[1m{?[0m?[3mpeer?[0m?[2m=?[0mServer?[1m}?[0m?[2m:?[0m?[1mpoll?[0m?[2m:?[0m?[1mFramedWrite::flush?[0m?[2m:?[0m ?[2mh2::codec::framed_write?[0m?[2m:?[0m flushing buffer
15:13:27.811 [Thread-5] DEBUG i.pact.plugins.jvm.core.ChildProcess - Plugin protobuf [46348] || ?[2m2023-03-27T09:43:27.807676Z?[0m ?[35mTRACE?[0m tokio-runtime-worker ?[1mrequest?[0m?[1m{?[0m?[3mmethod?[0m?[2m=?[0mPOST ?[3muri?[0m?[2m=?[0mhttp://[::1]:54371/io.pact.plugin.PactPlugin/UpdateCatalogue ?[3mversion?[0m?[2m=?[0mHTTP/2.0 ?[3mheaders?[0m?[2m=?[0m{"content-type": "application/grpc", "te": "trailers", "user-agent": "grpc-java-netty/1.49.0", "grpc-accept-encoding": "gzip", "authorization": Sensitive}?[1m}?[0m?[2m:?[0m ?[2mh2::proto::streams::recv?[0m?[2m:?[0m release_capacity; size=153
15:13:27.811 [Thread-5] DEBUG i.pact.plugins.jvm.core.ChildProcess - Plugin protobuf [46348] || ?[2m2023-03-27T09:43:27.807717Z?[0m ?[35mTRACE?[0m tokio-runtime-worker ?[1mrequest?[0m?[1m{?[0m?[3mmethod?[0m?[2m=?[0mPOST ?[3muri?[0m?[2m=?[0mhttp://[::1]:54371/io.pact.plugin.PactPlugin/UpdateCatalogue ?[3mversion?[0m?[2m=?[0mHTTP/2.0 ?[3mheaders?[0m?[2m=?[0m{"content-type": "application/grpc", "te": "trailers", "user-agent": "grpc-java-netty/1.49.0", "grpc-accept-encoding": "gzip", "authorization": Sensitive}?[1m}?[0m?[2m:?[0m ?[2mh2::proto::streams::recv?[0m?[2m:?[0m release_connection_capacity; size=153, connection in_flight_data=153
15:13:27.811 [Thread-5] DEBUG i.pact.plugins.jvm.core.ChildProcess - Plugin protobuf [46348] || ?[2m2023-03-27T09:43:27.807800Z?[0m ?[35mTRACE?[0m tokio-runtime-worker ?[1mrequest?[0m?[1m{?[0m?[3mmethod?[0m?[2m=?[0mPOST ?[3muri?[0m?[2m=?[0mhttp://[::1]:54371/io.pact.plugin.PactPlugin/UpdateCatalogue ?[3mversion?[0m?[2m=?[0mHTTP/2.0 ?[3mheaders?[0m?[2m=?[0m{"content-type": "application/grpc", "te": "trailers", "user-agent": "grpc-java-netty/1.49.0", "grpc-accept-encoding": "gzip", "authorization": Sensitive}?[1m}?[0m?[2m:?[0m ?[2mh2::proto::streams::streams?[0m?[2m:?[0m drop_stream_ref; stream=Stream { id: StreamId(5), state: State { inner: HalfClosedRemote(AwaitingHeaders) }, is_counted: true, ref_count: 2, next_pending_send: None, is_pending_send: false, send_flow: FlowControl { window_size: Window(1048576), available: Window(0) }, requested_send_capacity: 0, buffered_send_data: 0, send_task: None, pending_send: Deque { indices: None }, next_pending_send_capacity: None, is_pending_send_capacity: false, send_capacity_inc: false, next_open: None, is_pending_open: false, is_pending_push: false, next_pending_accept: None, is_pending_accept: false, recv_flow: FlowControl { window_size: Window(1048423), available: Window(1048576) }, in_flight_recv_data: 0, next_window_update: None, is_pending_window_update: false, reset_at: None, next_reset_expire: None, pending_recv: Deque { indices: None }, recv_task: None, pending_push_promises: Queue { indices: None, _p: PhantomData }, content_length: Omitted }
15:13:27.811 [Thread-5] DEBUG i.pact.plugins.jvm.core.ChildProcess - Plugin protobuf [46348] || ?[2m2023-03-27T09:43:27.807854Z?[0m ?[35mTRACE?[0m tokio-runtime-worker ?[1mrequest?[0m?[1m{?[0m?[3mmethod?[0m?[2m=?[0mPOST ?[3muri?[0m?[2m=?[0mhttp://[::1]:54371/io.pact.plugin.PactPlugin/UpdateCatalogue ?[3mversion?[0m?[2m=?[0mHTTP/2.0 ?[3mheaders?[0m?[2m=?[0m{"content-type": "application/grpc", "te": "trailers", "user-agent": "grpc-java-netty/1.49.0", "grpc-accept-encoding": "gzip", "authorization": Sensitive}?[1m}?[0m?[2m:?[0m ?[2mh2::proto::streams::counts?[0m?[2m:?[0m transition_after; stream=StreamId(5); state=State { inner: HalfClosedRemote(AwaitingHeaders) }; is_closed=false; pending_send_empty=true; buffered_send_data=0; num_recv=1; num_send=0
15:13:27.811 [Thread-5] DEBUG i.pact.plugins.jvm.core.ChildProcess - Plugin protobuf [46348] || ?[2m2023-03-27T09:43:27.807895Z?[0m ?[34mDEBUG?[0m tokio-runtime-worker ?[1mrequest?[0m?[1m{?[0m?[3mmethod?[0m?[2m=?[0mPOST ?[3muri?[0m?[2m=?[0mhttp://[::1]:54371/io.pact.plugin.PactPlugin/UpdateCatalogue ?[3mversion?[0m?[2m=?[0mHTTP/2.0 ?[3mheaders?[0m?[2m=?[0m{"content-type": "application/grpc", "te": "trailers", "user-agent": "grpc-java-netty/1.49.0", "grpc-accept-encoding": "gzip", "authorization": Sensitive}?[1m}?[0m?[2m:?[0m ?[2mpact_protobuf_plugin::server?[0m?[2m:?[0m Update catalogue request
15:13:27.811 [Thread-5] DEBUG i.pact.plugins.jvm.core.ChildProcess - Plugin protobuf [46348] || ?[2m2023-03-27T09:43:27.807941Z?[0m ?[34mDEBUG?[0m tokio-runtime-worker ?[1mrequest?[0m?[1m{?[0m?[3mmethod?[0m?[2m=?[0mPOST ?[3muri?[0m?[2m=?[0mhttp://[::1]:54371/io.pact.plugin.PactPlugin/UpdateCatalogue ?[3mversion?[0m?[2m=?[0mHTTP/2.0 ?[3mheaders?[0m?[2m=?[0m{"content-type": "application/grpc", "te": "trailers", "user-agent": "grpc-java-netty/1.49.0", "grpc-accept-encoding": "gzip", "authorization": Sensitive}?[1m}?[0m?[2m:?[0m ?[2mtower_http::trace::on_response?[0m?[2m:?[0m finished processing request ?[3mlatency?[0m?[2m=?[0m1 ms
15:13:27.811 [Thread-5] DEBUG i.pact.plugins.jvm.core.ChildProcess - Plugin protobuf [46348] || ?[2m2023-03-27T09:43:27.807985Z?[0m ?[35mTRACE?[0m tokio-runtime-worker ?[2mh2::proto::streams::send?[0m?[2m:?[0m send_headers; frame=Headers { stream_id: StreamId(5), flags: (0x4: END_HEADERS) }; init_window=1048576
15:13:27.811 [Thread-5] DEBUG i.pact.plugins.jvm.core.ChildProcess - Plugin protobuf [46348] || ?[2m2023-03-27T09:43:27.808028Z?[0m ?[35mTRACE?[0m tokio-runtime-worker ?[1mPrioritize::queue_frame?[0m?[1m{?[0m?[3mstream.id?[0m?[2m=?[0mStreamId(5)?[1m}?[0m?[2m:?[0m ?[2mh2::proto::streams::prioritize?[0m?[2m:?[0m schedule_send ?[3mstream.id?[0m?[2m=?[0mStreamId(5)
15:13:27.811 [Thread-5] DEBUG i.pact.plugins.jvm.core.ChildProcess - Plugin protobuf [46348] || ?[2m2023-03-27T09:43:27.808045Z?[0m ?[35mTRACE?[0m tokio-runtime-worker ?[1mPrioritize::queue_frame?[0m?[1m{?[0m?[3mstream.id?[0m?[2m=?[0mStreamId(5)?[1m}?[0m?[2m:?[0m ?[2mh2::proto::streams::store?[0m?[2m:?[0m Queue::push
15:13:27.811 [Thread-5] DEBUG i.pact.plugins.jvm.core.ChildProcess - Plugin protobuf [46348] || ?[2m2023-03-27T09:43:27.808058Z?[0m ?[35mTRACE?[0m tokio-runtime-worker ?[1mPrioritize::queue_frame?[0m?[1m{?[0m?[3mstream.id?[0m?[2m=?[0mStreamId(5)?[1m}?[0m?[2m:?[0m ?[2mh2::proto::streams::store?[0m?[2m:?[0m  -> first entry
15:13:27.811 [Thread-5] DEBUG i.pact.plugins.jvm.core.ChildProcess - Plugin protobuf [46348] || ?[2m2023-03-27T09:43:27.808088Z?[0m ?[35mTRACE?[0m tokio-runtime-worker ?[2mh2::proto::streams::counts?[0m?[2m:?[0m transition_after; stream=StreamId(5); state=State { inner: HalfClosedRemote(Streaming) }; is_closed=false; pending_send_empty=false; buffered_send_data=0; num_recv=1; num_send=0
15:13:27.812 [Thread-5] DEBUG i.pact.plugins.jvm.core.ChildProcess - Plugin protobuf [46348] || ?[2m2023-03-27T09:43:27.808135Z?[0m ?[35mTRACE?[0m tokio-runtime-worker ?[1mreserve_capacity?[0m?[1m{?[0m?[3mstream.id?[0m?[2m=?[0mStreamId(5) ?[3mrequested?[0m?[2m=?[0m1 ?[3meffective?[0m?[2m=?[0m1 ?[3mcurr?[0m?[2m=?[0m0?[1m}?[0m?[2m:?[0m?[1mtry_assign_capacity?[0m?[1m{?[0m?[3mstream.id?[0m?[2m=?[0mStreamId(5)?[1m}?[0m?[2m:?[0m ?[2mh2::proto::streams::prioritize?[0m?[2m:?[0m ?[3mrequested?[0m?[2m=?[0m1 ?[3madditional?[0m?[2m=?[0m1 ?[3mbuffered?[0m?[2m=?[0m0 ?[3mwindow?[0m?[2m=?[0m1048576 ?[3mconn?[0m?[2m=?[0m1048423
15:13:27.812 [Thread-5] DEBUG i.pact.plugins.jvm.core.ChildProcess - Plugin protobuf [46348] || ?[2m2023-03-27T09:43:27.808156Z?[0m ?[35mTRACE?[0m tokio-runtime-worker ?[1mreserve_capacity?[0m?[1m{?[0m?[3mstream.id?[0m?[2m=?[0mStreamId(5) ?[3mrequested?[0m?[2m=?[0m1 ?[3meffective?[0m?[2m=?[0m1 ?[3mcurr?[0m?[2m=?[0m0?[1m}?[0m?[2m:?[0m?[1mtry_assign_capacity?[0m?[1m{?[0m?[3mstream.id?[0m?[2m=?[0mStreamId(5)?[1m}?[0m?[2m:?[0m ?[2mh2::proto::streams::prioritize?[0m?[2m:?[0m assigning ?[3mcapacity?[0m?[2m=?[0m1
15:13:27.812 [Thread-5] DEBUG i.pact.plugins.jvm.core.ChildProcess - Plugin protobuf [46348] || ?[2m2023-03-27T09:43:27.808171Z?[0m ?[35mTRACE?[0m tokio-runtime-worker ?[1mreserve_capacity?[0m?[1m{?[0m?[3mstream.id?[0m?[2m=?[0mStreamId(5) ?[3mrequested?[0m?[2m=?[0m1 ?[3meffective?[0m?[2m=?[0m1 ?[3mcurr?[0m?[2m=?[0m0?[1m}?[0m?[2m:?[0m?[1mtry_assign_capacity?[0m?[1m{?[0m?[3mstream.id?[0m?[2m=?[0mStreamId(5)?[1m}?[0m?[2m:?[0m ?[2mh2::proto::streams::stream?[0m?[2m:?[0m   assigned capacity to stream; available=1; buffered=0; id=StreamId(5); max_buffer_size=409600
15:13:27.812 [Thread-5] DEBUG i.pact.plugins.jvm.core.ChildProcess - Plugin protobuf [46348] || ?[2m2023-03-27T09:43:27.808188Z?[0m ?[35mTRACE?[0m tokio-runtime-worker ?[1mreserve_capacity?[0m?[1m{?[0m?[3mstream.id?[0m?[2m=?[0mStreamId(5) ?[3mrequested?[0m?[2m=?[0m1 ?[3meffective?[0m?[2m=?[0m1 ?[3mcurr?[0m?[2m=?[0m0?[1m}?[0m?[2m:?[0m?[1mtry_assign_capacity?[0m?[1m{?[0m?[3mstream.id?[0m?[2m=?[0mStreamId(5)?[1m}?[0m?[2m:?[0m ?[2mh2::proto::streams::stream?[0m?[2m:?[0m   notifying task
15:13:27.812 [Thread-5] DEBUG i.pact.plugins.jvm.core.ChildProcess - Plugin protobuf [46348] || ?[2m2023-03-27T09:43:27.808205Z?[0m ?[35mTRACE?[0m tokio-runtime-worker ?[1mreserve_capacity?[0m?[1m{?[0m?[3mstream.id?[0m?[2m=?[0mStreamId(5) ?[3mrequested?[0m?[2m=?[0m1 ?[3meffective?[0m?[2m=?[0m1 ?[3mcurr?[0m?[2m=?[0m0?[1m}?[0m?[2m:?[0m?[1mtry_assign_capacity?[0m?[1m{?[0m?[3mstream.id?[0m?[2m=?[0mStreamId(5)?[1m}?[0m?[2m:?[0m ?[2mh2::proto::streams::prioritize?[0m?[2m:?[0m ?[3mavailable?[0m?[2m=?[0m1 ?[3mrequested?[0m?[2m=?[0m1 ?[3mbuffered?[0m?[2m=?[0m0 ?[3mhas_unavailable?[0m?[2m=?[0mtrue
15:13:27.812 [Thread-5] DEBUG i.pact.plugins.jvm.core.ChildProcess - Plugin protobuf [46348] || ?[2m2023-03-27T09:43:27.810597Z?[0m ?[35mTRACE?[0m tokio-runtime-worker ?[2mhyper::proto::h2?[0m?[2m:?[0m send body chunk: 5 bytes, eos=false
15:13:27.812 [Thread-5] DEBUG i.pact.plugins.jvm.core.ChildProcess - Plugin protobuf [46348] || ?[2m2023-03-27T09:43:27.810654Z?[0m ?[35mTRACE?[0m tokio-runtime-worker ?[1msend_data?[0m?[1m{?[0m?[3msz?[0m?[2m=?[0m5 ?[3mrequested?[0m?[2m=?[0m1?[1m}?[0m?[2m:?[0m ?[2mh2::proto::streams::prioritize?[0m?[2m:?[0m ?[3mbuffered?[0m?[2m=?[0m5
15:13:27.812 [Thread-5] DEBUG i.pact.plugins.jvm.core.ChildProcess - Plugin protobuf [46348] || ?[2m2023-03-27T09:43:27.810685Z?[0m ?[35mTRACE?[0m tokio-runtime-worker ?[1msend_data?[0m?[1m{?[0m?[3msz?[0m?[2m=?[0m5 ?[3mrequested?[0m?[2m=?[0m1?[1m}?[0m?[2m:?[0m?[1mtry_assign_capacity?[0m?[1m{?[0m?[3mstream.id?[0m?[2m=?[0mStreamId(5)?[1m}?[0m?[2m:?[0m ?[2mh2::proto::streams::prioritize?[0m?[2m:?[0m ?[3mrequested?[0m?[2m=?[0m5 ?[3madditional?[0m?[2m=?[0m4 ?[3mbuffered?[0m?[2m=?[0m5 ?[3mwindow?[0m?[2m=?[0m1048576 ?[3mconn?[0m?[2m=?[0m1048422
15:13:27.812 [Thread-5] DEBUG i.pact.plugins.jvm.core.ChildProcess - Plugin protobuf [46348] || ?[2m2023-03-27T09:43:27.810706Z?[0m ?[35mTRACE?[0m tokio-runtime-worker ?[1msend_data?[0m?[1m{?[0m?[3msz?[0m?[2m=?[0m5 ?[3mrequested?[0m?[2m=?[0m1?[1m}?[0m?[2m:?[0m?[1mtry_assign_capacity?[0m?[1m{?[0m?[3mstream.id?[0m?[2m=?[0mStreamId(5)?[1m}?[0m?[2m:?[0m ?[2mh2::proto::streams::prioritize?[0m?[2m:?[0m assigning ?[3mcapacity?[0m?[2m=?[0m4
15:13:27.812 [Thread-5] DEBUG i.pact.plugins.jvm.core.ChildProcess - Plugin protobuf [46348] || ?[2m2023-03-27T09:43:27.810723Z?[0m ?[35mTRACE?[0m tokio-runtime-worker ?[1msend_data?[0m?[1m{?[0m?[3msz?[0m?[2m=?[0m5 ?[3mrequested?[0m?[2m=?[0m1?[1m}?[0m?[2m:?[0m?[1mtry_assign_capacity?[0m?[1m{?[0m?[3mstream.id?[0m?[2m=?[0mStreamId(5)?[1m}?[0m?[2m:?[0m ?[2mh2::proto::streams::stream?[0m?[2m:?[0m   assigned capacity to stream; available=5; buffered=5; id=StreamId(5); max_buffer_size=409600
15:13:27.812 [Thread-5] DEBUG i.pact.plugins.jvm.core.ChildProcess - Plugin protobuf [46348] || ?[2m2023-03-27T09:43:27.810740Z?[0m ?[35mTRACE?[0m tokio-runtime-worker ?[1msend_data?[0m?[1m{?[0m?[3msz?[0m?[2m=?[0m5 ?[3mrequested?[0m?[2m=?[0m1?[1m}?[0m?[2m:?[0m?[1mtry_assign_capacity?[0m?[1m{?[0m?[3mstream.id?[0m?[2m=?[0mStreamId(5)?[1m}?[0m?[2m:?[0m ?[2mh2::proto::streams::prioritize?[0m?[2m:?[0m ?[3mavailable?[0m?[2m=?[0m5 ?[3mrequested?[0m?[2m=?[0m5 ?[3mbuffered?[0m?[2m=?[0m5 ?[3mhas_unavailable?[0m?[2m=?[0mtrue
15:13:27.812 [Thread-5] DEBUG i.pact.plugins.jvm.core.ChildProcess - Plugin protobuf [46348] || ?[2m2023-03-27T09:43:27.810758Z?[0m ?[35mTRACE?[0m tokio-runtime-worker ?[1msend_data?[0m?[1m{?[0m?[3msz?[0m?[2m=?[0m5 ?[3mrequested?[0m?[2m=?[0m1?[1m}?[0m?[2m:?[0m?[1mtry_assign_capacity?[0m?[1m{?[0m?[3mstream.id?[0m?[2m=?[0mStreamId(5)?[1m}?[0m?[2m:?[0m ?[2mh2::proto::streams::store?[0m?[2m:?[0m Queue::push
15:13:27.812 [Thread-5] DEBUG i.pact.plugins.jvm.core.ChildProcess - Plugin protobuf [46348] || ?[2m2023-03-27T09:43:27.810772Z?[0m ?[35mTRACE?[0m tokio-runtime-worker ?[1msend_data?[0m?[1m{?[0m?[3msz?[0m?[2m=?[0m5 ?[3mrequested?[0m?[2m=?[0m1?[1m}?[0m?[2m:?[0m?[1mtry_assign_capacity?[0m?[1m{?[0m?[3mstream.id?[0m?[2m=?[0mStreamId(5)?[1m}?[0m?[2m:?[0m ?[2mh2::proto::streams::store?[0m?[2m:?[0m  -> already queued
15:13:27.813 [Thread-5] DEBUG i.pact.plugins.jvm.core.ChildProcess - Plugin protobuf [46348] || ?[2m2023-03-27T09:43:27.810798Z?[0m ?[35mTRACE?[0m tokio-runtime-worker ?[1msend_data?[0m?[1m{?[0m?[3msz?[0m?[2m=?[0m5 ?[3mrequested?[0m?[2m=?[0m1?[1m}?[0m?[2m:?[0m ?[2mh2::proto::streams::prioritize?[0m?[2m:?[0m ?[3mavailable?[0m?[2m=?[0m5 ?[3mbuffered?[0m?[2m=?[0m5
15:13:27.813 [Thread-5] DEBUG i.pact.plugins.jvm.core.ChildProcess - Plugin protobuf [46348] || ?[2m2023-03-27T09:43:27.810824Z?[0m ?[35mTRACE?[0m tokio-runtime-worker ?[1msend_data?[0m?[1m{?[0m?[3msz?[0m?[2m=?[0m5 ?[3mrequested?[0m?[2m=?[0m1?[1m}?[0m?[2m:?[0m?[1mPrioritize::queue_frame?[0m?[1m{?[0m?[3mstream.id?[0m?[2m=?[0mStreamId(5)?[1m}?[0m?[2m:?[0m ?[2mh2::proto::streams::prioritize?[0m?[2m:?[0m schedule_send ?[3mstream.id?[0m?[2m=?[0mStreamId(5)
15:13:27.813 [Thread-5] DEBUG i.pact.plugins.jvm.core.ChildProcess - Plugin protobuf [46348] || ?[2m2023-03-27T09:43:27.810839Z?[0m ?[35mTRACE?[0m tokio-runtime-worker ?[1msend_data?[0m?[1m{?[0m?[3msz?[0m?[2m=?[0m5 ?[3mrequested?[0m?[2m=?[0m1?[1m}?[0m?[2m:?[0m?[1mPrioritize::queue_frame?[0m?[1m{?[0m?[3mstream.id?[0m?[2m=?[0mStreamId(5)?[1m}?[0m?[2m:?[0m ?[2mh2::proto::streams::store?[0m?[2m:?[0m Queue::push
15:13:27.813 [Thread-5] DEBUG i.pact.plugins.jvm.core.ChildProcess - Plugin protobuf [46348] || ?[2m2023-03-27T09:43:27.811626Z?[0m ?[35mTRACE?[0m tokio-runtime-worker ?[1msend_data?[0m?[1m{?[0m?[3msz?[0m?[2m=?[0m5 ?[3mrequested?[0m?[2m=?[0m1?[1m}?[0m?[2m:?[0m?[1mPrioritize::queue_frame?[0m?[1m{?[0m?[3mstream.id?[0m?[2m=?[0mStreamId(5)?[1m}?[0m?[2m:?[0m ?[2mh2::proto::streams::store?[0m?[2m:?[0m  -> already queued
15:13:27.813 [Thread-5] DEBUG i.pact.plugins.jvm.core.ChildProcess - Plugin protobuf [46348] || ?[2m2023-03-27T09:43:27.811673Z?[0m ?[35mTRACE?[0m tokio-runtime-worker ?[2mh2::proto::streams::counts?[0m?[2m:?[0m transition_after; stream=StreamId(5); state=State { inner: HalfClosedRemote(Streaming) }; is_closed=false; pending_send_empty=false; buffered_send_data=5; num_recv=1; num_send=0
15:13:27.813 [Thread-5] DEBUG i.pact.plugins.jvm.core.ChildProcess - Plugin protobuf [46348] || ?[2m2023-03-27T09:43:27.811740Z?[0m ?[35mTRACE?[0m tokio-runtime-worker ?[1mreserve_capacity?[0m?[1m{?[0m?[3mstream.id?[0m?[2m=?[0mStreamId(5) ?[3mrequested?[0m?[2m=?[0m1 ?[3meffective?[0m?[2m=?[0m6 ?[3mcurr?[0m?[2m=?[0m5?[1m}?[0m?[2m:?[0m?[1mtry_assign_capacity?[0m?[1m{?[0m?[3mstream.id?[0m?[2m=?[0mStreamId(5)?[1m}?[0m?[2m:?[0m ?[2mh2::proto::streams::prioritize?[0m?[2m:?[0m ?[3mrequested?[0m?[2m=?[0m6 ?[3madditional?[0m?[2m=?[0m1 ?[3mbuffered?[0m?[2m=?[0m5 ?[3mwindow?[0m?[2m=?[0m1048576 ?[3mconn?[0m?[2m=?[0m1048418
15:13:27.813 [Thread-5] DEBUG i.pact.plugins.jvm.core.ChildProcess - Plugin protobuf [46348] || ?[2m2023-03-27T09:43:27.811763Z?[0m ?[35mTRACE?[0m tokio-runtime-worker ?[1mreserve_capacity?[0m?[1m{?[0m?[3mstream.id?[0m?[2m=?[0mStreamId(5) ?[3mrequested?[0m?[2m=?[0m1 ?[3meffective?[0m?[2m=?[0m6 ?[3mcurr?[0m?[2m=?[0m5?[1m}?[0m?[2m:?[0m?[1mtry_assign_capacity?[0m?[1m{?[0m?[3mstream.id?[0m?[2m=?[0mStreamId(5)?[1m}?[0m?[2m:?[0m ?[2mh2::proto::streams::prioritize?[0m?[2m:?[0m assigning ?[3mcapacity?[0m?[2m=?[0m1
15:13:27.813 [Thread-5] DEBUG i.pact.plugins.jvm.core.ChildProcess - Plugin protobuf [46348] || ?[2m2023-03-27T09:43:27.811780Z?[0m ?[35mTRACE?[0m tokio-runtime-worker ?[1mreserve_capacity?[0m?[1m{?[0m?[3mstream.id?[0m?[2m=?[0mStreamId(5) ?[3mrequested?[0m?[2m=?[0m1 ?[3meffective?[0m?[2m=?[0m6 ?[3mcurr?[0m?[2m=?[0m5?[1m}?[0m?[2m:?[0m?[1mtry_assign_capacity?[0m?[1m{?[0m?[3mstream.id?[0m?[2m=?[0mStreamId(5)?[1m}?[0m?[2m:?[0m ?[2mh2::proto::streams::stream?[0m?[2m:?[0m   assigned capacity to stream; available=6; buffered=5; id=StreamId(5); max_buffer_size=409600
15:13:27.813 [Thread-5] DEBUG i.pact.plugins.jvm.core.ChildProcess - Plugin protobuf [46348] || ?[2m2023-03-27T09:43:27.811799Z?[0m ?[35mTRACE?[0m tokio-runtime-worker ?[1mreserve_capacity?[0m?[1m{?[0m?[3mstream.id?[0m?[2m=?[0mStreamId(5) ?[3mrequested?[0m?[2m=?[0m1 ?[3meffective?[0m?[2m=?[0m6 ?[3mcurr?[0m?[2m=?[0m5?[1m}?[0m?[2m:?[0m?[1mtry_assign_capacity?[0m?[1m{?[0m?[3mstream.id?[0m?[2m=?[0mStreamId(5)?[1m}?[0m?[2m:?[0m ?[2mh2::proto::streams::stream?[0m?[2m:?[0m   notifying task
15:13:27.813 [Thread-5] DEBUG i.pact.plugins.jvm.core.ChildProcess - Plugin protobuf [46348] || ?[2m2023-03-27T09:43:27.811815Z?[0m ?[35mTRACE?[0m tokio-runtime-worker ?[1mreserve_capacity?[0m?[1m{?[0m?[3mstream.id?[0m?[2m=?[0mStreamId(5) ?[3mrequested?[0m?[2m=?[0m1 ?[3meffective?[0m?[2m=?[0m6 ?[3mcurr?[0m?[2m=?[0m5?[1m}?[0m?[2m:?[0m?[1mtry_assign_capacity?[0m?[1m{?[0m?[3mstream.id?[0m?[2m=?[0mStreamId(5)?[1m}?[0m?[2m:?[0m ?[2mh2::proto::streams::prioritize?[0m?[2m:?[0m ?[3mavailable?[0m?[2m=?[0m6 ?[3mrequested?[0m?[2m=?[0m6 ?[3mbuffered?[0m?[2m=?[0m5 ?[3mhas_unavailable?[0m?[2m=?[0mtrue
15:13:27.813 [Thread-5] DEBUG i.pact.plugins.jvm.core.ChildProcess - Plugin protobuf [46348] || ?[2m2023-03-27T09:43:27.811835Z?[0m ?[35mTRACE?[0m tokio-runtime-worker ?[1mreserve_capacity?[0m?[1m{?[0m?[3mstream.id?[0m?[2m=?[0mStreamId(5) ?[3mrequested?[0m?[2m=?[0m1 ?[3meffective?[0m?[2m=?[0m6 ?[3mcurr?[0m?[2m=?[0m5?[1m}?[0m?[2m:?[0m?[1mtry_assign_capacity?[0m?[1m{?[0m?[3mstream.id?[0m?[2m=?[0mStreamId(5)?[1m}?[0m?[2m:?[0m ?[2mh2::proto::streams::store?[0m?[2m:?[0m Queue::push
15:13:27.814 [grpc-nio-worker-ELG-1-2] DEBUG io.grpc.netty.NettyClientHandler - [id: 0x9e25d4de, L:/0:0:0:0:0:0:0:1:54373 - R:/0:0:0:0:0:0:0:1:54371] INBOUND HEADERS: streamId=5 headers=GrpcHttp2ResponseHeaders[:status: 200, content-type: application/grpc, date: Mon, 27 Mar 2023 09:43:27 GMT] padding=0 endStream=false
15:13:27.814 [Thread-5] DEBUG i.pact.plugins.jvm.core.ChildProcess - Plugin protobuf [46348] || ?[2m2023-03-27T09:43:27.811852Z?[0m ?[35mTRACE?[0m tokio-runtime-worker ?[1mreserve_capacity?[0m?[1m{?[0m?[3mstream.id?[0m?[2m=?[0mStreamId(5) ?[3mrequested?[0m?[2m=?[0m1 ?[3meffective?[0m?[2m=?[0m6 ?[3mcurr?[0m?[2m=?[0m5?[1m}?[0m?[2m:?[0m?[1mtry_assign_capacity?[0m?[1m{?[0m?[3mstream.id?[0m?[2m=?[0mStreamId(5)?[1m}?[0m?[2m:?[0m ?[2mh2::proto::streams::store?[0m?[2m:?[0m  -> already queued
15:13:27.815 [Thread-5] DEBUG i.pact.plugins.jvm.core.ChildProcess - Plugin protobuf [46348] || ?[2m2023-03-27T09:43:27.811937Z?[0m ?[34mDEBUG?[0m tokio-runtime-worker ?[1mrequest?[0m?[1m{?[0m?[3mmethod?[0m?[2m=?[0mPOST ?[3muri?[0m?[2m=?[0mhttp://[::1]:54371/io.pact.plugin.PactPlugin/UpdateCatalogue ?[3mversion?[0m?[2m=?[0mHTTP/2.0 ?[3mheaders?[0m?[2m=?[0m{"content-type": "application/grpc", "te": "trailers", "user-agent": "grpc-java-netty/1.49.0", "grpc-accept-encoding": "gzip", "authorization": Sensitive}?[1m}?[0m?[2m:?[0m ?[2mtower_http::trace::on_eos?[0m?[2m:?[0m end of stream ?[3mstream_duration?[0m?[2m=?[0m3 ms ?[3mstatus?[0m?[2m=?[0m0
15:13:27.815 [Thread-5] DEBUG i.pact.plugins.jvm.core.ChildProcess - Plugin protobuf [46348] || ?[2m2023-03-27T09:43:27.812089Z?[0m ?[35mTRACE?[0m tokio-runtime-worker ?[2mh2::proto::streams::state?[0m?[2m:?[0m send_close: HalfClosedRemote => Closed
15:13:27.815 [Thread-5] DEBUG i.pact.plugins.jvm.core.ChildProcess - Plugin protobuf [46348] || ?[2m2023-03-27T09:43:27.812106Z?[0m ?[35mTRACE?[0m tokio-runtime-worker ?[2mh2::proto::streams::send?[0m?[2m:?[0m send_trailers -- queuing; frame=Headers { stream_id: StreamId(5), flags: (0x5: END_HEADERS | END_STREAM) }
15:13:27.815 [Thread-5] DEBUG i.pact.plugins.jvm.core.ChildProcess - Plugin protobuf [46348] || ?[2m2023-03-27T09:43:27.812141Z?[0m ?[35mTRACE?[0m tokio-runtime-worker ?[1mPrioritize::queue_frame?[0m?[1m{?[0m?[3mstream.id?[0m?[2m=?[0mStreamId(5)?[1m}?[0m?[2m:?[0m ?[2mh2::proto::streams::prioritize?[0m?[2m:?[0m schedule_send ?[3mstream.id?[0m?[2m=?[0mStreamId(5)
15:13:27.815 [Thread-5] DEBUG i.pact.plugins.jvm.core.ChildProcess - Plugin protobuf [46348] || ?[2m2023-03-27T09:43:27.812163Z?[0m ?[35mTRACE?[0m tokio-runtime-worker ?[1mPrioritize::queue_frame?[0m?[1m{?[0m?[3mstream.id?[0m?[2m=?[0mStreamId(5)?[1m}?[0m?[2m:?[0m ?[2mh2::proto::streams::store?[0m?[2m:?[0m Queue::push
15:13:27.815 [Thread-5] DEBUG i.pact.plugins.jvm.core.ChildProcess - Plugin protobuf [46348] || ?[2m2023-03-27T09:43:27.812177Z?[0m ?[35mTRACE?[0m tokio-runtime-worker ?[1mPrioritize::queue_frame?[0m?[1m{?[0m?[3mstream.id?[0m?[2m=?[0mStreamId(5)?[1m}?[0m?[2m:?[0m ?[2mh2::proto::streams::store?[0m?[2m:?[0m  -> already queued
15:13:27.815 [Thread-5] DEBUG i.pact.plugins.jvm.core.ChildProcess - Plugin protobuf [46348] || ?[2m2023-03-27T09:43:27.812226Z?[0m ?[35mTRACE?[0m tokio-runtime-worker ?[2mh2::proto::streams::counts?[0m?[2m:?[0m transition_after; stream=StreamId(5); state=State { inner: Closed(EndStream) }; is_closed=false; pending_send_empty=false; buffered_send_data=5; num_recv=1; num_send=0
15:13:27.815 [Thread-5] DEBUG i.pact.plugins.jvm.core.ChildProcess - Plugin protobuf [46348] || ?[2m2023-03-27T09:43:27.812247Z?[0m ?[35mTRACE?[0m tokio-runtime-worker ?[2mh2::proto::streams::streams?[0m?[2m:?[0m drop_stream_ref; stream=Stream { id: StreamId(5), state: State { inner: Closed(EndStream) }, is_counted: true, ref_count: 2, next_pending_send: None, is_pending_send: true, send_flow: FlowControl { window_size: Window(1048576), available: Window(5) }, requested_send_capacity: 5, buffered_send_data: 5, send_task: Some(Waker { data: 0x60000282c000, vtable: 0x102fab458 }), pending_send: Deque { indices: Some(Indices { head: 2, tail: 0 }) }, next_pending_send_capacity: None, is_pending_send_capacity: false, send_capacity_inc: true, next_open: None, is_pending_open: false, is_pending_push: false, next_pending_accept: None, is_pending_accept: false, recv_flow: FlowControl { window_size: Window(1048423), available: Window(1048576) }, in_flight_recv_data: 0, next_window_update: None, is_pending_window_update: false, reset_at: None, next_reset_expire: None, pending_recv: Deque { indices: None }, recv_task: None, pending_push_promises: Queue { indices: None, _p: PhantomData }, content_length: Omitted }
15:13:27.815 [Thread-5] DEBUG i.pact.plugins.jvm.core.ChildProcess - Plugin protobuf [46348] || ?[2m2023-03-27T09:43:27.812296Z?[0m ?[35mTRACE?[0m tokio-runtime-worker ?[2mh2::proto::streams::counts?[0m?[2m:?[0m transition_after; stream=StreamId(5); state=State { inner: Closed(EndStream) }; is_closed=false; pending_send_empty=false; buffered_send_data=5; num_recv=1; num_send=0
15:13:27.815 [Thread-5] DEBUG i.pact.plugins.jvm.core.ChildProcess - Plugin protobuf [46348] || ?[2m2023-03-27T09:43:27.812311Z?[0m ?[35mTRACE?[0m tokio-runtime-worker ?[2mh2::proto::streams::streams?[0m?[2m:?[0m drop_stream_ref; stream=Stream { id: StreamId(5), state: State { inner: Closed(EndStream) }, is_counted: true, ref_count: 1, next_pending_send: None, is_pending_send: true, send_flow: FlowControl { window_size: Window(1048576), available: Window(5) }, requested_send_capacity: 5, buffered_send_data: 5, send_task: Some(Waker { data: 0x60000282c000, vtable: 0x102fab458 }), pending_send: Deque { indices: Some(Indices { head: 2, tail: 0 }) }, next_pending_send_capacity: None, is_pending_send_capacity: false, send_capacity_inc: true, next_open: None, is_pending_open: false, is_pending_push: false, next_pending_accept: None, is_pending_accept: false, recv_flow: FlowControl { window_size: Window(1048423), available: Window(1048576) }, in_flight_recv_data: 0, next_window_update: None, is_pending_window_update: false, reset_at: None, next_reset_expire: None, pending_recv: Deque { indices: None }, recv_task: None, pending_push_promises: Queue { indices: None, _p: PhantomData }, content_length: Omitted }
15:13:27.815 [Thread-5] DEBUG i.pact.plugins.jvm.core.ChildProcess - Plugin protobuf [46348] || ?[2m2023-03-27T09:43:27.812339Z?[0m ?[35mTRACE?[0m tokio-runtime-worker ?[2mh2::proto::streams::counts?[0m?[2m:?[0m transition_after; stream=StreamId(5); state=State { inner: Closed(EndStream) }; is_closed=false; pending_send_empty=false; buffered_send_data=5; num_recv=1; num_send=0
15:13:27.815 [Thread-5] DEBUG i.pact.plugins.jvm.core.ChildProcess - Plugin protobuf [46348] || ?[2m2023-03-27T09:43:27.812384Z?[0m ?[35mTRACE?[0m tokio-runtime-worker ?[1mserver_handshake?[0m?[2m:?[0m?[1mConnection?[0m?[1m{?[0m?[3mpeer?[0m?[2m=?[0mServer?[1m}?[0m?[2m:?[0m?[1mpoll?[0m?[2m:?[0m ?[2mh2::proto::connection?[0m?[2m:?[0m ?[3mconnection.state?[0m?[2m=?[0mOpen
15:13:27.815 [Thread-5] DEBUG i.pact.plugins.jvm.core.ChildProcess - Plugin protobuf [46348] || ?[2m2023-03-27T09:43:27.812429Z?[0m ?[35mTRACE?[0m tokio-runtime-worker ?[1mserver_handshake?[0m?[2m:?[0m?[1mConnection?[0m?[1m{?[0m?[3mpeer?[0m?[2m=?[0mServer?[1m}?[0m?[2m:?[0m?[1mpoll?[0m?[2m:?[0m?[1mFramedRead::poll_next?[0m?[2m:?[0m ?[2mh2::codec::framed_read?[0m?[2m:?[0m poll
15:13:27.815 [Thread-5] DEBUG i.pact.plugins.jvm.core.ChildProcess - Plugin protobuf [46348] || ?[2m2023-03-27T09:43:27.812502Z?[0m ?[35mTRACE?[0m tokio-runtime-worker ?[1mserver_handshake?[0m?[2m:?[0m?[1mConnection?[0m?[1m{?[0m?[3mpeer?[0m?[2m=?[0mServer?[1m}?[0m?[2m:?[0m?[1mpoll?[0m?[2m:?[0m ?[2mh2::proto::streams::prioritize?[0m?[2m:?[0m poll_complete
15:13:27.816 [Thread-5] DEBUG i.pact.plugins.jvm.core.ChildProcess - Plugin protobuf [46348] || ?[2m2023-03-27T09:43:27.812524Z?[0m ?[35mTRACE?[0m tokio-runtime-worker ?[1mserver_handshake?[0m?[2m:?[0m?[1mConnection?[0m?[1m{?[0m?[3mpeer?[0m?[2m=?[0mServer?[1m}?[0m?[2m:?[0m?[1mpoll?[0m?[2m:?[0m ?[2mh2::proto::streams::prioritize?[0m?[2m:?[0m schedule_pending_open
15:13:27.816 [Thread-5] DEBUG i.pact.plugins.jvm.core.ChildProcess - Plugin protobuf [46348] || ?[2m2023-03-27T09:43:27.812558Z?[0m ?[35mTRACE?[0m tokio-runtime-worker ?[1mserver_handshake?[0m?[2m:?[0m?[1mConnection?[0m?[1m{?[0m?[3mpeer?[0m?[2m=?[0mServer?[1m}?[0m?[2m:?[0m?[1mpoll?[0m?[2m:?[0m?[1mpop_frame?[0m?[2m:?[0m?[1mpopped?[0m?[1m{?[0m?[3mstream.id?[0m?[2m=?[0mStreamId(5) ?[3mstream.state?[0m?[2m=?[0mState { inner: Closed(EndStream) }?[1m}?[0m?[2m:?[0m ?[2mh2::proto::streams::prioritize?[0m?[2m:?[0m ?[3mis_pending_reset?[0m?[2m=?[0mfalse
15:13:27.816 [Thread-5] DEBUG i.pact.plugins.jvm.core.ChildProcess - Plugin protobuf [46348] || ?[2m2023-03-27T09:43:27.812579Z?[0m ?[35mTRACE?[0m tokio-runtime-worker ?[1mserver_handshake?[0m?[2m:?[0m?[1mConnection?[0m?[1m{?[0m?[3mpeer?[0m?[2m=?[0mServer?[1m}?[0m?[2m:?[0m?[1mpoll?[0m?[2m:?[0m?[1mpop_frame?[0m?[2m:?[0m?[1mpopped?[0m?[1m{?[0m?[3mstream.id?[0m?[2m=?[0mStreamId(5) ?[3mstream.state?[0m?[2m=?[0mState { inner: Closed(EndStream) }?[1m}?[0m?[2m:?[0m ?[2mh2::proto::streams::prioritize?[0m?[2m:?[0m pop_frame; frame=Headers { stream_id: StreamId(5), flags: (0x4: END_HEADERS) }
15:13:27.816 [Thread-5] DEBUG i.pact.plugins.jvm.core.ChildProcess - Plugin protobuf [46348] || ?[2m2023-03-27T09:43:27.812601Z?[0m ?[35mTRACE?[0m tokio-runtime-worker ?[1mserver_handshake?[0m?[2m:?[0m?[1mConnection?[0m?[1m{?[0m?[3mpeer?[0m?[2m=?[0mServer?[1m}?[0m?[2m:?[0m?[1mpoll?[0m?[2m:?[0m?[1mpop_frame?[0m?[2m:?[0m?[1mpopped?[0m?[1m{?[0m?[3mstream.id?[0m?[2m=?[0mStreamId(5) ?[3mstream.state?[0m?[2m=?[0mState { inner: Closed(EndStream) }?[1m}?[0m?[2m:?[0m ?[2mh2::proto::streams::store?[0m?[2m:?[0m Queue::push
15:13:27.816 [Thread-5] DEBUG i.pact.plugins.jvm.core.ChildProcess - Plugin protobuf [46348] || ?[2m2023-03-27T09:43:27.812622Z?[0m ?[35mTRACE?[0m tokio-runtime-worker ?[1mserver_handshake?[0m?[2m:?[0m?[1mConnection?[0m?[1m{?[0m?[3mpeer?[0m?[2m=?[0mServer?[1m}?[0m?[2m:?[0m?[1mpoll?[0m?[2m:?[0m?[1mpop_frame?[0m?[2m:?[0m?[1mpopped?[0m?[1m{?[0m?[3mstream.id?[0m?[2m=?[0mStreamId(5) ?[3mstream.state?[0m?[2m=?[0mState { inner: Closed(EndStream) }?[1m}?[0m?[2m:?[0m ?[2mh2::proto::streams::store?[0m?[2m:?[0m  -> first entry
15:13:27.816 [Thread-5] DEBUG i.pact.plugins.jvm.core.ChildProcess - Plugin protobuf [46348] || ?[2m2023-03-27T09:43:27.812640Z?[0m ?[35mTRACE?[0m tokio-runtime-worker ?[1mserver_handshake?[0m?[2m:?[0m?[1mConnection?[0m?[1m{?[0m?[3mpeer?[0m?[2m=?[0mServer?[1m}?[0m?[2m:?[0m?[1mpoll?[0m?[2m:?[0m?[1mpop_frame?[0m?[2m:?[0m?[1mpopped?[0m?[1m{?[0m?[3mstream.id?[0m?[2m=?[0mStreamId(5) ?[3mstream.state?[0m?[2m=?[0mState { inner: Closed(EndStream) }?[1m}?[0m?[2m:?[0m ?[2mh2::proto::streams::counts?[0m?[2m:?[0m transition_after; stream=StreamId(5); state=State { inner: Closed(EndStream) }; is_closed=false; pending_send_empty=false; buffered_send_data=5; num_recv=1; num_send=0
15:13:27.816 [Thread-5] DEBUG i.pact.plugins.jvm.core.ChildProcess - Plugin protobuf [46348] || ?[2m2023-03-27T09:43:27.812682Z?[0m ?[35mTRACE?[0m tokio-runtime-worker ?[1mserver_handshake?[0m?[2m:?[0m?[1mConnection?[0m?[1m{?[0m?[3mpeer?[0m?[2m=?[0mServer?[1m}?[0m?[2m:?[0m?[1mpoll?[0m?[2m:?[0m ?[2mh2::proto::streams::prioritize?[0m?[2m:?[0m writing ?[3mframe?[0m?[2m=?[0mHeaders { stream_id: StreamId(5), flags: (0x4: END_HEADERS) }
15:13:27.816 [Thread-5] DEBUG i.pact.plugins.jvm.core.ChildProcess - Plugin protobuf [46348] || ?[2m2023-03-27T09:43:27.812818Z?[0m ?[34mDEBUG?[0m tokio-runtime-worker ?[1mserver_handshake?[0m?[2m:?[0m?[1mConnection?[0m?[1m{?[0m?[3mpeer?[0m?[2m=?[0mServer?[1m}?[0m?[2m:?[0m?[1mpoll?[0m?[2m:?[0m?[1mFramedWrite::buffer?[0m?[1m{?[0m?[3mframe?[0m?[2m=?[0mHeaders { stream_id: StreamId(5), flags: (0x4: END_HEADERS) }?[1m}?[0m?[2m:?[0m ?[2mh2::codec::framed_write?[0m?[2m:?[0m send ?[3mframe?[0m?[2m=?[0mHeaders { stream_id: StreamId(5), flags: (0x4: END_HEADERS) }
15:13:27.816 [Thread-5] DEBUG i.pact.plugins.jvm.core.ChildProcess - Plugin protobuf [46348] || ?[2m2023-03-27T09:43:27.812899Z?[0m ?[35mTRACE?[0m tokio-runtime-worker ?[1mserver_handshake?[0m?[2m:?[0m?[1mConnection?[0m?[1m{?[0m?[3mpeer?[0m?[2m=?[0mServer?[1m}?[0m?[2m:?[0m?[1mpoll?[0m?[2m:?[0m ?[2mh2::proto::streams::prioritize?[0m?[2m:?[0m schedule_pending_open
15:13:27.816 [Thread-5] DEBUG i.pact.plugins.jvm.core.ChildProcess - Plugin protobuf [46348] || ?[2m2023-03-27T09:43:27.812936Z?[0m ?[35mTRACE?[0m tokio-runtime-worker ?[1mserver_handshake?[0m?[2m:?[0m?[1mConnection?[0m?[1m{?[0m?[3mpeer?[0m?[2m=?[0mServer?[1m}?[0m?[2m:?[0m?[1mpoll?[0m?[2m:?[0m?[1mpop_frame?[0m?[2m:?[0m?[1mpopped?[0m?[1m{?[0m?[3mstream.id?[0m?[2m=?[0mStreamId(5) ?[3mstream.state?[0m?[2m=?[0mState { inner: Closed(EndStream) }?[1m}?[0m?[2m:?[0m ?[2mh2::proto::streams::prioritize?[0m?[2m:?[0m ?[3mis_pending_reset?[0m?[2m=?[0mfalse
15:13:27.816 [Thread-5] DEBUG i.pact.plugins.jvm.core.ChildProcess - Plugin protobuf [46348] || ?[2m2023-03-27T09:43:27.812960Z?[0m ?[35mTRACE?[0m tokio-runtime-worker ?[1mserver_handshake?[0m?[2m:?[0m?[1mConnection?[0m?[1m{?[0m?[3mpeer?[0m?[2m=?[0mServer?[1m}?[0m?[2m:?[0m?[1mpoll?[0m?[2m:?[0m?[1mpop_frame?[0m?[2m:?[0m?[1mpopped?[0m?[1m{?[0m?[3mstream.id?[0m?[2m=?[0mStreamId(5) ?[3mstream.state?[0m?[2m=?[0mState { inner: Closed(EndStream) }?[1m}?[0m?[2m:?[0m ?[2mh2::proto::streams::prioritize?[0m?[2m:?[0m data frame ?[3msz?[0m?[2m=?[0m5 ?[3meos?[0m?[2m=?[0mfalse ?[3mwindow?[0m?[2m=?[0m5 ?[3mavailable?[0m?[2m=?[0m5 ?[3mrequested?[0m?[2m=?[0m5 ?[3mbuffered?[0m?[2m=?[0m5
15:13:27.817 [grpc-nio-worker-ELG-1-2] DEBUG io.grpc.netty.NettyClientHandler - [id: 0x9e25d4de, L:/0:0:0:0:0:0:0:1:54373 - R:/0:0:0:0:0:0:0:1:54371] INBOUND DATA: streamId=5 padding=0 endStream=false length=5 bytes=0000000000
15:13:27.817 [Thread-5] DEBUG i.pact.plugins.jvm.core.ChildProcess - Plugin protobuf [46348] || ?[2m2023-03-27T09:43:27.812984Z?[0m ?[35mTRACE?[0m tokio-runtime-worker ?[1mserver_handshake?[0m?[2m:?[0m?[1mConnection?[0m?[1m{?[0m?[3mpeer?[0m?[2m=?[0mServer?[1m}?[0m?[2m:?[0m?[1mpoll?[0m?[2m:?[0m?[1mpop_frame?[0m?[2m:?[0m?[1mpopped?[0m?[1m{?[0m?[3mstream.id?[0m?[2m=?[0mStreamId(5) ?[3mstream.state?[0m?[2m=?[0mState { inner: Closed(EndStream) }?[1m}?[0m?[2m:?[0m ?[2mh2::proto::streams::prioritize?[0m?[2m:?[0m sending data frame ?[3mlen?[0m?[2m=?[0m5
15:13:27.817 [Thread-5] DEBUG i.pact.plugins.jvm.core.ChildProcess - Plugin protobuf [46348] || ?[2m2023-03-27T09:43:27.813009Z?[0m ?[35mTRACE?[0m tokio-runtime-worker ?[1mserver_handshake?[0m?[2m:?[0m?[1mConnection?[0m?[1m{?[0m?[3mpeer?[0m?[2m=?[0mServer?[1m}?[0m?[2m:?[0m?[1mpoll?[0m?[2m:?[0m?[1mpop_frame?[0m?[2m:?[0m?[1mpopped?[0m?[1m{?[0m?[3mstream.id?[0m?[2m=?[0mStreamId(5) ?[3mstream.state?[0m?[2m=?[0mState { inner: Closed(EndStream) }?[1m}?[0m?[2m:?[0m?[1mupdating stream flow?[0m?[2m:?[0m ?[2mh2::proto::streams::flow_control?[0m?[2m:?[0m send_data; sz=5; window=1048576; available=5
15:13:27.818 [grpc-nio-worker-ELG-1-2] DEBUG io.grpc.netty.NettyClientHandler - [id: 0x9e25d4de, L:/0:0:0:0:0:0:0:1:54373 - R:/0:0:0:0:0:0:0:1:54371] OUTBOUND PING: ack=false bytes=1234
15:13:27.818 [grpc-nio-worker-ELG-1-2] DEBUG io.grpc.netty.NettyClientHandler - [id: 0x9e25d4de, L:/0:0:0:0:0:0:0:1:54373 - R:/0:0:0:0:0:0:0:1:54371] INBOUND HEADERS: streamId=5 headers=GrpcHttp2ResponseHeaders[grpc-status: 0] padding=0 endStream=true
15:13:27.818 [Thread-5] DEBUG i.pact.plugins.jvm.core.ChildProcess - Plugin protobuf [46348] || ?[2m2023-03-27T09:43:27.813049Z?[0m ?[35mTRACE?[0m tokio-runtime-worker ?[1mserver_handshake?[0m?[2m:?[0m?[1mConnection?[0m?[1m{?[0m?[3mpeer?[0m?[2m=?[0mServer?[1m}?[0m?[2m:?[0m?[1mpoll?[0m?[2m:?[0m?[1mpop_frame?[0m?[2m:?[0m?[1mpopped?[0m?[1m{?[0m?[3mstream.id?[0m?[2m=?[0mStreamId(5) ?[3mstream.state?[0m?[2m=?[0mState { inner: Closed(EndStream) }?[1m}?[0m?[2m:?[0m?[1mupdating connection flow?[0m?[2m:?[0m ?[2mh2::proto::streams::flow_control?[0m?[2m:?[0m send_data; sz=5; window=1048423; available=1048423
15:13:27.820 [Thread-5] DEBUG i.pact.plugins.jvm.core.ChildProcess - Plugin protobuf [46348] || ?[2m2023-03-27T09:43:27.813075Z?[0m ?[35mTRACE?[0m tokio-runtime-worker ?[1mserver_handshake?[0m?[2m:?[0m?[1mConnection?[0m?[1m{?[0m?[3mpeer?[0m?[2m=?[0mServer?[1m}?[0m?[2m:?[0m?[1mpoll?[0m?[2m:?[0m?[1mpop_frame?[0m?[2m:?[0m?[1mpopped?[0m?[1m{?[0m?[3mstream.id?[0m?[2m=?[0mStreamId(5) ?[3mstream.state?[0m?[2m=?[0mState { inner: Closed(EndStream) }?[1m}?[0m?[2m:?[0m ?[2mh2::proto::streams::prioritize?[0m?[2m:?[0m pop_frame; frame=Data { stream_id: StreamId(5) }
15:13:27.820 [Thread-5] DEBUG i.pact.plugins.jvm.core.ChildProcess - Plugin protobuf [46348] || ?[2m2023-03-27T09:43:27.813093Z?[0m ?[35mTRACE?[0m tokio-runtime-worker ?[1mserver_handshake?[0m?[2m:?[0m?[1mConnection?[0m?[1m{?[0m?[3mpeer?[0m?[2m=?[0mServer?[1m}?[0m?[2m:?[0m?[1mpoll?[0m?[2m:?[0m?[1mpop_frame?[0m?[2m:?[0m?[1mpopped?[0m?[1m{?[0m?[3mstream.id?[0m?[2m=?[0mStreamId(5) ?[3mstream.state?[0m?[2m=?[0mState { inner: Closed(EndStream) }?[1m}?[0m?[2m:?[0m ?[2mh2::proto::streams::store?[0m?[2m:?[0m Queue::push
15:13:27.820 [Thread-5] DEBUG i.pact.plugins.jvm.core.ChildProcess - Plugin protobuf [46348] || ?[2m2023-03-27T09:43:27.813114Z?[0m ?[35mTRACE?[0m tokio-runtime-worker ?[1mserver_handshake?[0m?[2m:?[0m?[1mConnection?[0m?[1m{?[0m?[3mpeer?[0m?[2m=?[0mServer?[1m}?[0m?[2m:?[0m?[1mpoll?[0m?[2m:?[0m?[1mpop_frame?[0m?[2m:?[0m?[1mpopped?[0m?[1m{?[0m?[3mstream.id?[0m?[2m=?[0mStreamId(5) ?[3mstream.state?[0m?[2m=?[0mState { inner: Closed(EndStream) }?[1m}?[0m?[2m:?[0m ?[2mh2::proto::streams::store?[0m?[2m:?[0m  -> first entry
15:13:27.820 [Thread-5] DEBUG i.pact.plugins.jvm.core.ChildProcess - Plugin protobuf [46348] || ?[2m2023-03-27T09:43:27.813130Z?[0m ?[35mTRACE?[0m tokio-runtime-worker ?[1mserver_handshake?[0m?[2m:?[0m?[1mConnection?[0m?[1m{?[0m?[3mpeer?[0m?[2m=?[0mServer?[1m}?[0m?[2m:?[0m?[1mpoll?[0m?[2m:?[0m?[1mpop_frame?[0m?[2m:?[0m?[1mpopped?[0m?[1m{?[0m?[3mstream.id?[0m?[2m=?[0mStreamId(5) ?[3mstream.state?[0m?[2m=?[0mState { inner: Closed(EndStream) }?[1m}?[0m?[2m:?[0m ?[2mh2::proto::streams::counts?[0m?[2m:?[0m transition_after; stream=StreamId(5); state=State { inner: Closed(EndStream) }; is_closed=false; pending_send_empty=false; buffered_send_data=0; num_recv=1; num_send=0
15:13:27.820 [Thread-5] DEBUG i.pact.plugins.jvm.core.ChildProcess - Plugin protobuf [46348] || ?[2m2023-03-27T09:43:27.813167Z?[0m ?[35mTRACE?[0m tokio-runtime-worker ?[1mserver_handshake?[0m?[2m:?[0m?[1mConnection?[0m?[1m{?[0m?[3mpeer?[0m?[2m=?[0mServer?[1m}?[0m?[2m:?[0m?[1mpoll?[0m?[2m:?[0m ?[2mh2::proto::streams::prioritize?[0m?[2m:?[0m writing ?[3mframe?[0m?[2m=?[0mData { stream_id: StreamId(5) }
15:13:27.820 [Thread-5] DEBUG i.pact.plugins.jvm.core.ChildProcess - Plugin protobuf [46348] || ?[2m2023-03-27T09:43:27.813195Z?[0m ?[34mDEBUG?[0m tokio-runtime-worker ?[1mserver_handshake?[0m?[2m:?[0m?[1mConnection?[0m?[1m{?[0m?[3mpeer?[0m?[2m=?[0mServer?[1m}?[0m?[2m:?[0m?[1mpoll?[0m?[2m:?[0m?[1mFramedWrite::buffer?[0m?[1m{?[0m?[3mframe?[0m?[2m=?[0mData { stream_id: StreamId(5) }?[1m}?[0m?[2m:?[0m ?[2mh2::codec::framed_write?[0m?[2m:?[0m send ?[3mframe?[0m?[2m=?[0mData { stream_id: StreamId(5) }
15:13:27.820 [Thread-5] DEBUG i.pact.plugins.jvm.core.ChildProcess - Plugin protobuf [46348] || ?[2m2023-03-27T09:43:27.813227Z?[0m ?[35mTRACE?[0m tokio-runtime-worker ?[1mserver_handshake?[0m?[2m:?[0m?[1mConnection?[0m?[1m{?[0m?[3mpeer?[0m?[2m=?[0mServer?[1m}?[0m?[2m:?[0m?[1mpoll?[0m?[2m:?[0m?[1mtry_reclaim_frame?[0m?[2m:?[0m ?[2mh2::proto::streams::prioritize?[0m?[2m:?[0m reclaimed ?[3mframe?[0m?[2m=?[0mData { stream_id: StreamId(5) } ?[3msz?[0m?[2m=?[0m0
15:13:27.820 [Thread-5] DEBUG i.pact.plugins.jvm.core.ChildProcess - Plugin protobuf [46348] || ?[2m2023-03-27T09:43:27.813256Z?[0m ?[35mTRACE?[0m tokio-runtime-worker ?[1mserver_handshake?[0m?[2m:?[0m?[1mConnection?[0m?[1m{?[0m?[3mpeer?[0m?[2m=?[0mServer?[1m}?[0m?[2m:?[0m?[1mpoll?[0m?[2m:?[0m ?[2mh2::proto::streams::prioritize?[0m?[2m:?[0m schedule_pending_open
15:13:27.820 [Thread-5] DEBUG i.pact.plugins.jvm.core.ChildProcess - Plugin protobuf [46348] || ?[2m2023-03-27T09:43:27.813288Z?[0m ?[35mTRACE?[0m tokio-runtime-worker ?[1mserver_handshake?[0m?[2m:?[0m?[1mConnection?[0m?[1m{?[0m?[3mpeer?[0m?[2m=?[0mServer?[1m}?[0m?[2m:?[0m?[1mpoll?[0m?[2m:?[0m?[1mpop_frame?[0m?[2m:?[0m?[1mpopped?[0m?[1m{?[0m?[3mstream.id?[0m?[2m=?[0mStreamId(5) ?[3mstream.state?[0m?[2m=?[0mState { inner: Closed(EndStream) }?[1m}?[0m?[2m:?[0m ?[2mh2::proto::streams::prioritize?[0m?[2m:?[0m ?[3mis_pending_reset?[0m?[2m=?[0mfalse
15:13:27.820 [Thread-5] DEBUG i.pact.plugins.jvm.core.ChildProcess - Plugin protobuf [46348] || ?[2m2023-03-27T09:43:27.813304Z?[0m ?[35mTRACE?[0m tokio-runtime-worker ?[1mserver_handshake?[0m?[2m:?[0m?[1mConnection?[0m?[1m{?[0m?[3mpeer?[0m?[2m=?[0mServer?[1m}?[0m?[2m:?[0m?[1mpoll?[0m?[2m:?[0m?[1mpop_frame?[0m?[2m:?[0m?[1mpopped?[0m?[1m{?[0m?[3mstream.id?[0m?[2m=?[0mStreamId(5) ?[3mstream.state?[0m?[2m=?[0mState { inner: Closed(EndStream) }?[1m}?[0m?[2m:?[0m ?[2mh2::proto::streams::prioritize?[0m?[2m:?[0m pop_frame; frame=Headers { stream_id: StreamId(5), flags: (0x5: END_HEADERS | END_STREAM) }
15:13:27.821 [Thread-5] DEBUG i.pact.plugins.jvm.core.ChildProcess - Plugin protobuf [46348] || ?[2m2023-03-27T09:43:27.813324Z?[0m ?[35mTRACE?[0m tokio-runtime-worker ?[1mserver_handshake?[0m?[2m:?[0m?[1mConnection?[0m?[1m{?[0m?[3mpeer?[0m?[2m=?[0mServer?[1m}?[0m?[2m:?[0m?[1mpoll?[0m?[2m:?[0m?[1mpop_frame?[0m?[2m:?[0m?[1mpopped?[0m?[1m{?[0m?[3mstream.id?[0m?[2m=?[0mStreamId(5) ?[3mstream.state?[0m?[2m=?[0mState { inner: Closed(EndStream) }?[1m}?[0m?[2m:?[0m ?[2mh2::proto::streams::counts?[0m?[2m:?[0m transition_after; stream=StreamId(5); state=State { inner: Closed(EndStream) }; is_closed=true; pending_send_empty=true; buffered_send_data=0; num_recv=1; num_send=0
15:13:27.832 [grpc-nio-worker-ELG-1-2] DEBUG io.grpc.netty.NettyClientHandler - [id: 0x9e25d4de, L:/0:0:0:0:0:0:0:1:54373 - R:/0:0:0:0:0:0:0:1:54371] INBOUND PING: ack=true bytes=1234
15:13:27.832 [Thread-5] DEBUG i.pact.plugins.jvm.core.ChildProcess - Plugin protobuf [46348] || ?[2m2023-03-27T09:43:27.813348Z?[0m ?[35mTRACE?[0m tokio-runtime-worker ?[1mserver_handshake?[0m?[2m:?[0m?[1mConnection?[0m?[1m{?[0m?[3mpeer?[0m?[2m=?[0mServer?[1m}?[0m?[2m:?[0m?[1mpoll?[0m?[2m:?[0m?[1mpop_frame?[0m?[2m:?[0m?[1mpopped?[0m?[1m{?[0m?[3mstream.id?[0m?[2m=?[0mStreamId(5) ?[3mstream.state?[0m?[2m=?[0mState { inner: Closed(EndStream) }?[1m}?[0m?[2m:?[0m ?[2mh2::proto::streams::counts?[0m?[2m:?[0m dec_num_streams; stream=StreamId(5)
15:13:27.833 [Thread-5] DEBUG i.pact.plugins.jvm.core.ChildProcess - Plugin protobuf [46348] || ?[2m2023-03-27T09:43:27.813379Z?[0m ?[35mTRACE?[0m tokio-runtime-worker ?[1mserver_handshake?[0m?[2m:?[0m?[1mConnection?[0m?[1m{?[0m?[3mpeer?[0m?[2m=?[0mServer?[1m}?[0m?[2m:?[0m?[1mpoll?[0m?[2m:?[0m ?[2mh2::proto::streams::prioritize?[0m?[2m:?[0m writing ?[3mframe?[0m?[2m=?[0mHeaders { stream_id: StreamId(5), flags: (0x5: END_HEADERS | END_STREAM) }
15:13:27.833 [Thread-5] DEBUG i.pact.plugins.jvm.core.ChildProcess - Plugin protobuf [46348] || ?[2m2023-03-27T09:43:27.813413Z?[0m ?[34mDEBUG?[0m tokio-runtime-worker ?[1mserver_handshake?[0m?[2m:?[0m?[1mConnection?[0m?[1m{?[0m?[3mpeer?[0m?[2m=?[0mServer?[1m}?[0m?[2m:?[0m?[1mpoll?[0m?[2m:?[0m?[1mFramedWrite::buffer?[0m?[1m{?[0m?[3mframe?[0m?[2m=?[0mHeaders { stream_id: StreamId(5), flags: (0x5: END_HEADERS | END_STREAM) }?[1m}?[0m?[2m:?[0m ?[2mh2::codec::framed_write?[0m?[2m:?[0m send ?[3mframe?[0m?[2m=?[0mHeaders { stream_id: StreamId(5), flags: (0x5: END_HEADERS | END_STREAM) }
15:13:27.833 [Thread-5] DEBUG i.pact.plugins.jvm.core.ChildProcess - Plugin protobuf [46348] || ?[2m2023-03-27T09:43:27.813472Z?[0m ?[35mTRACE?[0m tokio-runtime-worker ?[1mserver_handshake?[0m?[2m:?[0m?[1mConnection?[0m?[1m{?[0m?[3mpeer?[0m?[2m=?[0mServer?[1m}?[0m?[2m:?[0m?[1mpoll?[0m?[2m:?[0m ?[2mh2::proto::streams::prioritize?[0m?[2m:?[0m schedule_pending_open
15:13:27.833 [Thread-5] DEBUG i.pact.plugins.jvm.core.ChildProcess - Plugin protobuf [46348] || ?[2m2023-03-27T09:43:27.813509Z?[0m ?[35mTRACE?[0m tokio-runtime-worker ?[1mserver_handshake?[0m?[2m:?[0m?[1mConnection?[0m?[1m{?[0m?[3mpeer?[0m?[2m=?[0mServer?[1m}?[0m?[2m:?[0m?[1mpoll?[0m?[2m:?[0m?[1mFramedWrite::flush?[0m?[2m:?[0m ?[2mh2::codec::framed_write?[0m?[2m:?[0m ?[3mqueued_data_frame?[0m?[2m=?[0mfalse
15:13:27.833 [Thread-5] DEBUG i.pact.plugins.jvm.core.ChildProcess - Plugin protobuf [46348] || ?[2m2023-03-27T09:43:27.813550Z?[0m ?[35mTRACE?[0m tokio-runtime-worker ?[1mserver_handshake?[0m?[2m:?[0m?[1mConnection?[0m?[1m{?[0m?[3mpeer?[0m?[2m=?[0mServer?[1m}?[0m?[2m:?[0m?[1mpoll?[0m?[2m:?[0m?[1mFramedWrite::flush?[0m?[2m:?[0m ?[2mh2::codec::framed_write?[0m?[2m:?[0m flushing buffer
15:13:27.833 [Thread-5] DEBUG i.pact.plugins.jvm.core.ChildProcess - Plugin protobuf [46348] || ?[2m2023-03-27T09:43:27.820840Z?[0m ?[35mTRACE?[0m tokio-runtime-worker ?[1mserver_handshake?[0m?[2m:?[0m?[1mConnection?[0m?[1m{?[0m?[3mpeer?[0m?[2m=?[0mServer?[1m}?[0m?[2m:?[0m?[1mpoll?[0m?[2m:?[0m ?[2mh2::proto::connection?[0m?[2m:?[0m ?[3mconnection.state?[0m?[2m=?[0mOpen
15:13:27.833 [Thread-5] DEBUG i.pact.plugins.jvm.core.ChildProcess - Plugin protobuf [46348] || ?[2m2023-03-27T09:43:27.820905Z?[0m ?[35mTRACE?[0m tokio-runtime-worker ?[1mserver_handshake?[0m?[2m:?[0m?[1mConnection?[0m?[1m{?[0m?[3mpeer?[0m?[2m=?[0mServer?[1m}?[0m?[2m:?[0m?[1mpoll?[0m?[2m:?[0m?[1mFramedRead::poll_next?[0m?[2m:?[0m ?[2mh2::codec::framed_read?[0m?[2m:?[0m poll
15:13:27.833 [Thread-5] DEBUG i.pact.plugins.jvm.core.ChildProcess - Plugin protobuf [46348] || ?[2m2023-03-27T09:43:27.821148Z?[0m ?[35mTRACE?[0m tokio-runtime-worker ?[1mserver_handshake?[0m?[2m:?[0m?[1mConnection?[0m?[1m{?[0m?[3mpeer?[0m?[2m=?[0mServer?[1m}?[0m?[2m:?[0m?[1mpoll?[0m?[2m:?[0m?[1mFramedRead::poll_next?[0m?[2m:?[0m ?[2mtokio_util::codec::framed_impl?[0m?[2m:?[0m attempting to decode a frame
15:13:27.834 [Thread-5] DEBUG i.pact.plugins.jvm.core.ChildProcess - Plugin protobuf [46348] || ?[2m2023-03-27T09:43:27.821178Z?[0m ?[35mTRACE?[0m tokio-runtime-worker ?[1mserver_handshake?[0m?[2m:?[0m?[1mConnection?[0m?[1m{?[0m?[3mpeer?[0m?[2m=?[0mServer?[1m}?[0m?[2m:?[0m?[1mpoll?[0m?[2m:?[0m?[1mFramedRead::poll_next?[0m?[2m:?[0m ?[2mtokio_util::codec::framed_impl?[0m?[2m:?[0m frame decoded from buffer
15:13:27.834 [Thread-5] DEBUG i.pact.plugins.jvm.core.ChildProcess - Plugin protobuf [46348] || ?[2m2023-03-27T09:43:27.821196Z?[0m ?[35mTRACE?[0m tokio-runtime-worker ?[1mserver_handshake?[0m?[2m:?[0m?[1mConnection?[0m?[1m{?[0m?[3mpeer?[0m?[2m=?[0mServer?[1m}?[0m?[2m:?[0m?[1mpoll?[0m?[2m:?[0m?[1mFramedRead::poll_next?[0m?[2m:?[0m ?[2mh2::codec::framed_read?[0m?[2m:?[0m ?[3mread.bytes?[0m?[2m=?[0m17
15:13:27.834 [Thread-5] DEBUG i.pact.plugins.jvm.core.ChildProcess - Plugin protobuf [46348] || ?[2m2023-03-27T09:43:27.821227Z?[0m ?[35mTRACE?[0m tokio-runtime-worker ?[1mserver_handshake?[0m?[2m:?[0m?[1mConnection?[0m?[1m{?[0m?[3mpeer?[0m?[2m=?[0mServer?[1m}?[0m?[2m:?[0m?[1mpoll?[0m?[2m:?[0m?[1mFramedRead::poll_next?[0m?[2m:?[0m?[1mFramedRead::decode_frame?[0m?[1m{?[0m?[3moffset?[0m?[2m=?[0m17?[1m}?[0m?[2m:?[0m ?[2mh2::codec::framed_read?[0m?[2m:?[0m decoding frame from 17B
15:13:27.834 [Thread-5] DEBUG i.pact.plugins.jvm.core.ChildProcess - Plugin protobuf [46348] || ?[2m2023-03-27T09:43:27.821246Z?[0m ?[35mTRACE?[0m tokio-runtime-worker ?[1mserver_handshake?[0m?[2m:?[0m?[1mConnection?[0m?[1m{?[0m?[3mpeer?[0m?[2m=?[0mServer?[1m}?[0m?[2m:?[0m?[1mpoll?[0m?[2m:?[0m?[1mFramedRead::poll_next?[0m?[2m:?[0m?[1mFramedRead::decode_frame?[0m?[1m{?[0m?[3moffset?[0m?[2m=?[0m17?[1m}?[0m?[2m:?[0m ?[2mh2::codec::framed_read?[0m?[2m:?[0m ?[3mframe.kind?[0m?[2m=?[0mPing
15:13:27.834 [Thread-5] DEBUG i.pact.plugins.jvm.core.ChildProcess - Plugin protobuf [46348] || ?[2m2023-03-27T09:43:27.821279Z?[0m ?[34mDEBUG?[0m tokio-runtime-worker ?[1mserver_handshake?[0m?[2m:?[0m?[1mConnection?[0m?[1m{?[0m?[3mpeer?[0m?[2m=?[0mServer?[1m}?[0m?[2m:?[0m?[1mpoll?[0m?[2m:?[0m?[1mFramedRead::poll_next?[0m?[2m:?[0m ?[2mh2::codec::framed_read?[0m?[2m:?[0m received ?[3mframe?[0m?[2m=?[0mPing { ack: false, payload: [0, 0, 0, 0, 0, 0, 4, 210] }
15:13:27.835 [Thread-5] DEBUG i.pact.plugins.jvm.core.ChildProcess - Plugin protobuf [46348] || ?[2m2023-03-27T09:43:27.821352Z?[0m ?[35mTRACE?[0m tokio-runtime-worker ?[1mserver_handshake?[0m?[2m:?[0m?[1mConnection?[0m?[1m{?[0m?[3mpeer?[0m?[2m=?[0mServer?[1m}?[0m?[2m:?[0m?[1mpoll?[0m?[2m:?[0m ?[2mh2::proto::connection?[0m?[2m:?[0m recv PING ?[3mframe?[0m?[2m=?[0mPing { ack: false, payload: [0, 0, 0, 0, 0, 0, 4, 210] }
15:13:27.835 [Thread-5] DEBUG i.pact.plugins.jvm.core.ChildProcess - Plugin protobuf [46348] || ?[2m2023-03-27T09:43:27.821397Z?[0m ?[34mDEBUG?[0m tokio-runtime-worker ?[1mserver_handshake?[0m?[2m:?[0m?[1mConnection?[0m?[1m{?[0m?[3mpeer?[0m?[2m=?[0mServer?[1m}?[0m?[2m:?[0m?[1mpoll?[0m?[2m:?[0m?[1mpoll_ready?[0m?[2m:?[0m?[1mFramedWrite::buffer?[0m?[1m{?[0m?[3mframe?[0m?[2m=?[0mPing { ack: true, payload: [0, 0, 0, 0, 0, 0, 4, 210] }?[1m}?[0m?[2m:?[0m ?[2mh2::codec::framed_write?[0m?[2m:?[0m send ?[3mframe?[0m?[2m=?[0mPing { ack: true, payload: [0, 0, 0, 0, 0, 0, 4, 210] }
15:13:27.835 [Thread-5] DEBUG i.pact.plugins.jvm.core.ChildProcess - Plugin protobuf [46348] || ?[2m2023-03-27T09:43:27.821421Z?[0m ?[35mTRACE?[0m tokio-runtime-worker ?[1mserver_handshake?[0m?[2m:?[0m?[1mConnection?[0m?[1m{?[0m?[3mpeer?[0m?[2m=?[0mServer?[1m}?[0m?[2m:?[0m?[1mpoll?[0m?[2m:?[0m?[1mpoll_ready?[0m?[2m:?[0m?[1mFramedWrite::buffer?[0m?[1m{?[0m?[3mframe?[0m?[2m=?[0mPing { ack: true, payload: [0, 0, 0, 0, 0, 0, 4, 210] }?[1m}?[0m?[2m:?[0m ?[2mh2::frame::ping?[0m?[2m:?[0m encoding PING; ack=true len=8
15:13:27.835 [Thread-5] DEBUG i.pact.plugins.jvm.core.ChildProcess - Plugin protobuf [46348] || ?[2m2023-03-27T09:43:27.821439Z?[0m ?[35mTRACE?[0m tokio-runtime-worker ?[1mserver_handshake?[0m?[2m:?[0m?[1mConnection?[0m?[1m{?[0m?[3mpeer?[0m?[2m=?[0mServer?[1m}?[0m?[2m:?[0m?[1mpoll?[0m?[2m:?[0m?[1mpoll_ready?[0m?[2m:?[0m?[1mFramedWrite::buffer?[0m?[1m{?[0m?[3mframe?[0m?[2m=?[0mPing { ack: true, payload: [0, 0, 0, 0, 0, 0, 4, 210] }?[1m}?[0m?[2m:?[0m ?[2mh2::codec::framed_write?[0m?[2m:?[0m encoded ping ?[3mrem?[0m?[2m=?[0m17
15:13:27.835 [Thread-5] DEBUG i.pact.plugins.jvm.core.ChildProcess - Plugin protobuf [46348] || ?[2m2023-03-27T09:43:27.821480Z?[0m ?[35mTRACE?[0m tokio-runtime-worker ?[1mserver_handshake?[0m?[2m:?[0m?[1mConnection?[0m?[1m{?[0m?[3mpeer?[0m?[2m=?[0mServer?[1m}?[0m?[2m:?[0m?[1mpoll?[0m?[2m:?[0m?[1mFramedRead::poll_next?[0m?[2m:?[0m ?[2mh2::codec::framed_read?[0m?[2m:?[0m poll
15:13:27.836 [Thread-5] DEBUG i.pact.plugins.jvm.core.ChildProcess - Plugin protobuf [46348] || ?[2m2023-03-27T09:43:27.821497Z?[0m ?[35mTRACE?[0m tokio-runtime-worker ?[1mserver_handshake?[0m?[2m:?[0m?[1mConnection?[0m?[1m{?[0m?[3mpeer?[0m?[2m=?[0mServer?[1m}?[0m?[2m:?[0m?[1mpoll?[0m?[2m:?[0m?[1mFramedRead::poll_next?[0m?[2m:?[0m ?[2mtokio_util::codec::framed_impl?[0m?[2m:?[0m attempting to decode a frame
15:13:27.836 [Thread-5] DEBUG i.pact.plugins.jvm.core.ChildProcess - Plugin protobuf [46348] || ?[2m2023-03-27T09:43:27.821544Z?[0m ?[35mTRACE?[0m tokio-runtime-worker ?[1mserver_handshake?[0m?[2m:?[0m?[1mConnection?[0m?[1m{?[0m?[3mpeer?[0m?[2m=?[0mServer?[1m}?[0m?[2m:?[0m?[1mpoll?[0m?[2m:?[0m ?[2mh2::proto::streams::prioritize?[0m?[2m:?[0m poll_complete
15:13:27.836 [Thread-5] DEBUG i.pact.plugins.jvm.core.ChildProcess - Plugin protobuf [46348] || ?[2m2023-03-27T09:43:27.821560Z?[0m ?[35mTRACE?[0m tokio-runtime-worker ?[1mserver_handshake?[0m?[2m:?[0m?[1mConnection?[0m?[1m{?[0m?[3mpeer?[0m?[2m=?[0mServer?[1m}?[0m?[2m:?[0m?[1mpoll?[0m?[2m:?[0m ?[2mh2::proto::streams::prioritize?[0m?[2m:?[0m schedule_pending_open
15:13:27.836 [Thread-5] DEBUG i.pact.plugins.jvm.core.ChildProcess - Plugin protobuf [46348] || ?[2m2023-03-27T09:43:27.821608Z?[0m ?[35mTRACE?[0m tokio-runtime-worker ?[1mserver_handshake?[0m?[2m:?[0m?[1mConnection?[0m?[1m{?[0m?[3mpeer?[0m?[2m=?[0mServer?[1m}?[0m?[2m:?[0m?[1mpoll?[0m?[2m:?[0m?[1mFramedWrite::flush?[0m?[2m:?[0m ?[2mh2::codec::framed_write?[0m?[2m:?[0m ?[3mqueued_data_frame?[0m?[2m=?[0mfalse
15:13:27.836 [Thread-5] DEBUG i.pact.plugins.jvm.core.ChildProcess - Plugin protobuf [46348] || ?[2m2023-03-27T09:43:27.821671Z?[0m ?[35mTRACE?[0m tokio-runtime-worker ?[1mserver_handshake?[0m?[2m:?[0m?[1mConnection?[0m?[1m{?[0m?[3mpeer?[0m?[2m=?[0mServer?[1m}?[0m?[2m:?[0m?[1mpoll?[0m?[2m:?[0m?[1mFramedWrite::flush?[0m?[2m:?[0m ?[2mh2::codec::framed_write?[0m?[2m:?[0m flushing buffer

Verifying a pact between grpc-consumer-jvm and area-calculator-provider
  [Using File /Users/karthik/Downloads/pact-plugins-main/examples/protobuf/protobuf-consumer-jvm/build/resources/test/pacts/grpc-consumer-jvm-area-calculator-provider.json]
  calculate rectangle area request

  Test Name: io.pact.example.grpc.consumer.PactConsumerTest.calculateRectangleArea(MockServer, SynchronousMessages)

15:13:28.104 [Test worker] DEBUG i.p.p.jvm.core.DefaultPluginManager - Sending prepareValidationForInteraction request to plugin DefaultPactPluginManifest(pluginDir=/Users/karthik/.pact/plugins/protobuf-0.1.5, pluginInterfaceVersion=1, name=protobuf, version=0.1.5, executableType=exec, minimumRequiredVersion=null, entryPoint=pact-protobuf-plugin, entryPoints={}, args=[], dependencies=[])
15:13:28.111 [grpc-nio-worker-ELG-1-2] DEBUG io.grpc.netty.NettyClientHandler - [id: 0x9e25d4de, L:/0:0:0:0:0:0:0:1:54373 - R:/0:0:0:0:0:0:0:1:54371] OUTBOUND HEADERS: streamId=7 headers=GrpcHttp2OutboundHeaders[:authority: [::1]:54371, :path: /io.pact.plugin.PactPlugin/PrepareInteractionForVerification, :method: POST, :scheme: http, content-type: application/grpc, te: trailers, user-agent: grpc-java-netty/1.49.0, grpc-accept-encoding: gzip, authorization: 76890bd5-a20d-4c00-9cad-333e5317f474] streamDependency=0 weight=16 exclusive=false padding=0 endStream=false
15:13:28.112 [grpc-nio-worker-ELG-1-2] DEBUG io.grpc.netty.NettyClientHandler - [id: 0x9e25d4de, L:/0:0:0:0:0:0:0:1:54373 - R:/0:0:0:0:0:0:0:1:54371] OUTBOUND DATA: streamId=7 padding=0 endStream=true length=4875 bytes=00000013060aba257b0a202022636f6e73756d6572223a207b0a20202020226e616d65223a2022677270632d636f6e73756d65722d6a766d220a20207d2c0a20...
15:13:28.114 [Thread-5] DEBUG i.pact.plugins.jvm.core.ChildProcess - Plugin protobuf [46348] || ?[2m2023-03-27T09:43:28.113602Z?[0m ?[35mTRACE?[0m tokio-runtime-worker ?[1mserver_handshake?[0m?[2m:?[0m?[1mConnection?[0m?[1m{?[0m?[3mpeer?[0m?[2m=?[0mServer?[1m}?[0m?[2m:?[0m?[1mpoll?[0m?[2m:?[0m ?[2mh2::proto::connection?[0m?[2m:?[0m ?[3mconnection.state?[0m?[2m=?[0mOpen
15:13:28.114 [Thread-5] DEBUG i.pact.plugins.jvm.core.ChildProcess - Plugin protobuf [46348] || ?[2m2023-03-27T09:43:28.113679Z?[0m ?[35mTRACE?[0m tokio-runtime-worker ?[1mserver_handshake?[0m?[2m:?[0m?[1mConnection?[0m?[1m{?[0m?[3mpeer?[0m?[2m=?[0mServer?[1m}?[0m?[2m:?[0m?[1mpoll?[0m?[2m:?[0m?[1mFramedRead::poll_next?[0m?[2m:?[0m ?[2mh2::codec::framed_read?[0m?[2m:?[0m poll
15:13:28.114 [Thread-5] DEBUG i.pact.plugins.jvm.core.ChildProcess - Plugin protobuf [46348] || ?[2m2023-03-27T09:43:28.113718Z?[0m ?[35mTRACE?[0m tokio-runtime-worker ?[1mserver_handshake?[0m?[2m:?[0m?[1mConnection?[0m?[1m{?[0m?[3mpeer?[0m?[2m=?[0mServer?[1m}?[0m?[2m:?[0m?[1mpoll?[0m?[2m:?[0m?[1mFramedRead::poll_next?[0m?[2m:?[0m ?[2mtokio_util::codec::framed_impl?[0m?[2m:?[0m attempting to decode a frame
15:13:28.114 [Thread-5] DEBUG i.pact.plugins.jvm.core.ChildProcess - Plugin protobuf [46348] || ?[2m2023-03-27T09:43:28.113738Z?[0m ?[35mTRACE?[0m tokio-runtime-worker ?[1mserver_handshake?[0m?[2m:?[0m?[1mConnection?[0m?[1m{?[0m?[3mpeer?[0m?[2m=?[0mServer?[1m}?[0m?[2m:?[0m?[1mpoll?[0m?[2m:?[0m?[1mFramedRead::poll_next?[0m?[2m:?[0m ?[2mtokio_util::codec::framed_impl?[0m?[2m:?[0m frame decoded from buffer
15:13:28.114 [Thread-5] DEBUG i.pact.plugins.jvm.core.ChildProcess - Plugin protobuf [46348] || ?[2m2023-03-27T09:43:28.113752Z?[0m ?[35mTRACE?[0m tokio-runtime-worker ?[1mserver_handshake?[0m?[2m:?[0m?[1mConnection?[0m?[1m{?[0m?[3mpeer?[0m?[2m=?[0mServer?[1m}?[0m?[2m:?[0m?[1mpoll?[0m?[2m:?[0m?[1mFramedRead::poll_next?[0m?[2m:?[0m ?[2mh2::codec::framed_read?[0m?[2m:?[0m ?[3mread.bytes?[0m?[2m=?[0m84
15:13:28.114 [Thread-5] DEBUG i.pact.plugins.jvm.core.ChildProcess - Plugin protobuf [46348] || ?[2m2023-03-27T09:43:28.113777Z?[0m ?[35mTRACE?[0m tokio-runtime-worker ?[1mserver_handshake?[0m?[2m:?[0m?[1mConnection?[0m?[1m{?[0m?[3mpeer?[0m?[2m=?[0mServer?[1m}?[0m?[2m:?[0m?[1mpoll?[0m?[2m:?[0m?[1mFramedRead::poll_next?[0m?[2m:?[0m?[1mFramedRead::decode_frame?[0m?[1m{?[0m?[3moffset?[0m?[2m=?[0m84?[1m}?[0m?[2m:?[0m ?[2mh2::codec::framed_read?[0m?[2m:?[0m decoding frame from 84B
15:13:28.115 [Thread-5] DEBUG i.pact.plugins.jvm.core.ChildProcess - Plugin protobuf [46348] || ?[2m2023-03-27T09:43:28.113792Z?[0m ?[35mTRACE?[0m tokio-runtime-worker ?[1mserver_handshake?[0m?[2m:?[0m?[1mConnection?[0m?[1m{?[0m?[3mpeer?[0m?[2m=?[0mServer?[1m}?[0m?[2m:?[0m?[1mpoll?[0m?[2m:?[0m?[1mFramedRead::poll_next?[0m?[2m:?[0m?[1mFramedRead::decode_frame?[0m?[1m{?[0m?[3moffset?[0m?[2m=?[0m84?[1m}?[0m?[2m:?[0m ?[2mh2::codec::framed_read?[0m?[2m:?[0m ?[3mframe.kind?[0m?[2m=?[0mHeaders
15:13:28.115 [Thread-5] DEBUG i.pact.plugins.jvm.core.ChildProcess - Plugin protobuf [46348] || ?[2m2023-03-27T09:43:28.113810Z?[0m ?[35mTRACE?[0m tokio-runtime-worker ?[1mserver_handshake?[0m?[2m:?[0m?[1mConnection?[0m?[1m{?[0m?[3mpeer?[0m?[2m=?[0mServer?[1m}?[0m?[2m:?[0m?[1mpoll?[0m?[2m:?[0m?[1mFramedRead::poll_next?[0m?[2m:?[0m?[1mFramedRead::decode_frame?[0m?[1m{?[0m?[3moffset?[0m?[2m=?[0m84?[1m}?[0m?[2m:?[0m ?[2mh2::frame::headers?[0m?[2m:?[0m loading headers; flags=(0x24: END_HEADERS | PRIORITY)
15:13:28.115 [Thread-5] DEBUG i.pact.plugins.jvm.core.ChildProcess - Plugin protobuf [46348] || ?[2m2023-03-27T09:43:28.113843Z?[0m ?[35mTRACE?[0m tokio-runtime-worker ?[1mserver_handshake?[0m?[2m:?[0m?[1mConnection?[0m?[1m{?[0m?[3mpeer?[0m?[2m=?[0mServer?[1m}?[0m?[2m:?[0m?[1mpoll?[0m?[2m:?[0m?[1mFramedRead::poll_next?[0m?[2m:?[0m?[1mFramedRead::decode_frame?[0m?[1m{?[0m?[3moffset?[0m?[2m=?[0m84?[1m}?[0m?[2m:?[0m?[1mhpack::decode?[0m?[2m:?[0m ?[2mh2::hpack::decoder?[0m?[2m:?[0m decode
15:13:28.115 [Thread-5] DEBUG i.pact.plugins.jvm.core.ChildProcess - Plugin protobuf [46348] || ?[2m2023-03-27T09:43:28.113858Z?[0m ?[35mTRACE?[0m tokio-runtime-worker ?[1mserver_handshake?[0m?[2m:?[0m?[1mConnection?[0m?[1m{?[0m?[3mpeer?[0m?[2m=?[0mServer?[1m}?[0m?[2m:?[0m?[1mpoll?[0m?[2m:?[0m?[1mFramedRead::poll_next?[0m?[2m:?[0m?[1mFramedRead::decode_frame?[0m?[1m{?[0m?[3moffset?[0m?[2m=?[0m84?[1m}?[0m?[2m:?[0m?[1mhpack::decode?[0m?[2m:?[0m ?[2mh2::hpack::decoder?[0m?[2m:?[0m ?[3mrem?[0m?[2m=?[0m70 ?[3mkind?[0m?[2m=?[0mIndexed
15:13:28.115 [Thread-5] DEBUG i.pact.plugins.jvm.core.ChildProcess - Plugin protobuf [46348] || ?[2m2023-03-27T09:43:28.113880Z?[0m ?[35mTRACE?[0m tokio-runtime-worker ?[1mserver_handshake?[0m?[2m:?[0m?[1mConnection?[0m?[1m{?[0m?[3mpeer?[0m?[2m=?[0mServer?[1m}?[0m?[2m:?[0m?[1mpoll?[0m?[2m:?[0m?[1mFramedRead::poll_next?[0m?[2m:?[0m?[1mFramedRead::decode_frame?[0m?[1m{?[0m?[3moffset?[0m?[2m=?[0m84?[1m}?[0m?[2m:?[0m?[1mhpack::decode?[0m?[2m:?[0m ?[2mh2::hpack::decoder?[0m?[2m:?[0m ?[3mrem?[0m?[2m=?[0m69 ?[3mkind?[0m?[2m=?[0mLiteralWithIndexing
15:13:28.115 [Thread-5] DEBUG i.pact.plugins.jvm.core.ChildProcess - Plugin protobuf [46348] || ?[2m2023-03-27T09:43:28.113900Z?[0m ?[35mTRACE?[0m tokio-runtime-worker ?[1mserver_handshake?[0m?[2m:?[0m?[1mConnection?[0m?[1m{?[0m?[3mpeer?[0m?[2m=?[0mServer?[1m}?[0m?[2m:?[0m?[1mpoll?[0m?[2m:?[0m?[1mFramedRead::poll_next?[0m?[2m:?[0m?[1mFramedRead::decode_frame?[0m?[1m{?[0m?[3moffset?[0m?[2m=?[0m84?[1m}?[0m?[2m:?[0m?[1mhpack::decode?[0m?[2m:?[0m ?[2mh2::hpack::decoder?[0m?[2m:?[0m ?[3mrem?[0m?[2m=?[0m7 ?[3mkind?[0m?[2m=?[0mIndexed
15:13:28.115 [Thread-5] DEBUG i.pact.plugins.jvm.core.ChildProcess - Plugin protobuf [46348] || ?[2m2023-03-27T09:43:28.113918Z?[0m ?[35mTRACE?[0m tokio-runtime-worker ?[1mserver_handshake?[0m?[2m:?[0m?[1mConnection?[0m?[1m{?[0m?[3mpeer?[0m?[2m=?[0mServer?[1m}?[0m?[2m:?[0m?[1mpoll?[0m?[2m:?[0m?[1mFramedRead::poll_next?[0m?[2m:?[0m?[1mFramedRead::decode_frame?[0m?[1m{?[0m?[3moffset?[0m?[2m=?[0m84?[1m}?[0m?[2m:?[0m?[1mhpack::decode?[0m?[2m:?[0m ?[2mh2::hpack::decoder?[0m?[2m:?[0m ?[3mrem?[0m?[2m=?[0m6 ?[3mkind?[0m?[2m=?[0mIndexed
15:13:28.115 [Thread-5] DEBUG i.pact.plugins.jvm.core.ChildProcess - Plugin protobuf [46348] || ?[2m2023-03-27T09:43:28.113935Z?[0m ?[35mTRACE?[0m tokio-runtime-worker ?[1mserver_handshake?[0m?[2m:?[0m?[1mConnection?[0m?[1m{?[0m?[3mpeer?[0m?[2m=?[0mServer?[1m}?[0m?[2m:?[0m?[1mpoll?[0m?[2m:?[0m?[1mFramedRead::poll_next?[0m?[2m:?[0m?[1mFramedRead::decode_frame?[0m?[1m{?[0m?[3moffset?[0m?[2m=?[0m84?[1m}?[0m?[2m:?[0m?[1mhpack::decode?[0m?[2m:?[0m ?[2mh2::hpack::decoder?[0m?[2m:?[0m ?[3mrem?[0m?[2m=?[0m5 ?[3mkind?[0m?[2m=?[0mIndexed
15:13:28.115 [Thread-5] DEBUG i.pact.plugins.jvm.core.ChildProcess - Plugin protobuf [46348] || ?[2m2023-03-27T09:43:28.113961Z?[0m ?[35mTRACE?[0m tokio-runtime-worker ?[1mserver_handshake?[0m?[2m:?[0m?[1mConnection?[0m?[1m{?[0m?[3mpeer?[0m?[2m=?[0mServer?[1m}?[0m?[2m:?[0m?[1mpoll?[0m?[2m:?[0m?[1mFramedRead::poll_next?[0m?[2m:?[0m?[1mFramedRead::decode_frame?[0m?[1m{?[0m?[3moffset?[0m?[2m=?[0m84?[1m}?[0m?[2m:?[0m?[1mhpack::decode?[0m?[2m:?[0m ?[2mh2::hpack::decoder?[0m?[2m:?[0m ?[3mrem?[0m?[2m=?[0m4 ?[3mkind?[0m?[2m=?[0mIndexed
15:13:28.115 [Thread-5] DEBUG i.pact.plugins.jvm.core.ChildProcess - Plugin protobuf [46348] || ?[2m2023-03-27T09:43:28.113977Z?[0m ?[35mTRACE?[0m tokio-runtime-worker ?[1mserver_handshake?[0m?[2m:?[0m?[1mConnection?[0m?[1m{?[0m?[3mpeer?[0m?[2m=?[0mServer?[1m}?[0m?[2m:?[0m?[1mpoll?[0m?[2m:?[0m?[1mFramedRead::poll_next?[0m?[2m:?[0m?[1mFramedRead::decode_frame?[0m?[1m{?[0m?[3moffset?[0m?[2m=?[0m84?[1m}?[0m?[2m:?[0m?[1mhpack::decode?[0m?[2m:?[0m ?[2mh2::hpack::decoder?[0m?[2m:?[0m ?[3mrem?[0m?[2m=?[0m3 ?[3mkind?[0m?[2m=?[0mIndexed
15:13:28.115 [Thread-5] DEBUG i.pact.plugins.jvm.core.ChildProcess - Plugin protobuf [46348] || ?[2m2023-03-27T09:43:28.113999Z?[0m ?[35mTRACE?[0m tokio-runtime-worker ?[1mserver_handshake?[0m?[2m:?[0m?[1mConnection?[0m?[1m{?[0m?[3mpeer?[0m?[2m=?[0mServer?[1m}?[0m?[2m:?[0m?[1mpoll?[0m?[2m:?[0m?[1mFramedRead::poll_next?[0m?[2m:?[0m?[1mFramedRead::decode_frame?[0m?[1m{?[0m?[3moffset?[0m?[2m=?[0m84?[1m}?[0m?[2m:?[0m?[1mhpack::decode?[0m?[2m:?[0m ?[2mh2::hpack::decoder?[0m?[2m:?[0m ?[3mrem?[0m?[2m=?[0m2 ?[3mkind?[0m?[2m=?[0mIndexed
15:13:28.116 [Thread-5] DEBUG i.pact.plugins.jvm.core.ChildProcess - Plugin protobuf [46348] || ?[2m2023-03-27T09:43:28.114019Z?[0m ?[35mTRACE?[0m tokio-runtime-worker ?[1mserver_handshake?[0m?[2m:?[0m?[1mConnection?[0m?[1m{?[0m?[3mpeer?[0m?[2m=?[0mServer?[1m}?[0m?[2m:?[0m?[1mpoll?[0m?[2m:?[0m?[1mFramedRead::poll_next?[0m?[2m:?[0m?[1mFramedRead::decode_frame?[0m?[1m{?[0m?[3moffset?[0m?[2m=?[0m84?[1m}?[0m?[2m:?[0m?[1mhpack::decode?[0m?[2m:?[0m ?[2mh2::hpack::decoder?[0m?[2m:?[0m ?[3mrem?[0m?[2m=?[0m1 ?[3mkind?[0m?[2m=?[0mIndexed
15:13:28.116 [Thread-5] DEBUG i.pact.plugins.jvm.core.ChildProcess - Plugin protobuf [46348] || ?[2m2023-03-27T09:43:28.114052Z?[0m ?[34mDEBUG?[0m tokio-runtime-worker ?[1mserver_handshake?[0m?[2m:?[0m?[1mConnection?[0m?[1m{?[0m?[3mpeer?[0m?[2m=?[0mServer?[1m}?[0m?[2m:?[0m?[1mpoll?[0m?[2m:?[0m?[1mFramedRead::poll_next?[0m?[2m:?[0m ?[2mh2::codec::framed_read?[0m?[2m:?[0m received ?[3mframe?[0m?[2m=?[0mHeaders { stream_id: StreamId(7), flags: (0x24: END_HEADERS | PRIORITY), stream_dep: StreamDependency { dependency_id: StreamId(0), weight: 15, is_exclusive: false } }
15:13:28.116 [Thread-5] DEBUG i.pact.plugins.jvm.core.ChildProcess - Plugin protobuf [46348] || ?[2m2023-03-27T09:43:28.114090Z?[0m ?[35mTRACE?[0m tokio-runtime-worker ?[1mserver_handshake?[0m?[2m:?[0m?[1mConnection?[0m?[1m{?[0m?[3mpeer?[0m?[2m=?[0mServer?[1m}?[0m?[2m:?[0m?[1mpoll?[0m?[2m:?[0m ?[2mh2::proto::connection?[0m?[2m:?[0m recv HEADERS ?[3mframe?[0m?[2m=?[0mHeaders { stream_id: StreamId(7), flags: (0x24: END_HEADERS | PRIORITY), stream_dep: StreamDependency { dependency_id: StreamId(0), weight: 15, is_exclusive: false } }
15:13:28.116 [Thread-5] DEBUG i.pact.plugins.jvm.core.ChildProcess - Plugin protobuf [46348] || ?[2m2023-03-27T09:43:28.114117Z?[0m ?[35mTRACE?[0m tokio-runtime-worker ?[1mserver_handshake?[0m?[2m:?[0m?[1mConnection?[0m?[1m{?[0m?[3mpeer?[0m?[2m=?[0mServer?[1m}?[0m?[2m:?[0m?[1mpoll?[0m?[2m:?[0m ?[2mh2::proto::streams::flow_control?[0m?[2m:?[0m inc_window; sz=1048576; old=0; new=1048576
15:13:28.116 [Thread-5] DEBUG i.pact.plugins.jvm.core.ChildProcess - Plugin protobuf [46348] || ?[2m2023-03-27T09:43:28.114133Z?[0m ?[35mTRACE?[0m tokio-runtime-worker ?[1mserver_handshake?[0m?[2m:?[0m?[1mConnection?[0m?[1m{?[0m?[3mpeer?[0m?[2m=?[0mServer?[1m}?[0m?[2m:?[0m?[1mpoll?[0m?[2m:?[0m ?[2mh2::proto::streams::flow_control?[0m?[2m:?[0m inc_window; sz=1048576; old=0; new=1048576
15:13:28.116 [Thread-5] DEBUG i.pact.plugins.jvm.core.ChildProcess - Plugin protobuf [46348] || ?[2m2023-03-27T09:43:28.114149Z?[0m ?[35mTRACE?[0m tokio-runtime-worker ?[1mserver_handshake?[0m?[2m:?[0m?[1mConnection?[0m?[1m{?[0m?[3mpeer?[0m?[2m=?[0mServer?[1m}?[0m?[2m:?[0m?[1mpoll?[0m?[2m:?[0m ?[2mh2::proto::streams::streams?[0m?[2m:?[0m recv_headers; stream=StreamId(7); state=State { inner: Idle }
15:13:28.116 [Thread-5] DEBUG i.pact.plugins.jvm.core.ChildProcess - Plugin protobuf [46348] || ?[2m2023-03-27T09:43:28.114165Z?[0m ?[35mTRACE?[0m tokio-runtime-worker ?[1mserver_handshake?[0m?[2m:?[0m?[1mConnection?[0m?[1m{?[0m?[3mpeer?[0m?[2m=?[0mServer?[1m}?[0m?[2m:?[0m?[1mpoll?[0m?[2m:?[0m ?[2mh2::proto::streams::recv?[0m?[2m:?[0m opening stream; init_window=1048576
15:13:28.116 [Thread-5] DEBUG i.pact.plugins.jvm.core.ChildProcess - Plugin protobuf [46348] || ?[2m2023-03-27T09:43:28.114188Z?[0m ?[35mTRACE?[0m tokio-runtime-worker ?[1mserver_handshake?[0m?[2m:?[0m?[1mConnection?[0m?[1m{?[0m?[3mpeer?[0m?[2m=?[0mServer?[1m}?[0m?[2m:?[0m?[1mpoll?[0m?[2m:?[0m ?[2mh2::proto::streams::store?[0m?[2m:?[0m Queue::push
15:13:28.116 [Thread-5] DEBUG i.pact.plugins.jvm.core.ChildProcess - Plugin protobuf [46348] || ?[2m2023-03-27T09:43:28.114202Z?[0m ?[35mTRACE?[0m tokio-runtime-worker ?[1mserver_handshake?[0m?[2m:?[0m?[1mConnection?[0m?[1m{?[0m?[3mpeer?[0m?[2m=?[0mServer?[1m}?[0m?[2m:?[0m?[1mpoll?[0m?[2m:?[0m ?[2mh2::proto::streams::store?[0m?[2m:?[0m  -> first entry
15:13:28.116 [Thread-5] DEBUG i.pact.plugins.jvm.core.ChildProcess - Plugin protobuf [46348] || ?[2m2023-03-27T09:43:28.114216Z?[0m ?[35mTRACE?[0m tokio-runtime-worker ?[1mserver_handshake?[0m?[2m:?[0m?[1mConnection?[0m?[1m{?[0m?[3mpeer?[0m?[2m=?[0mServer?[1m}?[0m?[2m:?[0m?[1mpoll?[0m?[2m:?[0m ?[2mh2::proto::streams::counts?[0m?[2m:?[0m transition_after; stream=StreamId(7); state=State { inner: Open { local: AwaitingHeaders, remote: Streaming } }; is_closed=false; pending_send_empty=true; buffered_send_data=0; num_recv=1; num_send=0
15:13:28.116 [Thread-5] DEBUG i.pact.plugins.jvm.core.ChildProcess - Plugin protobuf [46348] || ?[2m2023-03-27T09:43:28.114270Z?[0m ?[35mTRACE?[0m tokio-runtime-worker ?[1mserver_handshake?[0m?[2m:?[0m?[1mConnection?[0m?[1m{?[0m?[3mpeer?[0m?[2m=?[0mServer?[1m}?[0m?[2m:?[0m?[1mpoll?[0m?[2m:?[0m?[1mFramedRead::poll_next?[0m?[2m:?[0m ?[2mh2::codec::framed_read?[0m?[2m:?[0m poll
15:13:28.116 [Thread-5] DEBUG i.pact.plugins.jvm.core.ChildProcess - Plugin protobuf [46348] || ?[2m2023-03-27T09:43:28.114285Z?[0m ?[35mTRACE?[0m tokio-runtime-worker ?[1mserver_handshake?[0m?[2m:?[0m?[1mConnection?[0m?[1m{?[0m?[3mpeer?[0m?[2m=?[0mServer?[1m}?[0m?[2m:?[0m?[1mpoll?[0m?[2m:?[0m?[1mFramedRead::poll_next?[0m?[2m:?[0m ?[2mtokio_util::codec::framed_impl?[0m?[2m:?[0m attempting to decode a frame
15:13:28.116 [Thread-5] DEBUG i.pact.plugins.jvm.core.ChildProcess - Plugin protobuf [46348] || ?[2m2023-03-27T09:43:28.114307Z?[0m ?[35mTRACE?[0m tokio-runtime-worker ?[1mserver_handshake?[0m?[2m:?[0m?[1mConnection?[0m?[1m{?[0m?[3mpeer?[0m?[2m=?[0mServer?[1m}?[0m?[2m:?[0m?[1mpoll?[0m?[2m:?[0m?[1mFramedRead::poll_next?[0m?[2m:?[0m ?[2mtokio_util::codec::framed_impl?[0m?[2m:?[0m frame decoded from buffer
15:13:28.116 [Thread-5] DEBUG i.pact.plugins.jvm.core.ChildProcess - Plugin protobuf [46348] || ?[2m2023-03-27T09:43:28.114321Z?[0m ?[35mTRACE?[0m tokio-runtime-worker ?[1mserver_handshake?[0m?[2m:?[0m?[1mConnection?[0m?[1m{?[0m?[3mpeer?[0m?[2m=?[0mServer?[1m}?[0m?[2m:?[0m?[1mpoll?[0m?[2m:?[0m?[1mFramedRead::poll_next?[0m?[2m:?[0m ?[2mh2::codec::framed_read?[0m?[2m:?[0m ?[3mread.bytes?[0m?[2m=?[0m4884
15:13:28.116 [Thread-5] DEBUG i.pact.plugins.jvm.core.ChildProcess - Plugin protobuf [46348] || ?[2m2023-03-27T09:43:28.114348Z?[0m ?[35mTRACE?[0m tokio-runtime-worker ?[1mserver_handshake?[0m?[2m:?[0m?[1mConnection?[0m?[1m{?[0m?[3mpeer?[0m?[2m=?[0mServer?[1m}?[0m?[2m:?[0m?[1mpoll?[0m?[2m:?[0m?[1mFramedRead::poll_next?[0m?[2m:?[0m?[1mFramedRead::decode_frame?[0m?[1m{?[0m?[3moffset?[0m?[2m=?[0m4884?[1m}?[0m?[2m:?[0m ?[2mh2::codec::framed_read?[0m?[2m:?[0m decoding frame from 4884B
15:13:28.117 [Thread-5] DEBUG i.pact.plugins.jvm.core.ChildProcess - Plugin protobuf [46348] || ?[2m2023-03-27T09:43:28.114364Z?[0m ?[35mTRACE?[0m tokio-runtime-worker ?[1mserver_handshake?[0m?[2m:?[0m?[1mConnection?[0m?[1m{?[0m?[3mpeer?[0m?[2m=?[0mServer?[1m}?[0m?[2m:?[0m?[1mpoll?[0m?[2m:?[0m?[1mFramedRead::poll_next?[0m?[2m:?[0m?[1mFramedRead::decode_frame?[0m?[1m{?[0m?[3moffset?[0m?[2m=?[0m4884?[1m}?[0m?[2m:?[0m ?[2mh2::codec::framed_read?[0m?[2m:?[0m ?[3mframe.kind?[0m?[2m=?[0mData
15:13:28.117 [Thread-5] DEBUG i.pact.plugins.jvm.core.ChildProcess - Plugin protobuf [46348] || ?[2m2023-03-27T09:43:28.114386Z?[0m ?[34mDEBUG?[0m tokio-runtime-worker ?[1mserver_handshake?[0m?[2m:?[0m?[1mConnection?[0m?[1m{?[0m?[3mpeer?[0m?[2m=?[0mServer?[1m}?[0m?[2m:?[0m?[1mpoll?[0m?[2m:?[0m?[1mFramedRead::poll_next?[0m?[2m:?[0m ?[2mh2::codec::framed_read?[0m?[2m:?[0m received ?[3mframe?[0m?[2m=?[0mData { stream_id: StreamId(7), flags: (0x1: END_STREAM) }
15:13:28.117 [Thread-5] DEBUG i.pact.plugins.jvm.core.ChildProcess - Plugin protobuf [46348] || ?[2m2023-03-27T09:43:28.114417Z?[0m ?[35mTRACE?[0m tokio-runtime-worker ?[1mserver_handshake?[0m?[2m:?[0m?[1mConnection?[0m?[1m{?[0m?[3mpeer?[0m?[2m=?[0mServer?[1m}?[0m?[2m:?[0m?[1mpoll?[0m?[2m:?[0m ?[2mh2::proto::connection?[0m?[2m:?[0m recv DATA ?[3mframe?[0m?[2m=?[0mData { stream_id: StreamId(7), flags: (0x1: END_STREAM) }
15:13:28.117 [Thread-5] DEBUG i.pact.plugins.jvm.core.ChildProcess - Plugin protobuf [46348] || ?[2m2023-03-27T09:43:28.114437Z?[0m ?[35mTRACE?[0m tokio-runtime-worker ?[1mserver_handshake?[0m?[2m:?[0m?[1mConnection?[0m?[1m{?[0m?[3mpeer?[0m?[2m=?[0mServer?[1m}?[0m?[2m:?[0m?[1mpoll?[0m?[2m:?[0m ?[2mh2::proto::streams::recv?[0m?[2m:?[0m recv_data; size=4875; connection=1048392; stream=1048576
15:13:28.117 [Thread-5] DEBUG i.pact.plugins.jvm.core.ChildProcess - Plugin protobuf [46348] || ?[2m2023-03-27T09:43:28.114453Z?[0m ?[35mTRACE?[0m tokio-runtime-worker ?[1mserver_handshake?[0m?[2m:?[0m?[1mConnection?[0m?[1m{?[0m?[3mpeer?[0m?[2m=?[0mServer?[1m}?[0m?[2m:?[0m?[1mpoll?[0m?[2m:?[0m ?[2mh2::proto::streams::flow_control?[0m?[2m:?[0m send_data; sz=4875; window=1048392; available=1048576
15:13:28.117 [Thread-5] DEBUG i.pact.plugins.jvm.core.ChildProcess - Plugin protobuf [46348] || ?[2m2023-03-27T09:43:28.114471Z?[0m ?[35mTRACE?[0m tokio-runtime-worker ?[1mserver_handshake?[0m?[2m:?[0m?[1mConnection?[0m?[1m{?[0m?[3mpeer?[0m?[2m=?[0mServer?[1m}?[0m?[2m:?[0m?[1mpoll?[0m?[2m:?[0m ?[2mh2::proto::streams::state?[0m?[2m:?[0m recv_close: Open => HalfClosedRemote(AwaitingHeaders)
15:13:28.117 [Thread-5] DEBUG i.pact.plugins.jvm.core.ChildProcess - Plugin protobuf [46348] || ?[2m2023-03-27T09:43:28.114487Z?[0m ?[35mTRACE?[0m tokio-runtime-worker ?[1mserver_handshake?[0m?[2m:?[0m?[1mConnection?[0m?[1m{?[0m?[3mpeer?[0m?[2m=?[0mServer?[1m}?[0m?[2m:?[0m?[1mpoll?[0m?[2m:?[0m ?[2mh2::proto::streams::flow_control?[0m?[2m:?[0m send_data; sz=4875; window=1048576; available=1048576
15:13:28.117 [Thread-5] DEBUG i.pact.plugins.jvm.core.ChildProcess - Plugin protobuf [46348] || ?[2m2023-03-27T09:43:28.114505Z?[0m ?[35mTRACE?[0m tokio-runtime-worker ?[1mserver_handshake?[0m?[2m:?[0m?[1mConnection?[0m?[1m{?[0m?[3mpeer?[0m?[2m=?[0mServer?[1m}?[0m?[2m:?[0m?[1mpoll?[0m?[2m:?[0m ?[2mh2::proto::streams::counts?[0m?[2m:?[0m transition_after; stream=StreamId(7); state=State { inner: HalfClosedRemote(AwaitingHeaders) }; is_closed=false; pending_send_empty=true; buffered_send_data=0; num_recv=1; num_send=0
15:13:28.117 [Thread-5] DEBUG i.pact.plugins.jvm.core.ChildProcess - Plugin protobuf [46348] || ?[2m2023-03-27T09:43:28.114552Z?[0m ?[35mTRACE?[0m tokio-runtime-worker ?[1mserver_handshake?[0m?[2m:?[0m?[1mConnection?[0m?[1m{?[0m?[3mpeer?[0m?[2m=?[0mServer?[1m}?[0m?[2m:?[0m?[1mpoll?[0m?[2m:?[0m?[1mFramedRead::poll_next?[0m?[2m:?[0m ?[2mh2::codec::framed_read?[0m?[2m:?[0m poll
15:13:28.117 [Thread-5] DEBUG i.pact.plugins.jvm.core.ChildProcess - Plugin protobuf [46348] || ?[2m2023-03-27T09:43:28.114571Z?[0m ?[35mTRACE?[0m tokio-runtime-worker ?[1mserver_handshake?[0m?[2m:?[0m?[1mConnection?[0m?[1m{?[0m?[3mpeer?[0m?[2m=?[0mServer?[1m}?[0m?[2m:?[0m?[1mpoll?[0m?[2m:?[0m?[1mFramedRead::poll_next?[0m?[2m:?[0m ?[2mtokio_util::codec::framed_impl?[0m?[2m:?[0m attempting to decode a frame
15:13:28.117 [Thread-5] DEBUG i.pact.plugins.jvm.core.ChildProcess - Plugin protobuf [46348] || ?[2m2023-03-27T09:43:28.114616Z?[0m ?[35mTRACE?[0m tokio-runtime-worker ?[1mserver_handshake?[0m?[2m:?[0m?[1mConnection?[0m?[1m{?[0m?[3mpeer?[0m?[2m=?[0mServer?[1m}?[0m?[2m:?[0m?[1mpoll?[0m?[2m:?[0m ?[2mh2::proto::streams::prioritize?[0m?[2m:?[0m poll_complete
15:13:28.118 [Thread-5] DEBUG i.pact.plugins.jvm.core.ChildProcess - Plugin protobuf [46348] || ?[2m2023-03-27T09:43:28.114631Z?[0m ?[35mTRACE?[0m tokio-runtime-worker ?[1mserver_handshake?[0m?[2m:?[0m?[1mConnection?[0m?[1m{?[0m?[3mpeer?[0m?[2m=?[0mServer?[1m}?[0m?[2m:?[0m?[1mpoll?[0m?[2m:?[0m ?[2mh2::proto::streams::prioritize?[0m?[2m:?[0m schedule_pending_open
15:13:28.118 [Thread-5] DEBUG i.pact.plugins.jvm.core.ChildProcess - Plugin protobuf [46348] || ?[2m2023-03-27T09:43:28.114664Z?[0m ?[35mTRACE?[0m tokio-runtime-worker ?[1mserver_handshake?[0m?[2m:?[0m?[1mConnection?[0m?[1m{?[0m?[3mpeer?[0m?[2m=?[0mServer?[1m}?[0m?[2m:?[0m?[1mpoll?[0m?[2m:?[0m?[1mFramedWrite::flush?[0m?[2m:?[0m ?[2mh2::codec::framed_write?[0m?[2m:?[0m flushing buffer
15:13:28.118 [Thread-5] DEBUG i.pact.plugins.jvm.core.ChildProcess - Plugin protobuf [46348] || ?[2m2023-03-27T09:43:28.114748Z?[0m ?[35mTRACE?[0m tokio-runtime-worker ?[2mh2::proto::streams::streams?[0m?[2m:?[0m next_incoming; id=StreamId(7), state=State { inner: HalfClosedRemote(AwaitingHeaders) }
15:13:28.118 [Thread-5] DEBUG i.pact.plugins.jvm.core.ChildProcess - Plugin protobuf [46348] || ?[2m2023-03-27T09:43:28.114769Z?[0m ?[35mTRACE?[0m tokio-runtime-worker ?[2mh2::server?[0m?[2m:?[0m received incoming
15:13:28.118 [Thread-5] DEBUG i.pact.plugins.jvm.core.ChildProcess - Plugin protobuf [46348] || ?[2m2023-03-27T09:43:28.114782Z?[0m ?[35mTRACE?[0m tokio-runtime-worker ?[2mhyper::proto::h2::server?[0m?[2m:?[0m incoming request
15:13:28.118 [Thread-5] DEBUG i.pact.plugins.jvm.core.ChildProcess - Plugin protobuf [46348] || ?[2m2023-03-27T09:43:28.114833Z?[0m ?[34mDEBUG?[0m tokio-runtime-worker ?[1mrequest?[0m?[1m{?[0m?[3mmethod?[0m?[2m=?[0mPOST ?[3muri?[0m?[2m=?[0mhttp://[::1]:54371/io.pact.plugin.PactPlugin/PrepareInteractionForVerification ?[3mversion?[0m?[2m=?[0mHTTP/2.0 ?[3mheaders?[0m?[2m=?[0m{"content-type": "application/grpc", "te": "trailers", "user-agent": "grpc-java-netty/1.49.0", "grpc-accept-encoding": "gzip", "authorization": Sensitive}?[1m}?[0m?[2m:?[0m ?[2mtower_http::trace::on_request?[0m?[2m:?[0m started processing request
15:13:28.118 [Thread-5] DEBUG i.pact.plugins.jvm.core.ChildProcess - Plugin protobuf [46348] || ?[2m2023-03-27T09:43:28.114874Z?[0m ?[35mTRACE?[0m tokio-runtime-worker ?[1mserver_handshake?[0m?[2m:?[0m?[1mConnection?[0m?[1m{?[0m?[3mpeer?[0m?[2m=?[0mServer?[1m}?[0m?[2m:?[0m?[1mpoll?[0m?[2m:?[0m ?[2mh2::proto::connection?[0m?[2m:?[0m ?[3mconnection.state?[0m?[2m=?[0mOpen
15:13:28.118 [Thread-5] DEBUG i.pact.plugins.jvm.core.ChildProcess - Plugin protobuf [46348] || ?[2m2023-03-27T09:43:28.114942Z?[0m ?[35mTRACE?[0m tokio-runtime-worker ?[1mserver_handshake?[0m?[2m:?[0m?[1mConnection?[0m?[1m{?[0m?[3mpeer?[0m?[2m=?[0mServer?[1m}?[0m?[2m:?[0m?[1mpoll?[0m?[2m:?[0m?[1mFramedRead::poll_next?[0m?[2m:?[0m ?[2mh2::codec::framed_read?[0m?[2m:?[0m poll
15:13:28.118 [Thread-5] DEBUG i.pact.plugins.jvm.core.ChildProcess - Plugin protobuf [46348] || ?[2m2023-03-27T09:43:28.114995Z?[0m ?[35mTRACE?[0m tokio-runtime-worker ?[1mserver_handshake?[0m?[2m:?[0m?[1mConnection?[0m?[1m{?[0m?[3mpeer?[0m?[2m=?[0mServer?[1m}?[0m?[2m:?[0m?[1mpoll?[0m?[2m:?[0m ?[2mh2::proto::streams::prioritize?[0m?[2m:?[0m poll_complete
15:13:28.118 [Thread-5] DEBUG i.pact.plugins.jvm.core.ChildProcess - Plugin protobuf [46348] || ?[2m2023-03-27T09:43:28.115016Z?[0m ?[35mTRACE?[0m tokio-runtime-worker ?[1mserver_handshake?[0m?[2m:?[0m?[1mConnection?[0m?[1m{?[0m?[3mpeer?[0m?[2m=?[0mServer?[1m}?[0m?[2m:?[0m?[1mpoll?[0m?[2m:?[0m ?[2mh2::proto::streams::prioritize?[0m?[2m:?[0m schedule_pending_open
15:13:28.118 [Thread-5] DEBUG i.pact.plugins.jvm.core.ChildProcess - Plugin protobuf [46348] || ?[2m2023-03-27T09:43:28.115056Z?[0m ?[35mTRACE?[0m tokio-runtime-worker ?[1mserver_handshake?[0m?[2m:?[0m?[1mConnection?[0m?[1m{?[0m?[3mpeer?[0m?[2m=?[0mServer?[1m}?[0m?[2m:?[0m?[1mpoll?[0m?[2m:?[0m?[1mFramedWrite::flush?[0m?[2m:?[0m ?[2mh2::codec::framed_write?[0m?[2m:?[0m flushing buffer
15:13:28.118 [Thread-5] DEBUG i.pact.plugins.jvm.core.ChildProcess - Plugin protobuf [46348] || ?[2m2023-03-27T09:43:28.115134Z?[0m ?[35mTRACE?[0m tokio-runtime-worker ?[1mrequest?[0m?[1m{?[0m?[3mmethod?[0m?[2m=?[0mPOST ?[3muri?[0m?[2m=?[0mhttp://[::1]:54371/io.pact.plugin.PactPlugin/PrepareInteractionForVerification ?[3mversion?[0m?[2m=?[0mHTTP/2.0 ?[3mheaders?[0m?[2m=?[0m{"content-type": "application/grpc", "te": "trailers", "user-agent": "grpc-java-netty/1.49.0", "grpc-accept-encoding": "gzip", "authorization": Sensitive}?[1m}?[0m?[2m:?[0m ?[2mh2::proto::streams::recv?[0m?[2m:?[0m release_capacity; size=4875
15:13:28.118 [Thread-5] DEBUG i.pact.plugins.jvm.core.ChildProcess - Plugin protobuf [46348] || ?[2m2023-03-27T09:43:28.115157Z?[0m ?[35mTRACE?[0m tokio-runtime-worker ?[1mrequest?[0m?[1m{?[0m?[3mmethod?[0m?[2m=?[0mPOST ?[3muri?[0m?[2m=?[0mhttp://[::1]:54371/io.pact.plugin.PactPlugin/PrepareInteractionForVerification ?[3mversion?[0m?[2m=?[0mHTTP/2.0 ?[3mheaders?[0m?[2m=?[0m{"content-type": "application/grpc", "te": "trailers", "user-agent": "grpc-java-netty/1.49.0", "grpc-accept-encoding": "gzip", "authorization": Sensitive}?[1m}?[0m?[2m:?[0m ?[2mh2::proto::streams::recv?[0m?[2m:?[0m release_connection_capacity; size=4875, connection in_flight_data=4875
15:13:28.119 [Thread-5] DEBUG i.pact.plugins.jvm.core.ChildProcess - Plugin protobuf [46348] || ?[2m2023-03-27T09:43:28.115907Z?[0m ?[35mTRACE?[0m tokio-runtime-worker ?[1mrequest?[0m?[1m{?[0m?[3mmethod?[0m?[2m=?[0mPOST ?[3muri?[0m?[2m=?[0mhttp://[::1]:54371/io.pact.plugin.PactPlugin/PrepareInteractionForVerification ?[3mversion?[0m?[2m=?[0mHTTP/2.0 ?[3mheaders?[0m?[2m=?[0m{"content-type": "application/grpc", "te": "trailers", "user-agent": "grpc-java-netty/1.49.0", "grpc-accept-encoding": "gzip", "authorization": Sensitive}?[1m}?[0m?[2m:?[0m ?[2mh2::proto::streams::streams?[0m?[2m:?[0m drop_stream_ref; stream=Stream { id: StreamId(7), state: State { inner: HalfClosedRemote(AwaitingHeaders) }, is_counted: true, ref_count: 2, next_pending_send: None, is_pending_send: false, send_flow: FlowControl { window_size: Window(1048576), available: Window(0) }, requested_send_capacity: 0, buffered_send_data: 0, send_task: None, pending_send: Deque { indices: None }, next_pending_send_capacity: None, is_pending_send_capacity: false, send_capacity_inc: false, next_open: None, is_pending_open: false, is_pending_push: false, next_pending_accept: None, is_pending_accept: false, recv_flow: FlowControl { window_size: Window(1043701), available: Window(1048576) }, in_flight_recv_data: 0, next_window_update: None, is_pending_window_update: false, reset_at: None, next_reset_expire: None, pending_recv: Deque { indices: None }, recv_task: None, pending_push_promises: Queue { indices: None, _p: PhantomData }, content_length: Omitted }
15:13:28.119 [Thread-5] DEBUG i.pact.plugins.jvm.core.ChildProcess - Plugin protobuf [46348] || ?[2m2023-03-27T09:43:28.115989Z?[0m ?[35mTRACE?[0m tokio-runtime-worker ?[1mrequest?[0m?[1m{?[0m?[3mmethod?[0m?[2m=?[0mPOST ?[3muri?[0m?[2m=?[0mhttp://[::1]:54371/io.pact.plugin.PactPlugin/PrepareInteractionForVerification ?[3mversion?[0m?[2m=?[0mHTTP/2.0 ?[3mheaders?[0m?[2m=?[0m{"content-type": "application/grpc", "te": "trailers", "user-agent": "grpc-java-netty/1.49.0", "grpc-accept-encoding": "gzip", "authorization": Sensitive}?[1m}?[0m?[2m:?[0m ?[2mh2::proto::streams::counts?[0m?[2m:?[0m transition_after; stream=StreamId(7); state=State { inner: HalfClosedRemote(AwaitingHeaders) }; is_closed=false; pending_send_empty=true; buffered_send_data=0; num_recv=1; num_send=0
15:13:28.119 [Thread-5] DEBUG i.pact.plugins.jvm.core.ChildProcess - Plugin protobuf [46348] || ?[2m2023-03-27T09:43:28.116439Z?[0m ?[34mDEBUG?[0m tokio-runtime-worker ?[1mrequest?[0m?[1m{?[0m?[3mmethod?[0m?[2m=?[0mPOST ?[3muri?[0m?[2m=?[0mhttp://[::1]:54371/io.pact.plugin.PactPlugin/PrepareInteractionForVerification ?[3mversion?[0m?[2m=?[0mHTTP/2.0 ?[3mheaders?[0m?[2m=?[0m{"content-type": "application/grpc", "te": "trailers", "user-agent": "grpc-java-netty/1.49.0", "grpc-accept-encoding": "gzip", "authorization": Sensitive}?[1m}?[0m?[2m:?[0m ?[2mpact_protobuf_plugin::server?[0m?[2m:?[0m Received prepare interaction for verification request
15:13:28.119 [Thread-5] DEBUG i.pact.plugins.jvm.core.ChildProcess - Plugin protobuf [46348] || ?[2m2023-03-27T09:43:28.116517Z?[0m ?[35mTRACE?[0m tokio-runtime-worker ?[1mrequest?[0m?[1m{?[0m?[3mmethod?[0m?[2m=?[0mPOST ?[3muri?[0m?[2m=?[0mhttp://[::1]:54371/io.pact.plugin.PactPlugin/PrepareInteractionForVerification ?[3mversion?[0m?[2m=?[0mHTTP/2.0 ?[3mheaders?[0m?[2m=?[0m{"content-type": "application/grpc", "te": "trailers", "user-agent": "grpc-java-netty/1.49.0", "grpc-accept-encoding": "gzip", "authorization": Sensitive}?[1m}?[0m?[2m:?[0m ?[2mpact_protobuf_plugin::server?[0m?[2m:?[0m Got prepare_interaction_for_verification request VerificationPreparationRequest { pact: "{\n  \"consumer\": {\n    \"name\": \"grpc-consumer-jvm\"\n  },\n  \"interactions\": [\n    {\n      \"comments\": {\n        \"testname\": \"io.pact.example.grpc.consumer.PactConsumerTest.calculateRectangleArea(MockServer, SynchronousMessages)\"\n      },\n      \"description\": \"calculate rectangle area request\",\n      \"interactionMarkup\": {\n        \"markup\": \"```protobuf\\nmessage ShapeMessage {\\n    message .area_calculator.Rectangle rectangle = 2;\\n}\\n```\\n\\n```protobuf\\nmessage AreaResponse {\\n    float value = 1;\\n}\\n```\\n\",\n        \"markupType\": \"COMMON_MARK\"\n      },\n      \"key\": \"c7fbe3ee\",\n      \"pending\": false,\n      \"pluginConfiguration\": {\n        \"protobuf\": {\n          \"descriptorKey\": \"a85dff8f82655a9681aad113575dcfbb\",\n          \"service\": \"Calculator/calculateOne\"\n        }\n      },\n      \"request\": {\n        \"contents\": {\n          \"content\": \"EgoNAABAQBUAAIBA\",\n          \"contentType\": \"application/protobuf; message=ShapeMessage\",\n          \"contentTypeHint\": \"BINARY\",\n          \"encoded\": \"base64\"\n        },\n        \"matchingRules\": {\n          \"body\": {\n            \"$.rectangle.length\": {\n              \"combine\": \"AND\",\n              \"matchers\": [\n                {\n                  \"match\": \"number\"\n                }\n              ]\n            },\n            \"$.rectangle.width\": {\n              \"combine\": \"AND\",\n              \"matchers\": [\n                {\n                  \"match\": \"number\"\n                }\n              ]\n            }\n          }\n        }\n      },\n      \"response\": [\n        {\n          \"contents\": {\n            \"content\": \"DQAAQEE=\",\n            \"contentType\": \"application/protobuf; message=AreaResponse\",\n            \"contentTypeHint\": \"BINARY\",\n            \"encoded\": \"base64\"\n          },\n          \"matchingRules\": {\n            \"body\": {\n              \"$.value\": {\n                \"combine\": \"AND\",\n                \"matchers\": [\n                  {\n                    \"match\": \"number\"\n                  }\n                ]\n              }\n            }\n          }\n        }\n      ],\n      \"transport\": \"grpc\",\n      \"type\": \"Synchronous/Messages\"\n    }\n  ],\n  \"metadata\": {\n    \"pact-jvm\": {\n      \"version\": \"4.4.2\"\n    },\n    \"pactSpecification\": {\n      \"version\": \"4.0\"\n    },\n    \"plugins\": [\n      {\n        \"configuration\": {\n          \"a85dff8f82655a9681aad113575dcfbb\": {\n            \"protoDescriptors\": \"CsoHChVhcmVhX2NhbGN1bGF0b3IucHJvdG8SD2FyZWFfY2FsY3VsYXRvciK6AgoMU2hhcGVNZXNzYWdlEjEKBnNxdWFyZRgBIAEoCzIXLmFyZWFfY2FsY3VsYXRvci5TcXVhcmVIAFIGc3F1YXJlEjoKCXJlY3RhbmdsZRgCIAEoCzIaLmFyZWFfY2FsY3VsYXRvci5SZWN0YW5nbGVIAFIJcmVjdGFuZ2xlEjEKBmNpcmNsZRgDIAEoCzIXLmFyZWFfY2FsY3VsYXRvci5DaXJjbGVIAFIGY2lyY2xlEjcKCHRyaWFuZ2xlGAQgASgLMhkuYXJlYV9jYWxjdWxhdG9yLlRyaWFuZ2xlSABSCHRyaWFuZ2xlEkYKDXBhcmFsbGVsb2dyYW0YBSABKAsyHi5hcmVhX2NhbGN1bGF0b3IuUGFyYWxsZWxvZ3JhbUgAUg1wYXJhbGxlbG9ncmFtQgcKBXNoYXBlIikKBlNxdWFyZRIfCgtlZGdlX2xlbmd0aBgBIAEoAlIKZWRnZUxlbmd0aCI5CglSZWN0YW5nbGUSFgoGbGVuZ3RoGAEgASgCUgZsZW5ndGgSFAoFd2lkdGgYAiABKAJSBXdpZHRoIiAKBkNpcmNsZRIWCgZyYWRpdXMYASABKAJSBnJhZGl1cyJPCghUcmlhbmdsZRIVCgZlZGdlX2EYASABKAJSBWVkZ2VBEhUKBmVkZ2VfYhgCIAEoAlIFZWRnZUISFQoGZWRnZV9jGAMgASgCUgVlZGdlQyJICg1QYXJhbGxlbG9ncmFtEh8KC2Jhc2VfbGVuZ3RoGAEgASgCUgpiYXNlTGVuZ3RoEhYKBmhlaWdodBgCIAEoAlIGaGVpZ2h0IkQKC0FyZWFSZXF1ZXN0EjUKBnNoYXBlcxgBIAMoCzIdLmFyZWFfY2FsY3VsYXRvci5TaGFwZU1lc3NhZ2VSBnNoYXBlcyIkCgxBcmVhUmVzcG9uc2USFAoFdmFsdWUYASADKAJSBXZhbHVlMq0BCgpDYWxjdWxhdG9yEk4KDGNhbGN1bGF0ZU9uZRIdLmFyZWFfY2FsY3VsYXRvci5TaGFwZU1lc3NhZ2UaHS5hcmVhX2NhbGN1bGF0b3IuQXJlYVJlc3BvbnNlIgASTwoOY2FsY3VsYXRlTXVsdGkSHC5hcmVhX2NhbGN1bGF0b3IuQXJlYVJlcXVlc3QaHS5hcmVhX2NhbGN1bGF0b3IuQXJlYVJlc3BvbnNlIgBCHFoXaW8ucGFjdC9hcmVhX2NhbGN1bGF0b3LQAgFiBnByb3RvMw==\",\n            \"protoFile\": \"syntax = \\\"proto3\\\";\\n\\npackage area_calculator;\\n\\noption php_generic_services = true;\\noption go_package = \\\"io.pact/area_calculator\\\";\\n\\nservice Calculator {\\n  rpc calculateOne (ShapeMessage) returns (AreaResponse) {}\\n  rpc calculateMulti (AreaRequest) returns (AreaResponse) {}\\n}\\n\\nmessage ShapeMessage {\\n  oneof shape {\\n    Square square = 1;\\n    Rectangle rectangle = 2;\\n    Circle circle = 3;\\n    Triangle triangle = 4;\\n    Parallelogram parallelogram = 5;\\n  }\\n}\\n\\nmessage Square {\\n  float edge_length = 1;\\n}\\n\\nmessage Rectangle {\\n  float length = 1;\\n  float width = 2;\\n}\\n\\nmessage Circle {\\n  float radius = 1;\\n}\\n\\nmessage Triangle {\\n  float edge_a = 1;\\n  float edge_b = 2;\\n  float edge_c = 3;\\n}\\n\\nmessage Parallelogram {\\n  float base_length = 1;\\n  float height = 2;\\n}\\n\\nmessage AreaRequest {\\n  repeated ShapeMessage shapes = 1;\\n}\\n\\nmessage AreaResponse {\\n  repeated float value = 1;\\n}\\n\"\n          }\n        },\n        \"name\": \"protobuf\",\n        \"version\": \"0.1.5\"\n      }\n    ]\n  },\n  \"provider\": {\n    \"name\": \"area-calculator-provider\"\n  }\n}\n", interaction_key: "c7fbe3ee", config: Some(Struct { fields: {"host": Value { kind: Some(StringValue("localhost")) }, "port": Value { kind: Some(NumberValue(8080.0)) }, "transport": Value { kind: Some(StringValue("grpc")) }} }) }
15:13:28.120 [Thread-5] DEBUG i.pact.plugins.jvm.core.ChildProcess - Plugin protobuf [46348] || ?[2m2023-03-27T09:43:28.120896Z?[0m ?[35mTRACE?[0m tokio-runtime-worker ?[1mrequest?[0m?[1m{?[0m?[3mmethod?[0m?[2m=?[0mPOST ?[3muri?[0m?[2m=?[0mhttp://[::1]:54371/io.pact.plugin.PactPlugin/PrepareInteractionForVerification ?[3mversion?[0m?[2m=?[0mHTTP/2.0 ?[3mheaders?[0m?[2m=?[0m{"content-type": "application/grpc", "te": "trailers", "user-agent": "grpc-java-netty/1.49.0", "grpc-accept-encoding": "gzip", "authorization": Sensitive}?[1m}?[0m?[2m:?[0m ?[2mpact_models::pact?[0m?[2m:?[0m load_pact_from_json: found spec version V4 in metadata
15:13:28.121 [Thread-5] DEBUG i.pact.plugins.jvm.core.ChildProcess - Plugin protobuf [46348] || ?[2m2023-03-27T09:43:28.121317Z?[0m ?[35mTRACE?[0m tokio-runtime-worker ?[1mrequest?[0m?[1m{?[0m?[3mmethod?[0m?[2m=?[0mPOST ?[3muri?[0m?[2m=?[0mhttp://[::1]:54371/io.pact.plugin.PactPlugin/PrepareInteractionForVerification ?[3mversion?[0m?[2m=?[0mHTTP/2.0 ?[3mheaders?[0m?[2m=?[0m{"content-type": "application/grpc", "te": "trailers", "user-agent": "grpc-java-netty/1.49.0", "grpc-accept-encoding": "gzip", "authorization": Sensitive}?[1m}?[0m?[2m:?[0m ?[2mpact_models::v4::pact?[0m?[2m:?[0m from_json: Loading a V4 pact from JSON
15:13:28.124 [Thread-5] DEBUG i.pact.plugins.jvm.core.ChildProcess - Plugin protobuf [46348] || ?[2m2023-03-27T09:43:28.123928Z?[0m ?[35mTRACE?[0m tokio-runtime-worker ?[1mrequest?[0m?[1m{?[0m?[3mmethod?[0m?[2m=?[0mPOST ?[3muri?[0m?[2m=?[0mhttp://[::1]:54371/io.pact.plugin.PactPlugin/PrepareInteractionForVerification ?[3mversion?[0m?[2m=?[0mHTTP/2.0 ?[3mheaders?[0m?[2m=?[0m{"content-type": "application/grpc", "te": "trailers", "user-agent": "grpc-java-netty/1.49.0", "grpc-accept-encoding": "gzip", "authorization": Sensitive}?[1m}?[0m?[2m:?[0m ?[2mpact_models::matchingrules?[0m?[2m:?[0m rule_type: number, attributes: {"match":"number"}
15:13:28.124 [Thread-5] DEBUG i.pact.plugins.jvm.core.ChildProcess - Plugin protobuf [46348] || ?[2m2023-03-27T09:43:28.124036Z?[0m ?[35mTRACE?[0m tokio-runtime-worker ?[1mrequest?[0m?[1m{?[0m?[3mmethod?[0m?[2m=?[0mPOST ?[3muri?[0m?[2m=?[0mhttp://[::1]:54371/io.pact.plugin.PactPlugin/PrepareInteractionForVerification ?[3mversion?[0m?[2m=?[0mHTTP/2.0 ?[3mheaders?[0m?[2m=?[0m{"content-type": "application/grpc", "te": "trailers", "user-agent": "grpc-java-netty/1.49.0", "grpc-accept-encoding": "gzip", "authorization": Sensitive}?[1m}?[0m?[2m:?[0m ?[2mpact_models::matchingrules?[0m?[2m:?[0m rule_type: number, attributes: {"match":"number"}
15:13:28.124 [Thread-5] DEBUG i.pact.plugins.jvm.core.ChildProcess - Plugin protobuf [46348] || ?[2m2023-03-27T09:43:28.124064Z?[0m ?[35mTRACE?[0m tokio-runtime-worker ?[1mrequest?[0m?[1m{?[0m?[3mmethod?[0m?[2m=?[0mPOST ?[3muri?[0m?[2m=?[0mhttp://[::1]:54371/io.pact.plugin.PactPlugin/PrepareInteractionForVerification ?[3mversion?[0m?[2m=?[0mHTTP/2.0 ?[3mheaders?[0m?[2m=?[0m{"content-type": "application/grpc", "te": "trailers", "user-agent": "grpc-java-netty/1.49.0", "grpc-accept-encoding": "gzip", "authorization": Sensitive}?[1m}?[0m?[2m:?[0m ?[2mpact_models::matchingrules?[0m?[2m:?[0m rule_type: number, attributes: {"match":"number"}
15:13:28.125 [Thread-5] DEBUG i.pact.plugins.jvm.core.ChildProcess - Plugin protobuf [46348] || ?[2m2023-03-27T09:43:28.125688Z?[0m ?[34mDEBUG?[0m tokio-runtime-worker ?[1mrequest?[0m?[1m{?[0m?[3mmethod?[0m?[2m=?[0mPOST ?[3muri?[0m?[2m=?[0mhttp://[::1]:54371/io.pact.plugin.PactPlugin/PrepareInteractionForVerification ?[3mversion?[0m?[2m=?[0mHTTP/2.0 ?[3mheaders?[0m?[2m=?[0m{"content-type": "application/grpc", "te": "trailers", "user-agent": "grpc-java-netty/1.49.0", "grpc-accept-encoding": "gzip", "authorization": Sensitive}?[1m}?[0m?[2m:?[0m ?[2mpact_protobuf_plugin::utils?[0m?[2m:?[0m Protobuf file descriptor set is 973 bytes
15:13:28.127 [Thread-5] DEBUG i.pact.plugins.jvm.core.ChildProcess - Plugin protobuf [46348] || ?[2m2023-03-27T09:43:28.127720Z?[0m ?[35mTRACE?[0m tokio-runtime-worker ?[1mrequest?[0m?[1m{?[0m?[3mmethod?[0m?[2m=?[0mPOST ?[3muri?[0m?[2m=?[0mhttp://[::1]:54371/io.pact.plugin.PactPlugin/PrepareInteractionForVerification ?[3mversion?[0m?[2m=?[0mHTTP/2.0 ?[3mheaders?[0m?[2m=?[0m{"content-type": "application/grpc", "te": "trailers", "user-agent": "grpc-java-netty/1.49.0", "grpc-accept-encoding": "gzip", "authorization": Sensitive}?[1m}?[0m?[2m:?[0m ?[2mpact_protobuf_plugin::message_decoder?[0m?[2m:?[0m field_num=2, wire_type=LengthDelimited, bytes remaining = 11
15:13:28.129 [Thread-5] DEBUG i.pact.plugins.jvm.core.ChildProcess - Plugin protobuf [46348] || ?[2m2023-03-27T09:43:28.129326Z?[0m ?[35mTRACE?[0m tokio-runtime-worker ?[1mrequest?[0m?[1m{?[0m?[3mmethod?[0m?[2m=?[0mPOST ?[3muri?[0m?[2m=?[0mhttp://[::1]:54371/io.pact.plugin.PactPlugin/PrepareInteractionForVerification ?[3mversion?[0m?[2m=?[0mHTTP/2.0 ?[3mheaders?[0m?[2m=?[0m{"content-type": "application/grpc", "te": "trailers", "user-agent": "grpc-java-netty/1.49.0", "grpc-accept-encoding": "gzip", "authorization": Sensitive}?[1m}?[0m?[2m:?[0m ?[2mpact_protobuf_plugin::dynamic_message?[0m?[2m:?[0m Writing ?[3mfield?[0m?[2m=?[0m"2:(LengthDelimited, Message) = Rectangle"
15:13:28.129 [Thread-5] DEBUG i.pact.plugins.jvm.core.ChildProcess - Plugin protobuf [46348] || ?[2m2023-03-27T09:43:28.129834Z?[0m ?[34mDEBUG?[0m tokio-runtime-worker ?[1mrequest?[0m?[1m{?[0m?[3mmethod?[0m?[2m=?[0mPOST ?[3muri?[0m?[2m=?[0mhttp://[::1]:54371/io.pact.plugin.PactPlugin/PrepareInteractionForVerification ?[3mversion?[0m?[2m=?[0mHTTP/2.0 ?[3mheaders?[0m?[2m=?[0m{"content-type": "application/grpc", "te": "trailers", "user-agent": "grpc-java-netty/1.49.0", "grpc-accept-encoding": "gzip", "authorization": Sensitive}?[1m}?[0m?[2m:?[0m ?[2mtower_http::trace::on_response?[0m?[2m:?[0m finished processing request ?[3mlatency?[0m?[2m=?[0m15 ms
15:13:28.130 [Thread-5] DEBUG i.pact.plugins.jvm.core.ChildProcess - Plugin protobuf [46348] || ?[2m2023-03-27T09:43:28.129898Z?[0m ?[35mTRACE?[0m tokio-runtime-worker ?[2mh2::proto::streams::send?[0m?[2m:?[0m send_headers; frame=Headers { stream_id: StreamId(7), flags: (0x4: END_HEADERS) }; init_window=1048576
15:13:28.130 [Thread-5] DEBUG i.pact.plugins.jvm.core.ChildProcess - Plugin protobuf [46348] || ?[2m2023-03-27T09:43:28.129940Z?[0m ?[35mTRACE?[0m tokio-runtime-worker ?[1mPrioritize::queue_frame?[0m?[1m{?[0m?[3mstream.id?[0m?[2m=?[0mStreamId(7)?[1m}?[0m?[2m:?[0m ?[2mh2::proto::streams::prioritize?[0m?[2m:?[0m schedule_send ?[3mstream.id?[0m?[2m=?[0mStreamId(7)
15:13:28.130 [Thread-5] DEBUG i.pact.plugins.jvm.core.ChildProcess - Plugin protobuf [46348] || ?[2m2023-03-27T09:43:28.129959Z?[0m ?[35mTRACE?[0m tokio-runtime-worker ?[1mPrioritize::queue_frame?[0m?[1m{?[0m?[3mstream.id?[0m?[2m=?[0mStreamId(7)?[1m}?[0m?[2m:?[0m ?[2mh2::proto::streams::store?[0m?[2m:?[0m Queue::push
15:13:28.130 [Thread-5] DEBUG i.pact.plugins.jvm.core.ChildProcess - Plugin protobuf [46348] || ?[2m2023-03-27T09:43:28.129973Z?[0m ?[35mTRACE?[0m tokio-runtime-worker ?[1mPrioritize::queue_frame?[0m?[1m{?[0m?[3mstream.id?[0m?[2m=?[0mStreamId(7)?[1m}?[0m?[2m:?[0m ?[2mh2::proto::streams::store?[0m?[2m:?[0m  -> first entry
15:13:28.130 [Thread-5] DEBUG i.pact.plugins.jvm.core.ChildProcess - Plugin protobuf [46348] || ?[2m2023-03-27T09:43:28.130006Z?[0m ?[35mTRACE?[0m tokio-runtime-worker ?[2mh2::proto::streams::counts?[0m?[2m:?[0m transition_after; stream=StreamId(7); state=State { inner: HalfClosedRemote(Streaming) }; is_closed=false; pending_send_empty=false; buffered_send_data=0; num_recv=1; num_send=0
15:13:28.130 [Thread-5] DEBUG i.pact.plugins.jvm.core.ChildProcess - Plugin protobuf [46348] || ?[2m2023-03-27T09:43:28.130065Z?[0m ?[35mTRACE?[0m tokio-runtime-worker ?[1mreserve_capacity?[0m?[1m{?[0m?[3mstream.id?[0m?[2m=?[0mStreamId(7) ?[3mrequested?[0m?[2m=?[0m1 ?[3meffective?[0m?[2m=?[0m1 ?[3mcurr?[0m?[2m=?[0m0?[1m}?[0m?[2m:?[0m?[1mtry_assign_capacity?[0m?[1m{?[0m?[3mstream.id?[0m?[2m=?[0mStreamId(7)?[1m}?[0m?[2m:?[0m ?[2mh2::proto::streams::prioritize?[0m?[2m:?[0m ?[3mrequested?[0m?[2m=?[0m1 ?[3madditional?[0m?[2m=?[0m1 ?[3mbuffered?[0m?[2m=?[0m0 ?[3mwindow?[0m?[2m=?[0m1048576 ?[3mconn?[0m?[2m=?[0m1048418
15:13:28.130 [Thread-5] DEBUG i.pact.plugins.jvm.core.ChildProcess - Plugin protobuf [46348] || ?[2m2023-03-27T09:43:28.130087Z?[0m ?[35mTRACE?[0m tokio-runtime-worker ?[1mreserve_capacity?[0m?[1m{?[0m?[3mstream.id?[0m?[2m=?[0mStreamId(7) ?[3mrequested?[0m?[2m=?[0m1 ?[3meffective?[0m?[2m=?[0m1 ?[3mcurr?[0m?[2m=?[0m0?[1m}?[0m?[2m:?[0m?[1mtry_assign_capacity?[0m?[1m{?[0m?[3mstream.id?[0m?[2m=?[0mStreamId(7)?[1m}?[0m?[2m:?[0m ?[2mh2::proto::streams::prioritize?[0m?[2m:?[0m assigning ?[3mcapacity?[0m?[2m=?[0m1
15:13:28.130 [Thread-5] DEBUG i.pact.plugins.jvm.core.ChildProcess - Plugin protobuf [46348] || ?[2m2023-03-27T09:43:28.130104Z?[0m ?[35mTRACE?[0m tokio-runtime-worker ?[1mreserve_capacity?[0m?[1m{?[0m?[3mstream.id?[0m?[2m=?[0mStreamId(7) ?[3mrequested?[0m?[2m=?[0m1 ?[3meffective?[0m?[2m=?[0m1 ?[3mcurr?[0m?[2m=?[0m0?[1m}?[0m?[2m:?[0m?[1mtry_assign_capacity?[0m?[1m{?[0m?[3mstream.id?[0m?[2m=?[0mStreamId(7)?[1m}?[0m?[2m:?[0m ?[2mh2::proto::streams::stream?[0m?[2m:?[0m   assigned capacity to stream; available=1; buffered=0; id=StreamId(7); max_buffer_size=409600
15:13:28.130 [Thread-5] DEBUG i.pact.plugins.jvm.core.ChildProcess - Plugin protobuf [46348] || ?[2m2023-03-27T09:43:28.130121Z?[0m ?[35mTRACE?[0m tokio-runtime-worker ?[1mreserve_capacity?[0m?[1m{?[0m?[3mstream.id?[0m?[2m=?[0mStreamId(7) ?[3mrequested?[0m?[2m=?[0m1 ?[3meffective?[0m?[2m=?[0m1 ?[3mcurr?[0m?[2m=?[0m0?[1m}?[0m?[2m:?[0m?[1mtry_assign_capacity?[0m?[1m{?[0m?[3mstream.id?[0m?[2m=?[0mStreamId(7)?[1m}?[0m?[2m:?[0m ?[2mh2::proto::streams::stream?[0m?[2m:?[0m   notifying task
15:13:28.131 [Thread-5] DEBUG i.pact.plugins.jvm.core.ChildProcess - Plugin protobuf [46348] || ?[2m2023-03-27T09:43:28.130141Z?[0m ?[35mTRACE?[0m tokio-runtime-worker ?[1mreserve_capacity?[0m?[1m{?[0m?[3mstream.id?[0m?[2m=?[0mStreamId(7) ?[3mrequested?[0m?[2m=?[0m1 ?[3meffective?[0m?[2m=?[0m1 ?[3mcurr?[0m?[2m=?[0m0?[1m}?[0m?[2m:?[0m?[1mtry_assign_capacity?[0m?[1m{?[0m?[3mstream.id?[0m?[2m=?[0mStreamId(7)?[1m}?[0m?[2m:?[0m ?[2mh2::proto::streams::prioritize?[0m?[2m:?[0m ?[3mavailable?[0m?[2m=?[0m1 ?[3mrequested?[0m?[2m=?[0m1 ?[3mbuffered?[0m?[2m=?[0m0 ?[3mhas_unavailable?[0m?[2m=?[0mtrue
15:13:28.131 [Thread-5] DEBUG i.pact.plugins.jvm.core.ChildProcess - Plugin protobuf [46348] || ?[2m2023-03-27T09:43:28.130204Z?[0m ?[35mTRACE?[0m tokio-runtime-worker ?[2mhyper::proto::h2?[0m?[2m:?[0m send body chunk: 107 bytes, eos=false
15:13:28.131 [Thread-5] DEBUG i.pact.plugins.jvm.core.ChildProcess - Plugin protobuf [46348] || ?[2m2023-03-27T09:43:28.130255Z?[0m ?[35mTRACE?[0m tokio-runtime-worker ?[1msend_data?[0m?[1m{?[0m?[3msz?[0m?[2m=?[0m107 ?[3mrequested?[0m?[2m=?[0m1?[1m}?[0m?[2m:?[0m ?[2mh2::proto::streams::prioritize?[0m?[2m:?[0m ?[3mbuffered?[0m?[2m=?[0m107
15:13:28.131 [Thread-5] DEBUG i.pact.plugins.jvm.core.ChildProcess - Plugin protobuf [46348] || ?[2m2023-03-27T09:43:28.130287Z?[0m ?[35mTRACE?[0m tokio-runtime-worker ?[1msend_data?[0m?[1m{?[0m?[3msz?[0m?[2m=?[0m107 ?[3mrequested?[0m?[2m=?[0m1?[1m}?[0m?[2m:?[0m?[1mtry_assign_capacity?[0m?[1m{?[0m?[3mstream.id?[0m?[2m=?[0mStreamId(7)?[1m}?[0m?[2m:?[0m ?[2mh2::proto::streams::prioritize?[0m?[2m:?[0m ?[3mrequested?[0m?[2m=?[0m107 ?[3madditional?[0m?[2m=?[0m106 ?[3mbuffered?[0m?[2m=?[0m107 ?[3mwindow?[0m?[2m=?[0m1048576 ?[3mconn?[0m?[2m=?[0m1048417
15:13:28.131 [Thread-5] DEBUG i.pact.plugins.jvm.core.ChildProcess - Plugin protobuf [46348] || ?[2m2023-03-27T09:43:28.130311Z?[0m ?[35mTRACE?[0m tokio-runtime-worker ?[1msend_data?[0m?[1m{?[0m?[3msz?[0m?[2m=?[0m107 ?[3mrequested?[0m?[2m=?[0m1?[1m}?[0m?[2m:?[0m?[1mtry_assign_capacity?[0m?[1m{?[0m?[3mstream.id?[0m?[2m=?[0mStreamId(7)?[1m}?[0m?[2m:?[0m ?[2mh2::proto::streams::prioritize?[0m?[2m:?[0m assigning ?[3mcapacity?[0m?[2m=?[0m106
15:13:28.131 [Thread-5] DEBUG i.pact.plugins.jvm.core.ChildProcess - Plugin protobuf [46348] || ?[2m2023-03-27T09:43:28.130373Z?[0m ?[35mTRACE?[0m tokio-runtime-worker ?[1msend_data?[0m?[1m{?[0m?[3msz?[0m?[2m=?[0m107 ?[3mrequested?[0m?[2m=?[0m1?[1m}?[0m?[2m:?[0m?[1mtry_assign_capacity?[0m?[1m{?[0m?[3mstream.id?[0m?[2m=?[0mStreamId(7)?[1m}?[0m?[2m:?[0m ?[2mh2::proto::streams::stream?[0m?[2m:?[0m   assigned capacity to stream; available=107; buffered=107; id=StreamId(7); max_buffer_size=409600
15:13:28.131 [Thread-5] DEBUG i.pact.plugins.jvm.core.ChildProcess - Plugin protobuf [46348] || ?[2m2023-03-27T09:43:28.130408Z?[0m ?[35mTRACE?[0m tokio-runtime-worker ?[1msend_data?[0m?[1m{?[0m?[3msz?[0m?[2m=?[0m107 ?[3mrequested?[0m?[2m=?[0m1?[1m}?[0m?[2m:?[0m?[1mtry_assign_capacity?[0m?[1m{?[0m?[3mstream.id?[0m?[2m=?[0mStreamId(7)?[1m}?[0m?[2m:?[0m ?[2mh2::proto::streams::prioritize?[0m?[2m:?[0m ?[3mavailable?[0m?[2m=?[0m107 ?[3mrequested?[0m?[2m=?[0m107 ?[3mbuffered?[0m?[2m=?[0m107 ?[3mhas_unavailable?[0m?[2m=?[0mtrue
15:13:28.131 [Thread-5] DEBUG i.pact.plugins.jvm.core.ChildProcess - Plugin protobuf [46348] || ?[2m2023-03-27T09:43:28.130430Z?[0m ?[35mTRACE?[0m tokio-runtime-worker ?[1msend_data?[0m?[1m{?[0m?[3msz?[0m?[2m=?[0m107 ?[3mrequested?[0m?[2m=?[0m1?[1m}?[0m?[2m:?[0m?[1mtry_assign_capacity?[0m?[1m{?[0m?[3mstream.id?[0m?[2m=?[0mStreamId(7)?[1m}?[0m?[2m:?[0m ?[2mh2::proto::streams::store?[0m?[2m:?[0m Queue::push
15:13:28.131 [Thread-5] DEBUG i.pact.plugins.jvm.core.ChildProcess - Plugin protobuf [46348] || ?[2m2023-03-27T09:43:28.130445Z?[0m ?[35mTRACE?[0m tokio-runtime-worker ?[1msend_data?[0m?[1m{?[0m?[3msz?[0m?[2m=?[0m107 ?[3mrequested?[0m?[2m=?[0m1?[1m}?[0m?[2m:?[0m?[1mtry_assign_capacity?[0m?[1m{?[0m?[3mstream.id?[0m?[2m=?[0mStreamId(7)?[1m}?[0m?[2m:?[0m ?[2mh2::proto::streams::store?[0m?[2m:?[0m  -> already queued
15:13:28.131 [Thread-5] DEBUG i.pact.plugins.jvm.core.ChildProcess - Plugin protobuf [46348] || ?[2m2023-03-27T09:43:28.130490Z?[0m ?[35mTRACE?[0m tokio-runtime-worker ?[1msend_data?[0m?[1m{?[0m?[3msz?[0m?[2m=?[0m107 ?[3mrequested?[0m?[2m=?[0m1?[1m}?[0m?[2m:?[0m ?[2mh2::proto::streams::prioritize?[0m?[2m:?[0m ?[3mavailable?[0m?[2m=?[0m107 ?[3mbuffered?[0m?[2m=?[0m107
15:13:28.131 [Thread-5] DEBUG i.pact.plugins.jvm.core.ChildProcess - Plugin protobuf [46348] || ?[2m2023-03-27T09:43:28.130523Z?[0m ?[35mTRACE?[0m tokio-runtime-worker ?[1msend_data?[0m?[1m{?[0m?[3msz?[0m?[2m=?[0m107 ?[3mrequested?[0m?[2m=?[0m1?[1m}?[0m?[2m:?[0m?[1mPrioritize::queue_frame?[0m?[1m{?[0m?[3mstream.id?[0m?[2m=?[0mStreamId(7)?[1m}?[0m?[2m:?[0m ?[2mh2::proto::streams::prioritize?[0m?[2m:?[0m schedule_send ?[3mstream.id?[0m?[2m=?[0mStreamId(7)
15:13:28.131 [Thread-5] DEBUG i.pact.plugins.jvm.core.ChildProcess - Plugin protobuf [46348] || ?[2m2023-03-27T09:43:28.130541Z?[0m ?[35mTRACE?[0m tokio-runtime-worker ?[1msend_data?[0m?[1m{?[0m?[3msz?[0m?[2m=?[0m107 ?[3mrequested?[0m?[2m=?[0m1?[1m}?[0m?[2m:?[0m?[1mPrioritize::queue_frame?[0m?[1m{?[0m?[3mstream.id?[0m?[2m=?[0mStreamId(7)?[1m}?[0m?[2m:?[0m ?[2mh2::proto::streams::store?[0m?[2m:?[0m Queue::push
15:13:28.131 [Thread-5] DEBUG i.pact.plugins.jvm.core.ChildProcess - Plugin protobuf [46348] || ?[2m2023-03-27T09:43:28.130570Z?[0m ?[35mTRACE?[0m tokio-runtime-worker ?[1msend_data?[0m?[1m{?[0m?[3msz?[0m?[2m=?[0m107 ?[3mrequested?[0m?[2m=?[0m1?[1m}?[0m?[2m:?[0m?[1mPrioritize::queue_frame?[0m?[1m{?[0m?[3mstream.id?[0m?[2m=?[0mStreamId(7)?[1m}?[0m?[2m:?[0m ?[2mh2::proto::streams::store?[0m?[2m:?[0m  -> already queued
15:13:28.131 [Thread-5] DEBUG i.pact.plugins.jvm.core.ChildProcess - Plugin protobuf [46348] || ?[2m2023-03-27T09:43:28.130601Z?[0m ?[35mTRACE?[0m tokio-runtime-worker ?[2mh2::proto::streams::counts?[0m?[2m:?[0m transition_after; stream=StreamId(7); state=State { inner: HalfClosedRemote(Streaming) }; is_closed=false; pending_send_empty=false; buffered_send_data=107; num_recv=1; num_send=0
15:13:28.131 [Thread-5] DEBUG i.pact.plugins.jvm.core.ChildProcess - Plugin protobuf [46348] || ?[2m2023-03-27T09:43:28.130643Z?[0m ?[35mTRACE?[0m tokio-runtime-worker ?[1mreserve_capacity?[0m?[1m{?[0m?[3mstream.id?[0m?[2m=?[0mStreamId(7) ?[3mrequested?[0m?[2m=?[0m1 ?[3meffective?[0m?[2m=?[0m108 ?[3mcurr?[0m?[2m=?[0m107?[1m}?[0m?[2m:?[0m?[1mtry_assign_capacity?[0m?[1m{?[0m?[3mstream.id?[0m?[2m=?[0mStreamId(7)?[1m}?[0m?[2m:?[0m ?[2mh2::proto::streams::prioritize?[0m?[2m:?[0m ?[3mrequested?[0m?[2m=?[0m108 ?[3madditional?[0m?[2m=?[0m1 ?[3mbuffered?[0m?[2m=?[0m107 ?[3mwindow?[0m?[2m=?[0m1048576 ?[3mconn?[0m?[2m=?[0m1048311
15:13:28.131 [Thread-5] DEBUG i.pact.plugins.jvm.core.ChildProcess - Plugin protobuf [46348] || ?[2m2023-03-27T09:43:28.130664Z?[0m ?[35mTRACE?[0m tokio-runtime-worker ?[1mreserve_capacity?[0m?[1m{?[0m?[3mstream.id?[0m?[2m=?[0mStreamId(7) ?[3mrequested?[0m?[2m=?[0m1 ?[3meffective?[0m?[2m=?[0m108 ?[3mcurr?[0m?[2m=?[0m107?[1m}?[0m?[2m:?[0m?[1mtry_assign_capacity?[0m?[1m{?[0m?[3mstream.id?[0m?[2m=?[0mStreamId(7)?[1m}?[0m?[2m:?[0m ?[2mh2::proto::streams::prioritize?[0m?[2m:?[0m assigning ?[3mcapacity?[0m?[2m=?[0m1
15:13:28.131 [Thread-5] DEBUG i.pact.plugins.jvm.core.ChildProcess - Plugin protobuf [46348] || ?[2m2023-03-27T09:43:28.130681Z?[0m ?[35mTRACE?[0m tokio-runtime-worker ?[1mreserve_capacity?[0m?[1m{?[0m?[3mstream.id?[0m?[2m=?[0mStreamId(7) ?[3mrequested?[0m?[2m=?[0m1 ?[3meffective?[0m?[2m=?[0m108 ?[3mcurr?[0m?[2m=?[0m107?[1m}?[0m?[2m:?[0m?[1mtry_assign_capacity?[0m?[1m{?[0m?[3mstream.id?[0m?[2m=?[0mStreamId(7)?[1m}?[0m?[2m:?[0m ?[2mh2::proto::streams::stream?[0m?[2m:?[0m   assigned capacity to stream; available=108; buffered=107; id=StreamId(7); max_buffer_size=409600
15:13:28.132 [Thread-5] DEBUG i.pact.plugins.jvm.core.ChildProcess - Plugin protobuf [46348] || ?[2m2023-03-27T09:43:28.130697Z?[0m ?[35mTRACE?[0m tokio-runtime-worker ?[1mreserve_capacity?[0m?[1m{?[0m?[3mstream.id?[0m?[2m=?[0mStreamId(7) ?[3mrequested?[0m?[2m=?[0m1 ?[3meffective?[0m?[2m=?[0m108 ?[3mcurr?[0m?[2m=?[0m107?[1m}?[0m?[2m:?[0m?[1mtry_assign_capacity?[0m?[1m{?[0m?[3mstream.id?[0m?[2m=?[0mStreamId(7)?[1m}?[0m?[2m:?[0m ?[2mh2::proto::streams::stream?[0m?[2m:?[0m   notifying task
15:13:28.132 [Thread-5] DEBUG i.pact.plugins.jvm.core.ChildProcess - Plugin protobuf [46348] || ?[2m2023-03-27T09:43:28.130744Z?[0m ?[35mTRACE?[0m tokio-runtime-worker ?[1mreserve_capacity?[0m?[1m{?[0m?[3mstream.id?[0m?[2m=?[0mStreamId(7) ?[3mrequested?[0m?[2m=?[0m1 ?[3meffective?[0m?[2m=?[0m108 ?[3mcurr?[0m?[2m=?[0m107?[1m}?[0m?[2m:?[0m?[1mtry_assign_capacity?[0m?[1m{?[0m?[3mstream.id?[0m?[2m=?[0mStreamId(7)?[1m}?[0m?[2m:?[0m ?[2mh2::proto::streams::prioritize?[0m?[2m:?[0m ?[3mavailable?[0m?[2m=?[0m108 ?[3mrequested?[0m?[2m=?[0m108 ?[3mbuffered?[0m?[2m=?[0m107 ?[3mhas_unavailable?[0m?[2m=?[0mtrue
15:13:28.132 [Thread-5] DEBUG i.pact.plugins.jvm.core.ChildProcess - Plugin protobuf [46348] || ?[2m2023-03-27T09:43:28.130768Z?[0m ?[35mTRACE?[0m tokio-runtime-worker ?[1mreserve_capacity?[0m?[1m{?[0m?[3mstream.id?[0m?[2m=?[0mStreamId(7) ?[3mrequested?[0m?[2m=?[0m1 ?[3meffective?[0m?[2m=?[0m108 ?[3mcurr?[0m?[2m=?[0m107?[1m}?[0m?[2m:?[0m?[1mtry_assign_capacity?[0m?[1m{?[0m?[3mstream.id?[0m?[2m=?[0mStreamId(7)?[1m}?[0m?[2m:?[0m ?[2mh2::proto::streams::store?[0m?[2m:?[0m Queue::push
15:13:28.132 [Thread-5] DEBUG i.pact.plugins.jvm.core.ChildProcess - Plugin protobuf [46348] || ?[2m2023-03-27T09:43:28.130784Z?[0m ?[35mTRACE?[0m tokio-runtime-worker ?[1mreserve_capacity?[0m?[1m{?[0m?[3mstream.id?[0m?[2m=?[0mStreamId(7) ?[3mrequested?[0m?[2m=?[0m1 ?[3meffective?[0m?[2m=?[0m108 ?[3mcurr?[0m?[2m=?[0m107?[1m}?[0m?[2m:?[0m?[1mtry_assign_capacity?[0m?[1m{?[0m?[3mstream.id?[0m?[2m=?[0mStreamId(7)?[1m}?[0m?[2m:?[0m ?[2mh2::proto::streams::store?[0m?[2m:?[0m  -> already queued
15:13:28.132 [Thread-5] DEBUG i.pact.plugins.jvm.core.ChildProcess - Plugin protobuf [46348] || ?[2m2023-03-27T09:43:28.130866Z?[0m ?[34mDEBUG?[0m tokio-runtime-worker ?[1mrequest?[0m?[1m{?[0m?[3mmethod?[0m?[2m=?[0mPOST ?[3muri?[0m?[2m=?[0mhttp://[::1]:54371/io.pact.plugin.PactPlugin/PrepareInteractionForVerification ?[3mversion?[0m?[2m=?[0mHTTP/2.0 ?[3mheaders?[0m?[2m=?[0m{"content-type": "application/grpc", "te": "trailers", "user-agent": "grpc-java-netty/1.49.0", "grpc-accept-encoding": "gzip", "authorization": Sensitive}?[1m}?[0m?[2m:?[0m ?[2mtower_http::trace::on_eos?[0m?[2m:?[0m end of stream ?[3mstream_duration?[0m?[2m=?[0m0 ms ?[3mstatus?[0m?[2m=?[0m0
15:13:28.132 [Thread-5] DEBUG i.pact.plugins.jvm.core.ChildProcess - Plugin protobuf [46348] || ?[2m2023-03-27T09:43:28.130910Z?[0m ?[35mTRACE?[0m tokio-runtime-worker ?[2mh2::proto::streams::state?[0m?[2m:?[0m send_close: HalfClosedRemote => Closed
15:13:28.132 [Thread-5] DEBUG i.pact.plugins.jvm.core.ChildProcess - Plugin protobuf [46348] || ?[2m2023-03-27T09:43:28.130922Z?[0m ?[35mTRACE?[0m tokio-runtime-worker ?[2mh2::proto::streams::send?[0m?[2m:?[0m send_trailers -- queuing; frame=Headers { stream_id: StreamId(7), flags: (0x5: END_HEADERS | END_STREAM) }
15:13:28.132 [Thread-5] DEBUG i.pact.plugins.jvm.core.ChildProcess - Plugin protobuf [46348] || ?[2m2023-03-27T09:43:28.130946Z?[0m ?[35mTRACE?[0m tokio-runtime-worker ?[1mPrioritize::queue_frame?[0m?[1m{?[0m?[3mstream.id?[0m?[2m=?[0mStreamId(7)?[1m}?[0m?[2m:?[0m ?[2mh2::proto::streams::prioritize?[0m?[2m:?[0m schedule_send ?[3mstream.id?[0m?[2m=?[0mStreamId(7)
15:13:28.132 [Thread-5] DEBUG i.pact.plugins.jvm.core.ChildProcess - Plugin protobuf [46348] || ?[2m2023-03-27T09:43:28.130984Z?[0m ?[35mTRACE?[0m tokio-runtime-worker ?[1mPrioritize::queue_frame?[0m?[1m{?[0m?[3mstream.id?[0m?[2m=?[0mStreamId(7)?[1m}?[0m?[2m:?[0m ?[2mh2::proto::streams::store?[0m?[2m:?[0m Queue::push
15:13:28.132 [Thread-5] DEBUG i.pact.plugins.jvm.core.ChildProcess - Plugin protobuf [46348] || ?[2m2023-03-27T09:43:28.130998Z?[0m ?[35mTRACE?[0m tokio-runtime-worker ?[1mPrioritize::queue_frame?[0m?[1m{?[0m?[3mstream.id?[0m?[2m=?[0mStreamId(7)?[1m}?[0m?[2m:?[0m ?[2mh2::proto::streams::store?[0m?[2m:?[0m  -> already queued
15:13:28.132 [Thread-5] DEBUG i.pact.plugins.jvm.core.ChildProcess - Plugin protobuf [46348] || ?[2m2023-03-27T09:43:28.131070Z?[0m ?[35mTRACE?[0m tokio-runtime-worker ?[2mh2::proto::streams::counts?[0m?[2m:?[0m transition_after; stream=StreamId(7); state=State { inner: Closed(EndStream) }; is_closed=false; pending_send_empty=false; buffered_send_data=107; num_recv=1; num_send=0
15:13:28.132 [Thread-5] DEBUG i.pact.plugins.jvm.core.ChildProcess - Plugin protobuf [46348] || ?[2m2023-03-27T09:43:28.131091Z?[0m ?[35mTRACE?[0m tokio-runtime-worker ?[2mh2::proto::streams::streams?[0m?[2m:?[0m drop_stream_ref; stream=Stream { id: StreamId(7), state: State { inner: Closed(EndStream) }, is_counted: true, ref_count: 2, next_pending_send: None, is_pending_send: true, send_flow: FlowControl { window_size: Window(1048576), available: Window(107) }, requested_send_capacity: 107, buffered_send_data: 107, send_task: Some(Waker { data: 0x60000280c370, vtable: 0x102fab458 }), pending_send: Deque { indices: Some(Indices { head: 0, tail: 2 }) }, next_pending_send_capacity: None, is_pending_send_capacity: false, send_capacity_inc: true, next_open: None, is_pending_open: false, is_pending_push: false, next_pending_accept: None, is_pending_accept: false, recv_flow: FlowControl { window_size: Window(1043701), available: Window(1048576) }, in_flight_recv_data: 0, next_window_update: None, is_pending_window_update: false, reset_at: None, next_reset_expire: None, pending_recv: Deque { indices: None }, recv_task: None, pending_push_promises: Queue { indices: None, _p: PhantomData }, content_length: Omitted }
15:13:28.132 [Thread-5] DEBUG i.pact.plugins.jvm.core.ChildProcess - Plugin protobuf [46348] || ?[2m2023-03-27T09:43:28.131141Z?[0m ?[35mTRACE?[0m tokio-runtime-worker ?[2mh2::proto::streams::counts?[0m?[2m:?[0m transition_after; stream=StreamId(7); state=State { inner: Closed(EndStream) }; is_closed=false; pending_send_empty=false; buffered_send_data=107; num_recv=1; num_send=0
15:13:28.132 [Thread-5] DEBUG i.pact.plugins.jvm.core.ChildProcess - Plugin protobuf [46348] || ?[2m2023-03-27T09:43:28.131168Z?[0m ?[35mTRACE?[0m tokio-runtime-worker ?[2mh2::proto::streams::streams?[0m?[2m:?[0m drop_stream_ref; stream=Stream { id: StreamId(7), state: State { inner: Closed(EndStream) }, is_counted: true, ref_count: 1, next_pending_send: None, is_pending_send: true, send_flow: FlowControl { window_size: Window(1048576), available: Window(107) }, requested_send_capacity: 107, buffered_send_data: 107, send_task: Some(Waker { data: 0x60000280c370, vtable: 0x102fab458 }), pending_send: Deque { indices: Some(Indices { head: 0, tail: 2 }) }, next_pending_send_capacity: None, is_pending_send_capacity: false, send_capacity_inc: true, next_open: None, is_pending_open: false, is_pending_push: false, next_pending_accept: None, is_pending_accept: false, recv_flow: FlowControl { window_size: Window(1043701), available: Window(1048576) }, in_flight_recv_data: 0, next_window_update: None, is_pending_window_update: false, reset_at: None, next_reset_expire: None, pending_recv: Deque { indices: None }, recv_task: None, pending_push_promises: Queue { indices: None, _p: PhantomData }, content_length: Omitted }
15:13:28.132 [Thread-5] DEBUG i.pact.plugins.jvm.core.ChildProcess - Plugin protobuf [46348] || ?[2m2023-03-27T09:43:28.131199Z?[0m ?[35mTRACE?[0m tokio-runtime-worker ?[2mh2::proto::streams::counts?[0m?[2m:?[0m transition_after; stream=StreamId(7); state=State { inner: Closed(EndStream) }; is_closed=false; pending_send_empty=false; buffered_send_data=107; num_recv=1; num_send=0
15:13:28.132 [Thread-5] DEBUG i.pact.plugins.jvm.core.ChildProcess - Plugin protobuf [46348] || ?[2m2023-03-27T09:43:28.131269Z?[0m ?[35mTRACE?[0m tokio-runtime-worker ?[1mserver_handshake?[0m?[2m:?[0m?[1mConnection?[0m?[1m{?[0m?[3mpeer?[0m?[2m=?[0mServer?[1m}?[0m?[2m:?[0m?[1mpoll?[0m?[2m:?[0m ?[2mh2::proto::connection?[0m?[2m:?[0m ?[3mconnection.state?[0m?[2m=?[0mOpen
15:13:28.132 [Thread-5] DEBUG i.pact.plugins.jvm.core.ChildProcess - Plugin protobuf [46348] || ?[2m2023-03-27T09:43:28.131315Z?[0m ?[35mTRACE?[0m tokio-runtime-worker ?[1mserver_handshake?[0m?[2m:?[0m?[1mConnection?[0m?[1m{?[0m?[3mpeer?[0m?[2m=?[0mServer?[1m}?[0m?[2m:?[0m?[1mpoll?[0m?[2m:?[0m?[1mFramedRead::poll_next?[0m?[2m:?[0m ?[2mh2::codec::framed_read?[0m?[2m:?[0m poll
15:13:28.133 [Thread-5] DEBUG i.pact.plugins.jvm.core.ChildProcess - Plugin protobuf [46348] || ?[2m2023-03-27T09:43:28.131370Z?[0m ?[35mTRACE?[0m tokio-runtime-worker ?[1mserver_handshake?[0m?[2m:?[0m?[1mConnection?[0m?[1m{?[0m?[3mpeer?[0m?[2m=?[0mServer?[1m}?[0m?[2m:?[0m?[1mpoll?[0m?[2m:?[0m ?[2mh2::proto::streams::prioritize?[0m?[2m:?[0m poll_complete
15:13:28.133 [Thread-5] DEBUG i.pact.plugins.jvm.core.ChildProcess - Plugin protobuf [46348] || ?[2m2023-03-27T09:43:28.131386Z?[0m ?[35mTRACE?[0m tokio-runtime-worker ?[1mserver_handshake?[0m?[2m:?[0m?[1mConnection?[0m?[1m{?[0m?[3mpeer?[0m?[2m=?[0mServer?[1m}?[0m?[2m:?[0m?[1mpoll?[0m?[2m:?[0m ?[2mh2::proto::streams::prioritize?[0m?[2m:?[0m schedule_pending_open
15:13:28.133 [Thread-5] DEBUG i.pact.plugins.jvm.core.ChildProcess - Plugin protobuf [46348] || ?[2m2023-03-27T09:43:28.131419Z?[0m ?[35mTRACE?[0m tokio-runtime-worker ?[1mserver_handshake?[0m?[2m:?[0m?[1mConnection?[0m?[1m{?[0m?[3mpeer?[0m?[2m=?[0mServer?[1m}?[0m?[2m:?[0m?[1mpoll?[0m?[2m:?[0m?[1mpop_frame?[0m?[2m:?[0m?[1mpopped?[0m?[1m{?[0m?[3mstream.id?[0m?[2m=?[0mStreamId(7) ?[3mstream.state?[0m?[2m=?[0mState { inner: Closed(EndStream) }?[1m}?[0m?[2m:?[0m ?[2mh2::proto::streams::prioritize?[0m?[2m:?[0m ?[3mis_pending_reset?[0m?[2m=?[0mfalse
15:13:28.133 [Thread-5] DEBUG i.pact.plugins.jvm.core.ChildProcess - Plugin protobuf [46348] || ?[2m2023-03-27T09:43:28.131441Z?[0m ?[35mTRACE?[0m tokio-runtime-worker ?[1mserver_handshake?[0m?[2m:?[0m?[1mConnection?[0m?[1m{?[0m?[3mpeer?[0m?[2m=?[0mServer?[1m}?[0m?[2m:?[0m?[1mpoll?[0m?[2m:?[0m?[1mpop_frame?[0m?[2m:?[0m?[1mpopped?[0m?[1m{?[0m?[3mstream.id?[0m?[2m=?[0mStreamId(7) ?[3mstream.state?[0m?[2m=?[0mState { inner: Closed(EndStream) }?[1m}?[0m?[2m:?[0m ?[2mh2::proto::streams::prioritize?[0m?[2m:?[0m pop_frame; frame=Headers { stream_id: StreamId(7), flags: (0x4: END_HEADERS) }
15:13:28.133 [Thread-5] DEBUG i.pact.plugins.jvm.core.ChildProcess - Plugin protobuf [46348] || ?[2m2023-03-27T09:43:28.131467Z?[0m ?[35mTRACE?[0m tokio-runtime-worker ?[1mserver_handshake?[0m?[2m:?[0m?[1mConnection?[0m?[1m{?[0m?[3mpeer?[0m?[2m=?[0mServer?[1m}?[0m?[2m:?[0m?[1mpoll?[0m?[2m:?[0m?[1mpop_frame?[0m?[2m:?[0m?[1mpopped?[0m?[1m{?[0m?[3mstream.id?[0m?[2m=?[0mStreamId(7) ?[3mstream.state?[0m?[2m=?[0mState { inner: Closed(EndStream) }?[1m}?[0m?[2m:?[0m ?[2mh2::proto::streams::store?[0m?[2m:?[0m Queue::push
15:13:28.133 [Thread-5] DEBUG i.pact.plugins.jvm.core.ChildProcess - Plugin protobuf [46348] || ?[2m2023-03-27T09:43:28.131489Z?[0m ?[35mTRACE?[0m tokio-runtime-worker ?[1mserver_handshake?[0m?[2m:?[0m?[1mConnection?[0m?[1m{?[0m?[3mpeer?[0m?[2m=?[0mServer?[1m}?[0m?[2m:?[0m?[1mpoll?[0m?[2m:?[0m?[1mpop_frame?[0m?[2m:?[0m?[1mpopped?[0m?[1m{?[0m?[3mstream.id?[0m?[2m=?[0mStreamId(7) ?[3mstream.state?[0m?[2m=?[0mState { inner: Closed(EndStream) }?[1m}?[0m?[2m:?[0m ?[2mh2::proto::streams::store?[0m?[2m:?[0m  -> first entry
15:13:28.133 [grpc-nio-worker-ELG-1-2] DEBUG io.grpc.netty.NettyClientHandler - [id: 0x9e25d4de, L:/0:0:0:0:0:0:0:1:54373 - R:/0:0:0:0:0:0:0:1:54371] INBOUND HEADERS: streamId=7 headers=GrpcHttp2ResponseHeaders[:status: 200, content-type: application/grpc, date: Mon, 27 Mar 2023 09:43:27 GMT] padding=0 endStream=false
15:13:28.133 [Thread-5] DEBUG i.pact.plugins.jvm.core.ChildProcess - Plugin protobuf [46348] || ?[2m2023-03-27T09:43:28.131511Z?[0m ?[35mTRACE?[0m tokio-runtime-worker ?[1mserver_handshake?[0m?[2m:?[0m?[1mConnection?[0m?[1m{?[0m?[3mpeer?[0m?[2m=?[0mServer?[1m}?[0m?[2m:?[0m?[1mpoll?[0m?[2m:?[0m?[1mpop_frame?[0m?[2m:?[0m?[1mpopped?[0m?[1m{?[0m?[3mstream.id?[0m?[2m=?[0mStreamId(7) ?[3mstream.state?[0m?[2m=?[0mState { inner: Closed(EndStream) }?[1m}?[0m?[2m:?[0m ?[2mh2::proto::streams::counts?[0m?[2m:?[0m transition_after; stream=StreamId(7); state=State { inner: Closed(EndStream) }; is_closed=false; pending_send_empty=false; buffered_send_data=107; num_recv=1; num_send=0
15:13:28.134 [Thread-5] DEBUG i.pact.plugins.jvm.core.ChildProcess - Plugin protobuf [46348] || ?[2m2023-03-27T09:43:28.131555Z?[0m ?[35mTRACE?[0m tokio-runtime-worker ?[1mserver_handshake?[0m?[2m:?[0m?[1mConnection?[0m?[1m{?[0m?[3mpeer?[0m?[2m=?[0mServer?[1m}?[0m?[2m:?[0m?[1mpoll?[0m?[2m:?[0m ?[2mh2::proto::streams::prioritize?[0m?[2m:?[0m writing ?[3mframe?[0m?[2m=?[0mHeaders { stream_id: StreamId(7), flags: (0x4: END_HEADERS) }
15:13:28.135 [grpc-nio-worker-ELG-1-2] DEBUG io.grpc.netty.NettyClientHandler - [id: 0x9e25d4de, L:/0:0:0:0:0:0:0:1:54373 - R:/0:0:0:0:0:0:0:1:54371] INBOUND DATA: streamId=7 padding=0 endStream=false length=107 bytes=000000006612640a240a106170706c69636174696f6e2f67727063120e0a0c120a0d0000404015000080401802123c0a0c726571756573742d70617468122c0a...
15:13:28.135 [Thread-5] DEBUG i.pact.plugins.jvm.core.ChildProcess - Plugin protobuf [46348] || ?[2m2023-03-27T09:43:28.131587Z?[0m ?[34mDEBUG?[0m tokio-runtime-worker ?[1mserver_handshake?[0m?[2m:?[0m?[1mConnection?[0m?[1m{?[0m?[3mpeer?[0m?[2m=?[0mServer?[1m}?[0m?[2m:?[0m?[1mpoll?[0m?[2m:?[0m?[1mFramedWrite::buffer?[0m?[1m{?[0m?[3mframe?[0m?[2m=?[0mHeaders { stream_id: StreamId(7), flags: (0x4: END_HEADERS) }?[1m}?[0m?[2m:?[0m ?[2mh2::codec::framed_write?[0m?[2m:?[0m send ?[3mframe?[0m?[2m=?[0mHeaders { stream_id: StreamId(7), flags: (0x4: END_HEADERS) }
15:13:28.135 [Thread-5] DEBUG i.pact.plugins.jvm.core.ChildProcess - Plugin protobuf [46348] || ?[2m2023-03-27T09:43:28.131660Z?[0m ?[35mTRACE?[0m tokio-runtime-worker ?[1mserver_handshake?[0m?[2m:?[0m?[1mConnection?[0m?[1m{?[0m?[3mpeer?[0m?[2m=?[0mServer?[1m}?[0m?[2m:?[0m?[1mpoll?[0m?[2m:?[0m ?[2mh2::proto::streams::prioritize?[0m?[2m:?[0m schedule_pending_open
15:13:28.135 [grpc-nio-worker-ELG-1-2] DEBUG io.grpc.netty.NettyClientHandler - [id: 0x9e25d4de, L:/0:0:0:0:0:0:0:1:54373 - R:/0:0:0:0:0:0:0:1:54371] OUTBOUND PING: ack=false bytes=1234
15:13:28.135 [Thread-5] DEBUG i.pact.plugins.jvm.core.ChildProcess - Plugin protobuf [46348] || ?[2m2023-03-27T09:43:28.131700Z?[0m ?[35mTRACE?[0m tokio-runtime-worker ?[1mserver_handshake?[0m?[2m:?[0m?[1mConnection?[0m?[1m{?[0m?[3mpeer?[0m?[2m=?[0mServer?[1m}?[0m?[2m:?[0m?[1mpoll?[0m?[2m:?[0m?[1mpop_frame?[0m?[2m:?[0m?[1mpopped?[0m?[1m{?[0m?[3mstream.id?[0m?[2m=?[0mStreamId(7) ?[3mstream.state?[0m?[2m=?[0mState { inner: Closed(EndStream) }?[1m}?[0m?[2m:?[0m ?[2mh2::proto::streams::prioritize?[0m?[2m:?[0m ?[3mis_pending_reset?[0m?[2m=?[0mfalse
15:13:28.135 [Thread-5] DEBUG i.pact.plugins.jvm.core.ChildProcess - Plugin protobuf [46348] || ?[2m2023-03-27T09:43:28.131723Z?[0m ?[35mTRACE?[0m tokio-runtime-worker ?[1mserver_handshake?[0m?[2m:?[0m?[1mConnection?[0m?[1m{?[0m?[3mpeer?[0m?[2m=?[0mServer?[1m}?[0m?[2m:?[0m?[1mpoll?[0m?[2m:?[0m?[1mpop_frame?[0m?[2m:?[0m?[1mpopped?[0m?[1m{?[0m?[3mstream.id?[0m?[2m=?[0mStreamId(7) ?[3mstream.state?[0m?[2m=?[0mState { inner: Closed(EndStream) }?[1m}?[0m?[2m:?[0m ?[2mh2::proto::streams::prioritize?[0m?[2m:?[0m data frame ?[3msz?[0m?[2m=?[0m107 ?[3meos?[0m?[2m=?[0mfalse ?[3mwindow?[0m?[2m=?[0m107 ?[3mavailable?[0m?[2m=?[0m107 ?[3mrequested?[0m?[2m=?[0m107 ?[3mbuffered?[0m?[2m=?[0m107
15:13:28.135 [Thread-5] DEBUG i.pact.plugins.jvm.core.ChildProcess - Plugin protobuf [46348] || ?[2m2023-03-27T09:43:28.131748Z?[0m ?[35mTRACE?[0m tokio-runtime-worker ?[1mserver_handshake?[0m?[2m:?[0m?[1mConnection?[0m?[1m{?[0m?[3mpeer?[0m?[2m=?[0mServer?[1m}?[0m?[2m:?[0m?[1mpoll?[0m?[2m:?[0m?[1mpop_frame?[0m?[2m:?[0m?[1mpopped?[0m?[1m{?[0m?[3mstream.id?[0m?[2m=?[0mStreamId(7) ?[3mstream.state?[0m?[2m=?[0mState { inner: Closed(EndStream) }?[1m}?[0m?[2m:?[0m ?[2mh2::proto::streams::prioritize?[0m?[2m:?[0m sending data frame ?[3mlen?[0m?[2m=?[0m107
15:13:28.135 [Thread-5] DEBUG i.pact.plugins.jvm.core.ChildProcess - Plugin protobuf [46348] || ?[2m2023-03-27T09:43:28.131774Z?[0m ?[35mTRACE?[0m tokio-runtime-worker ?[1mserver_handshake?[0m?[2m:?[0m?[1mConnection?[0m?[1m{?[0m?[3mpeer?[0m?[2m=?[0mServer?[1m}?[0m?[2m:?[0m?[1mpoll?[0m?[2m:?[0m?[1mpop_frame?[0m?[2m:?[0m?[1mpopped?[0m?[1m{?[0m?[3mstream.id?[0m?[2m=?[0mStreamId(7) ?[3mstream.state?[0m?[2m=?[0mState { inner: Closed(EndStream) }?[1m}?[0m?[2m:?[0m?[1mupdating stream flow?[0m?[2m:?[0m ?[2mh2::proto::streams::flow_control?[0m?[2m:?[0m send_data; sz=107; window=1048576; available=107
15:13:28.135 [Thread-5] DEBUG i.pact.plugins.jvm.core.ChildProcess - Plugin protobuf [46348] || ?[2m2023-03-27T09:43:28.131813Z?[0m ?[35mTRACE?[0m tokio-runtime-worker ?[1mserver_handshake?[0m?[2m:?[0m?[1mConnection?[0m?[1m{?[0m?[3mpeer?[0m?[2m=?[0mServer?[1m}?[0m?[2m:?[0m?[1mpoll?[0m?[2m:?[0m?[1mpop_frame?[0m?[2m:?[0m?[1mpopped?[0m?[1m{?[0m?[3mstream.id?[0m?[2m=?[0mStreamId(7) ?[3mstream.state?[0m?[2m=?[0mState { inner: Closed(EndStream) }?[1m}?[0m?[2m:?[0m?[1mupdating connection flow?[0m?[2m:?[0m ?[2mh2::proto::streams::flow_control?[0m?[2m:?[0m send_data; sz=107; window=1048418; available=1048418
15:13:28.135 [Thread-5] DEBUG i.pact.plugins.jvm.core.ChildProcess - Plugin protobuf [46348] || ?[2m2023-03-27T09:43:28.131848Z?[0m ?[35mTRACE?[0m tokio-runtime-worker ?[1mserver_handshake?[0m?[2m:?[0m?[1mConnection?[0m?[1m{?[0m?[3mpeer?[0m?[2m=?[0mServer?[1m}?[0m?[2m:?[0m?[1mpoll?[0m?[2m:?[0m?[1mpop_frame?[0m?[2m:?[0m?[1mpopped?[0m?[1m{?[0m?[3mstream.id?[0m?[2m=?[0mStreamId(7) ?[3mstream.state?[0m?[2m=?[0mState { inner: Closed(EndStream) }?[1m}?[0m?[2m:?[0m ?[2mh2::proto::streams::prioritize?[0m?[2m:?[0m pop_frame; frame=Data { stream_id: StreamId(7) }
15:13:28.135 [Thread-5] DEBUG i.pact.plugins.jvm.core.ChildProcess - Plugin protobuf [46348] || ?[2m2023-03-27T09:43:28.131874Z?[0m ?[35mTRACE?[0m tokio-runtime-worker ?[1mserver_handshake?[0m?[2m:?[0m?[1mConnection?[0m?[1m{?[0m?[3mpeer?[0m?[2m=?[0mServer?[1m}?[0m?[2m:?[0m?[1mpoll?[0m?[2m:?[0m?[1mpop_frame?[0m?[2m:?[0m?[1mpopped?[0m?[1m{?[0m?[3mstream.id?[0m?[2m=?[0mStreamId(7) ?[3mstream.state?[0m?[2m=?[0mState { inner: Closed(EndStream) }?[1m}?[0m?[2m:?[0m ?[2mh2::proto::streams::store?[0m?[2m:?[0m Queue::push
15:13:28.135 [Thread-5] DEBUG i.pact.plugins.jvm.core.ChildProcess - Plugin protobuf [46348] || ?[2m2023-03-27T09:43:28.131891Z?[0m ?[35mTRACE?[0m tokio-runtime-worker ?[1mserver_handshake?[0m?[2m:?[0m?[1mConnection?[0m?[1m{?[0m?[3mpeer?[0m?[2m=?[0mServer?[1m}?[0m?[2m:?[0m?[1mpoll?[0m?[2m:?[0m?[1mpop_frame?[0m?[2m:?[0m?[1mpopped?[0m?[1m{?[0m?[3mstream.id?[0m?[2m=?[0mStreamId(7) ?[3mstream.state?[0m?[2m=?[0mState { inner: Closed(EndStream) }?[1m}?[0m?[2m:?[0m ?[2mh2::proto::streams::store?[0m?[2m:?[0m  -> first entry
15:13:28.136 [Thread-5] DEBUG i.pact.plugins.jvm.core.ChildProcess - Plugin protobuf [46348] || ?[2m2023-03-27T09:43:28.131906Z?[0m ?[35mTRACE?[0m tokio-runtime-worker ?[1mserver_handshake?[0m?[2m:?[0m?[1mConnection?[0m?[1m{?[0m?[3mpeer?[0m?[2m=?[0mServer?[1m}?[0m?[2m:?[0m?[1mpoll?[0m?[2m:?[0m?[1mpop_frame?[0m?[2m:?[0m?[1mpopped?[0m?[1m{?[0m?[3mstream.id?[0m?[2m=?[0mStreamId(7) ?[3mstream.state?[0m?[2m=?[0mState { inner: Closed(EndStream) }?[1m}?[0m?[2m:?[0m ?[2mh2::proto::streams::counts?[0m?[2m:?[0m transition_after; stream=StreamId(7); state=State { inner: Closed(EndStream) }; is_closed=false; pending_send_empty=false; buffered_send_data=0; num_recv=1; num_send=0
15:13:28.136 [Thread-5] DEBUG i.pact.plugins.jvm.core.ChildProcess - Plugin protobuf [46348] || ?[2m2023-03-27T09:43:28.131947Z?[0m ?[35mTRACE?[0m tokio-runtime-worker ?[1mserver_handshake?[0m?[2m:?[0m?[1mConnection?[0m?[1m{?[0m?[3mpeer?[0m?[2m=?[0mServer?[1m}?[0m?[2m:?[0m?[1mpoll?[0m?[2m:?[0m ?[2mh2::proto::streams::prioritize?[0m?[2m:?[0m writing ?[3mframe?[0m?[2m=?[0mData { stream_id: StreamId(7) }
15:13:28.136 [Thread-5] DEBUG i.pact.plugins.jvm.core.ChildProcess - Plugin protobuf [46348] || ?[2m2023-03-27T09:43:28.131977Z?[0m ?[34mDEBUG?[0m tokio-runtime-worker ?[1mserver_handshake?[0m?[2m:?[0m?[1mConnection?[0m?[1m{?[0m?[3mpeer?[0m?[2m=?[0mServer?[1m}?[0m?[2m:?[0m?[1mpoll?[0m?[2m:?[0m?[1mFramedWrite::buffer?[0m?[1m{?[0m?[3mframe?[0m?[2m=?[0mData { stream_id: StreamId(7) }?[1m}?[0m?[2m:?[0m ?[2mh2::codec::framed_write?[0m?[2m:?[0m send ?[3mframe?[0m?[2m=?[0mData { stream_id: StreamId(7) }
15:13:28.136 [grpc-nio-worker-ELG-1-2] DEBUG io.grpc.netty.NettyClientHandler - [id: 0x9e25d4de, L:/0:0:0:0:0:0:0:1:54373 - R:/0:0:0:0:0:0:0:1:54371] INBOUND HEADERS: streamId=7 headers=GrpcHttp2ResponseHeaders[grpc-status: 0] padding=0 endStream=true
15:13:28.136 [Thread-5] DEBUG i.pact.plugins.jvm.core.ChildProcess - Plugin protobuf [46348] || ?[2m2023-03-27T09:43:28.132010Z?[0m ?[35mTRACE?[0m tokio-runtime-worker ?[1mserver_handshake?[0m?[2m:?[0m?[1mConnection?[0m?[1m{?[0m?[3mpeer?[0m?[2m=?[0mServer?[1m}?[0m?[2m:?[0m?[1mpoll?[0m?[2m:?[0m?[1mtry_reclaim_frame?[0m?[2m:?[0m ?[2mh2::proto::streams::prioritize?[0m?[2m:?[0m reclaimed ?[3mframe?[0m?[2m=?[0mData { stream_id: StreamId(7) } ?[3msz?[0m?[2m=?[0m0
15:13:28.136 [Thread-5] DEBUG i.pact.plugins.jvm.core.ChildProcess - Plugin protobuf [46348] || ?[2m2023-03-27T09:43:28.132045Z?[0m ?[35mTRACE?[0m tokio-runtime-worker ?[1mserver_handshake?[0m?[2m:?[0m?[1mConnection?[0m?[1m{?[0m?[3mpeer?[0m?[2m=?[0mServer?[1m}?[0m?[2m:?[0m?[1mpoll?[0m?[2m:?[0m ?[2mh2::proto::streams::prioritize?[0m?[2m:?[0m schedule_pending_open
15:13:28.136 [Thread-5] DEBUG i.pact.plugins.jvm.core.ChildProcess - Plugin protobuf [46348] || ?[2m2023-03-27T09:43:28.132082Z?[0m ?[35mTRACE?[0m tokio-runtime-worker ?[1mserver_handshake?[0m?[2m:?[0m?[1mConnection?[0m?[1m{?[0m?[3mpeer?[0m?[2m=?[0mServer?[1m}?[0m?[2m:?[0m?[1mpoll?[0m?[2m:?[0m?[1mpop_frame?[0m?[2m:?[0m?[1mpopped?[0m?[1m{?[0m?[3mstream.id?[0m?[2m=?[0mStreamId(7) ?[3mstream.state?[0m?[2m=?[0mState { inner: Closed(EndStream) }?[1m}?[0m?[2m:?[0m ?[2mh2::proto::streams::prioritize?[0m?[2m:?[0m ?[3mis_pending_reset?[0m?[2m=?[0mfalse
15:13:28.136 [Thread-5] DEBUG i.pact.plugins.jvm.core.ChildProcess - Plugin protobuf [46348] || ?[2m2023-03-27T09:43:28.132099Z?[0m ?[35mTRACE?[0m tokio-runtime-worker ?[1mserver_handshake?[0m?[2m:?[0m?[1mConnection?[0m?[1m{?[0m?[3mpeer?[0m?[2m=?[0mServer?[1m}?[0m?[2m:?[0m?[1mpoll?[0m?[2m:?[0m?[1mpop_frame?[0m?[2m:?[0m?[1mpopped?[0m?[1m{?[0m?[3mstream.id?[0m?[2m=?[0mStreamId(7) ?[3mstream.state?[0m?[2m=?[0mState { inner: Closed(EndStream) }?[1m}?[0m?[2m:?[0m ?[2mh2::proto::streams::prioritize?[0m?[2m:?[0m pop_frame; frame=Headers { stream_id: StreamId(7), flags: (0x5: END_HEADERS | END_STREAM) }
15:13:28.136 [Thread-5] DEBUG i.pact.plugins.jvm.core.ChildProcess - Plugin protobuf [46348] || ?[2m2023-03-27T09:43:28.132120Z?[0m ?[35mTRACE?[0m tokio-runtime-worker ?[1mserver_handshake?[0m?[2m:?[0m?[1mConnection?[0m?[1m{?[0m?[3mpeer?[0m?[2m=?[0mServer?[1m}?[0m?[2m:?[0m?[1mpoll?[0m?[2m:?[0m?[1mpop_frame?[0m?[2m:?[0m?[1mpopped?[0m?[1m{?[0m?[3mstream.id?[0m?[2m=?[0mStreamId(7) ?[3mstream.state?[0m?[2m=?[0mState { inner: Closed(EndStream) }?[1m}?[0m?[2m:?[0m ?[2mh2::proto::streams::counts?[0m?[2m:?[0m transition_after; stream=StreamId(7); state=State { inner: Closed(EndStream) }; is_closed=true; pending_send_empty=true; buffered_send_data=0; num_recv=1; num_send=0
15:13:28.136 [Thread-5] DEBUG i.pact.plugins.jvm.core.ChildProcess - Plugin protobuf [46348] || ?[2m2023-03-27T09:43:28.132145Z?[0m ?[35mTRACE?[0m tokio-runtime-worker ?[1mserver_handshake?[0m?[2m:?[0m?[1mConnection?[0m?[1m{?[0m?[3mpeer?[0m?[2m=?[0mServer?[1m}?[0m?[2m:?[0m?[1mpoll?[0m?[2m:?[0m?[1mpop_frame?[0m?[2m:?[0m?[1mpopped?[0m?[1m{?[0m?[3mstream.id?[0m?[2m=?[0mStreamId(7) ?[3mstream.state?[0m?[2m=?[0mState { inner: Closed(EndStream) }?[1m}?[0m?[2m:?[0m ?[2mh2::proto::streams::counts?[0m?[2m:?[0m dec_num_streams; stream=StreamId(7)
15:13:28.136 [Thread-5] DEBUG i.pact.plugins.jvm.core.ChildProcess - Plugin protobuf [46348] || ?[2m2023-03-27T09:43:28.132180Z?[0m ?[35mTRACE?[0m tokio-runtime-worker ?[1mserver_handshake?[0m?[2m:?[0m?[1mConnection?[0m?[1m{?[0m?[3mpeer?[0m?[2m=?[0mServer?[1m}?[0m?[2m:?[0m?[1mpoll?[0m?[2m:?[0m ?[2mh2::proto::streams::prioritize?[0m?[2m:?[0m writing ?[3mframe?[0m?[2m=?[0mHeaders { stream_id: StreamId(7), flags: (0x5: END_HEADERS | END_STREAM) }
15:13:28.136 [Thread-5] DEBUG i.pact.plugins.jvm.core.ChildProcess - Plugin protobuf [46348] || ?[2m2023-03-27T09:43:28.132221Z?[0m ?[34mDEBUG?[0m tokio-runtime-worker ?[1mserver_handshake?[0m?[2m:?[0m?[1mConnection?[0m?[1m{?[0m?[3mpeer?[0m?[2m=?[0mServer?[1m}?[0m?[2m:?[0m?[1mpoll?[0m?[2m:?[0m?[1mFramedWrite::buffer?[0m?[1m{?[0m?[3mframe?[0m?[2m=?[0mHeaders { stream_id: StreamId(7), flags: (0x5: END_HEADERS | END_STREAM) }?[1m}?[0m?[2m:?[0m ?[2mh2::codec::framed_write?[0m?[2m:?[0m send ?[3mframe?[0m?[2m=?[0mHeaders { stream_id: StreamId(7), flags: (0x5: END_HEADERS | END_STREAM) }
15:13:28.136 [Thread-5] DEBUG i.pact.plugins.jvm.core.ChildProcess - Plugin protobuf [46348] || ?[2m2023-03-27T09:43:28.132282Z?[0m ?[35mTRACE?[0m tokio-runtime-worker ?[1mserver_handshake?[0m?[2m:?[0m?[1mConnection?[0m?[1m{?[0m?[3mpeer?[0m?[2m=?[0mServer?[1m}?[0m?[2m:?[0m?[1mpoll?[0m?[2m:?[0m ?[2mh2::proto::streams::prioritize?[0m?[2m:?[0m schedule_pending_open
15:13:28.136 [Thread-5] DEBUG i.pact.plugins.jvm.core.ChildProcess - Plugin protobuf [46348] || ?[2m2023-03-27T09:43:28.132330Z?[0m ?[35mTRACE?[0m tokio-runtime-worker ?[1mserver_handshake?[0m?[2m:?[0m?[1mConnection?[0m?[1m{?[0m?[3mpeer?[0m?[2m=?[0mServer?[1m}?[0m?[2m:?[0m?[1mpoll?[0m?[2m:?[0m?[1mFramedWrite::flush?[0m?[2m:?[0m ?[2mh2::codec::framed_write?[0m?[2m:?[0m ?[3mqueued_data_frame?[0m?[2m=?[0mfalse
15:13:28.136 [Thread-5] DEBUG i.pact.plugins.jvm.core.ChildProcess - Plugin protobuf [46348] || ?[2m2023-03-27T09:43:28.132384Z?[0m ?[35mTRACE?[0m tokio-runtime-worker ?[1mserver_handshake?[0m?[2m:?[0m?[1mConnection?[0m?[1m{?[0m?[3mpeer?[0m?[2m=?[0mServer?[1m}?[0m?[2m:?[0m?[1mpoll?[0m?[2m:?[0m?[1mFramedWrite::flush?[0m?[2m:?[0m ?[2mh2::codec::framed_write?[0m?[2m:?[0m flushing buffer
15:13:28.137 [Thread-5] DEBUG i.pact.plugins.jvm.core.ChildProcess - Plugin protobuf [46348] || ?[2m2023-03-27T09:43:28.137595Z?[0m ?[35mTRACE?[0m tokio-runtime-worker ?[1mserver_handshake?[0m?[2m:?[0m?[1mConnection?[0m?[1m{?[0m?[3mpeer?[0m?[2m=?[0mServer?[1m}?[0m?[2m:?[0m?[1mpoll?[0m?[2m:?[0m ?[2mh2::proto::connection?[0m?[2m:?[0m ?[3mconnection.state?[0m?[2m=?[0mOpen
15:13:28.138 [Thread-5] DEBUG i.pact.plugins.jvm.core.ChildProcess - Plugin protobuf [46348] || ?[2m2023-03-27T09:43:28.137650Z?[0m ?[35mTRACE?[0m tokio-runtime-worker ?[1mserver_handshake?[0m?[2m:?[0m?[1mConnection?[0m?[1m{?[0m?[3mpeer?[0m?[2m=?[0mServer?[1m}?[0m?[2m:?[0m?[1mpoll?[0m?[2m:?[0m?[1mFramedRead::poll_next?[0m?[2m:?[0m ?[2mh2::codec::framed_read?[0m?[2m:?[0m poll
15:13:28.138 [Thread-5] DEBUG i.pact.plugins.jvm.core.ChildProcess - Plugin protobuf [46348] || ?[2m2023-03-27T09:43:28.137704Z?[0m ?[35mTRACE?[0m tokio-runtime-worker ?[1mserver_handshake?[0m?[2m:?[0m?[1mConnection?[0m?[1m{?[0m?[3mpeer?[0m?[2m=?[0mServer?[1m}?[0m?[2m:?[0m?[1mpoll?[0m?[2m:?[0m?[1mFramedRead::poll_next?[0m?[2m:?[0m ?[2mtokio_util::codec::framed_impl?[0m?[2m:?[0m attempting to decode a frame
15:13:28.138 [Thread-5] DEBUG i.pact.plugins.jvm.core.ChildProcess - Plugin protobuf [46348] || ?[2m2023-03-27T09:43:28.137720Z?[0m ?[35mTRACE?[0m tokio-runtime-worker ?[1mserver_handshake?[0m?[2m:?[0m?[1mConnection?[0m?[1m{?[0m?[3mpeer?[0m?[2m=?[0mServer?[1m}?[0m?[2m:?[0m?[1mpoll?[0m?[2m:?[0m?[1mFramedRead::poll_next?[0m?[2m:?[0m ?[2mtokio_util::codec::framed_impl?[0m?[2m:?[0m frame decoded from buffer
15:13:28.138 [Thread-5] DEBUG i.pact.plugins.jvm.core.ChildProcess - Plugin protobuf [46348] || ?[2m2023-03-27T09:43:28.137733Z?[0m ?[35mTRACE?[0m tokio-runtime-worker ?[1mserver_handshake?[0m?[2m:?[0m?[1mConnection?[0m?[1m{?[0m?[3mpeer?[0m?[2m=?[0mServer?[1m}?[0m?[2m:?[0m?[1mpoll?[0m?[2m:?[0m?[1mFramedRead::poll_next?[0m?[2m:?[0m ?[2mh2::codec::framed_read?[0m?[2m:?[0m ?[3mread.bytes?[0m?[2m=?[0m17
15:13:28.138 [Thread-5] DEBUG i.pact.plugins.jvm.core.ChildProcess - Plugin protobuf [46348] || ?[2m2023-03-27T09:43:28.137756Z?[0m ?[35mTRACE?[0m tokio-runtime-worker ?[1mserver_handshake?[0m?[2m:?[0m?[1mConnection?[0m?[1m{?[0m?[3mpeer?[0m?[2m=?[0mServer?[1m}?[0m?[2m:?[0m?[1mpoll?[0m?[2m:?[0m?[1mFramedRead::poll_next?[0m?[2m:?[0m?[1mFramedRead::decode_frame?[0m?[1m{?[0m?[3moffset?[0m?[2m=?[0m17?[1m}?[0m?[2m:?[0m ?[2mh2::codec::framed_read?[0m?[2m:?[0m decoding frame from 17B
15:13:28.138 [Thread-5] DEBUG i.pact.plugins.jvm.core.ChildProcess - Plugin protobuf [46348] || ?[2m2023-03-27T09:43:28.137771Z?[0m ?[35mTRACE?[0m tokio-runtime-worker ?[1mserver_handshake?[0m?[2m:?[0m?[1mConnection?[0m?[1m{?[0m?[3mpeer?[0m?[2m=?[0mServer?[1m}?[0m?[2m:?[0m?[1mpoll?[0m?[2m:?[0m?[1mFramedRead::poll_next?[0m?[2m:?[0m?[1mFramedRead::decode_frame?[0m?[1m{?[0m?[3moffset?[0m?[2m=?[0m17?[1m}?[0m?[2m:?[0m ?[2mh2::codec::framed_read?[0m?[2m:?[0m ?[3mframe.kind?[0m?[2m=?[0mPing
15:13:28.138 [Thread-5] DEBUG i.pact.plugins.jvm.core.ChildProcess - Plugin protobuf [46348] || ?[2m2023-03-27T09:43:28.137795Z?[0m ?[34mDEBUG?[0m tokio-runtime-worker ?[1mserver_handshake?[0m?[2m:?[0m?[1mConnection?[0m?[1m{?[0m?[3mpeer?[0m?[2m=?[0mServer?[1m}?[0m?[2m:?[0m?[1mpoll?[0m?[2m:?[0m?[1mFramedRead::poll_next?[0m?[2m:?[0m ?[2mh2::codec::framed_read?[0m?[2m:?[0m received ?[3mframe?[0m?[2m=?[0mPing { ack: false, payload: [0, 0, 0, 0, 0, 0, 4, 210] }
15:13:28.138 [Thread-5] DEBUG i.pact.plugins.jvm.core.ChildProcess - Plugin protobuf [46348] || ?[2m2023-03-27T09:43:28.137822Z?[0m ?[35mTRACE?[0m tokio-runtime-worker ?[1mserver_handshake?[0m?[2m:?[0m?[1mConnection?[0m?[1m{?[0m?[3mpeer?[0m?[2m=?[0mServer?[1m}?[0m?[2m:?[0m?[1mpoll?[0m?[2m:?[0m ?[2mh2::proto::connection?[0m?[2m:?[0m recv PING ?[3mframe?[0m?[2m=?[0mPing { ack: false, payload: [0, 0, 0, 0, 0, 0, 4, 210] }
15:13:28.138 [Thread-5] DEBUG i.pact.plugins.jvm.core.ChildProcess - Plugin protobuf [46348] || ?[2m2023-03-27T09:43:28.137856Z?[0m ?[34mDEBUG?[0m tokio-runtime-worker ?[1mserver_handshake?[0m?[2m:?[0m?[1mConnection?[0m?[1m{?[0m?[3mpeer?[0m?[2m=?[0mServer?[1m}?[0m?[2m:?[0m?[1mpoll?[0m?[2m:?[0m?[1mpoll_ready?[0m?[2m:?[0m?[1mFramedWrite::buffer?[0m?[1m{?[0m?[3mframe?[0m?[2m=?[0mPing { ack: true, payload: [0, 0, 0, 0, 0, 0, 4, 210] }?[1m}?[0m?[2m:?[0m ?[2mh2::codec::framed_write?[0m?[2m:?[0m send ?[3mframe?[0m?[2m=?[0mPing { ack: true, payload: [0, 0, 0, 0, 0, 0, 4, 210] }
15:13:28.138 [Thread-5] DEBUG i.pact.plugins.jvm.core.ChildProcess - Plugin protobuf [46348] || ?[2m2023-03-27T09:43:28.137875Z?[0m ?[35mTRACE?[0m tokio-runtime-worker ?[1mserver_handshake?[0m?[2m:?[0m?[1mConnection?[0m?[1m{?[0m?[3mpeer?[0m?[2m=?[0mServer?[1m}?[0m?[2m:?[0m?[1mpoll?[0m?[2m:?[0m?[1mpoll_ready?[0m?[2m:?[0m?[1mFramedWrite::buffer?[0m?[1m{?[0m?[3mframe?[0m?[2m=?[0mPing { ack: true, payload: [0, 0, 0, 0, 0, 0, 4, 210] }?[1m}?[0m?[2m:?[0m ?[2mh2::frame::ping?[0m?[2m:?[0m encoding PING; ack=true len=8
15:13:28.138 [Thread-5] DEBUG i.pact.plugins.jvm.core.ChildProcess - Plugin protobuf [46348] || ?[2m2023-03-27T09:43:28.137892Z?[0m ?[35mTRACE?[0m tokio-runtime-worker ?[1mserver_handshake?[0m?[2m:?[0m?[1mConnection?[0m?[1m{?[0m?[3mpeer?[0m?[2m=?[0mServer?[1m}?[0m?[2m:?[0m?[1mpoll?[0m?[2m:?[0m?[1mpoll_ready?[0m?[2m:?[0m?[1mFramedWrite::buffer?[0m?[1m{?[0m?[3mframe?[0m?[2m=?[0mPing { ack: true, payload: [0, 0, 0, 0, 0, 0, 4, 210] }?[1m}?[0m?[2m:?[0m ?[2mh2::codec::framed_write?[0m?[2m:?[0m encoded ping ?[3mrem?[0m?[2m=?[0m17
15:13:28.138 [Thread-5] DEBUG i.pact.plugins.jvm.core.ChildProcess - Plugin protobuf [46348] || ?[2m2023-03-27T09:43:28.137926Z?[0m ?[35mTRACE?[0m tokio-runtime-worker ?[1mserver_handshake?[0m?[2m:?[0m?[1mConnection?[0m?[1m{?[0m?[3mpeer?[0m?[2m=?[0mServer?[1m}?[0m?[2m:?[0m?[1mpoll?[0m?[2m:?[0m?[1mFramedRead::poll_next?[0m?[2m:?[0m ?[2mh2::codec::framed_read?[0m?[2m:?[0m poll
15:13:28.138 [Thread-5] DEBUG i.pact.plugins.jvm.core.ChildProcess - Plugin protobuf [46348] || ?[2m2023-03-27T09:43:28.137939Z?[0m ?[35mTRACE?[0m tokio-runtime-worker ?[1mserver_handshake?[0m?[2m:?[0m?[1mConnection?[0m?[1m{?[0m?[3mpeer?[0m?[2m=?[0mServer?[1m}?[0m?[2m:?[0m?[1mpoll?[0m?[2m:?[0m?[1mFramedRead::poll_next?[0m?[2m:?[0m ?[2mtokio_util::codec::framed_impl?[0m?[2m:?[0m attempting to decode a frame
15:13:28.138 [grpc-nio-worker-ELG-1-2] DEBUG io.grpc.netty.NettyClientHandler - [id: 0x9e25d4de, L:/0:0:0:0:0:0:0:1:54373 - R:/0:0:0:0:0:0:0:1:54371] INBOUND PING: ack=true bytes=1234
15:13:28.138 [Thread-5] DEBUG i.pact.plugins.jvm.core.ChildProcess - Plugin protobuf [46348] || ?[2m2023-03-27T09:43:28.137976Z?[0m ?[35mTRACE?[0m tokio-runtime-worker ?[1mserver_handshake?[0m?[2m:?[0m?[1mConnection?[0m?[1m{?[0m?[3mpeer?[0m?[2m=?[0mServer?[1m}?[0m?[2m:?[0m?[1mpoll?[0m?[2m:?[0m ?[2mh2::proto::streams::prioritize?[0m?[2m:?[0m poll_complete
15:13:28.139 [Thread-5] DEBUG i.pact.plugins.jvm.core.ChildProcess - Plugin protobuf [46348] || ?[2m2023-03-27T09:43:28.137989Z?[0m ?[35mTRACE?[0m tokio-runtime-worker ?[1mserver_handshake?[0m?[2m:?[0m?[1mConnection?[0m?[1m{?[0m?[3mpeer?[0m?[2m=?[0mServer?[1m}?[0m?[2m:?[0m?[1mpoll?[0m?[2m:?[0m ?[2mh2::proto::streams::prioritize?[0m?[2m:?[0m schedule_pending_open
15:13:28.139 [Thread-5] DEBUG i.pact.plugins.jvm.core.ChildProcess - Plugin protobuf [46348] || ?[2m2023-03-27T09:43:28.138028Z?[0m ?[35mTRACE?[0m tokio-runtime-worker ?[1mserver_handshake?[0m?[2m:?[0m?[1mConnection?[0m?[1m{?[0m?[3mpeer?[0m?[2m=?[0mServer?[1m}?[0m?[2m:?[0m?[1mpoll?[0m?[2m:?[0m?[1mFramedWrite::flush?[0m?[2m:?[0m ?[2mh2::codec::framed_write?[0m?[2m:?[0m ?[3mqueued_data_frame?[0m?[2m=?[0mfalse
15:13:28.139 [Thread-5] DEBUG i.pact.plugins.jvm.core.ChildProcess - Plugin protobuf [46348] || ?[2m2023-03-27T09:43:28.138060Z?[0m ?[35mTRACE?[0m tokio-runtime-worker ?[1mserver_handshake?[0m?[2m:?[0m?[1mConnection?[0m?[1m{?[0m?[3mpeer?[0m?[2m=?[0mServer?[1m}?[0m?[2m:?[0m?[1mpoll?[0m?[2m:?[0m?[1mFramedWrite::flush?[0m?[2m:?[0m ?[2mh2::codec::framed_write?[0m?[2m:?[0m flushing buffer
15:13:28.170 [Test worker] DEBUG i.p.p.jvm.core.DefaultPluginManager - Got response: interactionData {
  body {
    contentType: "application/grpc"
    content {
      value: "\022\n\r\000\000@@\025\000\000\200@"
    }
    contentTypeHint: BINARY
  }
  metadata {
    key: "request-path"
    value {
      nonBinaryValue {
        string_value: "/area_calculator.Calculator/calculateOne"
      }
    }
  }
}

15:13:28.180 [Thread-8] WARN  a.com.dius.pact.core.support.Metrics - 
            Please note: we are tracking events anonymously to gather important usage statistics like JVM version
            and operating system. To disable tracking, set the 'pact_do_not_track' system property or environment
            variable to 'true'.
            
15:13:28.188 [Test worker] DEBUG a.c.d.pact.provider.ProviderVerifier - Verifying interaction => InteractionVerificationData(requestData=PRESENT(12 bytes starting with 120a0d000040401500008040...), metadata={request-path=/area_calculator.Calculator/calculateOne})
15:13:28.200 [Test worker] DEBUG i.p.p.jvm.core.DefaultPluginManager - Sending verifyInteraction request to plugin DefaultPactPluginManifest(pluginDir=/Users/karthik/.pact/plugins/protobuf-0.1.5, pluginInterfaceVersion=1, name=protobuf, version=0.1.5, executableType=exec, minimumRequiredVersion=null, entryPoint=pact-protobuf-plugin, entryPoints={}, args=[], dependencies=[])
15:13:28.201 [Thread-8] DEBUG o.a.h.c.h.i.c.InternalHttpClient - ex-0000000002 preparing request execution
15:13:28.202 [Thread-8] DEBUG o.a.h.c.h.protocol.RequestAddCookies - ex-0000000002 Cookie spec selected: strict
15:13:28.202 [Thread-8] DEBUG o.a.h.c.h.protocol.RequestAuthCache - ex-0000000002 Auth cache not set in the context
15:13:28.202 [Thread-8] DEBUG o.a.h.c.h.impl.classic.ProtocolExec - ex-0000000002 target auth state: UNCHALLENGED
15:13:28.202 [Thread-8] DEBUG o.a.h.c.h.impl.classic.ProtocolExec - ex-0000000002 proxy auth state: UNCHALLENGED
15:13:28.202 [Thread-8] DEBUG o.a.h.c.h.impl.classic.ConnectExec - ex-0000000002 acquiring connection with route {s}->https://www.google-analytics.com:443
15:13:28.202 [Thread-8] DEBUG o.a.h.c.h.i.c.InternalHttpClient - ex-0000000002 acquiring endpoint (3 MINUTES)
15:13:28.202 [Thread-8] DEBUG o.a.h.c.h.i.i.PoolingHttpClientConnectionManager - ex-0000000002 endpoint lease request (3 MINUTES) [route: {s}->https://www.google-analytics.com:443][total available: 1; route allocated: 1 of 100; total allocated: 1 of 200]
15:13:28.203 [Thread-8] DEBUG o.a.h.c.h.i.i.PoolingHttpClientConnectionManager - ex-0000000002 endpoint leased [route: {s}->https://www.google-analytics.com:443][total available: 0; route allocated: 1 of 100; total allocated: 1 of 200]
15:13:28.203 [Thread-8] DEBUG o.a.h.c.h.i.i.PoolingHttpClientConnectionManager - ex-0000000002 acquired ep-0000000001
15:13:28.203 [Thread-8] DEBUG o.a.h.c.h.i.c.InternalHttpClient - ex-0000000002 acquired endpoint ep-0000000001
15:13:28.203 [Thread-8] DEBUG o.a.h.c.h.i.classic.MainClientExec - ex-0000000002 executing POST /collect HTTP/1.1
15:13:28.203 [Thread-8] DEBUG o.a.h.c.h.i.c.InternalHttpClient - ep-0000000001 start execution ex-0000000002
15:13:28.203 [Thread-8] DEBUG o.a.h.c.h.i.i.PoolingHttpClientConnectionManager - ep-0000000001 executing exchange ex-0000000002 over http-outgoing-0
15:13:28.204 [Thread-8] DEBUG org.apache.hc.client5.http.headers - http-outgoing-0 >> POST /collect HTTP/1.1
15:13:28.204 [Thread-8] DEBUG org.apache.hc.client5.http.headers - http-outgoing-0 >> Accept-Encoding: gzip, x-gzip, deflate
15:13:28.204 [Thread-8] DEBUG org.apache.hc.client5.http.headers - http-outgoing-0 >> Content-Length: 235
15:13:28.204 [Thread-8] DEBUG org.apache.hc.client5.http.headers - http-outgoing-0 >> Content-Type: application/x-www-form-urlencoded; charset=ISO-8859-1
15:13:28.204 [Thread-8] DEBUG org.apache.hc.client5.http.headers - http-outgoing-0 >> Host: www.google-analytics.com
15:13:28.204 [Thread-8] DEBUG org.apache.hc.client5.http.headers - http-outgoing-0 >> Connection: keep-alive
15:13:28.204 [Thread-8] DEBUG org.apache.hc.client5.http.headers - http-outgoing-0 >> User-Agent: Apache-HttpClient/5.1.3 (Java/11.0.13)
15:13:28.204 [Thread-8] DEBUG org.apache.hc.client5.http.wire - http-outgoing-0 >> "POST /collect HTTP/1.1[\r][\n]"
15:13:28.204 [Thread-8] DEBUG org.apache.hc.client5.http.wire - http-outgoing-0 >> "Accept-Encoding: gzip, x-gzip, deflate[\r][\n]"
15:13:28.204 [Thread-8] DEBUG org.apache.hc.client5.http.wire - http-outgoing-0 >> "Content-Length: 235[\r][\n]"
15:13:28.204 [Thread-8] DEBUG org.apache.hc.client5.http.wire - http-outgoing-0 >> "Content-Type: application/x-www-form-urlencoded; charset=ISO-8859-1[\r][\n]"
15:13:28.204 [Thread-8] DEBUG org.apache.hc.client5.http.wire - http-outgoing-0 >> "Host: www.google-analytics.com[\r][\n]"
15:13:28.204 [Thread-8] DEBUG org.apache.hc.client5.http.wire - http-outgoing-0 >> "Connection: keep-alive[\r][\n]"
15:13:28.204 [Thread-8] DEBUG org.apache.hc.client5.http.wire - http-outgoing-0 >> "User-Agent: Apache-HttpClient/5.1.3 (Java/11.0.13)[\r][\n]"
15:13:28.204 [Thread-8] DEBUG org.apache.hc.client5.http.wire - http-outgoing-0 >> "[\r][\n]"
15:13:28.204 [Thread-8] DEBUG org.apache.hc.client5.http.wire - http-outgoing-0 >> "v=1&t=event&tid=UA-117778936-1&cid=e5055a8685601fcd821493daacce8417&an=pact-jvm&aid=pact-jvm&av=4.4.2&aip=true&ds=client&cd2=unknown&cd3=mac+os+x-x86_64&cd6=junit5&cd7=11.0.13%2B8-LTS&el=Pacts+verified&ec=ProviderTest&ea=Completed&ev=1"
15:13:28.209 [grpc-nio-worker-ELG-1-2] DEBUG io.grpc.netty.NettyClientHandler - [id: 0x9e25d4de, L:/0:0:0:0:0:0:0:1:54373 - R:/0:0:0:0:0:0:0:1:54371] OUTBOUND HEADERS: streamId=9 headers=GrpcHttp2OutboundHeaders[:authority: [::1]:54371, :path: /io.pact.plugin.PactPlugin/VerifyInteraction, :method: POST, :scheme: http, content-type: application/grpc, te: trailers, user-agent: grpc-java-netty/1.49.0, grpc-accept-encoding: gzip, authorization: 76890bd5-a20d-4c00-9cad-333e5317f474] streamDependency=0 weight=16 exclusive=false padding=0 endStream=false
15:13:28.210 [grpc-nio-worker-ELG-1-2] DEBUG io.grpc.netty.NettyClientHandler - [id: 0x9e25d4de, L:/0:0:0:0:0:0:0:1:54373 - R:/0:0:0:0:0:0:0:1:54371] OUTBOUND DATA: streamId=9 padding=0 endStream=true length=4975 bytes=000000136a0a620a220a106170706c69636174696f6e2f67727063120e0a0c120a0d000040401500008040123c0a0c726571756573742d70617468122c0a2a1a...
15:13:28.211 [Thread-5] DEBUG i.pact.plugins.jvm.core.ChildProcess - Plugin protobuf [46348] || ?[2m2023-03-27T09:43:28.210807Z?[0m ?[35mTRACE?[0m tokio-runtime-worker ?[1mserver_handshake?[0m?[2m:?[0m?[1mConnection?[0m?[1m{?[0m?[3mpeer?[0m?[2m=?[0mServer?[1m}?[0m?[2m:?[0m?[1mpoll?[0m?[2m:?[0m ?[2mh2::proto::connection?[0m?[2m:?[0m ?[3mconnection.state?[0m?[2m=?[0mOpen
15:13:28.211 [Thread-5] DEBUG i.pact.plugins.jvm.core.ChildProcess - Plugin protobuf [46348] || ?[2m2023-03-27T09:43:28.210879Z?[0m ?[35mTRACE?[0m tokio-runtime-worker ?[1mserver_handshake?[0m?[2m:?[0m?[1mConnection?[0m?[1m{?[0m?[3mpeer?[0m?[2m=?[0mServer?[1m}?[0m?[2m:?[0m?[1mpoll?[0m?[2m:?[0m?[1mFramedRead::poll_next?[0m?[2m:?[0m ?[2mh2::codec::framed_read?[0m?[2m:?[0m poll
15:13:28.212 [Thread-5] DEBUG i.pact.plugins.jvm.core.ChildProcess - Plugin protobuf [46348] || ?[2m2023-03-27T09:43:28.210915Z?[0m ?[35mTRACE?[0m tokio-runtime-worker ?[1mserver_handshake?[0m?[2m:?[0m?[1mConnection?[0m?[1m{?[0m?[3mpeer?[0m?[2m=?[0mServer?[1m}?[0m?[2m:?[0m?[1mpoll?[0m?[2m:?[0m?[1mFramedRead::poll_next?[0m?[2m:?[0m ?[2mtokio_util::codec::framed_impl?[0m?[2m:?[0m attempting to decode a frame
15:13:28.212 [Thread-5] DEBUG i.pact.plugins.jvm.core.ChildProcess - Plugin protobuf [46348] || ?[2m2023-03-27T09:43:28.210935Z?[0m ?[35mTRACE?[0m tokio-runtime-worker ?[1mserver_handshake?[0m?[2m:?[0m?[1mConnection?[0m?[1m{?[0m?[3mpeer?[0m?[2m=?[0mServer?[1m}?[0m?[2m:?[0m?[1mpoll?[0m?[2m:?[0m?[1mFramedRead::poll_next?[0m?[2m:?[0m ?[2mtokio_util::codec::framed_impl?[0m?[2m:?[0m frame decoded from buffer
15:13:28.212 [Thread-5] DEBUG i.pact.plugins.jvm.core.ChildProcess - Plugin protobuf [46348] || ?[2m2023-03-27T09:43:28.211009Z?[0m ?[35mTRACE?[0m tokio-runtime-worker ?[1mserver_handshake?[0m?[2m:?[0m?[1mConnection?[0m?[1m{?[0m?[3mpeer?[0m?[2m=?[0mServer?[1m}?[0m?[2m:?[0m?[1mpoll?[0m?[2m:?[0m?[1mFramedRead::poll_next?[0m?[2m:?[0m ?[2mh2::codec::framed_read?[0m?[2m:?[0m ?[3mread.bytes?[0m?[2m=?[0m68
15:13:28.212 [Thread-5] DEBUG i.pact.plugins.jvm.core.ChildProcess - Plugin protobuf [46348] || ?[2m2023-03-27T09:43:28.211058Z?[0m ?[35mTRACE?[0m tokio-runtime-worker ?[1mserver_handshake?[0m?[2m:?[0m?[1mConnection?[0m?[1m{?[0m?[3mpeer?[0m?[2m=?[0mServer?[1m}?[0m?[2m:?[0m?[1mpoll?[0m?[2m:?[0m?[1mFramedRead::poll_next?[0m?[2m:?[0m?[1mFramedRead::decode_frame?[0m?[1m{?[0m?[3moffset?[0m?[2m=?[0m68?[1m}?[0m?[2m:?[0m ?[2mh2::codec::framed_read?[0m?[2m:?[0m decoding frame from 68B
15:13:28.212 [Thread-5] DEBUG i.pact.plugins.jvm.core.ChildProcess - Plugin protobuf [46348] || ?[2m2023-03-27T09:43:28.211083Z?[0m ?[35mTRACE?[0m tokio-runtime-worker ?[1mserver_handshake?[0m?[2m:?[0m?[1mConnection?[0m?[1m{?[0m?[3mpeer?[0m?[2m=?[0mServer?[1m}?[0m?[2m:?[0m?[1mpoll?[0m?[2m:?[0m?[1mFramedRead::poll_next?[0m?[2m:?[0m?[1mFramedRead::decode_frame?[0m?[1m{?[0m?[3moffset?[0m?[2m=?[0m68?[1m}?[0m?[2m:?[0m ?[2mh2::codec::framed_read?[0m?[2m:?[0m ?[3mframe.kind?[0m?[2m=?[0mHeaders
15:13:28.212 [Thread-5] DEBUG i.pact.plugins.jvm.core.ChildProcess - Plugin protobuf [46348] || ?[2m2023-03-27T09:43:28.211140Z?[0m ?[35mTRACE?[0m tokio-runtime-worker ?[1mserver_handshake?[0m?[2m:?[0m?[1mConnection?[0m?[1m{?[0m?[3mpeer?[0m?[2m=?[0mServer?[1m}?[0m?[2m:?[0m?[1mpoll?[0m?[2m:?[0m?[1mFramedRead::poll_next?[0m?[2m:?[0m?[1mFramedRead::decode_frame?[0m?[1m{?[0m?[3moffset?[0m?[2m=?[0m68?[1m}?[0m?[2m:?[0m ?[2mh2::frame::headers?[0m?[2m:?[0m loading headers; flags=(0x24: END_HEADERS | PRIORITY)
15:13:28.212 [Thread-5] DEBUG i.pact.plugins.jvm.core.ChildProcess - Plugin protobuf [46348] || ?[2m2023-03-27T09:43:28.211174Z?[0m ?[35mTRACE?[0m tokio-runtime-worker ?[1mserver_handshake?[0m?[2m:?[0m?[1mConnection?[0m?[1m{?[0m?[3mpeer?[0m?[2m=?[0mServer?[1m}?[0m?[2m:?[0m?[1mpoll?[0m?[2m:?[0m?[1mFramedRead::poll_next?[0m?[2m:?[0m?[1mFramedRead::decode_frame?[0m?[1m{?[0m?[3moffset?[0m?[2m=?[0m68?[1m}?[0m?[2m:?[0m?[1mhpack::decode?[0m?[2m:?[0m ?[2mh2::hpack::decoder?[0m?[2m:?[0m decode
15:13:28.212 [Thread-5] DEBUG i.pact.plugins.jvm.core.ChildProcess - Plugin protobuf [46348] || ?[2m2023-03-27T09:43:28.211220Z?[0m ?[35mTRACE?[0m tokio-runtime-worker ?[1mserver_handshake?[0m?[2m:?[0m?[1mConnection?[0m?[1m{?[0m?[3mpeer?[0m?[2m=?[0mServer?[1m}?[0m?[2m:?[0m?[1mpoll?[0m?[2m:?[0m?[1mFramedRead::poll_next?[0m?[2m:?[0m?[1mFramedRead::decode_frame?[0m?[1m{?[0m?[3moffset?[0m?[2m=?[0m68?[1m}?[0m?[2m:?[0m?[1mhpack::decode?[0m?[2m:?[0m ?[2mh2::hpack::decoder?[0m?[2m:?[0m ?[3mrem?[0m?[2m=?[0m54 ?[3mkind?[0m?[2m=?[0mIndexed
15:13:28.212 [Thread-5] DEBUG i.pact.plugins.jvm.core.ChildProcess - Plugin protobuf [46348] || ?[2m2023-03-27T09:43:28.211250Z?[0m ?[35mTRACE?[0m tokio-runtime-worker ?[1mserver_handshake?[0m?[2m:?[0m?[1mConnection?[0m?[1m{?[0m?[3mpeer?[0m?[2m=?[0mServer?[1m}?[0m?[2m:?[0m?[1mpoll?[0m?[2m:?[0m?[1mFramedRead::poll_next?[0m?[2m:?[0m?[1mFramedRead::decode_frame?[0m?[1m{?[0m?[3moffset?[0m?[2m=?[0m68?[1m}?[0m?[2m:?[0m?[1mhpack::decode?[0m?[2m:?[0m ?[2mh2::hpack::decoder?[0m?[2m:?[0m ?[3mrem?[0m?[2m=?[0m53 ?[3mkind?[0m?[2m=?[0mLiteralWithIndexing
15:13:28.212 [Thread-5] DEBUG i.pact.plugins.jvm.core.ChildProcess - Plugin protobuf [46348] || ?[2m2023-03-27T09:43:28.211272Z?[0m ?[35mTRACE?[0m tokio-runtime-worker ?[1mserver_handshake?[0m?[2m:?[0m?[1mConnection?[0m?[1m{?[0m?[3mpeer?[0m?[2m=?[0mServer?[1m}?[0m?[2m:?[0m?[1mpoll?[0m?[2m:?[0m?[1mFramedRead::poll_next?[0m?[2m:?[0m?[1mFramedRead::decode_frame?[0m?[1m{?[0m?[3moffset?[0m?[2m=?[0m68?[1m}?[0m?[2m:?[0m?[1mhpack::decode?[0m?[2m:?[0m ?[2mh2::hpack::decoder?[0m?[2m:?[0m ?[3mrem?[0m?[2m=?[0m7 ?[3mkind?[0m?[2m=?[0mIndexed
15:13:28.212 [Thread-5] DEBUG i.pact.plugins.jvm.core.ChildProcess - Plugin protobuf [46348] || ?[2m2023-03-27T09:43:28.211290Z?[0m ?[35mTRACE?[0m tokio-runtime-worker ?[1mserver_handshake?[0m?[2m:?[0m?[1mConnection?[0m?[1m{?[0m?[3mpeer?[0m?[2m=?[0mServer?[1m}?[0m?[2m:?[0m?[1mpoll?[0m?[2m:?[0m?[1mFramedRead::poll_next?[0m?[2m:?[0m?[1mFramedRead::decode_frame?[0m?[1m{?[0m?[3moffset?[0m?[2m=?[0m68?[1m}?[0m?[2m:?[0m?[1mhpack::decode?[0m?[2m:?[0m ?[2mh2::hpack::decoder?[0m?[2m:?[0m ?[3mrem?[0m?[2m=?[0m6 ?[3mkind?[0m?[2m=?[0mIndexed
15:13:28.212 [Thread-5] DEBUG i.pact.plugins.jvm.core.ChildProcess - Plugin protobuf [46348] || ?[2m2023-03-27T09:43:28.211308Z?[0m ?[35mTRACE?[0m tokio-runtime-worker ?[1mserver_handshake?[0m?[2m:?[0m?[1mConnection?[0m?[1m{?[0m?[3mpeer?[0m?[2m=?[0mServer?[1m}?[0m?[2m:?[0m?[1mpoll?[0m?[2m:?[0m?[1mFramedRead::poll_next?[0m?[2m:?[0m?[1mFramedRead::decode_frame?[0m?[1m{?[0m?[3moffset?[0m?[2m=?[0m68?[1m}?[0m?[2m:?[0m?[1mhpack::decode?[0m?[2m:?[0m ?[2mh2::hpack::decoder?[0m?[2m:?[0m ?[3mrem?[0m?[2m=?[0m5 ?[3mkind?[0m?[2m=?[0mIndexed
15:13:28.212 [Thread-5] DEBUG i.pact.plugins.jvm.core.ChildProcess - Plugin protobuf [46348] || ?[2m2023-03-27T09:43:28.211328Z?[0m ?[35mTRACE?[0m tokio-runtime-worker ?[1mserver_handshake?[0m?[2m:?[0m?[1mConnection?[0m?[1m{?[0m?[3mpeer?[0m?[2m=?[0mServer?[1m}?[0m?[2m:?[0m?[1mpoll?[0m?[2m:?[0m?[1mFramedRead::poll_next?[0m?[2m:?[0m?[1mFramedRead::decode_frame?[0m?[1m{?[0m?[3moffset?[0m?[2m=?[0m68?[1m}?[0m?[2m:?[0m?[1mhpack::decode?[0m?[2m:?[0m ?[2mh2::hpack::decoder?[0m?[2m:?[0m ?[3mrem?[0m?[2m=?[0m4 ?[3mkind?[0m?[2m=?[0mIndexed
15:13:28.213 [Thread-5] DEBUG i.pact.plugins.jvm.core.ChildProcess - Plugin protobuf [46348] || ?[2m2023-03-27T09:43:28.211348Z?[0m ?[35mTRACE?[0m tokio-runtime-worker ?[1mserver_handshake?[0m?[2m:?[0m?[1mConnection?[0m?[1m{?[0m?[3mpeer?[0m?[2m=?[0mServer?[1m}?[0m?[2m:?[0m?[1mpoll?[0m?[2m:?[0m?[1mFramedRead::poll_next?[0m?[2m:?[0m?[1mFramedRead::decode_frame?[0m?[1m{?[0m?[3moffset?[0m?[2m=?[0m68?[1m}?[0m?[2m:?[0m?[1mhpack::decode?[0m?[2m:?[0m ?[2mh2::hpack::decoder?[0m?[2m:?[0m ?[3mrem?[0m?[2m=?[0m3 ?[3mkind?[0m?[2m=?[0mIndexed
15:13:28.213 [Thread-5] DEBUG i.pact.plugins.jvm.core.ChildProcess - Plugin protobuf [46348] || ?[2m2023-03-27T09:43:28.211366Z?[0m ?[35mTRACE?[0m tokio-runtime-worker ?[1mserver_handshake?[0m?[2m:?[0m?[1mConnection?[0m?[1m{?[0m?[3mpeer?[0m?[2m=?[0mServer?[1m}?[0m?[2m:?[0m?[1mpoll?[0m?[2m:?[0m?[1mFramedRead::poll_next?[0m?[2m:?[0m?[1mFramedRead::decode_frame?[0m?[1m{?[0m?[3moffset?[0m?[2m=?[0m68?[1m}?[0m?[2m:?[0m?[1mhpack::decode?[0m?[2m:?[0m ?[2mh2::hpack::decoder?[0m?[2m:?[0m ?[3mrem?[0m?[2m=?[0m2 ?[3mkind?[0m?[2m=?[0mIndexed
15:13:28.213 [Thread-5] DEBUG i.pact.plugins.jvm.core.ChildProcess - Plugin protobuf [46348] || ?[2m2023-03-27T09:43:28.211384Z?[0m ?[35mTRACE?[0m tokio-runtime-worker ?[1mserver_handshake?[0m?[2m:?[0m?[1mConnection?[0m?[1m{?[0m?[3mpeer?[0m?[2m=?[0mServer?[1m}?[0m?[2m:?[0m?[1mpoll?[0m?[2m:?[0m?[1mFramedRead::poll_next?[0m?[2m:?[0m?[1mFramedRead::decode_frame?[0m?[1m{?[0m?[3moffset?[0m?[2m=?[0m68?[1m}?[0m?[2m:?[0m?[1mhpack::decode?[0m?[2m:?[0m ?[2mh2::hpack::decoder?[0m?[2m:?[0m ?[3mrem?[0m?[2m=?[0m1 ?[3mkind?[0m?[2m=?[0mIndexed
15:13:28.213 [Thread-5] DEBUG i.pact.plugins.jvm.core.ChildProcess - Plugin protobuf [46348] || ?[2m2023-03-27T09:43:28.211422Z?[0m ?[34mDEBUG?[0m tokio-runtime-worker ?[1mserver_handshake?[0m?[2m:?[0m?[1mConnection?[0m?[1m{?[0m?[3mpeer?[0m?[2m=?[0mServer?[1m}?[0m?[2m:?[0m?[1mpoll?[0m?[2m:?[0m?[1mFramedRead::poll_next?[0m?[2m:?[0m ?[2mh2::codec::framed_read?[0m?[2m:?[0m received ?[3mframe?[0m?[2m=?[0mHeaders { stream_id: StreamId(9), flags: (0x24: END_HEADERS | PRIORITY), stream_dep: StreamDependency { dependency_id: StreamId(0), weight: 15, is_exclusive: false } }
15:13:28.213 [Thread-5] DEBUG i.pact.plugins.jvm.core.ChildProcess - Plugin protobuf [46348] || ?[2m2023-03-27T09:43:28.211455Z?[0m ?[35mTRACE?[0m tokio-runtime-worker ?[1mserver_handshake?[0m?[2m:?[0m?[1mConnection?[0m?[1m{?[0m?[3mpeer?[0m?[2m=?[0mServer?[1m}?[0m?[2m:?[0m?[1mpoll?[0m?[2m:?[0m ?[2mh2::proto::connection?[0m?[2m:?[0m recv HEADERS ?[3mframe?[0m?[2m=?[0mHeaders { stream_id: StreamId(9), flags: (0x24: END_HEADERS | PRIORITY), stream_dep: StreamDependency { dependency_id: StreamId(0), weight: 15, is_exclusive: false } }
15:13:28.213 [Thread-5] DEBUG i.pact.plugins.jvm.core.ChildProcess - Plugin protobuf [46348] || ?[2m2023-03-27T09:43:28.211478Z?[0m ?[35mTRACE?[0m tokio-runtime-worker ?[1mserver_handshake?[0m?[2m:?[0m?[1mConnection?[0m?[1m{?[0m?[3mpeer?[0m?[2m=?[0mServer?[1m}?[0m?[2m:?[0m?[1mpoll?[0m?[2m:?[0m ?[2mh2::proto::streams::flow_control?[0m?[2m:?[0m inc_window; sz=1048576; old=0; new=1048576
15:13:28.213 [Thread-5] DEBUG i.pact.plugins.jvm.core.ChildProcess - Plugin protobuf [46348] || ?[2m2023-03-27T09:43:28.211497Z?[0m ?[35mTRACE?[0m tokio-runtime-worker ?[1mserver_handshake?[0m?[2m:?[0m?[1mConnection?[0m?[1m{?[0m?[3mpeer?[0m?[2m=?[0mServer?[1m}?[0m?[2m:?[0m?[1mpoll?[0m?[2m:?[0m ?[2mh2::proto::streams::flow_control?[0m?[2m:?[0m inc_window; sz=1048576; old=0; new=1048576
15:13:28.213 [Thread-5] DEBUG i.pact.plugins.jvm.core.ChildProcess - Plugin protobuf [46348] || ?[2m2023-03-27T09:43:28.211515Z?[0m ?[35mTRACE?[0m tokio-runtime-worker ?[1mserver_handshake?[0m?[2m:?[0m?[1mConnection?[0m?[1m{?[0m?[3mpeer?[0m?[2m=?[0mServer?[1m}?[0m?[2m:?[0m?[1mpoll?[0m?[2m:?[0m ?[2mh2::proto::streams::streams?[0m?[2m:?[0m recv_headers; stream=StreamId(9); state=State { inner: Idle }
15:13:28.213 [Thread-5] DEBUG i.pact.plugins.jvm.core.ChildProcess - Plugin protobuf [46348] || ?[2m2023-03-27T09:43:28.211534Z?[0m ?[35mTRACE?[0m tokio-runtime-worker ?[1mserver_handshake?[0m?[2m:?[0m?[1mConnection?[0m?[1m{?[0m?[3mpeer?[0m?[2m=?[0mServer?[1m}?[0m?[2m:?[0m?[1mpoll?[0m?[2m:?[0m ?[2mh2::proto::streams::recv?[0m?[2m:?[0m opening stream; init_window=1048576
15:13:28.213 [Thread-5] DEBUG i.pact.plugins.jvm.core.ChildProcess - Plugin protobuf [46348] || ?[2m2023-03-27T09:43:28.211559Z?[0m ?[35mTRACE?[0m tokio-runtime-worker ?[1mserver_handshake?[0m?[2m:?[0m?[1mConnection?[0m?[1m{?[0m?[3mpeer?[0m?[2m=?[0mServer?[1m}?[0m?[2m:?[0m?[1mpoll?[0m?[2m:?[0m ?[2mh2::proto::streams::store?[0m?[2m:?[0m Queue::push
15:13:28.213 [Thread-5] DEBUG i.pact.plugins.jvm.core.ChildProcess - Plugin protobuf [46348] || ?[2m2023-03-27T09:43:28.211576Z?[0m ?[35mTRACE?[0m tokio-runtime-worker ?[1mserver_handshake?[0m?[2m:?[0m?[1mConnection?[0m?[1m{?[0m?[3mpeer?[0m?[2m=?[0mServer?[1m}?[0m?[2m:?[0m?[1mpoll?[0m?[2m:?[0m ?[2mh2::proto::streams::store?[0m?[2m:?[0m  -> first entry
15:13:28.213 [Thread-5] DEBUG i.pact.plugins.jvm.core.ChildProcess - Plugin protobuf [46348] || ?[2m2023-03-27T09:43:28.211591Z?[0m ?[35mTRACE?[0m tokio-runtime-worker ?[1mserver_handshake?[0m?[2m:?[0m?[1mConnection?[0m?[1m{?[0m?[3mpeer?[0m?[2m=?[0mServer?[1m}?[0m?[2m:?[0m?[1mpoll?[0m?[2m:?[0m ?[2mh2::proto::streams::counts?[0m?[2m:?[0m transition_after; stream=StreamId(9); state=State { inner: Open { local: AwaitingHeaders, remote: Streaming } }; is_closed=false; pending_send_empty=true; buffered_send_data=0; num_recv=1; num_send=0
15:13:28.213 [Thread-5] DEBUG i.pact.plugins.jvm.core.ChildProcess - Plugin protobuf [46348] || ?[2m2023-03-27T09:43:28.211636Z?[0m ?[35mTRACE?[0m tokio-runtime-worker ?[1mserver_handshake?[0m?[2m:?[0m?[1mConnection?[0m?[1m{?[0m?[3mpeer?[0m?[2m=?[0mServer?[1m}?[0m?[2m:?[0m?[1mpoll?[0m?[2m:?[0m?[1mFramedRead::poll_next?[0m?[2m:?[0m ?[2mh2::codec::framed_read?[0m?[2m:?[0m poll
15:13:28.214 [Thread-5] DEBUG i.pact.plugins.jvm.core.ChildProcess - Plugin protobuf [46348] || ?[2m2023-03-27T09:43:28.211655Z?[0m ?[35mTRACE?[0m tokio-runtime-worker ?[1mserver_handshake?[0m?[2m:?[0m?[1mConnection?[0m?[1m{?[0m?[3mpeer?[0m?[2m=?[0mServer?[1m}?[0m?[2m:?[0m?[1mpoll?[0m?[2m:?[0m?[1mFramedRead::poll_next?[0m?[2m:?[0m ?[2mtokio_util::codec::framed_impl?[0m?[2m:?[0m attempting to decode a frame
15:13:28.214 [Thread-5] DEBUG i.pact.plugins.jvm.core.ChildProcess - Plugin protobuf [46348] || ?[2m2023-03-27T09:43:28.211682Z?[0m ?[35mTRACE?[0m tokio-runtime-worker ?[1mserver_handshake?[0m?[2m:?[0m?[1mConnection?[0m?[1m{?[0m?[3mpeer?[0m?[2m=?[0mServer?[1m}?[0m?[2m:?[0m?[1mpoll?[0m?[2m:?[0m?[1mFramedRead::poll_next?[0m?[2m:?[0m ?[2mtokio_util::codec::framed_impl?[0m?[2m:?[0m attempting to decode a frame
15:13:28.214 [Thread-5] DEBUG i.pact.plugins.jvm.core.ChildProcess - Plugin protobuf [46348] || ?[2m2023-03-27T09:43:28.211698Z?[0m ?[35mTRACE?[0m tokio-runtime-worker ?[1mserver_handshake?[0m?[2m:?[0m?[1mConnection?[0m?[1m{?[0m?[3mpeer?[0m?[2m=?[0mServer?[1m}?[0m?[2m:?[0m?[1mpoll?[0m?[2m:?[0m?[1mFramedRead::poll_next?[0m?[2m:?[0m ?[2mtokio_util::codec::framed_impl?[0m?[2m:?[0m frame decoded from buffer
15:13:28.214 [Thread-5] DEBUG i.pact.plugins.jvm.core.ChildProcess - Plugin protobuf [46348] || ?[2m2023-03-27T09:43:28.211712Z?[0m ?[35mTRACE?[0m tokio-runtime-worker ?[1mserver_handshake?[0m?[2m:?[0m?[1mConnection?[0m?[1m{?[0m?[3mpeer?[0m?[2m=?[0mServer?[1m}?[0m?[2m:?[0m?[1mpoll?[0m?[2m:?[0m?[1mFramedRead::poll_next?[0m?[2m:?[0m ?[2mh2::codec::framed_read?[0m?[2m:?[0m ?[3mread.bytes?[0m?[2m=?[0m4984
15:13:28.214 [Thread-5] DEBUG i.pact.plugins.jvm.core.ChildProcess - Plugin protobuf [46348] || ?[2m2023-03-27T09:43:28.211740Z?[0m ?[35mTRACE?[0m tokio-runtime-worker ?[1mserver_handshake?[0m?[2m:?[0m?[1mConnection?[0m?[1m{?[0m?[3mpeer?[0m?[2m=?[0mServer?[1m}?[0m?[2m:?[0m?[1mpoll?[0m?[2m:?[0m?[1mFramedRead::poll_next?[0m?[2m:?[0m?[1mFramedRead::decode_frame?[0m?[1m{?[0m?[3moffset?[0m?[2m=?[0m4984?[1m}?[0m?[2m:?[0m ?[2mh2::codec::framed_read?[0m?[2m:?[0m decoding frame from 4984B
15:13:28.214 [Thread-5] DEBUG i.pact.plugins.jvm.core.ChildProcess - Plugin protobuf [46348] || ?[2m2023-03-27T09:43:28.211760Z?[0m ?[35mTRACE?[0m tokio-runtime-worker ?[1mserver_handshake?[0m?[2m:?[0m?[1mConnection?[0m?[1m{?[0m?[3mpeer?[0m?[2m=?[0mServer?[1m}?[0m?[2m:?[0m?[1mpoll?[0m?[2m:?[0m?[1mFramedRead::poll_next?[0m?[2m:?[0m?[1mFramedRead::decode_frame?[0m?[1m{?[0m?[3moffset?[0m?[2m=?[0m4984?[1m}?[0m?[2m:?[0m ?[2mh2::codec::framed_read?[0m?[2m:?[0m ?[3mframe.kind?[0m?[2m=?[0mData
15:13:28.214 [Thread-5] DEBUG i.pact.plugins.jvm.core.ChildProcess - Plugin protobuf [46348] || ?[2m2023-03-27T09:43:28.211784Z?[0m ?[34mDEBUG?[0m tokio-runtime-worker ?[1mserver_handshake?[0m?[2m:?[0m?[1mConnection?[0m?[1m{?[0m?[3mpeer?[0m?[2m=?[0mServer?[1m}?[0m?[2m:?[0m?[1mpoll?[0m?[2m:?[0m?[1mFramedRead::poll_next?[0m?[2m:?[0m ?[2mh2::codec::framed_read?[0m?[2m:?[0m received ?[3mframe?[0m?[2m=?[0mData { stream_id: StreamId(9), flags: (0x1: END_STREAM) }
15:13:28.214 [Thread-5] DEBUG i.pact.plugins.jvm.core.ChildProcess - Plugin protobuf [46348] || ?[2m2023-03-27T09:43:28.211813Z?[0m ?[35mTRACE?[0m tokio-runtime-worker ?[1mserver_handshake?[0m?[2m:?[0m?[1mConnection?[0m?[1m{?[0m?[3mpeer?[0m?[2m=?[0mServer?[1m}?[0m?[2m:?[0m?[1mpoll?[0m?[2m:?[0m ?[2mh2::proto::connection?[0m?[2m:?[0m recv DATA ?[3mframe?[0m?[2m=?[0mData { stream_id: StreamId(9), flags: (0x1: END_STREAM) }
15:13:28.214 [Thread-5] DEBUG i.pact.plugins.jvm.core.ChildProcess - Plugin protobuf [46348] || ?[2m2023-03-27T09:43:28.211833Z?[0m ?[35mTRACE?[0m tokio-runtime-worker ?[1mserver_handshake?[0m?[2m:?[0m?[1mConnection?[0m?[1m{?[0m?[3mpeer?[0m?[2m=?[0mServer?[1m}?[0m?[2m:?[0m?[1mpoll?[0m?[2m:?[0m ?[2mh2::proto::streams::recv?[0m?[2m:?[0m recv_data; size=4975; connection=1043517; stream=1048576
15:13:28.214 [Thread-5] DEBUG i.pact.plugins.jvm.core.ChildProcess - Plugin protobuf [46348] || ?[2m2023-03-27T09:43:28.211849Z?[0m ?[35mTRACE?[0m tokio-runtime-worker ?[1mserver_handshake?[0m?[2m:?[0m?[1mConnection?[0m?[1m{?[0m?[3mpeer?[0m?[2m=?[0mServer?[1m}?[0m?[2m:?[0m?[1mpoll?[0m?[2m:?[0m ?[2mh2::proto::streams::flow_control?[0m?[2m:?[0m send_data; sz=4975; window=1043517; available=1048576
15:13:28.214 [Thread-5] DEBUG i.pact.plugins.jvm.core.ChildProcess - Plugin protobuf [46348] || ?[2m2023-03-27T09:43:28.211868Z?[0m ?[35mTRACE?[0m tokio-runtime-worker ?[1mserver_handshake?[0m?[2m:?[0m?[1mConnection?[0m?[1m{?[0m?[3mpeer?[0m?[2m=?[0mServer?[1m}?[0m?[2m:?[0m?[1mpoll?[0m?[2m:?[0m ?[2mh2::proto::streams::state?[0m?[2m:?[0m recv_close: Open => HalfClosedRemote(AwaitingHeaders)
15:13:28.214 [Thread-5] DEBUG i.pact.plugins.jvm.core.ChildProcess - Plugin protobuf [46348] || ?[2m2023-03-27T09:43:28.211918Z?[0m ?[35mTRACE?[0m tokio-runtime-worker ?[1mserver_handshake?[0m?[2m:?[0m?[1mConnection?[0m?[1m{?[0m?[3mpeer?[0m?[2m=?[0mServer?[1m}?[0m?[2m:?[0m?[1mpoll?[0m?[2m:?[0m ?[2mh2::proto::streams::flow_control?[0m?[2m:?[0m send_data; sz=4975; window=1048576; available=1048576
15:13:28.214 [Thread-5] DEBUG i.pact.plugins.jvm.core.ChildProcess - Plugin protobuf [46348] || ?[2m2023-03-27T09:43:28.211939Z?[0m ?[35mTRACE?[0m tokio-runtime-worker ?[1mserver_handshake?[0m?[2m:?[0m?[1mConnection?[0m?[1m{?[0m?[3mpeer?[0m?[2m=?[0mServer?[1m}?[0m?[2m:?[0m?[1mpoll?[0m?[2m:?[0m ?[2mh2::proto::streams::counts?[0m?[2m:?[0m transition_after; stream=StreamId(9); state=State { inner: HalfClosedRemote(AwaitingHeaders) }; is_closed=false; pending_send_empty=true; buffered_send_data=0; num_recv=1; num_send=0
15:13:28.214 [Thread-5] DEBUG i.pact.plugins.jvm.core.ChildProcess - Plugin protobuf [46348] || ?[2m2023-03-27T09:43:28.211992Z?[0m ?[35mTRACE?[0m tokio-runtime-worker ?[1mserver_handshake?[0m?[2m:?[0m?[1mConnection?[0m?[1m{?[0m?[3mpeer?[0m?[2m=?[0mServer?[1m}?[0m?[2m:?[0m?[1mpoll?[0m?[2m:?[0m?[1mFramedRead::poll_next?[0m?[2m:?[0m ?[2mh2::codec::framed_read?[0m?[2m:?[0m poll
15:13:28.214 [Thread-5] DEBUG i.pact.plugins.jvm.core.ChildProcess - Plugin protobuf [46348] || ?[2m2023-03-27T09:43:28.212019Z?[0m ?[35mTRACE?[0m tokio-runtime-worker ?[1mserver_handshake?[0m?[2m:?[0m?[1mConnection?[0m?[1m{?[0m?[3mpeer?[0m?[2m=?[0mServer?[1m}?[0m?[2m:?[0m?[1mpoll?[0m?[2m:?[0m?[1mFramedRead::poll_next?[0m?[2m:?[0m ?[2mtokio_util::codec::framed_impl?[0m?[2m:?[0m attempting to decode a frame
15:13:28.214 [Thread-5] DEBUG i.pact.plugins.jvm.core.ChildProcess - Plugin protobuf [46348] || ?[2m2023-03-27T09:43:28.212098Z?[0m ?[35mTRACE?[0m tokio-runtime-worker ?[1mserver_handshake?[0m?[2m:?[0m?[1mConnection?[0m?[1m{?[0m?[3mpeer?[0m?[2m=?[0mServer?[1m}?[0m?[2m:?[0m?[1mpoll?[0m?[2m:?[0m ?[2mh2::proto::streams::prioritize?[0m?[2m:?[0m poll_complete
15:13:28.214 [Thread-5] DEBUG i.pact.plugins.jvm.core.ChildProcess - Plugin protobuf [46348] || ?[2m2023-03-27T09:43:28.212119Z?[0m ?[35mTRACE?[0m tokio-runtime-worker ?[1mserver_handshake?[0m?[2m:?[0m?[1mConnection?[0m?[1m{?[0m?[3mpeer?[0m?[2m=?[0mServer?[1m}?[0m?[2m:?[0m?[1mpoll?[0m?[2m:?[0m ?[2mh2::proto::streams::prioritize?[0m?[2m:?[0m schedule_pending_open
15:13:28.214 [Thread-5] DEBUG i.pact.plugins.jvm.core.ChildProcess - Plugin protobuf [46348] || ?[2m2023-03-27T09:43:28.212162Z?[0m ?[35mTRACE?[0m tokio-runtime-worker ?[1mserver_handshake?[0m?[2m:?[0m?[1mConnection?[0m?[1m{?[0m?[3mpeer?[0m?[2m=?[0mServer?[1m}?[0m?[2m:?[0m?[1mpoll?[0m?[2m:?[0m?[1mFramedWrite::flush?[0m?[2m:?[0m ?[2mh2::codec::framed_write?[0m?[2m:?[0m flushing buffer
15:13:28.214 [Thread-5] DEBUG i.pact.plugins.jvm.core.ChildProcess - Plugin protobuf [46348] || ?[2m2023-03-27T09:43:28.212213Z?[0m ?[35mTRACE?[0m tokio-runtime-worker ?[2mh2::proto::streams::streams?[0m?[2m:?[0m next_incoming; id=StreamId(9), state=State { inner: HalfClosedRemote(AwaitingHeaders) }
15:13:28.214 [Thread-5] DEBUG i.pact.plugins.jvm.core.ChildProcess - Plugin protobuf [46348] || ?[2m2023-03-27T09:43:28.212232Z?[0m ?[35mTRACE?[0m tokio-runtime-worker ?[2mh2::server?[0m?[2m:?[0m received incoming
15:13:28.214 [Thread-5] DEBUG i.pact.plugins.jvm.core.ChildProcess - Plugin protobuf [46348] || ?[2m2023-03-27T09:43:28.212245Z?[0m ?[35mTRACE?[0m tokio-runtime-worker ?[2mhyper::proto::h2::server?[0m?[2m:?[0m incoming request
15:13:28.215 [Thread-5] DEBUG i.pact.plugins.jvm.core.ChildProcess - Plugin protobuf [46348] || ?[2m2023-03-27T09:43:28.212344Z?[0m ?[34mDEBUG?[0m tokio-runtime-worker ?[1mrequest?[0m?[1m{?[0m?[3mmethod?[0m?[2m=?[0mPOST ?[3muri?[0m?[2m=?[0mhttp://[::1]:54371/io.pact.plugin.PactPlugin/VerifyInteraction ?[3mversion?[0m?[2m=?[0mHTTP/2.0 ?[3mheaders?[0m?[2m=?[0m{"content-type": "application/grpc", "te": "trailers", "user-agent": "grpc-java-netty/1.49.0", "grpc-accept-encoding": "gzip", "authorization": Sensitive}?[1m}?[0m?[2m:?[0m ?[2mtower_http::trace::on_request?[0m?[2m:?[0m started processing request
15:13:28.215 [Thread-5] DEBUG i.pact.plugins.jvm.core.ChildProcess - Plugin protobuf [46348] || ?[2m2023-03-27T09:43:28.212427Z?[0m ?[35mTRACE?[0m tokio-runtime-worker ?[1mserver_handshake?[0m?[2m:?[0m?[1mConnection?[0m?[1m{?[0m?[3mpeer?[0m?[2m=?[0mServer?[1m}?[0m?[2m:?[0m?[1mpoll?[0m?[2m:?[0m ?[2mh2::proto::connection?[0m?[2m:?[0m ?[3mconnection.state?[0m?[2m=?[0mOpen
15:13:28.215 [Thread-5] DEBUG i.pact.plugins.jvm.core.ChildProcess - Plugin protobuf [46348] || ?[2m2023-03-27T09:43:28.212471Z?[0m ?[35mTRACE?[0m tokio-runtime-worker ?[1mserver_handshake?[0m?[2m:?[0m?[1mConnection?[0m?[1m{?[0m?[3mpeer?[0m?[2m=?[0mServer?[1m}?[0m?[2m:?[0m?[1mpoll?[0m?[2m:?[0m?[1mFramedRead::poll_next?[0m?[2m:?[0m ?[2mh2::codec::framed_read?[0m?[2m:?[0m poll
15:13:28.215 [Thread-5] DEBUG i.pact.plugins.jvm.core.ChildProcess - Plugin protobuf [46348] || ?[2m2023-03-27T09:43:28.212519Z?[0m ?[35mTRACE?[0m tokio-runtime-worker ?[1mserver_handshake?[0m?[2m:?[0m?[1mConnection?[0m?[1m{?[0m?[3mpeer?[0m?[2m=?[0mServer?[1m}?[0m?[2m:?[0m?[1mpoll?[0m?[2m:?[0m ?[2mh2::proto::streams::prioritize?[0m?[2m:?[0m poll_complete
15:13:28.215 [Thread-5] DEBUG i.pact.plugins.jvm.core.ChildProcess - Plugin protobuf [46348] || ?[2m2023-03-27T09:43:28.212536Z?[0m ?[35mTRACE?[0m tokio-runtime-worker ?[1mserver_handshake?[0m?[2m:?[0m?[1mConnection?[0m?[1m{?[0m?[3mpeer?[0m?[2m=?[0mServer?[1m}?[0m?[2m:?[0m?[1mpoll?[0m?[2m:?[0m ?[2mh2::proto::streams::prioritize?[0m?[2m:?[0m schedule_pending_open
15:13:28.215 [Thread-5] DEBUG i.pact.plugins.jvm.core.ChildProcess - Plugin protobuf [46348] || ?[2m2023-03-27T09:43:28.212599Z?[0m ?[35mTRACE?[0m tokio-runtime-worker ?[1mserver_handshake?[0m?[2m:?[0m?[1mConnection?[0m?[1m{?[0m?[3mpeer?[0m?[2m=?[0mServer?[1m}?[0m?[2m:?[0m?[1mpoll?[0m?[2m:?[0m?[1mFramedWrite::flush?[0m?[2m:?[0m ?[2mh2::codec::framed_write?[0m?[2m:?[0m flushing buffer
15:13:28.215 [Thread-5] DEBUG i.pact.plugins.jvm.core.ChildProcess - Plugin protobuf [46348] || ?[2m2023-03-27T09:43:28.212671Z?[0m ?[35mTRACE?[0m tokio-runtime-worker ?[1mrequest?[0m?[1m{?[0m?[3mmethod?[0m?[2m=?[0mPOST ?[3muri?[0m?[2m=?[0mhttp://[::1]:54371/io.pact.plugin.PactPlugin/VerifyInteraction ?[3mversion?[0m?[2m=?[0mHTTP/2.0 ?[3mheaders?[0m?[2m=?[0m{"content-type": "application/grpc", "te": "trailers", "user-agent": "grpc-java-netty/1.49.0", "grpc-accept-encoding": "gzip", "authorization": Sensitive}?[1m}?[0m?[2m:?[0m ?[2mh2::proto::streams::recv?[0m?[2m:?[0m release_capacity; size=4975
15:13:28.215 [Thread-5] DEBUG i.pact.plugins.jvm.core.ChildProcess - Plugin protobuf [46348] || ?[2m2023-03-27T09:43:28.212691Z?[0m ?[35mTRACE?[0m tokio-runtime-worker ?[1mrequest?[0m?[1m{?[0m?[3mmethod?[0m?[2m=?[0mPOST ?[3muri?[0m?[2m=?[0mhttp://[::1]:54371/io.pact.plugin.PactPlugin/VerifyInteraction ?[3mversion?[0m?[2m=?[0mHTTP/2.0 ?[3mheaders?[0m?[2m=?[0m{"content-type": "application/grpc", "te": "trailers", "user-agent": "grpc-java-netty/1.49.0", "grpc-accept-encoding": "gzip", "authorization": Sensitive}?[1m}?[0m?[2m:?[0m ?[2mh2::proto::streams::recv?[0m?[2m:?[0m release_connection_capacity; size=4975, connection in_flight_data=4975
15:13:28.215 [Thread-5] DEBUG i.pact.plugins.jvm.core.ChildProcess - Plugin protobuf [46348] || ?[2m2023-03-27T09:43:28.212828Z?[0m ?[35mTRACE?[0m tokio-runtime-worker ?[1mrequest?[0m?[1m{?[0m?[3mmethod?[0m?[2m=?[0mPOST ?[3muri?[0m?[2m=?[0mhttp://[::1]:54371/io.pact.plugin.PactPlugin/VerifyInteraction ?[3mversion?[0m?[2m=?[0mHTTP/2.0 ?[3mheaders?[0m?[2m=?[0m{"content-type": "application/grpc", "te": "trailers", "user-agent": "grpc-java-netty/1.49.0", "grpc-accept-encoding": "gzip", "authorization": Sensitive}?[1m}?[0m?[2m:?[0m ?[2mh2::proto::streams::streams?[0m?[2m:?[0m drop_stream_ref; stream=Stream { id: StreamId(9), state: State { inner: HalfClosedRemote(AwaitingHeaders) }, is_counted: true, ref_count: 2, next_pending_send: None, is_pending_send: false, send_flow: FlowControl { window_size: Window(1048576), available: Window(0) }, requested_send_capacity: 0, buffered_send_data: 0, send_task: None, pending_send: Deque { indices: None }, next_pending_send_capacity: None, is_pending_send_capacity: false, send_capacity_inc: false, next_open: None, is_pending_open: false, is_pending_push: false, next_pending_accept: None, is_pending_accept: false, recv_flow: FlowControl { window_size: Window(1043601), available: Window(1048576) }, in_flight_recv_data: 0, next_window_update: None, is_pending_window_update: false, reset_at: None, next_reset_expire: None, pending_recv: Deque { indices: None }, recv_task: None, pending_push_promises: Queue { indices: None, _p: PhantomData }, content_length: Omitted }
15:13:28.216 [Thread-5] DEBUG i.pact.plugins.jvm.core.ChildProcess - Plugin protobuf [46348] || ?[2m2023-03-27T09:43:28.212926Z?[0m ?[35mTRACE?[0m tokio-runtime-worker ?[1mrequest?[0m?[1m{?[0m?[3mmethod?[0m?[2m=?[0mPOST ?[3muri?[0m?[2m=?[0mhttp://[::1]:54371/io.pact.plugin.PactPlugin/VerifyInteraction ?[3mversion?[0m?[2m=?[0mHTTP/2.0 ?[3mheaders?[0m?[2m=?[0m{"content-type": "application/grpc", "te": "trailers", "user-agent": "grpc-java-netty/1.49.0", "grpc-accept-encoding": "gzip", "authorization": Sensitive}?[1m}?[0m?[2m:?[0m ?[2mh2::proto::streams::counts?[0m?[2m:?[0m transition_after; stream=StreamId(9); state=State { inner: HalfClosedRemote(AwaitingHeaders) }; is_closed=false; pending_send_empty=true; buffered_send_data=0; num_recv=1; num_send=0
15:13:28.216 [Thread-5] DEBUG i.pact.plugins.jvm.core.ChildProcess - Plugin protobuf [46348] || ?[2m2023-03-27T09:43:28.214238Z?[0m ?[34mDEBUG?[0m tokio-runtime-worker ?[1mrequest?[0m?[1m{?[0m?[3mmethod?[0m?[2m=?[0mPOST ?[3muri?[0m?[2m=?[0mhttp://[::1]:54371/io.pact.plugin.PactPlugin/VerifyInteraction ?[3mversion?[0m?[2m=?[0mHTTP/2.0 ?[3mheaders?[0m?[2m=?[0m{"content-type": "application/grpc", "te": "trailers", "user-agent": "grpc-java-netty/1.49.0", "grpc-accept-encoding": "gzip", "authorization": Sensitive}?[1m}?[0m?[2m:?[0m ?[2mpact_protobuf_plugin::server?[0m?[2m:?[0m Received verify interaction request
15:13:28.216 [Thread-5] DEBUG i.pact.plugins.jvm.core.ChildProcess - Plugin protobuf [46348] || ?[2m2023-03-27T09:43:28.214283Z?[0m ?[35mTRACE?[0m tokio-runtime-worker ?[1mrequest?[0m?[1m{?[0m?[3mmethod?[0m?[2m=?[0mPOST ?[3muri?[0m?[2m=?[0mhttp://[::1]:54371/io.pact.plugin.PactPlugin/VerifyInteraction ?[3mversion?[0m?[2m=?[0mHTTP/2.0 ?[3mheaders?[0m?[2m=?[0m{"content-type": "application/grpc", "te": "trailers", "user-agent": "grpc-java-netty/1.49.0", "grpc-accept-encoding": "gzip", "authorization": Sensitive}?[1m}?[0m?[2m:?[0m ?[2mpact_protobuf_plugin::server?[0m?[2m:?[0m Got verify_interaction request VerifyInteractionRequest { interaction_data: Some(InteractionData { body: Some(Body { content_type: "application/grpc", content: Some([18, 10, 13, 0, 0, 64, 64, 21, 0, 0, 128, 64]), content_type_hint: Default }), metadata: {"request-path": MetadataValue { value: Some(NonBinaryValue(Value { kind: Some(StringValue("/area_calculator.Calculator/calculateOne")) })) }} }), config: Some(Struct { fields: {"host": Value { kind: Some(StringValue("localhost")) }, "port": Value { kind: Some(NumberValue(8080.0)) }, "transport": Value { kind: Some(StringValue("grpc")) }} }), pact: "{\n  \"consumer\": {\n    \"name\": \"grpc-consumer-jvm\"\n  },\n  \"interactions\": [\n    {\n      \"comments\": {\n        \"testname\": \"io.pact.example.grpc.consumer.PactConsumerTest.calculateRectangleArea(MockServer, SynchronousMessages)\"\n      },\n      \"description\": \"calculate rectangle area request\",\n      \"interactionMarkup\": {\n        \"markup\": \"```protobuf\\nmessage ShapeMessage {\\n    message .area_calculator.Rectangle rectangle = 2;\\n}\\n```\\n\\n```protobuf\\nmessage AreaResponse {\\n    float value = 1;\\n}\\n```\\n\",\n        \"markupType\": \"COMMON_MARK\"\n      },\n      \"key\": \"c7fbe3ee\",\n      \"pending\": false,\n      \"pluginConfiguration\": {\n        \"protobuf\": {\n          \"descriptorKey\": \"a85dff8f82655a9681aad113575dcfbb\",\n          \"service\": \"Calculator/calculateOne\"\n        }\n      },\n      \"request\": {\n        \"contents\": {\n          \"content\": \"EgoNAABAQBUAAIBA\",\n          \"contentType\": \"application/protobuf; message=ShapeMessage\",\n          \"contentTypeHint\": \"BINARY\",\n          \"encoded\": \"base64\"\n        },\n        \"matchingRules\": {\n          \"body\": {\n            \"$.rectangle.length\": {\n              \"combine\": \"AND\",\n              \"matchers\": [\n                {\n                  \"match\": \"number\"\n                }\n              ]\n            },\n            \"$.rectangle.width\": {\n              \"combine\": \"AND\",\n              \"matchers\": [\n                {\n                  \"match\": \"number\"\n                }\n              ]\n            }\n          }\n        }\n      },\n      \"response\": [\n        {\n          \"contents\": {\n            \"content\": \"DQAAQEE=\",\n            \"contentType\": \"application/protobuf; message=AreaResponse\",\n            \"contentTypeHint\": \"BINARY\",\n            \"encoded\": \"base64\"\n          },\n          \"matchingRules\": {\n            \"body\": {\n              \"$.value\": {\n                \"combine\": \"AND\",\n                \"matchers\": [\n                  {\n                    \"match\": \"number\"\n                  }\n                ]\n              }\n            }\n          }\n        }\n      ],\n      \"transport\": \"grpc\",\n      \"type\": \"Synchronous/Messages\"\n    }\n  ],\n  \"metadata\": {\n    \"pact-jvm\": {\n      \"version\": \"4.4.2\"\n    },\n    \"pactSpecification\": {\n      \"version\": \"4.0\"\n    },\n    \"plugins\": [\n      {\n        \"configuration\": {\n          \"a85dff8f82655a9681aad113575dcfbb\": {\n            \"protoDescriptors\": \"CsoHChVhcmVhX2NhbGN1bGF0b3IucHJvdG8SD2FyZWFfY2FsY3VsYXRvciK6AgoMU2hhcGVNZXNzYWdlEjEKBnNxdWFyZRgBIAEoCzIXLmFyZWFfY2FsY3VsYXRvci5TcXVhcmVIAFIGc3F1YXJlEjoKCXJlY3RhbmdsZRgCIAEoCzIaLmFyZWFfY2FsY3VsYXRvci5SZWN0YW5nbGVIAFIJcmVjdGFuZ2xlEjEKBmNpcmNsZRgDIAEoCzIXLmFyZWFfY2FsY3VsYXRvci5DaXJjbGVIAFIGY2lyY2xlEjcKCHRyaWFuZ2xlGAQgASgLMhkuYXJlYV9jYWxjdWxhdG9yLlRyaWFuZ2xlSABSCHRyaWFuZ2xlEkYKDXBhcmFsbGVsb2dyYW0YBSABKAsyHi5hcmVhX2NhbGN1bGF0b3IuUGFyYWxsZWxvZ3JhbUgAUg1wYXJhbGxlbG9ncmFtQgcKBXNoYXBlIikKBlNxdWFyZRIfCgtlZGdlX2xlbmd0aBgBIAEoAlIKZWRnZUxlbmd0aCI5CglSZWN0YW5nbGUSFgoGbGVuZ3RoGAEgASgCUgZsZW5ndGgSFAoFd2lkdGgYAiABKAJSBXdpZHRoIiAKBkNpcmNsZRIWCgZyYWRpdXMYASABKAJSBnJhZGl1cyJPCghUcmlhbmdsZRIVCgZlZGdlX2EYASABKAJSBWVkZ2VBEhUKBmVkZ2VfYhgCIAEoAlIFZWRnZUISFQoGZWRnZV9jGAMgASgCUgVlZGdlQyJICg1QYXJhbGxlbG9ncmFtEh8KC2Jhc2VfbGVuZ3RoGAEgASgCUgpiYXNlTGVuZ3RoEhYKBmhlaWdodBgCIAEoAlIGaGVpZ2h0IkQKC0FyZWFSZXF1ZXN0EjUKBnNoYXBlcxgBIAMoCzIdLmFyZWFfY2FsY3VsYXRvci5TaGFwZU1lc3NhZ2VSBnNoYXBlcyIkCgxBcmVhUmVzcG9uc2USFAoFdmFsdWUYASADKAJSBXZhbHVlMq0BCgpDYWxjdWxhdG9yEk4KDGNhbGN1bGF0ZU9uZRIdLmFyZWFfY2FsY3VsYXRvci5TaGFwZU1lc3NhZ2UaHS5hcmVhX2NhbGN1bGF0b3IuQXJlYVJlc3BvbnNlIgASTwoOY2FsY3VsYXRlTXVsdGkSHC5hcmVhX2NhbGN1bGF0b3IuQXJlYVJlcXVlc3QaHS5hcmVhX2NhbGN1bGF0b3IuQXJlYVJlc3BvbnNlIgBCHFoXaW8ucGFjdC9hcmVhX2NhbGN1bGF0b3LQAgFiBnByb3RvMw==\",\n            \"protoFile\": \"syntax = \\\"proto3\\\";\\n\\npackage area_calculator;\\n\\noption php_generic_services = true;\\noption go_package = \\\"io.pact/area_calculator\\\";\\n\\nservice Calculator {\\n  rpc calculateOne (ShapeMessage) returns (AreaResponse) {}\\n  rpc calculateMulti (AreaRequest) returns (AreaResponse) {}\\n}\\n\\nmessage ShapeMessage {\\n  oneof shape {\\n    Square square = 1;\\n    Rectangle rectangle = 2;\\n    Circle circle = 3;\\n    Triangle triangle = 4;\\n    Parallelogram parallelogram = 5;\\n  }\\n}\\n\\nmessage Square {\\n  float edge_length = 1;\\n}\\n\\nmessage Rectangle {\\n  float length = 1;\\n  float width = 2;\\n}\\n\\nmessage Circle {\\n  float radius = 1;\\n}\\n\\nmessage Triangle {\\n  float edge_a = 1;\\n  float edge_b = 2;\\n  float edge_c = 3;\\n}\\n\\nmessage Parallelogram {\\n  float base_length = 1;\\n  float height = 2;\\n}\\n\\nmessage AreaRequest {\\n  repeated ShapeMessage shapes = 1;\\n}\\n\\nmessage AreaResponse {\\n  repeated float value = 1;\\n}\\n\"\n          }\n        },\n        \"name\": \"protobuf\",\n        \"version\": \"0.1.5\"\n      }\n    ]\n  },\n  \"provider\": {\n    \"name\": \"area-calculator-provider\"\n  }\n}\n", interaction_key: "c7fbe3ee" }
15:13:28.216 [Thread-5] DEBUG i.pact.plugins.jvm.core.ChildProcess - Plugin protobuf [46348] || ?[2m2023-03-27T09:43:28.214856Z?[0m ?[35mTRACE?[0m tokio-runtime-worker ?[1mrequest?[0m?[1m{?[0m?[3mmethod?[0m?[2m=?[0mPOST ?[3muri?[0m?[2m=?[0mhttp://[::1]:54371/io.pact.plugin.PactPlugin/VerifyInteraction ?[3mversion?[0m?[2m=?[0mHTTP/2.0 ?[3mheaders?[0m?[2m=?[0m{"content-type": "application/grpc", "te": "trailers", "user-agent": "grpc-java-netty/1.49.0", "grpc-accept-encoding": "gzip", "authorization": Sensitive}?[1m}?[0m?[2m:?[0m ?[2mpact_models::pact?[0m?[2m:?[0m load_pact_from_json: found spec version V4 in metadata
15:13:28.216 [Thread-5] DEBUG i.pact.plugins.jvm.core.ChildProcess - Plugin protobuf [46348] || ?[2m2023-03-27T09:43:28.214912Z?[0m ?[35mTRACE?[0m tokio-runtime-worker ?[1mrequest?[0m?[1m{?[0m?[3mmethod?[0m?[2m=?[0mPOST ?[3muri?[0m?[2m=?[0mhttp://[::1]:54371/io.pact.plugin.PactPlugin/VerifyInteraction ?[3mversion?[0m?[2m=?[0mHTTP/2.0 ?[3mheaders?[0m?[2m=?[0m{"content-type": "application/grpc", "te": "trailers", "user-agent": "grpc-java-netty/1.49.0", "grpc-accept-encoding": "gzip", "authorization": Sensitive}?[1m}?[0m?[2m:?[0m ?[2mpact_models::v4::pact?[0m?[2m:?[0m from_json: Loading a V4 pact from JSON
15:13:28.216 [Thread-5] DEBUG i.pact.plugins.jvm.core.ChildProcess - Plugin protobuf [46348] || ?[2m2023-03-27T09:43:28.214983Z?[0m ?[35mTRACE?[0m tokio-runtime-worker ?[1mrequest?[0m?[1m{?[0m?[3mmethod?[0m?[2m=?[0mPOST ?[3muri?[0m?[2m=?[0mhttp://[::1]:54371/io.pact.plugin.PactPlugin/VerifyInteraction ?[3mversion?[0m?[2m=?[0mHTTP/2.0 ?[3mheaders?[0m?[2m=?[0m{"content-type": "application/grpc", "te": "trailers", "user-agent": "grpc-java-netty/1.49.0", "grpc-accept-encoding": "gzip", "authorization": Sensitive}?[1m}?[0m?[2m:?[0m ?[2mpact_models::matchingrules?[0m?[2m:?[0m rule_type: number, attributes: {"match":"number"}
15:13:28.216 [Thread-5] DEBUG i.pact.plugins.jvm.core.ChildProcess - Plugin protobuf [46348] || ?[2m2023-03-27T09:43:28.215031Z?[0m ?[35mTRACE?[0m tokio-runtime-worker ?[1mrequest?[0m?[1m{?[0m?[3mmethod?[0m?[2m=?[0mPOST ?[3muri?[0m?[2m=?[0mhttp://[::1]:54371/io.pact.plugin.PactPlugin/VerifyInteraction ?[3mversion?[0m?[2m=?[0mHTTP/2.0 ?[3mheaders?[0m?[2m=?[0m{"content-type": "application/grpc", "te": "trailers", "user-agent": "grpc-java-netty/1.49.0", "grpc-accept-encoding": "gzip", "authorization": Sensitive}?[1m}?[0m?[2m:?[0m ?[2mpact_models::matchingrules?[0m?[2m:?[0m rule_type: number, attributes: {"match":"number"}
15:13:28.217 [Thread-5] DEBUG i.pact.plugins.jvm.core.ChildProcess - Plugin protobuf [46348] || ?[2m2023-03-27T09:43:28.215055Z?[0m ?[35mTRACE?[0m tokio-runtime-worker ?[1mrequest?[0m?[1m{?[0m?[3mmethod?[0m?[2m=?[0mPOST ?[3muri?[0m?[2m=?[0mhttp://[::1]:54371/io.pact.plugin.PactPlugin/VerifyInteraction ?[3mversion?[0m?[2m=?[0mHTTP/2.0 ?[3mheaders?[0m?[2m=?[0m{"content-type": "application/grpc", "te": "trailers", "user-agent": "grpc-java-netty/1.49.0", "grpc-accept-encoding": "gzip", "authorization": Sensitive}?[1m}?[0m?[2m:?[0m ?[2mpact_models::matchingrules?[0m?[2m:?[0m rule_type: number, attributes: {"match":"number"}
15:13:28.217 [Thread-5] DEBUG i.pact.plugins.jvm.core.ChildProcess - Plugin protobuf [46348] || ?[2m2023-03-27T09:43:28.215168Z?[0m ?[34mDEBUG?[0m tokio-runtime-worker ?[1mrequest?[0m?[1m{?[0m?[3mmethod?[0m?[2m=?[0mPOST ?[3muri?[0m?[2m=?[0mhttp://[::1]:54371/io.pact.plugin.PactPlugin/VerifyInteraction ?[3mversion?[0m?[2m=?[0mHTTP/2.0 ?[3mheaders?[0m?[2m=?[0m{"content-type": "application/grpc", "te": "trailers", "user-agent": "grpc-java-netty/1.49.0", "grpc-accept-encoding": "gzip", "authorization": Sensitive}?[1m}?[0m?[2m:?[0m ?[2mpact_protobuf_plugin::verification?[0m?[2m:?[0m Verifying interaction V4 Synchronous Message Interaction ( id: None, description: "calculate rectangle area request", provider_states: [], request: Message Contents ( contents: Present(12 bytes, application/protobuf;message=ShapeMessage), metadata: {} ), response: [MessageContents { contents: Present(b"\r\0\0@A", Some(ContentType { main_type: "application", sub_type: "protobuf", attributes: {"message": "AreaResponse"}, suffix: None }), Some(BINARY)), metadata: {}, matching_rules: MatchingRules { rules: {BODY: MatchingRuleCategory { name: BODY, rules: {DocPath { path_tokens: [Root, Field("value")], expr: "$.value" }: RuleList { rules: [Number], rule_logic: And, cascaded: false }} }} }, generators: Generators { categories: {} } }] )
15:13:28.217 [Thread-5] DEBUG i.pact.plugins.jvm.core.ChildProcess - Plugin protobuf [46348] || ?[2m2023-03-27T09:43:28.216143Z?[0m ?[35mTRACE?[0m tokio-runtime-worker ?[1mrequest?[0m?[1m{?[0m?[3mmethod?[0m?[2m=?[0mPOST ?[3muri?[0m?[2m=?[0mhttp://[::1]:54371/io.pact.plugin.PactPlugin/VerifyInteraction ?[3mversion?[0m?[2m=?[0mHTTP/2.0 ?[3mheaders?[0m?[2m=?[0m{"content-type": "application/grpc", "te": "trailers", "user-agent": "grpc-java-netty/1.49.0", "grpc-accept-encoding": "gzip", "authorization": Sensitive}?[1m}?[0m?[2m:?[0m ?[2mpact_protobuf_plugin::verification?[0m?[2m:?[0m interaction=SynchronousMessage { id: None, key: Some("c7fbe3ee"), description: "calculate rectangle area request", provider_states: [], comments: {"testname": String("io.pact.example.grpc.consumer.PactConsumerTest.calculateRectangleArea(MockServer, SynchronousMessages)")}, request: MessageContents { contents: Present(b"\x12\n\r\0\0@@\x15\0\0\x80@", Some(ContentType { main_type: "application", sub_type: "protobuf", attributes: {"message": "ShapeMessage"}, suffix: None }), Some(BINARY)), metadata: {}, matching_rules: MatchingRules { rules: {BODY: MatchingRuleCategory { name: BODY, rules: {DocPath { path_tokens: [Root, Field("rectangle"), Field("length")], expr: "$.rectangle.length" }: RuleList { rules: [Number], rule_logic: And, cascaded: false }, DocPath { path_tokens: [Root, Field("rectangle"), Field("width")], expr: "$.rectangle.width" }: RuleList { rules: [Number], rule_logic: And, cascaded: false }} }} }, generators: Generators { categories: {} } }, response: [MessageContents { contents: Present(b"\r\0\0@A", Some(ContentType { main_type: "application", sub_type: "protobuf", attributes: {"message": "AreaResponse"}, suffix: None }), Some(BINARY)), metadata: {}, matching_rules: MatchingRules { rules: {BODY: MatchingRuleCategory { name: BODY, rules: {DocPath { path_tokens: [Root, Field("value")], expr: "$.value" }: RuleList { rules: [Number], rule_logic: And, cascaded: false }} }} }, generators: Generators { categories: {} } }], pending: false, plugin_config: {"protobuf": {"descriptorKey": String("a85dff8f82655a9681aad113575dcfbb"), "service": String("Calculator/calculateOne")}}, interaction_markup: InteractionMarkup { markup: "```protobuf\nmessage ShapeMessage {\n    message .area_calculator.Rectangle rectangle = 2;\n}\n```\n\n```protobuf\nmessage AreaResponse {\n    float value = 1;\n}\n```\n", markup_type: "COMMON_MARK" }, transport: Some("grpc") }
15:13:28.217 [Thread-5] DEBUG i.pact.plugins.jvm.core.ChildProcess - Plugin protobuf [46348] || ?[2m2023-03-27T09:43:28.216261Z?[0m ?[35mTRACE?[0m tokio-runtime-worker ?[1mrequest?[0m?[1m{?[0m?[3mmethod?[0m?[2m=?[0mPOST ?[3muri?[0m?[2m=?[0mhttp://[::1]:54371/io.pact.plugin.PactPlugin/VerifyInteraction ?[3mversion?[0m?[2m=?[0mHTTP/2.0 ?[3mheaders?[0m?[2m=?[0m{"content-type": "application/grpc", "te": "trailers", "user-agent": "grpc-java-netty/1.49.0", "grpc-accept-encoding": "gzip", "authorization": Sensitive}?[1m}?[0m?[2m:?[0m ?[2mpact_protobuf_plugin::verification?[0m?[2m:?[0m metadata={"request-path": MetadataValue { value: Some(NonBinaryValue(Value { kind: Some(StringValue("/area_calculator.Calculator/calculateOne")) })) }}
15:13:28.217 [Thread-5] DEBUG i.pact.plugins.jvm.core.ChildProcess - Plugin protobuf [46348] || ?[2m2023-03-27T09:43:28.216291Z?[0m ?[35mTRACE?[0m tokio-runtime-worker ?[1mrequest?[0m?[1m{?[0m?[3mmethod?[0m?[2m=?[0mPOST ?[3muri?[0m?[2m=?[0mhttp://[::1]:54371/io.pact.plugin.PactPlugin/VerifyInteraction ?[3mversion?[0m?[2m=?[0mHTTP/2.0 ?[3mheaders?[0m?[2m=?[0m{"content-type": "application/grpc", "te": "trailers", "user-agent": "grpc-java-netty/1.49.0", "grpc-accept-encoding": "gzip", "authorization": Sensitive}?[1m}?[0m?[2m:?[0m ?[2mpact_protobuf_plugin::verification?[0m?[2m:?[0m config={"transport": String("grpc"), "host": String("localhost"), "port": Number(8080.0)}
15:13:28.217 [Thread-5] DEBUG i.pact.plugins.jvm.core.ChildProcess - Plugin protobuf [46348] || ?[2m2023-03-27T09:43:28.216330Z?[0m ?[34mDEBUG?[0m tokio-runtime-worker ?[1mrequest?[0m?[1m{?[0m?[3mmethod?[0m?[2m=?[0mPOST ?[3muri?[0m?[2m=?[0mhttp://[::1]:54371/io.pact.plugin.PactPlugin/VerifyInteraction ?[3mversion?[0m?[2m=?[0mHTTP/2.0 ?[3mheaders?[0m?[2m=?[0m{"content-type": "application/grpc", "te": "trailers", "user-agent": "grpc-java-netty/1.49.0", "grpc-accept-encoding": "gzip", "authorization": Sensitive}?[1m}?[0m?[2m:?[0m ?[2mpact_protobuf_plugin::utils?[0m?[2m:?[0m Protobuf file descriptor set is 973 bytes
15:13:28.217 [Thread-5] DEBUG i.pact.plugins.jvm.core.ChildProcess - Plugin protobuf [46348] || ?[2m2023-03-27T09:43:28.216415Z?[0m ?[35mTRACE?[0m tokio-runtime-worker ?[1mrequest?[0m?[1m{?[0m?[3mmethod?[0m?[2m=?[0mPOST ?[3muri?[0m?[2m=?[0mhttp://[::1]:54371/io.pact.plugin.PactPlugin/VerifyInteraction ?[3mversion?[0m?[2m=?[0mHTTP/2.0 ?[3mheaders?[0m?[2m=?[0m{"content-type": "application/grpc", "te": "trailers", "user-agent": "grpc-java-netty/1.49.0", "grpc-accept-encoding": "gzip", "authorization": Sensitive}?[1m}?[0m?[2m:?[0m ?[2mpact_protobuf_plugin::message_decoder?[0m?[2m:?[0m field_num=2, wire_type=LengthDelimited, bytes remaining = 11
15:13:28.217 [Thread-5] DEBUG i.pact.plugins.jvm.core.ChildProcess - Plugin protobuf [46348] || ?[2m2023-03-27T09:43:28.216476Z?[0m ?[34mDEBUG?[0m tokio-runtime-worker ?[1mrequest?[0m?[1m{?[0m?[3mmethod?[0m?[2m=?[0mPOST ?[3muri?[0m?[2m=?[0mhttp://[::1]:54371/io.pact.plugin.PactPlugin/VerifyInteraction ?[3mversion?[0m?[2m=?[0mHTTP/2.0 ?[3mheaders?[0m?[2m=?[0m{"content-type": "application/grpc", "te": "trailers", "user-agent": "grpc-java-netty/1.49.0", "grpc-accept-encoding": "gzip", "authorization": Sensitive}?[1m}?[0m?[2m:?[0m ?[2mpact_protobuf_plugin::verification?[0m?[2m:?[0m Connecting to channel http://localhost:8080
15:13:28.222 [Thread-5] DEBUG i.pact.plugins.jvm.core.ChildProcess - Plugin protobuf [46348] || ?[2m2023-03-27T09:43:28.221922Z?[0m ?[35mTRACE?[0m tokio-runtime-worker ?[1mrequest?[0m?[1m{?[0m?[3mmethod?[0m?[2m=?[0mPOST ?[3muri?[0m?[2m=?[0mhttp://[::1]:54371/io.pact.plugin.PactPlugin/VerifyInteraction ?[3mversion?[0m?[2m=?[0mHTTP/2.0 ?[3mheaders?[0m?[2m=?[0m{"content-type": "application/grpc", "te": "trailers", "user-agent": "grpc-java-netty/1.49.0", "grpc-accept-encoding": "gzip", "authorization": Sensitive}?[1m}?[0m?[2m:?[0m ?[2mtonic::transport::service::reconnect?[0m?[2m:?[0m poll_ready; idle
15:13:28.223 [Thread-5] DEBUG i.pact.plugins.jvm.core.ChildProcess - Plugin protobuf [46348] || ?[2m2023-03-27T09:43:28.222825Z?[0m ?[35mTRACE?[0m tokio-runtime-worker ?[1mrequest?[0m?[1m{?[0m?[3mmethod?[0m?[2m=?[0mPOST ?[3muri?[0m?[2m=?[0mhttp://[::1]:54371/io.pact.plugin.PactPlugin/VerifyInteraction ?[3mversion?[0m?[2m=?[0mHTTP/2.0 ?[3mheaders?[0m?[2m=?[0m{"content-type": "application/grpc", "te": "trailers", "user-agent": "grpc-java-netty/1.49.0", "grpc-accept-encoding": "gzip", "authorization": Sensitive}?[1m}?[0m?[2m:?[0m ?[2mtonic::transport::service::reconnect?[0m?[2m:?[0m poll_ready; connecting
15:13:28.223 [Thread-5] DEBUG i.pact.plugins.jvm.core.ChildProcess - Plugin protobuf [46348] || ?[2m2023-03-27T09:43:28.222895Z?[0m ?[35mTRACE?[0m tokio-runtime-worker ?[1mrequest?[0m?[1m{?[0m?[3mmethod?[0m?[2m=?[0mPOST ?[3muri?[0m?[2m=?[0mhttp://[::1]:54371/io.pact.plugin.PactPlugin/VerifyInteraction ?[3mversion?[0m?[2m=?[0mHTTP/2.0 ?[3mheaders?[0m?[2m=?[0m{"content-type": "application/grpc", "te": "trailers", "user-agent": "grpc-java-netty/1.49.0", "grpc-accept-encoding": "gzip", "authorization": Sensitive}?[1m}?[0m?[2m:?[0m ?[2mhyper::client::connect::http?[0m?[2m:?[0m Http::connect; scheme=Some("http"), host=Some("localhost"), port=Some(Port(8080))
15:13:28.223 [Thread-5] DEBUG i.pact.plugins.jvm.core.ChildProcess - Plugin protobuf [46348] || ?[2m2023-03-27T09:43:28.223011Z?[0m ?[35mTRACE?[0m tokio-runtime-worker ?[1mrequest?[0m?[1m{?[0m?[3mmethod?[0m?[2m=?[0mPOST ?[3muri?[0m?[2m=?[0mhttp://[::1]:54371/io.pact.plugin.PactPlugin/VerifyInteraction ?[3mversion?[0m?[2m=?[0mHTTP/2.0 ?[3mheaders?[0m?[2m=?[0m{"content-type": "application/grpc", "te": "trailers", "user-agent": "grpc-java-netty/1.49.0", "grpc-accept-encoding": "gzip", "authorization": Sensitive}?[1m}?[0m?[2m:?[0m ?[2mtonic::transport::service::reconnect?[0m?[2m:?[0m poll_ready; not ready
15:13:28.223 [Thread-5] DEBUG i.pact.plugins.jvm.core.ChildProcess - Plugin protobuf [46348] || ?[2m2023-03-27T09:43:28.223265Z?[0m ?[34mDEBUG?[0m tokio-runtime-worker ?[2mhyper::client::connect::dns?[0m?[2m:?[0m resolving host="localhost"
15:13:28.239 [Thread-5] DEBUG i.pact.plugins.jvm.core.ChildProcess - Plugin protobuf [46348] || ?[2m2023-03-27T09:43:28.239735Z?[0m ?[35mTRACE?[0m tokio-runtime-worker ?[1mrequest?[0m?[1m{?[0m?[3mmethod?[0m?[2m=?[0mPOST ?[3muri?[0m?[2m=?[0mhttp://[::1]:54371/io.pact.plugin.PactPlugin/VerifyInteraction ?[3mversion?[0m?[2m=?[0mHTTP/2.0 ?[3mheaders?[0m?[2m=?[0m{"content-type": "application/grpc", "te": "trailers", "user-agent": "grpc-java-netty/1.49.0", "grpc-accept-encoding": "gzip", "authorization": Sensitive}?[1m}?[0m?[2m:?[0m ?[2mtonic::transport::service::reconnect?[0m?[2m:?[0m poll_ready; connecting
15:13:28.240 [Thread-5] DEBUG i.pact.plugins.jvm.core.ChildProcess - Plugin protobuf [46348] || ?[2m2023-03-27T09:43:28.239827Z?[0m ?[34mDEBUG?[0m tokio-runtime-worker ?[1mrequest?[0m?[1m{?[0m?[3mmethod?[0m?[2m=?[0mPOST ?[3muri?[0m?[2m=?[0mhttp://[::1]:54371/io.pact.plugin.PactPlugin/VerifyInteraction ?[3mversion?[0m?[2m=?[0mHTTP/2.0 ?[3mheaders?[0m?[2m=?[0m{"content-type": "application/grpc", "te": "trailers", "user-agent": "grpc-java-netty/1.49.0", "grpc-accept-encoding": "gzip", "authorization": Sensitive}?[1m}?[0m?[2m:?[0m ?[2mhyper::client::connect::http?[0m?[2m:?[0m connecting to [::1]:8080
15:13:28.240 [Thread-5] DEBUG i.pact.plugins.jvm.core.ChildProcess - Plugin protobuf [46348] || ?[2m2023-03-27T09:43:28.240031Z?[0m ?[35mTRACE?[0m tokio-runtime-worker ?[1mrequest?[0m?[1m{?[0m?[3mmethod?[0m?[2m=?[0mPOST ?[3muri?[0m?[2m=?[0mhttp://[::1]:54371/io.pact.plugin.PactPlugin/VerifyInteraction ?[3mversion?[0m?[2m=?[0mHTTP/2.0 ?[3mheaders?[0m?[2m=?[0m{"content-type": "application/grpc", "te": "trailers", "user-agent": "grpc-java-netty/1.49.0", "grpc-accept-encoding": "gzip", "authorization": Sensitive}?[1m}?[0m?[2m:?[0m ?[2mtonic::transport::service::reconnect?[0m?[2m:?[0m poll_ready; not ready
15:13:28.240 [Thread-5] DEBUG i.pact.plugins.jvm.core.ChildProcess - Plugin protobuf [46348] || ?[2m2023-03-27T09:43:28.240254Z?[0m ?[35mTRACE?[0m tokio-runtime-worker ?[1mrequest?[0m?[1m{?[0m?[3mmethod?[0m?[2m=?[0mPOST ?[3muri?[0m?[2m=?[0mhttp://[::1]:54371/io.pact.plugin.PactPlugin/VerifyInteraction ?[3mversion?[0m?[2m=?[0mHTTP/2.0 ?[3mheaders?[0m?[2m=?[0m{"content-type": "application/grpc", "te": "trailers", "user-agent": "grpc-java-netty/1.49.0", "grpc-accept-encoding": "gzip", "authorization": Sensitive}?[1m}?[0m?[2m:?[0m ?[2mtonic::transport::service::reconnect?[0m?[2m:?[0m poll_ready; connecting
15:13:28.240 [Thread-5] DEBUG i.pact.plugins.jvm.core.ChildProcess - Plugin protobuf [46348] || ?[2m2023-03-27T09:43:28.240317Z?[0m ?[34mDEBUG?[0m tokio-runtime-worker ?[1mrequest?[0m?[1m{?[0m?[3mmethod?[0m?[2m=?[0mPOST ?[3muri?[0m?[2m=?[0mhttp://[::1]:54371/io.pact.plugin.PactPlugin/VerifyInteraction ?[3mversion?[0m?[2m=?[0mHTTP/2.0 ?[3mheaders?[0m?[2m=?[0m{"content-type": "application/grpc", "te": "trailers", "user-agent": "grpc-java-netty/1.49.0", "grpc-accept-encoding": "gzip", "authorization": Sensitive}?[1m}?[0m?[2m:?[0m ?[2mhyper::client::connect::http?[0m?[2m:?[0m connected to [::1]:8080
15:13:28.240 [Thread-5] DEBUG i.pact.plugins.jvm.core.ChildProcess - Plugin protobuf [46348] || ?[2m2023-03-27T09:43:28.240778Z?[0m ?[35mTRACE?[0m tokio-runtime-worker ?[1mrequest?[0m?[1m{?[0m?[3mmethod?[0m?[2m=?[0mPOST ?[3muri?[0m?[2m=?[0mhttp://[::1]:54371/io.pact.plugin.PactPlugin/VerifyInteraction ?[3mversion?[0m?[2m=?[0mHTTP/2.0 ?[3mheaders?[0m?[2m=?[0m{"content-type": "application/grpc", "te": "trailers", "user-agent": "grpc-java-netty/1.49.0", "grpc-accept-encoding": "gzip", "authorization": Sensitive}?[1m}?[0m?[2m:?[0m ?[2mhyper::client::conn?[0m?[2m:?[0m client handshake Http2
15:13:28.240 [Thread-5] DEBUG i.pact.plugins.jvm.core.ChildProcess - Plugin protobuf [46348] || ?[2m2023-03-27T09:43:28.240825Z?[0m ?[34mDEBUG?[0m tokio-runtime-worker ?[1mrequest?[0m?[1m{?[0m?[3mmethod?[0m?[2m=?[0mPOST ?[3muri?[0m?[2m=?[0mhttp://[::1]:54371/io.pact.plugin.PactPlugin/VerifyInteraction ?[3mversion?[0m?[2m=?[0mHTTP/2.0 ?[3mheaders?[0m?[2m=?[0m{"content-type": "application/grpc", "te": "trailers", "user-agent": "grpc-java-netty/1.49.0", "grpc-accept-encoding": "gzip", "authorization": Sensitive}?[1m}?[0m?[2m:?[0m ?[2mh2::client?[0m?[2m:?[0m binding client connection
15:13:28.240 [Thread-5] DEBUG i.pact.plugins.jvm.core.ChildProcess - Plugin protobuf [46348] || ?[2m2023-03-27T09:43:28.240898Z?[0m ?[34mDEBUG?[0m tokio-runtime-worker ?[1mrequest?[0m?[1m{?[0m?[3mmethod?[0m?[2m=?[0mPOST ?[3muri?[0m?[2m=?[0mhttp://[::1]:54371/io.pact.plugin.PactPlugin/VerifyInteraction ?[3mversion?[0m?[2m=?[0mHTTP/2.0 ?[3mheaders?[0m?[2m=?[0m{"content-type": "application/grpc", "te": "trailers", "user-agent": "grpc-java-netty/1.49.0", "grpc-accept-encoding": "gzip", "authorization": Sensitive}?[1m}?[0m?[2m:?[0m ?[2mh2::client?[0m?[2m:?[0m client connection bound
15:13:28.241 [Thread-5] DEBUG i.pact.plugins.jvm.core.ChildProcess - Plugin protobuf [46348] || ?[2m2023-03-27T09:43:28.240978Z?[0m ?[34mDEBUG?[0m tokio-runtime-worker ?[1mrequest?[0m?[1m{?[0m?[3mmethod?[0m?[2m=?[0mPOST ?[3muri?[0m?[2m=?[0mhttp://[::1]:54371/io.pact.plugin.PactPlugin/VerifyInteraction ?[3mversion?[0m?[2m=?[0mHTTP/2.0 ?[3mheaders?[0m?[2m=?[0m{"content-type": "application/grpc", "te": "trailers", "user-agent": "grpc-java-netty/1.49.0", "grpc-accept-encoding": "gzip", "authorization": Sensitive}?[1m}?[0m?[2m:?[0m?[1mFramedWrite::buffer?[0m?[1m{?[0m?[3mframe?[0m?[2m=?[0mSettings { flags: (0x0), enable_push: 0, initial_window_size: 2097152, max_frame_size: 16384 }?[1m}?[0m?[2m:?[0m ?[2mh2::codec::framed_write?[0m?[2m:?[0m send ?[3mframe?[0m?[2m=?[0mSettings { flags: (0x0), enable_push: 0, initial_window_size: 2097152, max_frame_size: 16384 }
15:13:28.241 [Thread-5] DEBUG i.pact.plugins.jvm.core.ChildProcess - Plugin protobuf [46348] || ?[2m2023-03-27T09:43:28.241009Z?[0m ?[35mTRACE?[0m tokio-runtime-worker ?[1mrequest?[0m?[1m{?[0m?[3mmethod?[0m?[2m=?[0mPOST ?[3muri?[0m?[2m=?[0mhttp://[::1]:54371/io.pact.plugin.PactPlugin/VerifyInteraction ?[3mversion?[0m?[2m=?[0mHTTP/2.0 ?[3mheaders?[0m?[2m=?[0m{"content-type": "application/grpc", "te": "trailers", "user-agent": "grpc-java-netty/1.49.0", "grpc-accept-encoding": "gzip", "authorization": Sensitive}?[1m}?[0m?[2m:?[0m?[1mFramedWrite::buffer?[0m?[1m{?[0m?[3mframe?[0m?[2m=?[0mSettings { flags: (0x0), enable_push: 0, initial_window_size: 2097152, max_frame_size: 16384 }?[1m}?[0m?[2m:?[0m ?[2mh2::frame::settings?[0m?[2m:?[0m encoding SETTINGS; len=18
15:13:28.241 [Thread-5] DEBUG i.pact.plugins.jvm.core.ChildProcess - Plugin protobuf [46348] || ?[2m2023-03-27T09:43:28.241035Z?[0m ?[35mTRACE?[0m tokio-runtime-worker ?[1mrequest?[0m?[1m{?[0m?[3mmethod?[0m?[2m=?[0mPOST ?[3muri?[0m?[2m=?[0mhttp://[::1]:54371/io.pact.plugin.PactPlugin/VerifyInteraction ?[3mversion?[0m?[2m=?[0mHTTP/2.0 ?[3mheaders?[0m?[2m=?[0m{"content-type": "application/grpc", "te": "trailers", "user-agent": "grpc-java-netty/1.49.0", "grpc-accept-encoding": "gzip", "authorization": Sensitive}?[1m}?[0m?[2m:?[0m?[1mFramedWrite::buffer?[0m?[1m{?[0m?[3mframe?[0m?[2m=?[0mSettings { flags: (0x0), enable_push: 0, initial_window_size: 2097152, max_frame_size: 16384 }?[1m}?[0m?[2m:?[0m ?[2mh2::frame::settings?[0m?[2m:?[0m encoding setting; val=EnablePush(0)
15:13:28.241 [Thread-5] DEBUG i.pact.plugins.jvm.core.ChildProcess - Plugin protobuf [46348] || ?[2m2023-03-27T09:43:28.241054Z?[0m ?[35mTRACE?[0m tokio-runtime-worker ?[1mrequest?[0m?[1m{?[0m?[3mmethod?[0m?[2m=?[0mPOST ?[3muri?[0m?[2m=?[0mhttp://[::1]:54371/io.pact.plugin.PactPlugin/VerifyInteraction ?[3mversion?[0m?[2m=?[0mHTTP/2.0 ?[3mheaders?[0m?[2m=?[0m{"content-type": "application/grpc", "te": "trailers", "user-agent": "grpc-java-netty/1.49.0", "grpc-accept-encoding": "gzip", "authorization": Sensitive}?[1m}?[0m?[2m:?[0m?[1mFramedWrite::buffer?[0m?[1m{?[0m?[3mframe?[0m?[2m=?[0mSettings { flags: (0x0), enable_push: 0, initial_window_size: 2097152, max_frame_size: 16384 }?[1m}?[0m?[2m:?[0m ?[2mh2::frame::settings?[0m?[2m:?[0m encoding setting; val=InitialWindowSize(2097152)
15:13:28.241 [Thread-5] DEBUG i.pact.plugins.jvm.core.ChildProcess - Plugin protobuf [46348] || ?[2m2023-03-27T09:43:28.241077Z?[0m ?[35mTRACE?[0m tokio-runtime-worker ?[1mrequest?[0m?[1m{?[0m?[3mmethod?[0m?[2m=?[0mPOST ?[3muri?[0m?[2m=?[0mhttp://[::1]:54371/io.pact.plugin.PactPlugin/VerifyInteraction ?[3mversion?[0m?[2m=?[0mHTTP/2.0 ?[3mheaders?[0m?[2m=?[0m{"content-type": "application/grpc", "te": "trailers", "user-agent": "grpc-java-netty/1.49.0", "grpc-accept-encoding": "gzip", "authorization": Sensitive}?[1m}?[0m?[2m:?[0m?[1mFramedWrite::buffer?[0m?[1m{?[0m?[3mframe?[0m?[2m=?[0mSettings { flags: (0x0), enable_push: 0, initial_window_size: 2097152, max_frame_size: 16384 }?[1m}?[0m?[2m:?[0m ?[2mh2::frame::settings?[0m?[2m:?[0m encoding setting; val=MaxFrameSize(16384)
15:13:28.241 [Thread-5] DEBUG i.pact.plugins.jvm.core.ChildProcess - Plugin protobuf [46348] || ?[2m2023-03-27T09:43:28.241099Z?[0m ?[35mTRACE?[0m tokio-runtime-worker ?[1mrequest?[0m?[1m{?[0m?[3mmethod?[0m?[2m=?[0mPOST ?[3muri?[0m?[2m=?[0mhttp://[::1]:54371/io.pact.plugin.PactPlugin/VerifyInteraction ?[3mversion?[0m?[2m=?[0mHTTP/2.0 ?[3mheaders?[0m?[2m=?[0m{"content-type": "application/grpc", "te": "trailers", "user-agent": "grpc-java-netty/1.49.0", "grpc-accept-encoding": "gzip", "authorization": Sensitive}?[1m}?[0m?[2m:?[0m?[1mFramedWrite::buffer?[0m?[1m{?[0m?[3mframe?[0m?[2m=?[0mSettings { flags: (0x0), enable_push: 0, initial_window_size: 2097152, max_frame_size: 16384 }?[1m}?[0m?[2m:?[0m ?[2mh2::codec::framed_write?[0m?[2m:?[0m encoded settings ?[3mrem?[0m?[2m=?[0m27
15:13:28.241 [Thread-5] DEBUG i.pact.plugins.jvm.core.ChildProcess - Plugin protobuf [46348] || ?[2m2023-03-27T09:43:28.241839Z?[0m ?[35mTRACE?[0m tokio-runtime-worker ?[1mrequest?[0m?[1m{?[0m?[3mmethod?[0m?[2m=?[0mPOST ?[3muri?[0m?[2m=?[0mhttp://[::1]:54371/io.pact.plugin.PactPlugin/VerifyInteraction ?[3mversion?[0m?[2m=?[0mHTTP/2.0 ?[3mheaders?[0m?[2m=?[0m{"content-type": "application/grpc", "te": "trailers", "user-agent": "grpc-java-netty/1.49.0", "grpc-accept-encoding": "gzip", "authorization": Sensitive}?[1m}?[0m?[2m:?[0m ?[2mh2::proto::streams::flow_control?[0m?[2m:?[0m inc_window; sz=65535; old=0; new=65535
15:13:28.242 [Thread-5] DEBUG i.pact.plugins.jvm.core.ChildProcess - Plugin protobuf [46348] || ?[2m2023-03-27T09:43:28.241877Z?[0m ?[35mTRACE?[0m tokio-runtime-worker ?[1mrequest?[0m?[1m{?[0m?[3mmethod?[0m?[2m=?[0mPOST ?[3muri?[0m?[2m=?[0mhttp://[::1]:54371/io.pact.plugin.PactPlugin/VerifyInteraction ?[3mversion?[0m?[2m=?[0mHTTP/2.0 ?[3mheaders?[0m?[2m=?[0m{"content-type": "application/grpc", "te": "trailers", "user-agent": "grpc-java-netty/1.49.0", "grpc-accept-encoding": "gzip", "authorization": Sensitive}?[1m}?[0m?[2m:?[0m ?[2mh2::proto::streams::flow_control?[0m?[2m:?[0m inc_window; sz=65535; old=0; new=65535
15:13:28.242 [Thread-5] DEBUG i.pact.plugins.jvm.core.ChildProcess - Plugin protobuf [46348] || ?[2m2023-03-27T09:43:28.241895Z?[0m ?[35mTRACE?[0m tokio-runtime-worker ?[1mrequest?[0m?[1m{?[0m?[3mmethod?[0m?[2m=?[0mPOST ?[3muri?[0m?[2m=?[0mhttp://[::1]:54371/io.pact.plugin.PactPlugin/VerifyInteraction ?[3mversion?[0m?[2m=?[0mHTTP/2.0 ?[3mheaders?[0m?[2m=?[0m{"content-type": "application/grpc", "te": "trailers", "user-agent": "grpc-java-netty/1.49.0", "grpc-accept-encoding": "gzip", "authorization": Sensitive}?[1m}?[0m?[2m:?[0m ?[2mh2::proto::streams::prioritize?[0m?[2m:?[0m Prioritize::new; flow=FlowControl { window_size: Window(65535), available: Window(65535) }
15:13:28.242 [Thread-5] DEBUG i.pact.plugins.jvm.core.ChildProcess - Plugin protobuf [46348] || ?[2m2023-03-27T09:43:28.241989Z?[0m ?[35mTRACE?[0m tokio-runtime-worker ?[1mrequest?[0m?[1m{?[0m?[3mmethod?[0m?[2m=?[0mPOST ?[3muri?[0m?[2m=?[0mhttp://[::1]:54371/io.pact.plugin.PactPlugin/VerifyInteraction ?[3mversion?[0m?[2m=?[0mHTTP/2.0 ?[3mheaders?[0m?[2m=?[0m{"content-type": "application/grpc", "te": "trailers", "user-agent": "grpc-java-netty/1.49.0", "grpc-accept-encoding": "gzip", "authorization": Sensitive}?[1m}?[0m?[2m:?[0m ?[2mh2::proto::streams::recv?[0m?[2m:?[0m set_target_connection_window; target=5242880; available=65535, reserved=0
15:13:28.242 [Thread-5] DEBUG i.pact.plugins.jvm.core.ChildProcess - Plugin protobuf [46348] || ?[2m2023-03-27T09:43:28.242081Z?[0m ?[35mTRACE?[0m tokio-runtime-worker ?[1mrequest?[0m?[1m{?[0m?[3mmethod?[0m?[2m=?[0mPOST ?[3muri?[0m?[2m=?[0mhttp://[::1]:54371/io.pact.plugin.PactPlugin/VerifyInteraction ?[3mversion?[0m?[2m=?[0mHTTP/2.0 ?[3mheaders?[0m?[2m=?[0m{"content-type": "application/grpc", "te": "trailers", "user-agent": "grpc-java-netty/1.49.0", "grpc-accept-encoding": "gzip", "authorization": Sensitive}?[1m}?[0m?[2m:?[0m ?[2mtonic::transport::service::reconnect?[0m?[2m:?[0m poll_ready; connected
15:13:28.242 [Thread-5] DEBUG i.pact.plugins.jvm.core.ChildProcess - Plugin protobuf [46348] || ?[2m2023-03-27T09:43:28.242126Z?[0m ?[35mTRACE?[0m tokio-runtime-worker ?[1mrequest?[0m?[1m{?[0m?[3mmethod?[0m?[2m=?[0mPOST ?[3muri?[0m?[2m=?[0mhttp://[::1]:54371/io.pact.plugin.PactPlugin/VerifyInteraction ?[3mversion?[0m?[2m=?[0mHTTP/2.0 ?[3mheaders?[0m?[2m=?[0m{"content-type": "application/grpc", "te": "trailers", "user-agent": "grpc-java-netty/1.49.0", "grpc-accept-encoding": "gzip", "authorization": Sensitive}?[1m}?[0m?[2m:?[0m ?[2mtonic::transport::service::reconnect?[0m?[2m:?[0m poll_ready; not ready
15:13:28.242 [Thread-5] DEBUG i.pact.plugins.jvm.core.ChildProcess - Plugin protobuf [46348] || ?[2m2023-03-27T09:43:28.242186Z?[0m ?[35mTRACE?[0m tokio-runtime-worker ?[1mrequest?[0m?[1m{?[0m?[3mmethod?[0m?[2m=?[0mPOST ?[3muri?[0m?[2m=?[0mhttp://[::1]:54371/io.pact.plugin.PactPlugin/VerifyInteraction ?[3mversion?[0m?[2m=?[0mHTTP/2.0 ?[3mheaders?[0m?[2m=?[0m{"content-type": "application/grpc", "te": "trailers", "user-agent": "grpc-java-netty/1.49.0", "grpc-accept-encoding": "gzip", "authorization": Sensitive}?[1m}?[0m?[2m:?[0m ?[2mtonic::transport::service::reconnect?[0m?[2m:?[0m poll_ready; connected
15:13:28.242 [Thread-5] DEBUG i.pact.plugins.jvm.core.ChildProcess - Plugin protobuf [46348] || ?[2m2023-03-27T09:43:28.242205Z?[0m ?[35mTRACE?[0m tokio-runtime-worker ?[1mrequest?[0m?[1m{?[0m?[3mmethod?[0m?[2m=?[0mPOST ?[3muri?[0m?[2m=?[0mhttp://[::1]:54371/io.pact.plugin.PactPlugin/VerifyInteraction ?[3mversion?[0m?[2m=?[0mHTTP/2.0 ?[3mheaders?[0m?[2m=?[0m{"content-type": "application/grpc", "te": "trailers", "user-agent": "grpc-java-netty/1.49.0", "grpc-accept-encoding": "gzip", "authorization": Sensitive}?[1m}?[0m?[2m:?[0m ?[2mtonic::transport::service::reconnect?[0m?[2m:?[0m poll_ready; ready
15:13:28.242 [Thread-5] DEBUG i.pact.plugins.jvm.core.ChildProcess - Plugin protobuf [46348] || ?[2m2023-03-27T09:43:28.242250Z?[0m ?[34mDEBUG?[0m tokio-runtime-worker ?[1mrequest?[0m?[1m{?[0m?[3mmethod?[0m?[2m=?[0mPOST ?[3muri?[0m?[2m=?[0mhttp://[::1]:54371/io.pact.plugin.PactPlugin/VerifyInteraction ?[3mversion?[0m?[2m=?[0mHTTP/2.0 ?[3mheaders?[0m?[2m=?[0m{"content-type": "application/grpc", "te": "trailers", "user-agent": "grpc-java-netty/1.49.0", "grpc-accept-encoding": "gzip", "authorization": Sensitive}?[1m}?[0m?[2m:?[0m ?[2mpact_protobuf_plugin::verification?[0m?[2m:?[0m Making gRPC request to /area_calculator.Calculator/calculateOne
15:13:28.243 [Thread-5] DEBUG i.pact.plugins.jvm.core.ChildProcess - Plugin protobuf [46348] || ?[2m2023-03-27T09:43:28.242758Z?[0m ?[35mTRACE?[0m tokio-runtime-worker ?[1mrequest?[0m?[1m{?[0m?[3mmethod?[0m?[2m=?[0mPOST ?[3muri?[0m?[2m=?[0mhttp://[::1]:54371/io.pact.plugin.PactPlugin/VerifyInteraction ?[3mversion?[0m?[2m=?[0mHTTP/2.0 ?[3mheaders?[0m?[2m=?[0m{"content-type": "application/grpc", "te": "trailers", "user-agent": "grpc-java-netty/1.49.0", "grpc-accept-encoding": "gzip", "authorization": Sensitive}?[1m}?[0m?[2m:?[0m?[1mConnection?[0m?[1m{?[0m?[3mpeer?[0m?[2m=?[0mClient?[1m}?[0m?[2m:?[0m?[1mpoll?[0m?[2m:?[0m ?[2mh2::proto::connection?[0m?[2m:?[0m ?[3mconnection.state?[0m?[2m=?[0mOpen
15:13:28.243 [Thread-5] DEBUG i.pact.plugins.jvm.core.ChildProcess - Plugin protobuf [46348] || ?[2m2023-03-27T09:43:28.243138Z?[0m ?[35mTRACE?[0m tokio-runtime-worker ?[1mrequest?[0m?[1m{?[0m?[3mmethod?[0m?[2m=?[0mPOST ?[3muri?[0m?[2m=?[0mhttp://[::1]:54371/io.pact.plugin.PactPlugin/VerifyInteraction ?[3mversion?[0m?[2m=?[0mHTTP/2.0 ?[3mheaders?[0m?[2m=?[0m{"content-type": "application/grpc", "te": "trailers", "user-agent": "grpc-java-netty/1.49.0", "grpc-accept-encoding": "gzip", "authorization": Sensitive}?[1m}?[0m?[2m:?[0m?[1mConnection?[0m?[1m{?[0m?[3mpeer?[0m?[2m=?[0mClient?[1m}?[0m?[2m:?[0m?[1mpoll?[0m?[2m:?[0m?[1mFramedRead::poll_next?[0m?[2m:?[0m ?[2mh2::codec::framed_read?[0m?[2m:?[0m poll
15:13:28.243 [Thread-5] DEBUG i.pact.plugins.jvm.core.ChildProcess - Plugin protobuf [46348] || ?[2m2023-03-27T09:43:28.243198Z?[0m ?[34mDEBUG?[0m tokio-runtime-worker ?[1mrequest?[0m?[1m{?[0m?[3mmethod?[0m?[2m=?[0mPOST ?[3muri?[0m?[2m=?[0mhttp://[::1]:54371/io.pact.plugin.PactPlugin/VerifyInteraction ?[3mversion?[0m?[2m=?[0mHTTP/2.0 ?[3mheaders?[0m?[2m=?[0m{"content-type": "application/grpc", "te": "trailers", "user-agent": "grpc-java-netty/1.49.0", "grpc-accept-encoding": "gzip", "authorization": Sensitive}?[1m}?[0m?[2m:?[0m?[1mConnection?[0m?[1m{?[0m?[3mpeer?[0m?[2m=?[0mClient?[1m}?[0m?[2m:?[0m?[1mpoll?[0m?[2m:?[0m?[1mFramedWrite::buffer?[0m?[1m{?[0m?[3mframe?[0m?[2m=?[0mWindowUpdate { stream_id: StreamId(0), size_increment: 5177345 }?[1m}?[0m?[2m:?[0m ?[2mh2::codec::framed_write?[0m?[2m:?[0m send ?[3mframe?[0m?[2m=?[0mWindowUpdate { stream_id: StreamId(0), size_increment: 5177345 }
15:13:28.243 [Thread-5] DEBUG i.pact.plugins.jvm.core.ChildProcess - Plugin protobuf [46348] || ?[2m2023-03-27T09:43:28.243224Z?[0m ?[35mTRACE?[0m tokio-runtime-worker ?[1mrequest?[0m?[1m{?[0m?[3mmethod?[0m?[2m=?[0mPOST ?[3muri?[0m?[2m=?[0mhttp://[::1]:54371/io.pact.plugin.PactPlugin/VerifyInteraction ?[3mversion?[0m?[2m=?[0mHTTP/2.0 ?[3mheaders?[0m?[2m=?[0m{"content-type": "application/grpc", "te": "trailers", "user-agent": "grpc-java-netty/1.49.0", "grpc-accept-encoding": "gzip", "authorization": Sensitive}?[1m}?[0m?[2m:?[0m?[1mConnection?[0m?[1m{?[0m?[3mpeer?[0m?[2m=?[0mClient?[1m}?[0m?[2m:?[0m?[1mpoll?[0m?[2m:?[0m?[1mFramedWrite::buffer?[0m?[1m{?[0m?[3mframe?[0m?[2m=?[0mWindowUpdate { stream_id: StreamId(0), size_increment: 5177345 }?[1m}?[0m?[2m:?[0m ?[2mh2::frame::window_update?[0m?[2m:?[0m encoding WINDOW_UPDATE; id=StreamId(0)
15:13:28.243 [Thread-5] DEBUG i.pact.plugins.jvm.core.ChildProcess - Plugin protobuf [46348] || ?[2m2023-03-27T09:43:28.243245Z?[0m ?[35mTRACE?[0m tokio-runtime-worker ?[1mrequest?[0m?[1m{?[0m?[3mmethod?[0m?[2m=?[0mPOST ?[3muri?[0m?[2m=?[0mhttp://[::1]:54371/io.pact.plugin.PactPlugin/VerifyInteraction ?[3mversion?[0m?[2m=?[0mHTTP/2.0 ?[3mheaders?[0m?[2m=?[0m{"content-type": "application/grpc", "te": "trailers", "user-agent": "grpc-java-netty/1.49.0", "grpc-accept-encoding": "gzip", "authorization": Sensitive}?[1m}?[0m?[2m:?[0m?[1mConnection?[0m?[1m{?[0m?[3mpeer?[0m?[2m=?[0mClient?[1m}?[0m?[2m:?[0m?[1mpoll?[0m?[2m:?[0m?[1mFramedWrite::buffer?[0m?[1m{?[0m?[3mframe?[0m?[2m=?[0mWindowUpdate { stream_id: StreamId(0), size_increment: 5177345 }?[1m}?[0m?[2m:?[0m ?[2mh2::codec::framed_write?[0m?[2m:?[0m encoded window_update ?[3mrem?[0m?[2m=?[0m40
15:13:28.244 [Thread-5] DEBUG i.pact.plugins.jvm.core.ChildProcess - Plugin protobuf [46348] || ?[2m2023-03-27T09:43:28.243279Z?[0m ?[35mTRACE?[0m tokio-runtime-worker ?[1mrequest?[0m?[1m{?[0m?[3mmethod?[0m?[2m=?[0mPOST ?[3muri?[0m?[2m=?[0mhttp://[::1]:54371/io.pact.plugin.PactPlugin/VerifyInteraction ?[3mversion?[0m?[2m=?[0mHTTP/2.0 ?[3mheaders?[0m?[2m=?[0m{"content-type": "application/grpc", "te": "trailers", "user-agent": "grpc-java-netty/1.49.0", "grpc-accept-encoding": "gzip", "authorization": Sensitive}?[1m}?[0m?[2m:?[0m?[1mConnection?[0m?[1m{?[0m?[3mpeer?[0m?[2m=?[0mClient?[1m}?[0m?[2m:?[0m?[1mpoll?[0m?[2m:?[0m ?[2mh2::proto::streams::flow_control?[0m?[2m:?[0m inc_window; sz=5177345; old=65535; new=5242880
15:13:28.244 [Thread-5] DEBUG i.pact.plugins.jvm.core.ChildProcess - Plugin protobuf [46348] || ?[2m2023-03-27T09:43:28.243328Z?[0m ?[35mTRACE?[0m tokio-runtime-worker ?[1mrequest?[0m?[1m{?[0m?[3mmethod?[0m?[2m=?[0mPOST ?[3muri?[0m?[2m=?[0mhttp://[::1]:54371/io.pact.plugin.PactPlugin/VerifyInteraction ?[3mversion?[0m?[2m=?[0mHTTP/2.0 ?[3mheaders?[0m?[2m=?[0m{"content-type": "application/grpc", "te": "trailers", "user-agent": "grpc-java-netty/1.49.0", "grpc-accept-encoding": "gzip", "authorization": Sensitive}?[1m}?[0m?[2m:?[0m?[1mConnection?[0m?[1m{?[0m?[3mpeer?[0m?[2m=?[0mClient?[1m}?[0m?[2m:?[0m?[1mpoll?[0m?[2m:?[0m ?[2mh2::proto::streams::prioritize?[0m?[2m:?[0m poll_complete
15:13:28.244 [Thread-5] DEBUG i.pact.plugins.jvm.core.ChildProcess - Plugin protobuf [46348] || ?[2m2023-03-27T09:43:28.243349Z?[0m ?[35mTRACE?[0m tokio-runtime-worker ?[1mrequest?[0m?[1m{?[0m?[3mmethod?[0m?[2m=?[0mPOST ?[3muri?[0m?[2m=?[0mhttp://[::1]:54371/io.pact.plugin.PactPlugin/VerifyInteraction ?[3mversion?[0m?[2m=?[0mHTTP/2.0 ?[3mheaders?[0m?[2m=?[0m{"content-type": "application/grpc", "te": "trailers", "user-agent": "grpc-java-netty/1.49.0", "grpc-accept-encoding": "gzip", "authorization": Sensitive}?[1m}?[0m?[2m:?[0m?[1mConnection?[0m?[1m{?[0m?[3mpeer?[0m?[2m=?[0mClient?[1m}?[0m?[2m:?[0m?[1mpoll?[0m?[2m:?[0m ?[2mh2::proto::streams::prioritize?[0m?[2m:?[0m schedule_pending_open
15:13:28.244 [Thread-5] DEBUG i.pact.plugins.jvm.core.ChildProcess - Plugin protobuf [46348] || ?[2m2023-03-27T09:43:28.243410Z?[0m ?[35mTRACE?[0m tokio-runtime-worker ?[1mrequest?[0m?[1m{?[0m?[3mmethod?[0m?[2m=?[0mPOST ?[3muri?[0m?[2m=?[0mhttp://[::1]:54371/io.pact.plugin.PactPlugin/VerifyInteraction ?[3mversion?[0m?[2m=?[0mHTTP/2.0 ?[3mheaders?[0m?[2m=?[0m{"content-type": "application/grpc", "te": "trailers", "user-agent": "grpc-java-netty/1.49.0", "grpc-accept-encoding": "gzip", "authorization": Sensitive}?[1m}?[0m?[2m:?[0m?[1mConnection?[0m?[1m{?[0m?[3mpeer?[0m?[2m=?[0mClient?[1m}?[0m?[2m:?[0m?[1mpoll?[0m?[2m:?[0m?[1mFramedWrite::flush?[0m?[2m:?[0m ?[2mh2::codec::framed_write?[0m?[2m:?[0m ?[3mqueued_data_frame?[0m?[2m=?[0mfalse
15:13:28.244 [Thread-5] DEBUG i.pact.plugins.jvm.core.ChildProcess - Plugin protobuf [46348] || ?[2m2023-03-27T09:43:28.243031Z?[0m ?[35mTRACE?[0m tokio-runtime-worker ?[1mrequest?[0m?[1m{?[0m?[3mmethod?[0m?[2m=?[0mPOST ?[3muri?[0m?[2m=?[0mhttp://[::1]:54371/io.pact.plugin.PactPlugin/VerifyInteraction ?[3mversion?[0m?[2m=?[0mHTTP/2.0 ?[3mheaders?[0m?[2m=?[0m{"content-type": "application/grpc", "te": "trailers", "user-agent": "grpc-java-netty/1.49.0", "grpc-accept-encoding": "gzip", "authorization": Sensitive}?[1m}?[0m?[2m:?[0m ?[2mtower::buffer::service?[0m?[2m:?[0m sending request to buffer worker
15:13:28.244 [Thread-5] DEBUG i.pact.plugins.jvm.core.ChildProcess - Plugin protobuf [46348] || ?[2m2023-03-27T09:43:28.243461Z?[0m ?[35mTRACE?[0m tokio-runtime-worker ?[2mtower::buffer::worker?[0m?[2m:?[0m worker polling for next message
15:13:28.244 [Thread-5] DEBUG i.pact.plugins.jvm.core.ChildProcess - Plugin protobuf [46348] || ?[2m2023-03-27T09:43:28.243478Z?[0m ?[35mTRACE?[0m tokio-runtime-worker ?[2mtower::buffer::worker?[0m?[2m:?[0m processing new request
15:13:28.244 [Thread-5] DEBUG i.pact.plugins.jvm.core.ChildProcess - Plugin protobuf [46348] || ?[2m2023-03-27T09:43:28.243494Z?[0m ?[35mTRACE?[0m tokio-runtime-worker ?[1mrequest?[0m?[1m{?[0m?[3mmethod?[0m?[2m=?[0mPOST ?[3muri?[0m?[2m=?[0mhttp://[::1]:54371/io.pact.plugin.PactPlugin/VerifyInteraction ?[3mversion?[0m?[2m=?[0mHTTP/2.0 ?[3mheaders?[0m?[2m=?[0m{"content-type": "application/grpc", "te": "trailers", "user-agent": "grpc-java-netty/1.49.0", "grpc-accept-encoding": "gzip", "authorization": Sensitive}?[1m}?[0m?[2m:?[0m ?[2mtower::buffer::worker?[0m?[2m:?[0m ?[3mresumed?[0m?[2m=?[0mfalse worker received request; waiting for service readiness
15:13:28.245 [Thread-5] DEBUG i.pact.plugins.jvm.core.ChildProcess - Plugin protobuf [46348] || ?[2m2023-03-27T09:43:28.243536Z?[0m ?[35mTRACE?[0m tokio-runtime-worker ?[1mrequest?[0m?[1m{?[0m?[3mmethod?[0m?[2m=?[0mPOST ?[3muri?[0m?[2m=?[0mhttp://[::1]:54371/io.pact.plugin.PactPlugin/VerifyInteraction ?[3mversion?[0m?[2m=?[0mHTTP/2.0 ?[3mheaders?[0m?[2m=?[0m{"content-type": "application/grpc", "te": "trailers", "user-agent": "grpc-java-netty/1.49.0", "grpc-accept-encoding": "gzip", "authorization": Sensitive}?[1m}?[0m?[2m:?[0m?[1mConnection?[0m?[1m{?[0m?[3mpeer?[0m?[2m=?[0mClient?[1m}?[0m?[2m:?[0m?[1mpoll?[0m?[2m:?[0m?[1mFramedWrite::flush?[0m?[2m:?[0m ?[2mh2::codec::framed_write?[0m?[2m:?[0m flushing buffer
15:13:28.245 [Thread-5] DEBUG i.pact.plugins.jvm.core.ChildProcess - Plugin protobuf [46348] || ?[2m2023-03-27T09:43:28.243559Z?[0m ?[35mTRACE?[0m tokio-runtime-worker ?[1mrequest?[0m?[1m{?[0m?[3mmethod?[0m?[2m=?[0mPOST ?[3muri?[0m?[2m=?[0mhttp://[::1]:54371/io.pact.plugin.PactPlugin/VerifyInteraction ?[3mversion?[0m?[2m=?[0mHTTP/2.0 ?[3mheaders?[0m?[2m=?[0m{"content-type": "application/grpc", "te": "trailers", "user-agent": "grpc-java-netty/1.49.0", "grpc-accept-encoding": "gzip", "authorization": Sensitive}?[1m}?[0m?[2m:?[0m ?[2mtonic::transport::service::reconnect?[0m?[2m:?[0m poll_ready; connected
15:13:28.245 [Thread-5] DEBUG i.pact.plugins.jvm.core.ChildProcess - Plugin protobuf [46348] || ?[2m2023-03-27T09:43:28.243579Z?[0m ?[35mTRACE?[0m tokio-runtime-worker ?[1mrequest?[0m?[1m{?[0m?[3mmethod?[0m?[2m=?[0mPOST ?[3muri?[0m?[2m=?[0mhttp://[::1]:54371/io.pact.plugin.PactPlugin/VerifyInteraction ?[3mversion?[0m?[2m=?[0mHTTP/2.0 ?[3mheaders?[0m?[2m=?[0m{"content-type": "application/grpc", "te": "trailers", "user-agent": "grpc-java-netty/1.49.0", "grpc-accept-encoding": "gzip", "authorization": Sensitive}?[1m}?[0m?[2m:?[0m ?[2mtonic::transport::service::reconnect?[0m?[2m:?[0m poll_ready; ready
15:13:28.245 [Thread-5] DEBUG i.pact.plugins.jvm.core.ChildProcess - Plugin protobuf [46348] || ?[2m2023-03-27T09:43:28.243615Z?[0m ?[34mDEBUG?[0m tokio-runtime-worker ?[1mrequest?[0m?[1m{?[0m?[3mmethod?[0m?[2m=?[0mPOST ?[3muri?[0m?[2m=?[0mhttp://[::1]:54371/io.pact.plugin.PactPlugin/VerifyInteraction ?[3mversion?[0m?[2m=?[0mHTTP/2.0 ?[3mheaders?[0m?[2m=?[0m{"content-type": "application/grpc", "te": "trailers", "user-agent": "grpc-java-netty/1.49.0", "grpc-accept-encoding": "gzip", "authorization": Sensitive}?[1m}?[0m?[2m:?[0m ?[2mtower::buffer::worker?[0m?[2m:?[0m ?[3mservice.ready?[0m?[2m=?[0mtrue processing request
15:13:28.245 [Thread-5] DEBUG i.pact.plugins.jvm.core.ChildProcess - Plugin protobuf [46348] || ?[2m2023-03-27T09:43:28.243653Z?[0m ?[35mTRACE?[0m tokio-runtime-worker ?[1mrequest?[0m?[1m{?[0m?[3mmethod?[0m?[2m=?[0mPOST ?[3muri?[0m?[2m=?[0mhttp://[::1]:54371/io.pact.plugin.PactPlugin/VerifyInteraction ?[3mversion?[0m?[2m=?[0mHTTP/2.0 ?[3mheaders?[0m?[2m=?[0m{"content-type": "application/grpc", "te": "trailers", "user-agent": "grpc-java-netty/1.49.0", "grpc-accept-encoding": "gzip", "authorization": Sensitive}?[1m}?[0m?[2m:?[0m ?[2mtonic::transport::service::reconnect?[0m?[2m:?[0m Reconnect::call
15:13:28.245 [Thread-5] DEBUG i.pact.plugins.jvm.core.ChildProcess - Plugin protobuf [46348] || ?[2m2023-03-27T09:43:28.243683Z?[0m ?[35mTRACE?[0m tokio-runtime-worker ?[1mrequest?[0m?[1m{?[0m?[3mmethod?[0m?[2m=?[0mPOST ?[3muri?[0m?[2m=?[0mhttp://[::1]:54371/io.pact.plugin.PactPlugin/VerifyInteraction ?[3mversion?[0m?[2m=?[0mHTTP/2.0 ?[3mheaders?[0m?[2m=?[0m{"content-type": "application/grpc", "te": "trailers", "user-agent": "grpc-java-netty/1.49.0", "grpc-accept-encoding": "gzip", "authorization": Sensitive}?[1m}?[0m?[2m:?[0m ?[2mtower::buffer::worker?[0m?[2m:?[0m returning response future
15:13:28.245 [Thread-5] DEBUG i.pact.plugins.jvm.core.ChildProcess - Plugin protobuf [46348] || ?[2m2023-03-27T09:43:28.243773Z?[0m ?[35mTRACE?[0m tokio-runtime-worker ?[2mtower::buffer::worker?[0m?[2m:?[0m worker polling for next message
15:13:28.245 [Thread-5] DEBUG i.pact.plugins.jvm.core.ChildProcess - Plugin protobuf [46348] || ?[2m2023-03-27T09:43:28.243829Z?[0m ?[35mTRACE?[0m tokio-runtime-worker ?[2mh2::proto::streams::flow_control?[0m?[2m:?[0m inc_window; sz=2097152; old=0; new=2097152
15:13:28.245 [Thread-5] DEBUG i.pact.plugins.jvm.core.ChildProcess - Plugin protobuf [46348] || ?[2m2023-03-27T09:43:28.243843Z?[0m ?[35mTRACE?[0m tokio-runtime-worker ?[2mh2::proto::streams::flow_control?[0m?[2m:?[0m inc_window; sz=65535; old=0; new=65535
15:13:28.245 [Thread-5] DEBUG i.pact.plugins.jvm.core.ChildProcess - Plugin protobuf [46348] || ?[2m2023-03-27T09:43:28.243861Z?[0m ?[35mTRACE?[0m tokio-runtime-worker ?[2mh2::proto::streams::send?[0m?[2m:?[0m send_headers; frame=Headers { stream_id: StreamId(1), flags: (0x4: END_HEADERS) }; init_window=65535
15:13:28.245 [Thread-5] DEBUG i.pact.plugins.jvm.core.ChildProcess - Plugin protobuf [46348] || ?[2m2023-03-27T09:43:28.243899Z?[0m ?[35mTRACE?[0m tokio-runtime-worker ?[1mPrioritize::queue_frame?[0m?[1m{?[0m?[3mstream.id?[0m?[2m=?[0mStreamId(1)?[1m}?[0m?[2m:?[0m ?[2mh2::proto::streams::prioritize?[0m?[2m:?[0m schedule_send ?[3mstream.id?[0m?[2m=?[0mStreamId(1)
15:13:28.245 [Thread-5] DEBUG i.pact.plugins.jvm.core.ChildProcess - Plugin protobuf [46348] || ?[2m2023-03-27T09:43:28.243916Z?[0m ?[35mTRACE?[0m tokio-runtime-worker ?[1mPrioritize::queue_frame?[0m?[1m{?[0m?[3mstream.id?[0m?[2m=?[0mStreamId(1)?[1m}?[0m?[2m:?[0m ?[2mh2::proto::streams::store?[0m?[2m:?[0m Queue::push
15:13:28.245 [Thread-5] DEBUG i.pact.plugins.jvm.core.ChildProcess - Plugin protobuf [46348] || ?[2m2023-03-27T09:43:28.243929Z?[0m ?[35mTRACE?[0m tokio-runtime-worker ?[1mPrioritize::queue_frame?[0m?[1m{?[0m?[3mstream.id?[0m?[2m=?[0mStreamId(1)?[1m}?[0m?[2m:?[0m ?[2mh2::proto::streams::store?[0m?[2m:?[0m  -> first entry
15:13:28.245 [Thread-5] DEBUG i.pact.plugins.jvm.core.ChildProcess - Plugin protobuf [46348] || ?[2m2023-03-27T09:43:28.243985Z?[0m ?[35mTRACE?[0m tokio-runtime-worker ?[1mreserve_capacity?[0m?[1m{?[0m?[3mstream.id?[0m?[2m=?[0mStreamId(1) ?[3mrequested?[0m?[2m=?[0m1 ?[3meffective?[0m?[2m=?[0m1 ?[3mcurr?[0m?[2m=?[0m0?[1m}?[0m?[2m:?[0m?[1mtry_assign_capacity?[0m?[1m{?[0m?[3mstream.id?[0m?[2m=?[0mStreamId(1)?[1m}?[0m?[2m:?[0m ?[2mh2::proto::streams::prioritize?[0m?[2m:?[0m ?[3mrequested?[0m?[2m=?[0m1 ?[3madditional?[0m?[2m=?[0m1 ?[3mbuffered?[0m?[2m=?[0m0 ?[3mwindow?[0m?[2m=?[0m65535 ?[3mconn?[0m?[2m=?[0m65535
15:13:28.245 [Thread-5] DEBUG i.pact.plugins.jvm.core.ChildProcess - Plugin protobuf [46348] || ?[2m2023-03-27T09:43:28.244006Z?[0m ?[35mTRACE?[0m tokio-runtime-worker ?[1mreserve_capacity?[0m?[1m{?[0m?[3mstream.id?[0m?[2m=?[0mStreamId(1) ?[3mrequested?[0m?[2m=?[0m1 ?[3meffective?[0m?[2m=?[0m1 ?[3mcurr?[0m?[2m=?[0m0?[1m}?[0m?[2m:?[0m?[1mtry_assign_capacity?[0m?[1m{?[0m?[3mstream.id?[0m?[2m=?[0mStreamId(1)?[1m}?[0m?[2m:?[0m ?[2mh2::proto::streams::prioritize?[0m?[2m:?[0m assigning ?[3mcapacity?[0m?[2m=?[0m1
15:13:28.245 [Thread-5] DEBUG i.pact.plugins.jvm.core.ChildProcess - Plugin protobuf [46348] || ?[2m2023-03-27T09:43:28.244021Z?[0m ?[35mTRACE?[0m tokio-runtime-worker ?[1mreserve_capacity?[0m?[1m{?[0m?[3mstream.id?[0m?[2m=?[0mStreamId(1) ?[3mrequested?[0m?[2m=?[0m1 ?[3meffective?[0m?[2m=?[0m1 ?[3mcurr?[0m?[2m=?[0m0?[1m}?[0m?[2m:?[0m?[1mtry_assign_capacity?[0m?[1m{?[0m?[3mstream.id?[0m?[2m=?[0mStreamId(1)?[1m}?[0m?[2m:?[0m ?[2mh2::proto::streams::stream?[0m?[2m:?[0m   assigned capacity to stream; available=1; buffered=0; id=StreamId(1); max_buffer_size=1048576
15:13:28.245 [Thread-5] DEBUG i.pact.plugins.jvm.core.ChildProcess - Plugin protobuf [46348] || ?[2m2023-03-27T09:43:28.244037Z?[0m ?[35mTRACE?[0m tokio-runtime-worker ?[1mreserve_capacity?[0m?[1m{?[0m?[3mstream.id?[0m?[2m=?[0mStreamId(1) ?[3mrequested?[0m?[2m=?[0m1 ?[3meffective?[0m?[2m=?[0m1 ?[3mcurr?[0m?[2m=?[0m0?[1m}?[0m?[2m:?[0m?[1mtry_assign_capacity?[0m?[1m{?[0m?[3mstream.id?[0m?[2m=?[0mStreamId(1)?[1m}?[0m?[2m:?[0m ?[2mh2::proto::streams::stream?[0m?[2m:?[0m   notifying task
15:13:28.245 [Thread-5] DEBUG i.pact.plugins.jvm.core.ChildProcess - Plugin protobuf [46348] || ?[2m2023-03-27T09:43:28.244051Z?[0m ?[35mTRACE?[0m tokio-runtime-worker ?[1mreserve_capacity?[0m?[1m{?[0m?[3mstream.id?[0m?[2m=?[0mStreamId(1) ?[3mrequested?[0m?[2m=?[0m1 ?[3meffective?[0m?[2m=?[0m1 ?[3mcurr?[0m?[2m=?[0m0?[1m}?[0m?[2m:?[0m?[1mtry_assign_capacity?[0m?[1m{?[0m?[3mstream.id?[0m?[2m=?[0mStreamId(1)?[1m}?[0m?[2m:?[0m ?[2mh2::proto::streams::prioritize?[0m?[2m:?[0m ?[3mavailable?[0m?[2m=?[0m1 ?[3mrequested?[0m?[2m=?[0m1 ?[3mbuffered?[0m?[2m=?[0m0 ?[3mhas_unavailable?[0m?[2m=?[0mtrue
15:13:28.246 [Thread-5] DEBUG i.pact.plugins.jvm.core.ChildProcess - Plugin protobuf [46348] || ?[2m2023-03-27T09:43:28.244540Z?[0m ?[35mTRACE?[0m tokio-runtime-worker ?[1mencode?[0m?[1m{?[0m?[3mself?[0m?[2m=?[0mDynamicMessageEncoder { descriptor: DescriptorProto { name: Some("ShapeMessage"), field: [FieldDescriptorProto { name: Some("square"), number: Some(1), label: Some(Optional), r#type: Some(Message), type_name: Some(".area_calculator.Square"), extendee: None, default_value: None, oneof_index: Some(0), json_name: Some("square"), options: None, proto3_optional: None }, FieldDescriptorProto { name: Some("rectangle"), number: Some(2), label: Some(Optional), r#type: Some(Message), type_name: Some(".area_calculator.Rectangle"), extendee: None, default_value: None, oneof_index: Some(0), json_name: Some("rectangle"), options: None, proto3_optional: None }, FieldDescriptorProto { name: Some("circle"), number: Some(3), label: Some(Optional), r#type: Some(Message), type_name: Some(".area_calculator.Circle"), extendee: None, default_value: None, oneof_index: Some(0), json_name: Some("circle"), options: None, proto3_optional: None }, FieldDescriptorProto { name: Some("triangle"), number: Some(4), label: Some(Optional), r#type: Some(Message), type_name: Some(".area_calculator.Triangle"), extendee: None, default_value: None, oneof_index: Some(0), json_name: Some("triangle"), options: None, proto3_optional: None }, FieldDescriptorProto { name: Some("parallelogram"), number: Some(5), label: Some(Optional), r#type: Some(Message), type_name: Some(".area_calculator.Parallelogram"), extendee: None, default_value: None, oneof_index: Some(0), json_name: Some("parallelogram"), options: None, proto3_optional: None }], extension: [], nested_type: [], enum_type: [], extension_range: [], oneof_decl: [OneofDescriptorProto { name: Some("shape"), options: None }], options: None, reserved_range: [], reserved_name: [] }, message: SynchronousMessage { id: None, key: Some("c7fbe3ee"), description: "calculate rectangle area request", provider_states: [], comments: {"testname": String("io.pact.example.grpc.consumer.PactConsumerTest.calculateRectangleArea(MockServer, SynchronousMessages)")}, request: MessageContents { contents: Present(b"\x12\n\r\0\0@@\x15\0\0\x80@", Some(ContentType { main_type: "application", sub_type: "protobuf", attributes: {"message": "ShapeMessage"}, suffix: None }), Some(BINARY)), metadata: {}, matching_rules: MatchingRules { rules: {BODY: MatchingRuleCategory { name: BODY, rules: {DocPath { path_tokens: [Root, Field("rectangle"), Field("length")], expr: "$.rectangle.length" }: RuleList { rules: [Number], rule_logic: And, cascaded: false }, DocPath { path_tokens: [Root, Field("rectangle"), Field("width")], expr: "$.rectangle.width" }: RuleList { rules: [Number], rule_logic: And, cascaded: false }} }} }, generators: Generators { categories: {} } }, response: [MessageContents { contents: Present(b"\r\0\0@A", Some(ContentType { main_type: "application", sub_type: "protobuf", attributes: {"message": "AreaResponse"}, suffix: None }), Some(BINARY)), metadata: {}, matching_rules: MatchingRules { rules: {BODY: MatchingRuleCategory { name: BODY, rules: {DocPath { path_tokens: [Root, Field("value")], expr: "$.value" }: RuleList { rules: [Number], rule_logic: And, cascaded: false }} }} }, generators: Generators { categories: {} } }], pending: false, plugin_config: {"protobuf": {"descriptorKey": String("a85dff8f82655a9681aad113575dcfbb"), "service": String("Calculator/calculateOne")}}, interaction_markup: InteractionMarkup { markup: "```protobuf\nmessage ShapeMessage {\n    message .area_calculator.Rectangle rectangle = 2;\n}\n```\n\n```protobuf\nmessage AreaResponse {\n    float value = 1;\n}\n```\n", markup_type: "COMMON_MARK" }, transport: Some("grpc") }, file_descriptor_set: FileDescriptorSet { file: [FileDescriptorProto { name: Some("area_calculator.proto"), package: Some("area_calculator"), dependency: [], public_dependency: [], weak_dependency: [], message_type: [DescriptorProto { name: Some("ShapeMessage"), field: [FieldDescriptorProto { name: Some("square"), number: Some(1), label: Some(Optional), r#type: Some(Message), type_name: Some(".area_calculator.Square"), extendee: None, default_value: None, oneof_index: Some(0), json_name: Some("square"), options: None, proto3_optional: None }, FieldDescriptorProto { name: Some("rectangle"), number: Some(2), label: Some(Optional), r#type: Some(Message), type_name: Some(".area_calculator.Rectangle"), extendee: None, default_value: None, oneof_index: Some(0), json_name: Some("rectangle"), options: None, proto3_optional: None }, FieldDescriptorProto { name: Some("circle"), number: Some(3), label: Some(Optional), r#type: Some(Message), type_name: Some(".area_calculator.Circle"), extendee: None, default_value: None, oneof_index: Some(0), json_name: Some("circle"), options: None, proto3_optional: None }, FieldDescriptorProto { name: Some("triangle"), number: Some(4), label: Some(Optional), r#type: Some(Message), type_name: Some(".area_calculator.Triangle"), extendee: None, default_value: None, oneof_index: Some(0), json_name: Some("triangle"), options: None, proto3_optional: None }, FieldDescriptorProto { name: Some("parallelogram"), number: Some(5), label: Some(Optional), r#type: Some(Message), type_name: Some(".area_calculator.Parallelogram"), extendee: None, default_value: None, oneof_index: Some(0), json_name: Some("parallelogram"), options: None, proto3_optional: None }], extension: [], nested_type: [], enum_type: [], extension_range: [], oneof_decl: [OneofDescriptorProto { name: Some("shape"), options: None }], options: None, reserved_range: [], reserved_name: [] }, DescriptorProto { name: Some("Square"), field: [FieldDescriptorProto { name: Some("edge_length"), number: Some(1), label: Some(Optional), r#type: Some(Float), type_name: None, extendee: None, default_value: None, oneof_index: None, json_name: Some("edgeLength"), options: None, proto3_optional: None }], extension: [], nested_type: [], enum_type: [], extension_range: [], oneof_decl: [], options: None, reserved_range: [], reserved_name: [] }, DescriptorProto { name: Some("Rectangle"), field: [FieldDescriptorProto { name: Some("length"), number: Some(1), label: Some(Optional), r#type: Some(Float), type_name: None, extendee: None, default_value: None, oneof_index: None, json_name: Some("length"), options: None, proto3_optional: None }, FieldDescriptorProto { name: Some("width"), number: Some(2), label: Some(Optional), r#type: Some(Float), type_name: None, extendee: None, default_value: None, oneof_index: None, json_name: Some("width"), options: None, proto3_optional: None }], extension: [], nested_type: [], enum_type: [], extension_range: [], oneof_decl: [], options: None, reserved_range: [], reserved_name: [] }, DescriptorProto { name: Some("Circle"), field: [FieldDescriptorProto { name: Some("radius"), number: Some(1), label: Some(Optional), r#type: Some(Float), type_name: None, extendee: None, default_value: None, oneof_index: None, json_name: Some("radius"), options: None, proto3_optional: None }], extension: [], nested_type: [], enum_type: [], extension_range: [], oneof_decl: [], options: None, reserved_range: [], reserved_name: [] }, DescriptorProto { name: Some("Triangle"), field: [FieldDescriptorProto { name: Some("edge_a"), number: Some(1), label: Some(Optional), r#type: Some(Float), type_name: None, extendee: None, default_value: None, oneof_index: None, json_name: Some("edgeA"), options: None, proto3_optional: None }, FieldDescriptorProto { name: Some("edge_b"), number: Some(2), label: Some(Optional), r#type: Some(Float), type_name: None, extendee: None, default_value: None, oneof_index: None, json_name: Some("edgeB"), options: None, proto3_optional: None }, FieldDescriptorProto { name: Some("edge_c"), number: Some(3), label: Some(Optional), r#type: Some(Float), type_name: None, extendee: None, default_value: None, oneof_index: None, json_name: Some("edgeC"), options: None, proto3_optional: None }], extension: [], nested_type: [], enum_type: [], extension_range: [], oneof_decl: [], options: None, reserved_range: [], reserved_name: [] }, DescriptorProto { name: Some("Parallelogram"), field: [FieldDescriptorProto { name: Some("base_length"), number: Some(1), label: Some(Optional), r#type: Some(Float), type_name: None, extendee: None, default_value: None, oneof_index: None, json_name: Some("baseLength"), options: None, proto3_optional: None }, FieldDescriptorProto { name: Some("height"), number: Some(2), label: Some(Optional), r#type: Some(Float), type_name: None, extendee: None, default_value: None, oneof_index: None, json_name: Some("height"), options: None, proto3_optional: None }], extension: [], nested_type: [], enum_type: [], extension_range: [], oneof_decl: [], options: None, reserved_range: [], reserved_name: [] }, DescriptorProto { name: Some("AreaRequest"), field: [FieldDescriptorProto { name: Some("shapes"), number: Some(1), label: Some(Repeated), r#type: Some(Message), type_name: Some(".area_calculator.ShapeMessage"), extendee: None, default_value: None, oneof_index: None, json_name: Some("shapes"), options: None, proto3_optional: None }], extension: [], nested_type: [], enum_type: [], extension_range: [], oneof_decl: [], options: None, reserved_range: [], reserved_name: [] }, DescriptorProto { name: Some("AreaResponse"), field: [FieldDescriptorProto { name: Some("value"), number: Some(1), label: Some(Repeated), r#type: Some(Float), type_name: None, extendee: None, default_value: None, oneof_index: None, json_name: Some("value"), options: None, proto3_optional: None }], extension: [], nested_type: [], enum_type: [], extension_range: [], oneof_decl: [], options: None, reserved_range: [], reserved_name: [] }], enum_type: [], service: [ServiceDescriptorProto { name: Some("Calculator"), method: [MethodDescriptorProto { name: Some("calculateOne"), input_type: Some(".area_calculator.ShapeMessage"), output_type: Some(".area_calculator.AreaResponse"), options: Some(MethodOptions { deprecated: None, idempotency_level: None, uninterpreted_option: [] }), client_streaming: None, server_streaming: None }, MethodDescriptorProto { name: Some("calculateMulti"), input_type: Some(".area_calculator.AreaRequest"), output_type: Some(".area_calculator.AreaResponse"), options: Some(MethodOptions { deprecated: None, idempotency_level: None, uninterpreted_option: [] }), client_streaming: None, server_streaming: None }], options: None }], extension: [], options: Some(FileOptions { java_package: None, java_outer_classname: None, java_multiple_files: None, java_generate_equals_and_hash: None, java_string_check_utf8: None, optimize_for: None, go_package: Some("io.pact/area_calculator"), cc_generic_services: None, java_generic_services: None, py_generic_services: None, php_generic_services: Some(true), deprecated: None, cc_enable_arenas: None, objc_class_prefix: None, csharp_namespace: None, swift_prefix: None, php_class_prefix: None, php_namespace: None, php_metadata_namespace: None, ruby_package: None, uninterpreted_option: [] }), source_code_info: None, syntax: Some("proto3") }] } } ?[3mitem?[0m?[2m=?[0mDynamicMessage { descriptor: DescriptorProto { name: Some("ShapeMessage"), field: [FieldDescriptorProto { name: Some("square"), number: Some(1), label: Some(Optional), r#type: Some(Message), type_name: Some(".area_calculator.Square"), extendee: None, default_value: None, oneof_index: Some(0), json_name: Some("square"), options: None, proto3_optional: None }, FieldDescriptorProto { name: Some("rectangle"), number: Some(2), label: Some(Optional), r#type: Some(Message), type_name: Some(".area_calculator.Rectangle"), extendee: None, default_value: None, oneof_index: Some(0), json_name: Some("rectangle"), options: None, proto3_optional: None }, FieldDescriptorProto { name: Some("circle"), number: Some(3), label: Some(Optional), r#type: Some(Message), type_name: Some(".area_calculator.Circle"), extendee: None, default_value: None, oneof_index: Some(0), json_name: Some("circle"), options: None, proto3_optional: None }, FieldDescriptorProto { name: Some("triangle"), number: Some(4), label: Some(Optional), r#type: Some(Message), type_name: Some(".area_calculator.Triangle"), extendee: None, default_value: None, oneof_index: Some(0), json_name: Some("triangle"), options: None, proto3_optional: None }, FieldDescriptorProto { name: Some("parallelogram"), number: Some(5), label: Some(Optional), r#type: Some(Message), type_name: Some(".area_calculator.Parallelogram"), extendee: None, default_value: None, oneof_index: Some(0), json_name: Some("parallelogram"), options: None, proto3_optional: None }], extension: [], nested_type: [], enum_type: [], extension_range: [], oneof_decl: [OneofDescriptorProto { name: Some("shape"), options: None }], options: None, reserved_range: [], reserved_name: [] }, fields: [ProtobufField { field_num: 2, wire_type: LengthDelimited, data: Message([13, 0, 0, 64, 64, 21, 0, 0, 128, 64], DescriptorProto { name: Some("Rectangle"), field: [FieldDescriptorProto { name: Some("length"), number: Some(1), label: Some(Optional), r#type: Some(Float), type_name: None, extendee: None, default_value: None, oneof_index: None, json_name: Some("length"), options: None, proto3_optional: None }, FieldDescriptorProto { name: Some("width"), number: Some(2), label: Some(Optional), r#type: Some(Float), type_name: None, extendee: None, default_value: None, oneof_index: None, json_name: Some("width"), options: None, proto3_optional: None }], extension: [], nested_type: [], enum_type: [], extension_range: [], oneof_decl: [], options: None, reserved_range: [], reserved_name: [] }) }] } ?[3mdst?[0m?[2m=?[0mEncodeBuf { buf: b"\0\0\0\0\0" }?[1m}?[0m?[2m:?[0m ?[2mpact_protobuf_plugin::dynamic_message?[0m?[2m:?[0m Writing ?[3mfield?[0m?[2m=?[0m"2:(LengthDelimited, Message) = Rectangle"
15:13:28.247 [Thread-5] DEBUG i.pact.plugins.jvm.core.ChildProcess - Plugin protobuf [46348] || ?[2m2023-03-27T09:43:28.244797Z?[0m ?[35mTRACE?[0m tokio-runtime-worker ?[2mhyper::proto::h2?[0m?[2m:?[0m send body chunk: 17 bytes, eos=false
15:13:28.248 [Thread-5] DEBUG i.pact.plugins.jvm.core.ChildProcess - Plugin protobuf [46348] || ?[2m2023-03-27T09:43:28.244840Z?[0m ?[35mTRACE?[0m tokio-runtime-worker ?[1msend_data?[0m?[1m{?[0m?[3msz?[0m?[2m=?[0m17 ?[3mrequested?[0m?[2m=?[0m1?[1m}?[0m?[2m:?[0m ?[2mh2::proto::streams::prioritize?[0m?[2m:?[0m ?[3mbuffered?[0m?[2m=?[0m17
15:13:28.248 [Thread-5] DEBUG i.pact.plugins.jvm.core.ChildProcess - Plugin protobuf [46348] || ?[2m2023-03-27T09:43:28.244867Z?[0m ?[35mTRACE?[0m tokio-runtime-worker ?[1msend_data?[0m?[1m{?[0m?[3msz?[0m?[2m=?[0m17 ?[3mrequested?[0m?[2m=?[0m1?[1m}?[0m?[2m:?[0m?[1mtry_assign_capacity?[0m?[1m{?[0m?[3mstream.id?[0m?[2m=?[0mStreamId(1)?[1m}?[0m?[2m:?[0m ?[2mh2::proto::streams::prioritize?[0m?[2m:?[0m ?[3mrequested?[0m?[2m=?[0m17 ?[3madditional?[0m?[2m=?[0m16 ?[3mbuffered?[0m?[2m=?[0m17 ?[3mwindow?[0m?[2m=?[0m65535 ?[3mconn?[0m?[2m=?[0m65534
15:13:28.248 [Thread-5] DEBUG i.pact.plugins.jvm.core.ChildProcess - Plugin protobuf [46348] || ?[2m2023-03-27T09:43:28.244887Z?[0m ?[35mTRACE?[0m tokio-runtime-worker ?[1msend_data?[0m?[1m{?[0m?[3msz?[0m?[2m=?[0m17 ?[3mrequested?[0m?[2m=?[0m1?[1m}?[0m?[2m:?[0m?[1mtry_assign_capacity?[0m?[1m{?[0m?[3mstream.id?[0m?[2m=?[0mStreamId(1)?[1m}?[0m?[2m:?[0m ?[2mh2::proto::streams::prioritize?[0m?[2m:?[0m assigning ?[3mcapacity?[0m?[2m=?[0m16
15:13:28.248 [Thread-5] DEBUG i.pact.plugins.jvm.core.ChildProcess - Plugin protobuf [46348] || ?[2m2023-03-27T09:43:28.244903Z?[0m ?[35mTRACE?[0m tokio-runtime-worker ?[1msend_data?[0m?[1m{?[0m?[3msz?[0m?[2m=?[0m17 ?[3mrequested?[0m?[2m=?[0m1?[1m}?[0m?[2m:?[0m?[1mtry_assign_capacity?[0m?[1m{?[0m?[3mstream.id?[0m?[2m=?[0mStreamId(1)?[1m}?[0m?[2m:?[0m ?[2mh2::proto::streams::stream?[0m?[2m:?[0m   assigned capacity to stream; available=17; buffered=17; id=StreamId(1); max_buffer_size=1048576
15:13:28.248 [Thread-5] DEBUG i.pact.plugins.jvm.core.ChildProcess - Plugin protobuf [46348] || ?[2m2023-03-27T09:43:28.244939Z?[0m ?[35mTRACE?[0m tokio-runtime-worker ?[1msend_data?[0m?[1m{?[0m?[3msz?[0m?[2m=?[0m17 ?[3mrequested?[0m?[2m=?[0m1?[1m}?[0m?[2m:?[0m?[1mtry_assign_capacity?[0m?[1m{?[0m?[3mstream.id?[0m?[2m=?[0mStreamId(1)?[1m}?[0m?[2m:?[0m ?[2mh2::proto::streams::prioritize?[0m?[2m:?[0m ?[3mavailable?[0m?[2m=?[0m17 ?[3mrequested?[0m?[2m=?[0m17 ?[3mbuffered?[0m?[2m=?[0m17 ?[3mhas_unavailable?[0m?[2m=?[0mtrue
15:13:28.248 [Thread-5] DEBUG i.pact.plugins.jvm.core.ChildProcess - Plugin protobuf [46348] || ?[2m2023-03-27T09:43:28.244964Z?[0m ?[35mTRACE?[0m tokio-runtime-worker ?[1msend_data?[0m?[1m{?[0m?[3msz?[0m?[2m=?[0m17 ?[3mrequested?[0m?[2m=?[0m1?[1m}?[0m?[2m:?[0m?[1mtry_assign_capacity?[0m?[1m{?[0m?[3mstream.id?[0m?[2m=?[0mStreamId(1)?[1m}?[0m?[2m:?[0m ?[2mh2::proto::streams::store?[0m?[2m:?[0m Queue::push
15:13:28.248 [Thread-5] DEBUG i.pact.plugins.jvm.core.ChildProcess - Plugin protobuf [46348] || ?[2m2023-03-27T09:43:28.244979Z?[0m ?[35mTRACE?[0m tokio-runtime-worker ?[1msend_data?[0m?[1m{?[0m?[3msz?[0m?[2m=?[0m17 ?[3mrequested?[0m?[2m=?[0m1?[1m}?[0m?[2m:?[0m?[1mtry_assign_capacity?[0m?[1m{?[0m?[3mstream.id?[0m?[2m=?[0mStreamId(1)?[1m}?[0m?[2m:?[0m ?[2mh2::proto::streams::store?[0m?[2m:?[0m  -> already queued
15:13:28.248 [Thread-5] DEBUG i.pact.plugins.jvm.core.ChildProcess - Plugin protobuf [46348] || ?[2m2023-03-27T09:43:28.245004Z?[0m ?[35mTRACE?[0m tokio-runtime-worker ?[1msend_data?[0m?[1m{?[0m?[3msz?[0m?[2m=?[0m17 ?[3mrequested?[0m?[2m=?[0m1?[1m}?[0m?[2m:?[0m ?[2mh2::proto::streams::prioritize?[0m?[2m:?[0m ?[3mavailable?[0m?[2m=?[0m17 ?[3mbuffered?[0m?[2m=?[0m17
15:13:28.249 [Thread-5] DEBUG i.pact.plugins.jvm.core.ChildProcess - Plugin protobuf [46348] || ?[2m2023-03-27T09:43:28.245031Z?[0m ?[35mTRACE?[0m tokio-runtime-worker ?[1msend_data?[0m?[1m{?[0m?[3msz?[0m?[2m=?[0m17 ?[3mrequested?[0m?[2m=?[0m1?[1m}?[0m?[2m:?[0m?[1mPrioritize::queue_frame?[0m?[1m{?[0m?[3mstream.id?[0m?[2m=?[0mStreamId(1)?[1m}?[0m?[2m:?[0m ?[2mh2::proto::streams::prioritize?[0m?[2m:?[0m schedule_send ?[3mstream.id?[0m?[2m=?[0mStreamId(1)
15:13:28.249 [Thread-5] DEBUG i.pact.plugins.jvm.core.ChildProcess - Plugin protobuf [46348] || ?[2m2023-03-27T09:43:28.245047Z?[0m ?[35mTRACE?[0m tokio-runtime-worker ?[1msend_data?[0m?[1m{?[0m?[3msz?[0m?[2m=?[0m17 ?[3mrequested?[0m?[2m=?[0m1?[1m}?[0m?[2m:?[0m?[1mPrioritize::queue_frame?[0m?[1m{?[0m?[3mstream.id?[0m?[2m=?[0mStreamId(1)?[1m}?[0m?[2m:?[0m ?[2mh2::proto::streams::store?[0m?[2m:?[0m Queue::push
15:13:28.249 [Thread-5] DEBUG i.pact.plugins.jvm.core.ChildProcess - Plugin protobuf [46348] || ?[2m2023-03-27T09:43:28.245061Z?[0m ?[35mTRACE?[0m tokio-runtime-worker ?[1msend_data?[0m?[1m{?[0m?[3msz?[0m?[2m=?[0m17 ?[3mrequested?[0m?[2m=?[0m1?[1m}?[0m?[2m:?[0m?[1mPrioritize::queue_frame?[0m?[1m{?[0m?[3mstream.id?[0m?[2m=?[0mStreamId(1)?[1m}?[0m?[2m:?[0m ?[2mh2::proto::streams::store?[0m?[2m:?[0m  -> already queued
15:13:28.249 [Thread-5] DEBUG i.pact.plugins.jvm.core.ChildProcess - Plugin protobuf [46348] || ?[2m2023-03-27T09:43:28.245091Z?[0m ?[35mTRACE?[0m tokio-runtime-worker ?[2mh2::proto::streams::counts?[0m?[2m:?[0m transition_after; stream=StreamId(1); state=State { inner: Open { local: Streaming, remote: AwaitingHeaders } }; is_closed=false; pending_send_empty=false; buffered_send_data=17; num_recv=0; num_send=1
15:13:28.249 [Thread-5] DEBUG i.pact.plugins.jvm.core.ChildProcess - Plugin protobuf [46348] || ?[2m2023-03-27T09:43:28.245131Z?[0m ?[35mTRACE?[0m tokio-runtime-worker ?[1mreserve_capacity?[0m?[1m{?[0m?[3mstream.id?[0m?[2m=?[0mStreamId(1) ?[3mrequested?[0m?[2m=?[0m1 ?[3meffective?[0m?[2m=?[0m18 ?[3mcurr?[0m?[2m=?[0m17?[1m}?[0m?[2m:?[0m?[1mtry_assign_capacity?[0m?[1m{?[0m?[3mstream.id?[0m?[2m=?[0mStreamId(1)?[1m}?[0m?[2m:?[0m ?[2mh2::proto::streams::prioritize?[0m?[2m:?[0m ?[3mrequested?[0m?[2m=?[0m18 ?[3madditional?[0m?[2m=?[0m1 ?[3mbuffered?[0m?[2m=?[0m17 ?[3mwindow?[0m?[2m=?[0m65535 ?[3mconn?[0m?[2m=?[0m65518
15:13:28.249 [Thread-5] DEBUG i.pact.plugins.jvm.core.ChildProcess - Plugin protobuf [46348] || ?[2m2023-03-27T09:43:28.245151Z?[0m ?[35mTRACE?[0m tokio-runtime-worker ?[1mreserve_capacity?[0m?[1m{?[0m?[3mstream.id?[0m?[2m=?[0mStreamId(1) ?[3mrequested?[0m?[2m=?[0m1 ?[3meffective?[0m?[2m=?[0m18 ?[3mcurr?[0m?[2m=?[0m17?[1m}?[0m?[2m:?[0m?[1mtry_assign_capacity?[0m?[1m{?[0m?[3mstream.id?[0m?[2m=?[0mStreamId(1)?[1m}?[0m?[2m:?[0m ?[2mh2::proto::streams::prioritize?[0m?[2m:?[0m assigning ?[3mcapacity?[0m?[2m=?[0m1
15:13:28.249 [Thread-5] DEBUG i.pact.plugins.jvm.core.ChildProcess - Plugin protobuf [46348] || ?[2m2023-03-27T09:43:28.245167Z?[0m ?[35mTRACE?[0m tokio-runtime-worker ?[1mreserve_capacity?[0m?[1m{?[0m?[3mstream.id?[0m?[2m=?[0mStreamId(1) ?[3mrequested?[0m?[2m=?[0m1 ?[3meffective?[0m?[2m=?[0m18 ?[3mcurr?[0m?[2m=?[0m17?[1m}?[0m?[2m:?[0m?[1mtry_assign_capacity?[0m?[1m{?[0m?[3mstream.id?[0m?[2m=?[0mStreamId(1)?[1m}?[0m?[2m:?[0m ?[2mh2::proto::streams::stream?[0m?[2m:?[0m   assigned capacity to stream; available=18; buffered=17; id=StreamId(1); max_buffer_size=1048576
15:13:28.249 [Thread-5] DEBUG i.pact.plugins.jvm.core.ChildProcess - Plugin protobuf [46348] || ?[2m2023-03-27T09:43:28.245184Z?[0m ?[35mTRACE?[0m tokio-runtime-worker ?[1mreserve_capacity?[0m?[1m{?[0m?[3mstream.id?[0m?[2m=?[0mStreamId(1) ?[3mrequested?[0m?[2m=?[0m1 ?[3meffective?[0m?[2m=?[0m18 ?[3mcurr?[0m?[2m=?[0m17?[1m}?[0m?[2m:?[0m?[1mtry_assign_capacity?[0m?[1m{?[0m?[3mstream.id?[0m?[2m=?[0mStreamId(1)?[1m}?[0m?[2m:?[0m ?[2mh2::proto::streams::stream?[0m?[2m:?[0m   notifying task
15:13:28.249 [Thread-5] DEBUG i.pact.plugins.jvm.core.ChildProcess - Plugin protobuf [46348] || ?[2m2023-03-27T09:43:28.245199Z?[0m ?[35mTRACE?[0m tokio-runtime-worker ?[1mreserve_capacity?[0m?[1m{?[0m?[3mstream.id?[0m?[2m=?[0mStreamId(1) ?[3mrequested?[0m?[2m=?[0m1 ?[3meffective?[0m?[2m=?[0m18 ?[3mcurr?[0m?[2m=?[0m17?[1m}?[0m?[2m:?[0m?[1mtry_assign_capacity?[0m?[1m{?[0m?[3mstream.id?[0m?[2m=?[0mStreamId(1)?[1m}?[0m?[2m:?[0m ?[2mh2::proto::streams::prioritize?[0m?[2m:?[0m ?[3mavailable?[0m?[2m=?[0m18 ?[3mrequested?[0m?[2m=?[0m18 ?[3mbuffered?[0m?[2m=?[0m17 ?[3mhas_unavailable?[0m?[2m=?[0mtrue
15:13:28.249 [Thread-5] DEBUG i.pact.plugins.jvm.core.ChildProcess - Plugin protobuf [46348] || ?[2m2023-03-27T09:43:28.245217Z?[0m ?[35mTRACE?[0m tokio-runtime-worker ?[1mreserve_capacity?[0m?[1m{?[0m?[3mstream.id?[0m?[2m=?[0mStreamId(1) ?[3mrequested?[0m?[2m=?[0m1 ?[3meffective?[0m?[2m=?[0m18 ?[3mcurr?[0m?[2m=?[0m17?[1m}?[0m?[2m:?[0m?[1mtry_assign_capacity?[0m?[1m{?[0m?[3mstream.id?[0m?[2m=?[0mStreamId(1)?[1m}?[0m?[2m:?[0m ?[2mh2::proto::streams::store?[0m?[2m:?[0m Queue::push
15:13:28.249 [Thread-5] DEBUG i.pact.plugins.jvm.core.ChildProcess - Plugin protobuf [46348] || ?[2m2023-03-27T09:43:28.245231Z?[0m ?[35mTRACE?[0m tokio-runtime-worker ?[1mreserve_capacity?[0m?[1m{?[0m?[3mstream.id?[0m?[2m=?[0mStreamId(1) ?[3mrequested?[0m?[2m=?[0m1 ?[3meffective?[0m?[2m=?[0m18 ?[3mcurr?[0m?[2m=?[0m17?[1m}?[0m?[2m:?[0m?[1mtry_assign_capacity?[0m?[1m{?[0m?[3mstream.id?[0m?[2m=?[0mStreamId(1)?[1m}?[0m?[2m:?[0m ?[2mh2::proto::streams::store?[0m?[2m:?[0m  -> already queued
15:13:28.249 [Thread-5] DEBUG i.pact.plugins.jvm.core.ChildProcess - Plugin protobuf [46348] || ?[2m2023-03-27T09:43:28.245333Z?[0m ?[35mTRACE?[0m tokio-runtime-worker ?[2mhyper::proto::h2?[0m?[2m:?[0m send body eos
15:13:28.249 [Thread-5] DEBUG i.pact.plugins.jvm.core.ChildProcess - Plugin protobuf [46348] || ?[2m2023-03-27T09:43:28.245357Z?[0m ?[35mTRACE?[0m tokio-runtime-worker ?[1msend_data?[0m?[1m{?[0m?[3msz?[0m?[2m=?[0m0 ?[3mrequested?[0m?[2m=?[0m17?[1m}?[0m?[2m:?[0m ?[2mh2::proto::streams::prioritize?[0m?[2m:?[0m ?[3mbuffered?[0m?[2m=?[0m17
15:13:28.249 [Thread-5] DEBUG i.pact.plugins.jvm.core.ChildProcess - Plugin protobuf [46348] || ?[2m2023-03-27T09:43:28.245372Z?[0m ?[35mTRACE?[0m tokio-runtime-worker ?[1msend_data?[0m?[1m{?[0m?[3msz?[0m?[2m=?[0m0 ?[3mrequested?[0m?[2m=?[0m17?[1m}?[0m?[2m:?[0m ?[2mh2::proto::streams::state?[0m?[2m:?[0m send_close: Open => HalfClosedLocal(AwaitingHeaders)
15:13:28.249 [Thread-5] DEBUG i.pact.plugins.jvm.core.ChildProcess - Plugin protobuf [46348] || ?[2m2023-03-27T09:43:28.245407Z?[0m ?[35mTRACE?[0m tokio-runtime-worker ?[1msend_data?[0m?[1m{?[0m?[3msz?[0m?[2m=?[0m0 ?[3mrequested?[0m?[2m=?[0m17?[1m}?[0m?[2m:?[0m ?[2mh2::proto::streams::prioritize?[0m?[2m:?[0m ?[3mavailable?[0m?[2m=?[0m17 ?[3mbuffered?[0m?[2m=?[0m17
15:13:28.249 [Thread-5] DEBUG i.pact.plugins.jvm.core.ChildProcess - Plugin protobuf [46348] || ?[2m2023-03-27T09:43:28.245434Z?[0m ?[35mTRACE?[0m tokio-runtime-worker ?[1msend_data?[0m?[1m{?[0m?[3msz?[0m?[2m=?[0m0 ?[3mrequested?[0m?[2m=?[0m17?[1m}?[0m?[2m:?[0m?[1mPrioritize::queue_frame?[0m?[1m{?[0m?[3mstream.id?[0m?[2m=?[0mStreamId(1)?[1m}?[0m?[2m:?[0m ?[2mh2::proto::streams::prioritize?[0m?[2m:?[0m schedule_send ?[3mstream.id?[0m?[2m=?[0mStreamId(1)
15:13:28.249 [Thread-5] DEBUG i.pact.plugins.jvm.core.ChildProcess - Plugin protobuf [46348] || ?[2m2023-03-27T09:43:28.245449Z?[0m ?[35mTRACE?[0m tokio-runtime-worker ?[1msend_data?[0m?[1m{?[0m?[3msz?[0m?[2m=?[0m0 ?[3mrequested?[0m?[2m=?[0m17?[1m}?[0m?[2m:?[0m?[1mPrioritize::queue_frame?[0m?[1m{?[0m?[3mstream.id?[0m?[2m=?[0mStreamId(1)?[1m}?[0m?[2m:?[0m ?[2mh2::proto::streams::store?[0m?[2m:?[0m Queue::push
15:13:28.249 [Thread-5] DEBUG i.pact.plugins.jvm.core.ChildProcess - Plugin protobuf [46348] || ?[2m2023-03-27T09:43:28.245463Z?[0m ?[35mTRACE?[0m tokio-runtime-worker ?[1msend_data?[0m?[1m{?[0m?[3msz?[0m?[2m=?[0m0 ?[3mrequested?[0m?[2m=?[0m17?[1m}?[0m?[2m:?[0m?[1mPrioritize::queue_frame?[0m?[1m{?[0m?[3mstream.id?[0m?[2m=?[0mStreamId(1)?[1m}?[0m?[2m:?[0m ?[2mh2::proto::streams::store?[0m?[2m:?[0m  -> already queued
15:13:28.249 [Thread-5] DEBUG i.pact.plugins.jvm.core.ChildProcess - Plugin protobuf [46348] || ?[2m2023-03-27T09:43:28.245501Z?[0m ?[35mTRACE?[0m tokio-runtime-worker ?[2mh2::proto::streams::counts?[0m?[2m:?[0m transition_after; stream=StreamId(1); state=State { inner: HalfClosedLocal(AwaitingHeaders) }; is_closed=false; pending_send_empty=false; buffered_send_data=17; num_recv=0; num_send=1
15:13:28.249 [Thread-5] DEBUG i.pact.plugins.jvm.core.ChildProcess - Plugin protobuf [46348] || ?[2m2023-03-27T09:43:28.245517Z?[0m ?[35mTRACE?[0m tokio-runtime-worker ?[2mh2::proto::streams::streams?[0m?[2m:?[0m drop_stream_ref; stream=Stream { id: StreamId(1), state: State { inner: HalfClosedLocal(AwaitingHeaders) }, is_counted: true, ref_count: 2, next_pending_send: None, is_pending_send: true, send_flow: FlowControl { window_size: Window(65535), available: Window(17) }, requested_send_capacity: 17, buffered_send_data: 17, send_task: Some(Waker { data: 0x7fd88880aa00, vtable: 0x102fc7fd8 }), pending_send: Deque { indices: Some(Indices { head: 0, tail: 2 }) }, next_pending_send_capacity: None, is_pending_send_capacity: false, send_capacity_inc: true, next_open: None, is_pending_open: false, is_pending_push: false, next_pending_accept: None, is_pending_accept: false, recv_flow: FlowControl { window_size: Window(2097152), available: Window(2097152) }, in_flight_recv_data: 0, next_window_update: None, is_pending_window_update: false, reset_at: None, next_reset_expire: None, pending_recv: Deque { indices: None }, recv_task: None, pending_push_promises: Queue { indices: None, _p: PhantomData }, content_length: Omitted }
15:13:28.249 [Thread-5] DEBUG i.pact.plugins.jvm.core.ChildProcess - Plugin protobuf [46348] || ?[2m2023-03-27T09:43:28.245554Z?[0m ?[35mTRACE?[0m tokio-runtime-worker ?[2mh2::proto::streams::counts?[0m?[2m:?[0m transition_after; stream=StreamId(1); state=State { inner: HalfClosedLocal(AwaitingHeaders) }; is_closed=false; pending_send_empty=false; buffered_send_data=17; num_recv=0; num_send=1
15:13:28.250 [Thread-5] DEBUG i.pact.plugins.jvm.core.ChildProcess - Plugin protobuf [46348] || ?[2m2023-03-27T09:43:28.245648Z?[0m ?[35mTRACE?[0m tokio-runtime-worker ?[1mrequest?[0m?[1m{?[0m?[3mmethod?[0m?[2m=?[0mPOST ?[3muri?[0m?[2m=?[0mhttp://[::1]:54371/io.pact.plugin.PactPlugin/VerifyInteraction ?[3mversion?[0m?[2m=?[0mHTTP/2.0 ?[3mheaders?[0m?[2m=?[0m{"content-type": "application/grpc", "te": "trailers", "user-agent": "grpc-java-netty/1.49.0", "grpc-accept-encoding": "gzip", "authorization": Sensitive}?[1m}?[0m?[2m:?[0m?[1mConnection?[0m?[1m{?[0m?[3mpeer?[0m?[2m=?[0mClient?[1m}?[0m?[2m:?[0m?[1mpoll?[0m?[2m:?[0m ?[2mh2::proto::connection?[0m?[2m:?[0m ?[3mconnection.state?[0m?[2m=?[0mOpen
15:13:28.250 [Thread-5] DEBUG i.pact.plugins.jvm.core.ChildProcess - Plugin protobuf [46348] || ?[2m2023-03-27T09:43:28.245703Z?[0m ?[35mTRACE?[0m tokio-runtime-worker ?[1mrequest?[0m?[1m{?[0m?[3mmethod?[0m?[2m=?[0mPOST ?[3muri?[0m?[2m=?[0mhttp://[::1]:54371/io.pact.plugin.PactPlugin/VerifyInteraction ?[3mversion?[0m?[2m=?[0mHTTP/2.0 ?[3mheaders?[0m?[2m=?[0m{"content-type": "application/grpc", "te": "trailers", "user-agent": "grpc-java-netty/1.49.0", "grpc-accept-encoding": "gzip", "authorization": Sensitive}?[1m}?[0m?[2m:?[0m?[1mConnection?[0m?[1m{?[0m?[3mpeer?[0m?[2m=?[0mClient?[1m}?[0m?[2m:?[0m?[1mpoll?[0m?[2m:?[0m?[1mFramedRead::poll_next?[0m?[2m:?[0m ?[2mh2::codec::framed_read?[0m?[2m:?[0m poll
15:13:28.250 [Thread-5] DEBUG i.pact.plugins.jvm.core.ChildProcess - Plugin protobuf [46348] || ?[2m2023-03-27T09:43:28.245748Z?[0m ?[35mTRACE?[0m tokio-runtime-worker ?[1mrequest?[0m?[1m{?[0m?[3mmethod?[0m?[2m=?[0mPOST ?[3muri?[0m?[2m=?[0mhttp://[::1]:54371/io.pact.plugin.PactPlugin/VerifyInteraction ?[3mversion?[0m?[2m=?[0mHTTP/2.0 ?[3mheaders?[0m?[2m=?[0m{"content-type": "application/grpc", "te": "trailers", "user-agent": "grpc-java-netty/1.49.0", "grpc-accept-encoding": "gzip", "authorization": Sensitive}?[1m}?[0m?[2m:?[0m?[1mConnection?[0m?[1m{?[0m?[3mpeer?[0m?[2m=?[0mClient?[1m}?[0m?[2m:?[0m?[1mpoll?[0m?[2m:?[0m ?[2mh2::proto::streams::prioritize?[0m?[2m:?[0m poll_complete
15:13:28.250 [Thread-5] DEBUG i.pact.plugins.jvm.core.ChildProcess - Plugin protobuf [46348] || ?[2m2023-03-27T09:43:28.245768Z?[0m ?[35mTRACE?[0m tokio-runtime-worker ?[1mrequest?[0m?[1m{?[0m?[3mmethod?[0m?[2m=?[0mPOST ?[3muri?[0m?[2m=?[0mhttp://[::1]:54371/io.pact.plugin.PactPlugin/VerifyInteraction ?[3mversion?[0m?[2m=?[0mHTTP/2.0 ?[3mheaders?[0m?[2m=?[0m{"content-type": "application/grpc", "te": "trailers", "user-agent": "grpc-java-netty/1.49.0", "grpc-accept-encoding": "gzip", "authorization": Sensitive}?[1m}?[0m?[2m:?[0m?[1mConnection?[0m?[1m{?[0m?[3mpeer?[0m?[2m=?[0mClient?[1m}?[0m?[2m:?[0m?[1mpoll?[0m?[2m:?[0m ?[2mh2::proto::streams::prioritize?[0m?[2m:?[0m schedule_pending_open
15:13:28.250 [Thread-5] DEBUG i.pact.plugins.jvm.core.ChildProcess - Plugin protobuf [46348] || ?[2m2023-03-27T09:43:28.245810Z?[0m ?[35mTRACE?[0m tokio-runtime-worker ?[1mrequest?[0m?[1m{?[0m?[3mmethod?[0m?[2m=?[0mPOST ?[3muri?[0m?[2m=?[0mhttp://[::1]:54371/io.pact.plugin.PactPlugin/VerifyInteraction ?[3mversion?[0m?[2m=?[0mHTTP/2.0 ?[3mheaders?[0m?[2m=?[0m{"content-type": "application/grpc", "te": "trailers", "user-agent": "grpc-java-netty/1.49.0", "grpc-accept-encoding": "gzip", "authorization": Sensitive}?[1m}?[0m?[2m:?[0m?[1mConnection?[0m?[1m{?[0m?[3mpeer?[0m?[2m=?[0mClient?[1m}?[0m?[2m:?[0m?[1mpoll?[0m?[2m:?[0m?[1mpop_frame?[0m?[2m:?[0m?[1mpopped?[0m?[1m{?[0m?[3mstream.id?[0m?[2m=?[0mStreamId(1) ?[3mstream.state?[0m?[2m=?[0mState { inner: HalfClosedLocal(AwaitingHeaders) }?[1m}?[0m?[2m:?[0m ?[2mh2::proto::streams::prioritize?[0m?[2m:?[0m ?[3mis_pending_reset?[0m?[2m=?[0mfalse
15:13:28.250 [Thread-5] DEBUG i.pact.plugins.jvm.core.ChildProcess - Plugin protobuf [46348] || ?[2m2023-03-27T09:43:28.245834Z?[0m ?[35mTRACE?[0m tokio-runtime-worker ?[1mrequest?[0m?[1m{?[0m?[3mmethod?[0m?[2m=?[0mPOST ?[3muri?[0m?[2m=?[0mhttp://[::1]:54371/io.pact.plugin.PactPlugin/VerifyInteraction ?[3mversion?[0m?[2m=?[0mHTTP/2.0 ?[3mheaders?[0m?[2m=?[0m{"content-type": "application/grpc", "te": "trailers", "user-agent": "grpc-java-netty/1.49.0", "grpc-accept-encoding": "gzip", "authorization": Sensitive}?[1m}?[0m?[2m:?[0m?[1mConnection?[0m?[1m{?[0m?[3mpeer?[0m?[2m=?[0mClient?[1m}?[0m?[2m:?[0m?[1mpoll?[0m?[2m:?[0m?[1mpop_frame?[0m?[2m:?[0m?[1mpopped?[0m?[1m{?[0m?[3mstream.id?[0m?[2m=?[0mStreamId(1) ?[3mstream.state?[0m?[2m=?[0mState { inner: HalfClosedLocal(AwaitingHeaders) }?[1m}?[0m?[2m:?[0m ?[2mh2::proto::streams::prioritize?[0m?[2m:?[0m pop_frame; frame=Headers { stream_id: StreamId(1), flags: (0x4: END_HEADERS) }
15:13:28.250 [Thread-5] DEBUG i.pact.plugins.jvm.core.ChildProcess - Plugin protobuf [46348] || ?[2m2023-03-27T09:43:28.245859Z?[0m ?[35mTRACE?[0m tokio-runtime-worker ?[1mrequest?[0m?[1m{?[0m?[3mmethod?[0m?[2m=?[0mPOST ?[3muri?[0m?[2m=?[0mhttp://[::1]:54371/io.pact.plugin.PactPlugin/VerifyInteraction ?[3mversion?[0m?[2m=?[0mHTTP/2.0 ?[3mheaders?[0m?[2m=?[0m{"content-type": "application/grpc", "te": "trailers", "user-agent": "grpc-java-netty/1.49.0", "grpc-accept-encoding": "gzip", "authorization": Sensitive}?[1m}?[0m?[2m:?[0m?[1mConnection?[0m?[1m{?[0m?[3mpeer?[0m?[2m=?[0mClient?[1m}?[0m?[2m:?[0m?[1mpoll?[0m?[2m:?[0m?[1mpop_frame?[0m?[2m:?[0m?[1mpopped?[0m?[1m{?[0m?[3mstream.id?[0m?[2m=?[0mStreamId(1) ?[3mstream.state?[0m?[2m=?[0mState { inner: HalfClosedLocal(AwaitingHeaders) }?[1m}?[0m?[2m:?[0m ?[2mh2::proto::streams::store?[0m?[2m:?[0m Queue::push
15:13:28.250 [Thread-5] DEBUG i.pact.plugins.jvm.core.ChildProcess - Plugin protobuf [46348] || ?[2m2023-03-27T09:43:28.245880Z?[0m ?[35mTRACE?[0m tokio-runtime-worker ?[1mrequest?[0m?[1m{?[0m?[3mmethod?[0m?[2m=?[0mPOST ?[3muri?[0m?[2m=?[0mhttp://[::1]:54371/io.pact.plugin.PactPlugin/VerifyInteraction ?[3mversion?[0m?[2m=?[0mHTTP/2.0 ?[3mheaders?[0m?[2m=?[0m{"content-type": "application/grpc", "te": "trailers", "user-agent": "grpc-java-netty/1.49.0", "grpc-accept-encoding": "gzip", "authorization": Sensitive}?[1m}?[0m?[2m:?[0m?[1mConnection?[0m?[1m{?[0m?[3mpeer?[0m?[2m=?[0mClient?[1m}?[0m?[2m:?[0m?[1mpoll?[0m?[2m:?[0m?[1mpop_frame?[0m?[2m:?[0m?[1mpopped?[0m?[1m{?[0m?[3mstream.id?[0m?[2m=?[0mStreamId(1) ?[3mstream.state?[0m?[2m=?[0mState { inner: HalfClosedLocal(AwaitingHeaders) }?[1m}?[0m?[2m:?[0m ?[2mh2::proto::streams::store?[0m?[2m:?[0m  -> first entry
15:13:28.250 [Thread-5] DEBUG i.pact.plugins.jvm.core.ChildProcess - Plugin protobuf [46348] || ?[2m2023-03-27T09:43:28.245932Z?[0m ?[35mTRACE?[0m tokio-runtime-worker ?[1mrequest?[0m?[1m{?[0m?[3mmethod?[0m?[2m=?[0mPOST ?[3muri?[0m?[2m=?[0mhttp://[::1]:54371/io.pact.plugin.PactPlugin/VerifyInteraction ?[3mversion?[0m?[2m=?[0mHTTP/2.0 ?[3mheaders?[0m?[2m=?[0m{"content-type": "application/grpc", "te": "trailers", "user-agent": "grpc-java-netty/1.49.0", "grpc-accept-encoding": "gzip", "authorization": Sensitive}?[1m}?[0m?[2m:?[0m?[1mConnection?[0m?[1m{?[0m?[3mpeer?[0m?[2m=?[0mClient?[1m}?[0m?[2m:?[0m?[1mpoll?[0m?[2m:?[0m?[1mpop_frame?[0m?[2m:?[0m?[1mpopped?[0m?[1m{?[0m?[3mstream.id?[0m?[2m=?[0mStreamId(1) ?[3mstream.state?[0m?[2m=?[0mState { inner: HalfClosedLocal(AwaitingHeaders) }?[1m}?[0m?[2m:?[0m ?[2mh2::proto::streams::counts?[0m?[2m:?[0m transition_after; stream=StreamId(1); state=State { inner: HalfClosedLocal(AwaitingHeaders) }; is_closed=false; pending_send_empty=false; buffered_send_data=17; num_recv=0; num_send=1
15:13:28.250 [Thread-5] DEBUG i.pact.plugins.jvm.core.ChildProcess - Plugin protobuf [46348] || ?[2m2023-03-27T09:43:28.245978Z?[0m ?[35mTRACE?[0m tokio-runtime-worker ?[1mrequest?[0m?[1m{?[0m?[3mmethod?[0m?[2m=?[0mPOST ?[3muri?[0m?[2m=?[0mhttp://[::1]:54371/io.pact.plugin.PactPlugin/VerifyInteraction ?[3mversion?[0m?[2m=?[0mHTTP/2.0 ?[3mheaders?[0m?[2m=?[0m{"content-type": "application/grpc", "te": "trailers", "user-agent": "grpc-java-netty/1.49.0", "grpc-accept-encoding": "gzip", "authorization": Sensitive}?[1m}?[0m?[2m:?[0m?[1mConnection?[0m?[1m{?[0m?[3mpeer?[0m?[2m=?[0mClient?[1m}?[0m?[2m:?[0m?[1mpoll?[0m?[2m:?[0m ?[2mh2::proto::streams::prioritize?[0m?[2m:?[0m writing ?[3mframe?[0m?[2m=?[0mHeaders { stream_id: StreamId(1), flags: (0x4: END_HEADERS) }
15:13:28.250 [Thread-5] DEBUG i.pact.plugins.jvm.core.ChildProcess - Plugin protobuf [46348] || ?[2m2023-03-27T09:43:28.246013Z?[0m ?[34mDEBUG?[0m tokio-runtime-worker ?[1mrequest?[0m?[1m{?[0m?[3mmethod?[0m?[2m=?[0mPOST ?[3muri?[0m?[2m=?[0mhttp://[::1]:54371/io.pact.plugin.PactPlugin/VerifyInteraction ?[3mversion?[0m?[2m=?[0mHTTP/2.0 ?[3mheaders?[0m?[2m=?[0m{"content-type": "application/grpc", "te": "trailers", "user-agent": "grpc-java-netty/1.49.0", "grpc-accept-encoding": "gzip", "authorization": Sensitive}?[1m}?[0m?[2m:?[0m?[1mConnection?[0m?[1m{?[0m?[3mpeer?[0m?[2m=?[0mClient?[1m}?[0m?[2m:?[0m?[1mpoll?[0m?[2m:?[0m?[1mFramedWrite::buffer?[0m?[1m{?[0m?[3mframe?[0m?[2m=?[0mHeaders { stream_id: StreamId(1), flags: (0x4: END_HEADERS) }?[1m}?[0m?[2m:?[0m ?[2mh2::codec::framed_write?[0m?[2m:?[0m send ?[3mframe?[0m?[2m=?[0mHeaders { stream_id: StreamId(1), flags: (0x4: END_HEADERS) }
15:13:28.251 [Thread-5] DEBUG i.pact.plugins.jvm.core.ChildProcess - Plugin protobuf [46348] || ?[2m2023-03-27T09:43:28.246097Z?[0m ?[35mTRACE?[0m tokio-runtime-worker ?[1mrequest?[0m?[1m{?[0m?[3mmethod?[0m?[2m=?[0mPOST ?[3muri?[0m?[2m=?[0mhttp://[::1]:54371/io.pact.plugin.PactPlugin/VerifyInteraction ?[3mversion?[0m?[2m=?[0mHTTP/2.0 ?[3mheaders?[0m?[2m=?[0m{"content-type": "application/grpc", "te": "trailers", "user-agent": "grpc-java-netty/1.49.0", "grpc-accept-encoding": "gzip", "authorization": Sensitive}?[1m}?[0m?[2m:?[0m?[1mConnection?[0m?[1m{?[0m?[3mpeer?[0m?[2m=?[0mClient?[1m}?[0m?[2m:?[0m?[1mpoll?[0m?[2m:?[0m ?[2mh2::proto::streams::prioritize?[0m?[2m:?[0m schedule_pending_open
15:13:28.251 [Thread-5] DEBUG i.pact.plugins.jvm.core.ChildProcess - Plugin protobuf [46348] || ?[2m2023-03-27T09:43:28.246135Z?[0m ?[35mTRACE?[0m tokio-runtime-worker ?[1mrequest?[0m?[1m{?[0m?[3mmethod?[0m?[2m=?[0mPOST ?[3muri?[0m?[2m=?[0mhttp://[::1]:54371/io.pact.plugin.PactPlugin/VerifyInteraction ?[3mversion?[0m?[2m=?[0mHTTP/2.0 ?[3mheaders?[0m?[2m=?[0m{"content-type": "application/grpc", "te": "trailers", "user-agent": "grpc-java-netty/1.49.0", "grpc-accept-encoding": "gzip", "authorization": Sensitive}?[1m}?[0m?[2m:?[0m?[1mConnection?[0m?[1m{?[0m?[3mpeer?[0m?[2m=?[0mClient?[1m}?[0m?[2m:?[0m?[1mpoll?[0m?[2m:?[0m?[1mpop_frame?[0m?[2m:?[0m?[1mpopped?[0m?[1m{?[0m?[3mstream.id?[0m?[2m=?[0mStreamId(1) ?[3mstream.state?[0m?[2m=?[0mState { inner: HalfClosedLocal(AwaitingHeaders) }?[1m}?[0m?[2m:?[0m ?[2mh2::proto::streams::prioritize?[0m?[2m:?[0m ?[3mis_pending_reset?[0m?[2m=?[0mfalse
15:13:28.251 [Thread-5] DEBUG i.pact.plugins.jvm.core.ChildProcess - Plugin protobuf [46348] || ?[2m2023-03-27T09:43:28.246158Z?[0m ?[35mTRACE?[0m tokio-runtime-worker ?[1mrequest?[0m?[1m{?[0m?[3mmethod?[0m?[2m=?[0mPOST ?[3muri?[0m?[2m=?[0mhttp://[::1]:54371/io.pact.plugin.PactPlugin/VerifyInteraction ?[3mversion?[0m?[2m=?[0mHTTP/2.0 ?[3mheaders?[0m?[2m=?[0m{"content-type": "application/grpc", "te": "trailers", "user-agent": "grpc-java-netty/1.49.0", "grpc-accept-encoding": "gzip", "authorization": Sensitive}?[1m}?[0m?[2m:?[0m?[1mConnection?[0m?[1m{?[0m?[3mpeer?[0m?[2m=?[0mClient?[1m}?[0m?[2m:?[0m?[1mpoll?[0m?[2m:?[0m?[1mpop_frame?[0m?[2m:?[0m?[1mpopped?[0m?[1m{?[0m?[3mstream.id?[0m?[2m=?[0mStreamId(1) ?[3mstream.state?[0m?[2m=?[0mState { inner: HalfClosedLocal(AwaitingHeaders) }?[1m}?[0m?[2m:?[0m ?[2mh2::proto::streams::prioritize?[0m?[2m:?[0m data frame ?[3msz?[0m?[2m=?[0m17 ?[3meos?[0m?[2m=?[0mfalse ?[3mwindow?[0m?[2m=?[0m17 ?[3mavailable?[0m?[2m=?[0m17 ?[3mrequested?[0m?[2m=?[0m17 ?[3mbuffered?[0m?[2m=?[0m17
15:13:28.251 [Thread-5] DEBUG i.pact.plugins.jvm.core.ChildProcess - Plugin protobuf [46348] || ?[2m2023-03-27T09:43:28.246183Z?[0m ?[35mTRACE?[0m tokio-runtime-worker ?[1mrequest?[0m?[1m{?[0m?[3mmethod?[0m?[2m=?[0mPOST ?[3muri?[0m?[2m=?[0mhttp://[::1]:54371/io.pact.plugin.PactPlugin/VerifyInteraction ?[3mversion?[0m?[2m=?[0mHTTP/2.0 ?[3mheaders?[0m?[2m=?[0m{"content-type": "application/grpc", "te": "trailers", "user-agent": "grpc-java-netty/1.49.0", "grpc-accept-encoding": "gzip", "authorization": Sensitive}?[1m}?[0m?[2m:?[0m?[1mConnection?[0m?[1m{?[0m?[3mpeer?[0m?[2m=?[0mClient?[1m}?[0m?[2m:?[0m?[1mpoll?[0m?[2m:?[0m?[1mpop_frame?[0m?[2m:?[0m?[1mpopped?[0m?[1m{?[0m?[3mstream.id?[0m?[2m=?[0mStreamId(1) ?[3mstream.state?[0m?[2m=?[0mState { inner: HalfClosedLocal(AwaitingHeaders) }?[1m}?[0m?[2m:?[0m ?[2mh2::proto::streams::prioritize?[0m?[2m:?[0m sending data frame ?[3mlen?[0m?[2m=?[0m17
15:13:28.251 [Thread-5] DEBUG i.pact.plugins.jvm.core.ChildProcess - Plugin protobuf [46348] || ?[2m2023-03-27T09:43:28.246219Z?[0m ?[35mTRACE?[0m tokio-runtime-worker ?[1mrequest?[0m?[1m{?[0m?[3mmethod?[0m?[2m=?[0mPOST ?[3muri?[0m?[2m=?[0mhttp://[::1]:54371/io.pact.plugin.PactPlugin/VerifyInteraction ?[3mversion?[0m?[2m=?[0mHTTP/2.0 ?[3mheaders?[0m?[2m=?[0m{"content-type": "application/grpc", "te": "trailers", "user-agent": "grpc-java-netty/1.49.0", "grpc-accept-encoding": "gzip", "authorization": Sensitive}?[1m}?[0m?[2m:?[0m?[1mConnection?[0m?[1m{?[0m?[3mpeer?[0m?[2m=?[0mClient?[1m}?[0m?[2m:?[0m?[1mpoll?[0m?[2m:?[0m?[1mpop_frame?[0m?[2m:?[0m?[1mpopped?[0m?[1m{?[0m?[3mstream.id?[0m?[2m=?[0mStreamId(1) ?[3mstream.state?[0m?[2m=?[0mState { inner: HalfClosedLocal(AwaitingHeaders) }?[1m}?[0m?[2m:?[0m?[1mupdating stream flow?[0m?[2m:?[0m ?[2mh2::proto::streams::flow_control?[0m?[2m:?[0m send_data; sz=17; window=65535; available=17
15:13:28.251 [Thread-5] DEBUG i.pact.plugins.jvm.core.ChildProcess - Plugin protobuf [46348] || ?[2m2023-03-27T09:43:28.246263Z?[0m ?[35mTRACE?[0m tokio-runtime-worker ?[1mrequest?[0m?[1m{?[0m?[3mmethod?[0m?[2m=?[0mPOST ?[3muri?[0m?[2m=?[0mhttp://[::1]:54371/io.pact.plugin.PactPlugin/VerifyInteraction ?[3mversion?[0m?[2m=?[0mHTTP/2.0 ?[3mheaders?[0m?[2m=?[0m{"content-type": "application/grpc", "te": "trailers", "user-agent": "grpc-java-netty/1.49.0", "grpc-accept-encoding": "gzip", "authorization": Sensitive}?[1m}?[0m?[2m:?[0m?[1mConnection?[0m?[1m{?[0m?[3mpeer?[0m?[2m=?[0mClient?[1m}?[0m?[2m:?[0m?[1mpoll?[0m?[2m:?[0m?[1mpop_frame?[0m?[2m:?[0m?[1mpopped?[0m?[1m{?[0m?[3mstream.id?[0m?[2m=?[0mStreamId(1) ?[3mstream.state?[0m?[2m=?[0mState { inner: HalfClosedLocal(AwaitingHeaders) }?[1m}?[0m?[2m:?[0m?[1mupdating connection flow?[0m?[2m:?[0m ?[2mh2::proto::streams::flow_control?[0m?[2m:?[0m send_data; sz=17; window=65535; available=65535
15:13:28.251 [Thread-5] DEBUG i.pact.plugins.jvm.core.ChildProcess - Plugin protobuf [46348] || ?[2m2023-03-27T09:43:28.246291Z?[0m ?[35mTRACE?[0m tokio-runtime-worker ?[1mrequest?[0m?[1m{?[0m?[3mmethod?[0m?[2m=?[0mPOST ?[3muri?[0m?[2m=?[0mhttp://[::1]:54371/io.pact.plugin.PactPlugin/VerifyInteraction ?[3mversion?[0m?[2m=?[0mHTTP/2.0 ?[3mheaders?[0m?[2m=?[0m{"content-type": "application/grpc", "te": "trailers", "user-agent": "grpc-java-netty/1.49.0", "grpc-accept-encoding": "gzip", "authorization": Sensitive}?[1m}?[0m?[2m:?[0m?[1mConnection?[0m?[1m{?[0m?[3mpeer?[0m?[2m=?[0mClient?[1m}?[0m?[2m:?[0m?[1mpoll?[0m?[2m:?[0m?[1mpop_frame?[0m?[2m:?[0m?[1mpopped?[0m?[1m{?[0m?[3mstream.id?[0m?[2m=?[0mStreamId(1) ?[3mstream.state?[0m?[2m=?[0mState { inner: HalfClosedLocal(AwaitingHeaders) }?[1m}?[0m?[2m:?[0m ?[2mh2::proto::streams::prioritize?[0m?[2m:?[0m pop_frame; frame=Data { stream_id: StreamId(1) }
15:13:28.251 [Thread-5] DEBUG i.pact.plugins.jvm.core.ChildProcess - Plugin protobuf [46348] || ?[2m2023-03-27T09:43:28.246320Z?[0m ?[35mTRACE?[0m tokio-runtime-worker ?[1mrequest?[0m?[1m{?[0m?[3mmethod?[0m?[2m=?[0mPOST ?[3muri?[0m?[2m=?[0mhttp://[::1]:54371/io.pact.plugin.PactPlugin/VerifyInteraction ?[3mversion?[0m?[2m=?[0mHTTP/2.0 ?[3mheaders?[0m?[2m=?[0m{"content-type": "application/grpc", "te": "trailers", "user-agent": "grpc-java-netty/1.49.0", "grpc-accept-encoding": "gzip", "authorization": Sensitive}?[1m}?[0m?[2m:?[0m?[1mConnection?[0m?[1m{?[0m?[3mpeer?[0m?[2m=?[0mClient?[1m}?[0m?[2m:?[0m?[1mpoll?[0m?[2m:?[0m?[1mpop_frame?[0m?[2m:?[0m?[1mpopped?[0m?[1m{?[0m?[3mstream.id?[0m?[2m=?[0mStreamId(1) ?[3mstream.state?[0m?[2m=?[0mState { inner: HalfClosedLocal(AwaitingHeaders) }?[1m}?[0m?[2m:?[0m ?[2mh2::proto::streams::store?[0m?[2m:?[0m Queue::push
15:13:28.251 [Thread-5] DEBUG i.pact.plugins.jvm.core.ChildProcess - Plugin protobuf [46348] || ?[2m2023-03-27T09:43:28.246337Z?[0m ?[35mTRACE?[0m tokio-runtime-worker ?[1mrequest?[0m?[1m{?[0m?[3mmethod?[0m?[2m=?[0mPOST ?[3muri?[0m?[2m=?[0mhttp://[::1]:54371/io.pact.plugin.PactPlugin/VerifyInteraction ?[3mversion?[0m?[2m=?[0mHTTP/2.0 ?[3mheaders?[0m?[2m=?[0m{"content-type": "application/grpc", "te": "trailers", "user-agent": "grpc-java-netty/1.49.0", "grpc-accept-encoding": "gzip", "authorization": Sensitive}?[1m}?[0m?[2m:?[0m?[1mConnection?[0m?[1m{?[0m?[3mpeer?[0m?[2m=?[0mClient?[1m}?[0m?[2m:?[0m?[1mpoll?[0m?[2m:?[0m?[1mpop_frame?[0m?[2m:?[0m?[1mpopped?[0m?[1m{?[0m?[3mstream.id?[0m?[2m=?[0mStreamId(1) ?[3mstream.state?[0m?[2m=?[0mState { inner: HalfClosedLocal(AwaitingHeaders) }?[1m}?[0m?[2m:?[0m ?[2mh2::proto::streams::store?[0m?[2m:?[0m  -> first entry
15:13:28.251 [Thread-5] DEBUG i.pact.plugins.jvm.core.ChildProcess - Plugin protobuf [46348] || ?[2m2023-03-27T09:43:28.246354Z?[0m ?[35mTRACE?[0m tokio-runtime-worker ?[1mrequest?[0m?[1m{?[0m?[3mmethod?[0m?[2m=?[0mPOST ?[3muri?[0m?[2m=?[0mhttp://[::1]:54371/io.pact.plugin.PactPlugin/VerifyInteraction ?[3mversion?[0m?[2m=?[0mHTTP/2.0 ?[3mheaders?[0m?[2m=?[0m{"content-type": "application/grpc", "te": "trailers", "user-agent": "grpc-java-netty/1.49.0", "grpc-accept-encoding": "gzip", "authorization": Sensitive}?[1m}?[0m?[2m:?[0m?[1mConnection?[0m?[1m{?[0m?[3mpeer?[0m?[2m=?[0mClient?[1m}?[0m?[2m:?[0m?[1mpoll?[0m?[2m:?[0m?[1mpop_frame?[0m?[2m:?[0m?[1mpopped?[0m?[1m{?[0m?[3mstream.id?[0m?[2m=?[0mStreamId(1) ?[3mstream.state?[0m?[2m=?[0mState { inner: HalfClosedLocal(AwaitingHeaders) }?[1m}?[0m?[2m:?[0m ?[2mh2::proto::streams::counts?[0m?[2m:?[0m transition_after; stream=StreamId(1); state=State { inner: HalfClosedLocal(AwaitingHeaders) }; is_closed=false; pending_send_empty=false; buffered_send_data=0; num_recv=0; num_send=1
15:13:28.251 [Thread-5] DEBUG i.pact.plugins.jvm.core.ChildProcess - Plugin protobuf [46348] || ?[2m2023-03-27T09:43:28.246394Z?[0m ?[35mTRACE?[0m tokio-runtime-worker ?[1mrequest?[0m?[1m{?[0m?[3mmethod?[0m?[2m=?[0mPOST ?[3muri?[0m?[2m=?[0mhttp://[::1]:54371/io.pact.plugin.PactPlugin/VerifyInteraction ?[3mversion?[0m?[2m=?[0mHTTP/2.0 ?[3mheaders?[0m?[2m=?[0m{"content-type": "application/grpc", "te": "trailers", "user-agent": "grpc-java-netty/1.49.0", "grpc-accept-encoding": "gzip", "authorization": Sensitive}?[1m}?[0m?[2m:?[0m?[1mConnection?[0m?[1m{?[0m?[3mpeer?[0m?[2m=?[0mClient?[1m}?[0m?[2m:?[0m?[1mpoll?[0m?[2m:?[0m ?[2mh2::proto::streams::prioritize?[0m?[2m:?[0m writing ?[3mframe?[0m?[2m=?[0mData { stream_id: StreamId(1) }
15:13:28.251 [Thread-5] DEBUG i.pact.plugins.jvm.core.ChildProcess - Plugin protobuf [46348] || ?[2m2023-03-27T09:43:28.246426Z?[0m ?[34mDEBUG?[0m tokio-runtime-worker ?[1mrequest?[0m?[1m{?[0m?[3mmethod?[0m?[2m=?[0mPOST ?[3muri?[0m?[2m=?[0mhttp://[::1]:54371/io.pact.plugin.PactPlugin/VerifyInteraction ?[3mversion?[0m?[2m=?[0mHTTP/2.0 ?[3mheaders?[0m?[2m=?[0m{"content-type": "application/grpc", "te": "trailers", "user-agent": "grpc-java-netty/1.49.0", "grpc-accept-encoding": "gzip", "authorization": Sensitive}?[1m}?[0m?[2m:?[0m?[1mConnection?[0m?[1m{?[0m?[3mpeer?[0m?[2m=?[0mClient?[1m}?[0m?[2m:?[0m?[1mpoll?[0m?[2m:?[0m?[1mFramedWrite::buffer?[0m?[1m{?[0m?[3mframe?[0m?[2m=?[0mData { stream_id: StreamId(1) }?[1m}?[0m?[2m:?[0m ?[2mh2::codec::framed_write?[0m?[2m:?[0m send ?[3mframe?[0m?[2m=?[0mData { stream_id: StreamId(1) }
15:13:28.251 [Thread-5] DEBUG i.pact.plugins.jvm.core.ChildProcess - Plugin protobuf [46348] || ?[2m2023-03-27T09:43:28.246467Z?[0m ?[35mTRACE?[0m tokio-runtime-worker ?[1mrequest?[0m?[1m{?[0m?[3mmethod?[0m?[2m=?[0mPOST ?[3muri?[0m?[2m=?[0mhttp://[::1]:54371/io.pact.plugin.PactPlugin/VerifyInteraction ?[3mversion?[0m?[2m=?[0mHTTP/2.0 ?[3mheaders?[0m?[2m=?[0m{"content-type": "application/grpc", "te": "trailers", "user-agent": "grpc-java-netty/1.49.0", "grpc-accept-encoding": "gzip", "authorization": Sensitive}?[1m}?[0m?[2m:?[0m?[1mConnection?[0m?[1m{?[0m?[3mpeer?[0m?[2m=?[0mClient?[1m}?[0m?[2m:?[0m?[1mpoll?[0m?[2m:?[0m?[1mtry_reclaim_frame?[0m?[2m:?[0m ?[2mh2::proto::streams::prioritize?[0m?[2m:?[0m reclaimed ?[3mframe?[0m?[2m=?[0mData { stream_id: StreamId(1) } ?[3msz?[0m?[2m=?[0m0
15:13:28.252 [Thread-5] DEBUG i.pact.plugins.jvm.core.ChildProcess - Plugin protobuf [46348] || ?[2m2023-03-27T09:43:28.246502Z?[0m ?[35mTRACE?[0m tokio-runtime-worker ?[1mrequest?[0m?[1m{?[0m?[3mmethod?[0m?[2m=?[0mPOST ?[3muri?[0m?[2m=?[0mhttp://[::1]:54371/io.pact.plugin.PactPlugin/VerifyInteraction ?[3mversion?[0m?[2m=?[0mHTTP/2.0 ?[3mheaders?[0m?[2m=?[0m{"content-type": "application/grpc", "te": "trailers", "user-agent": "grpc-java-netty/1.49.0", "grpc-accept-encoding": "gzip", "authorization": Sensitive}?[1m}?[0m?[2m:?[0m?[1mConnection?[0m?[1m{?[0m?[3mpeer?[0m?[2m=?[0mClient?[1m}?[0m?[2m:?[0m?[1mpoll?[0m?[2m:?[0m ?[2mh2::proto::streams::prioritize?[0m?[2m:?[0m schedule_pending_open
15:13:28.252 [Thread-5] DEBUG i.pact.plugins.jvm.core.ChildProcess - Plugin protobuf [46348] || ?[2m2023-03-27T09:43:28.246540Z?[0m ?[35mTRACE?[0m tokio-runtime-worker ?[1mrequest?[0m?[1m{?[0m?[3mmethod?[0m?[2m=?[0mPOST ?[3muri?[0m?[2m=?[0mhttp://[::1]:54371/io.pact.plugin.PactPlugin/VerifyInteraction ?[3mversion?[0m?[2m=?[0mHTTP/2.0 ?[3mheaders?[0m?[2m=?[0m{"content-type": "application/grpc", "te": "trailers", "user-agent": "grpc-java-netty/1.49.0", "grpc-accept-encoding": "gzip", "authorization": Sensitive}?[1m}?[0m?[2m:?[0m?[1mConnection?[0m?[1m{?[0m?[3mpeer?[0m?[2m=?[0mClient?[1m}?[0m?[2m:?[0m?[1mpoll?[0m?[2m:?[0m?[1mpop_frame?[0m?[2m:?[0m?[1mpopped?[0m?[1m{?[0m?[3mstream.id?[0m?[2m=?[0mStreamId(1) ?[3mstream.state?[0m?[2m=?[0mState { inner: HalfClosedLocal(AwaitingHeaders) }?[1m}?[0m?[2m:?[0m ?[2mh2::proto::streams::prioritize?[0m?[2m:?[0m ?[3mis_pending_reset?[0m?[2m=?[0mfalse
15:13:28.252 [Thread-5] DEBUG i.pact.plugins.jvm.core.ChildProcess - Plugin protobuf [46348] || ?[2m2023-03-27T09:43:28.246560Z?[0m ?[35mTRACE?[0m tokio-runtime-worker ?[1mrequest?[0m?[1m{?[0m?[3mmethod?[0m?[2m=?[0mPOST ?[3muri?[0m?[2m=?[0mhttp://[::1]:54371/io.pact.plugin.PactPlugin/VerifyInteraction ?[3mversion?[0m?[2m=?[0mHTTP/2.0 ?[3mheaders?[0m?[2m=?[0m{"content-type": "application/grpc", "te": "trailers", "user-agent": "grpc-java-netty/1.49.0", "grpc-accept-encoding": "gzip", "authorization": Sensitive}?[1m}?[0m?[2m:?[0m?[1mConnection?[0m?[1m{?[0m?[3mpeer?[0m?[2m=?[0mClient?[1m}?[0m?[2m:?[0m?[1mpoll?[0m?[2m:?[0m?[1mpop_frame?[0m?[2m:?[0m?[1mpopped?[0m?[1m{?[0m?[3mstream.id?[0m?[2m=?[0mStreamId(1) ?[3mstream.state?[0m?[2m=?[0mState { inner: HalfClosedLocal(AwaitingHeaders) }?[1m}?[0m?[2m:?[0m ?[2mh2::proto::streams::prioritize?[0m?[2m:?[0m data frame ?[3msz?[0m?[2m=?[0m0 ?[3meos?[0m?[2m=?[0mtrue ?[3mwindow?[0m?[2m=?[0m0 ?[3mavailable?[0m?[2m=?[0m0 ?[3mrequested?[0m?[2m=?[0m0 ?[3mbuffered?[0m?[2m=?[0m0
15:13:28.252 [Thread-5] DEBUG i.pact.plugins.jvm.core.ChildProcess - Plugin protobuf [46348] || ?[2m2023-03-27T09:43:28.246584Z?[0m ?[35mTRACE?[0m tokio-runtime-worker ?[1mrequest?[0m?[1m{?[0m?[3mmethod?[0m?[2m=?[0mPOST ?[3muri?[0m?[2m=?[0mhttp://[::1]:54371/io.pact.plugin.PactPlugin/VerifyInteraction ?[3mversion?[0m?[2m=?[0mHTTP/2.0 ?[3mheaders?[0m?[2m=?[0m{"content-type": "application/grpc", "te": "trailers", "user-agent": "grpc-java-netty/1.49.0", "grpc-accept-encoding": "gzip", "authorization": Sensitive}?[1m}?[0m?[2m:?[0m?[1mConnection?[0m?[1m{?[0m?[3mpeer?[0m?[2m=?[0mClient?[1m}?[0m?[2m:?[0m?[1mpoll?[0m?[2m:?[0m?[1mpop_frame?[0m?[2m:?[0m?[1mpopped?[0m?[1m{?[0m?[3mstream.id?[0m?[2m=?[0mStreamId(1) ?[3mstream.state?[0m?[2m=?[0mState { inner: HalfClosedLocal(AwaitingHeaders) }?[1m}?[0m?[2m:?[0m ?[2mh2::proto::streams::prioritize?[0m?[2m:?[0m sending data frame ?[3mlen?[0m?[2m=?[0m0
15:13:28.252 [Thread-5] DEBUG i.pact.plugins.jvm.core.ChildProcess - Plugin protobuf [46348] || ?[2m2023-03-27T09:43:28.246614Z?[0m ?[35mTRACE?[0m tokio-runtime-worker ?[1mrequest?[0m?[1m{?[0m?[3mmethod?[0m?[2m=?[0mPOST ?[3muri?[0m?[2m=?[0mhttp://[::1]:54371/io.pact.plugin.PactPlugin/VerifyInteraction ?[3mversion?[0m?[2m=?[0mHTTP/2.0 ?[3mheaders?[0m?[2m=?[0m{"content-type": "application/grpc", "te": "trailers", "user-agent": "grpc-java-netty/1.49.0", "grpc-accept-encoding": "gzip", "authorization": Sensitive}?[1m}?[0m?[2m:?[0m?[1mConnection?[0m?[1m{?[0m?[3mpeer?[0m?[2m=?[0mClient?[1m}?[0m?[2m:?[0m?[1mpoll?[0m?[2m:?[0m?[1mpop_frame?[0m?[2m:?[0m?[1mpopped?[0m?[1m{?[0m?[3mstream.id?[0m?[2m=?[0mStreamId(1) ?[3mstream.state?[0m?[2m=?[0mState { inner: HalfClosedLocal(AwaitingHeaders) }?[1m}?[0m?[2m:?[0m?[1mupdating stream flow?[0m?[2m:?[0m ?[2mh2::proto::streams::flow_control?[0m?[2m:?[0m send_data; sz=0; window=65518; available=0
15:13:28.252 [Thread-5] DEBUG i.pact.plugins.jvm.core.ChildProcess - Plugin protobuf [46348] || ?[2m2023-03-27T09:43:28.246657Z?[0m ?[35mTRACE?[0m tokio-runtime-worker ?[1mrequest?[0m?[1m{?[0m?[3mmethod?[0m?[2m=?[0mPOST ?[3muri?[0m?[2m=?[0mhttp://[::1]:54371/io.pact.plugin.PactPlugin/VerifyInteraction ?[3mversion?[0m?[2m=?[0mHTTP/2.0 ?[3mheaders?[0m?[2m=?[0m{"content-type": "application/grpc", "te": "trailers", "user-agent": "grpc-java-netty/1.49.0", "grpc-accept-encoding": "gzip", "authorization": Sensitive}?[1m}?[0m?[2m:?[0m?[1mConnection?[0m?[1m{?[0m?[3mpeer?[0m?[2m=?[0mClient?[1m}?[0m?[2m:?[0m?[1mpoll?[0m?[2m:?[0m?[1mpop_frame?[0m?[2m:?[0m?[1mpopped?[0m?[1m{?[0m?[3mstream.id?[0m?[2m=?[0mStreamId(1) ?[3mstream.state?[0m?[2m=?[0mState { inner: HalfClosedLocal(AwaitingHeaders) }?[1m}?[0m?[2m:?[0m?[1mupdating connection flow?[0m?[2m:?[0m ?[2mh2::proto::streams::flow_control?[0m?[2m:?[0m send_data; sz=0; window=65518; available=65518
15:13:28.252 [Thread-5] DEBUG i.pact.plugins.jvm.core.ChildProcess - Plugin protobuf [46348] || ?[2m2023-03-27T09:43:28.246688Z?[0m ?[35mTRACE?[0m tokio-runtime-worker ?[1mrequest?[0m?[1m{?[0m?[3mmethod?[0m?[2m=?[0mPOST ?[3muri?[0m?[2m=?[0mhttp://[::1]:54371/io.pact.plugin.PactPlugin/VerifyInteraction ?[3mversion?[0m?[2m=?[0mHTTP/2.0 ?[3mheaders?[0m?[2m=?[0m{"content-type": "application/grpc", "te": "trailers", "user-agent": "grpc-java-netty/1.49.0", "grpc-accept-encoding": "gzip", "authorization": Sensitive}?[1m}?[0m?[2m:?[0m?[1mConnection?[0m?[1m{?[0m?[3mpeer?[0m?[2m=?[0mClient?[1m}?[0m?[2m:?[0m?[1mpoll?[0m?[2m:?[0m?[1mpop_frame?[0m?[2m:?[0m?[1mpopped?[0m?[1m{?[0m?[3mstream.id?[0m?[2m=?[0mStreamId(1) ?[3mstream.state?[0m?[2m=?[0mState { inner: HalfClosedLocal(AwaitingHeaders) }?[1m}?[0m?[2m:?[0m ?[2mh2::proto::streams::prioritize?[0m?[2m:?[0m pop_frame; frame=Data { stream_id: StreamId(1), flags: (0x1: END_STREAM) }
15:13:28.252 [Thread-5] DEBUG i.pact.plugins.jvm.core.ChildProcess - Plugin protobuf [46348] || ?[2m2023-03-27T09:43:28.246713Z?[0m ?[35mTRACE?[0m tokio-runtime-worker ?[1mrequest?[0m?[1m{?[0m?[3mmethod?[0m?[2m=?[0mPOST ?[3muri?[0m?[2m=?[0mhttp://[::1]:54371/io.pact.plugin.PactPlugin/VerifyInteraction ?[3mversion?[0m?[2m=?[0mHTTP/2.0 ?[3mheaders?[0m?[2m=?[0m{"content-type": "application/grpc", "te": "trailers", "user-agent": "grpc-java-netty/1.49.0", "grpc-accept-encoding": "gzip", "authorization": Sensitive}?[1m}?[0m?[2m:?[0m?[1mConnection?[0m?[1m{?[0m?[3mpeer?[0m?[2m=?[0mClient?[1m}?[0m?[2m:?[0m?[1mpoll?[0m?[2m:?[0m?[1mpop_frame?[0m?[2m:?[0m?[1mpopped?[0m?[1m{?[0m?[3mstream.id?[0m?[2m=?[0mStreamId(1) ?[3mstream.state?[0m?[2m=?[0mState { inner: HalfClosedLocal(AwaitingHeaders) }?[1m}?[0m?[2m:?[0m ?[2mh2::proto::streams::counts?[0m?[2m:?[0m transition_after; stream=StreamId(1); state=State { inner: HalfClosedLocal(AwaitingHeaders) }; is_closed=false; pending_send_empty=true; buffered_send_data=0; num_recv=0; num_send=1
15:13:28.252 [Thread-5] DEBUG i.pact.plugins.jvm.core.ChildProcess - Plugin protobuf [46348] || ?[2m2023-03-27T09:43:28.246754Z?[0m ?[35mTRACE?[0m tokio-runtime-worker ?[1mrequest?[0m?[1m{?[0m?[3mmethod?[0m?[2m=?[0mPOST ?[3muri?[0m?[2m=?[0mhttp://[::1]:54371/io.pact.plugin.PactPlugin/VerifyInteraction ?[3mversion?[0m?[2m=?[0mHTTP/2.0 ?[3mheaders?[0m?[2m=?[0m{"content-type": "application/grpc", "te": "trailers", "user-agent": "grpc-java-netty/1.49.0", "grpc-accept-encoding": "gzip", "authorization": Sensitive}?[1m}?[0m?[2m:?[0m?[1mConnection?[0m?[1m{?[0m?[3mpeer?[0m?[2m=?[0mClient?[1m}?[0m?[2m:?[0m?[1mpoll?[0m?[2m:?[0m ?[2mh2::proto::streams::prioritize?[0m?[2m:?[0m writing ?[3mframe?[0m?[2m=?[0mData { stream_id: StreamId(1), flags: (0x1: END_STREAM) }
15:13:28.252 [Thread-5] DEBUG i.pact.plugins.jvm.core.ChildProcess - Plugin protobuf [46348] || ?[2m2023-03-27T09:43:28.246785Z?[0m ?[34mDEBUG?[0m tokio-runtime-worker ?[1mrequest?[0m?[1m{?[0m?[3mmethod?[0m?[2m=?[0mPOST ?[3muri?[0m?[2m=?[0mhttp://[::1]:54371/io.pact.plugin.PactPlugin/VerifyInteraction ?[3mversion?[0m?[2m=?[0mHTTP/2.0 ?[3mheaders?[0m?[2m=?[0m{"content-type": "application/grpc", "te": "trailers", "user-agent": "grpc-java-netty/1.49.0", "grpc-accept-encoding": "gzip", "authorization": Sensitive}?[1m}?[0m?[2m:?[0m?[1mConnection?[0m?[1m{?[0m?[3mpeer?[0m?[2m=?[0mClient?[1m}?[0m?[2m:?[0m?[1mpoll?[0m?[2m:?[0m?[1mFramedWrite::buffer?[0m?[1m{?[0m?[3mframe?[0m?[2m=?[0mData { stream_id: StreamId(1), flags: (0x1: END_STREAM) }?[1m}?[0m?[2m:?[0m ?[2mh2::codec::framed_write?[0m?[2m:?[0m send ?[3mframe?[0m?[2m=?[0mData { stream_id: StreamId(1), flags: (0x1: END_STREAM) }
15:13:28.253 [Thread-5] DEBUG i.pact.plugins.jvm.core.ChildProcess - Plugin protobuf [46348] || ?[2m2023-03-27T09:43:28.246826Z?[0m ?[35mTRACE?[0m tokio-runtime-worker ?[1mrequest?[0m?[1m{?[0m?[3mmethod?[0m?[2m=?[0mPOST ?[3muri?[0m?[2m=?[0mhttp://[::1]:54371/io.pact.plugin.PactPlugin/VerifyInteraction ?[3mversion?[0m?[2m=?[0mHTTP/2.0 ?[3mheaders?[0m?[2m=?[0m{"content-type": "application/grpc", "te": "trailers", "user-agent": "grpc-java-netty/1.49.0", "grpc-accept-encoding": "gzip", "authorization": Sensitive}?[1m}?[0m?[2m:?[0m?[1mConnection?[0m?[1m{?[0m?[3mpeer?[0m?[2m=?[0mClient?[1m}?[0m?[2m:?[0m?[1mpoll?[0m?[2m:?[0m?[1mtry_reclaim_frame?[0m?[2m:?[0m ?[2mh2::proto::streams::prioritize?[0m?[2m:?[0m reclaimed ?[3mframe?[0m?[2m=?[0mData { stream_id: StreamId(1), flags: (0x1: END_STREAM) } ?[3msz?[0m?[2m=?[0m0
15:13:28.253 [Thread-5] DEBUG i.pact.plugins.jvm.core.ChildProcess - Plugin protobuf [46348] || ?[2m2023-03-27T09:43:28.246854Z?[0m ?[35mTRACE?[0m tokio-runtime-worker ?[1mrequest?[0m?[1m{?[0m?[3mmethod?[0m?[2m=?[0mPOST ?[3muri?[0m?[2m=?[0mhttp://[::1]:54371/io.pact.plugin.PactPlugin/VerifyInteraction ?[3mversion?[0m?[2m=?[0mHTTP/2.0 ?[3mheaders?[0m?[2m=?[0m{"content-type": "application/grpc", "te": "trailers", "user-agent": "grpc-java-netty/1.49.0", "grpc-accept-encoding": "gzip", "authorization": Sensitive}?[1m}?[0m?[2m:?[0m?[1mConnection?[0m?[1m{?[0m?[3mpeer?[0m?[2m=?[0mClient?[1m}?[0m?[2m:?[0m?[1mpoll?[0m?[2m:?[0m ?[2mh2::proto::streams::prioritize?[0m?[2m:?[0m schedule_pending_open
15:13:28.253 [Thread-5] DEBUG i.pact.plugins.jvm.core.ChildProcess - Plugin protobuf [46348] || ?[2m2023-03-27T09:43:28.246897Z?[0m ?[35mTRACE?[0m tokio-runtime-worker ?[1mrequest?[0m?[1m{?[0m?[3mmethod?[0m?[2m=?[0mPOST ?[3muri?[0m?[2m=?[0mhttp://[::1]:54371/io.pact.plugin.PactPlugin/VerifyInteraction ?[3mversion?[0m?[2m=?[0mHTTP/2.0 ?[3mheaders?[0m?[2m=?[0m{"content-type": "application/grpc", "te": "trailers", "user-agent": "grpc-java-netty/1.49.0", "grpc-accept-encoding": "gzip", "authorization": Sensitive}?[1m}?[0m?[2m:?[0m?[1mConnection?[0m?[1m{?[0m?[3mpeer?[0m?[2m=?[0mClient?[1m}?[0m?[2m:?[0m?[1mpoll?[0m?[2m:?[0m?[1mFramedWrite::flush?[0m?[2m:?[0m ?[2mh2::codec::framed_write?[0m?[2m:?[0m ?[3mqueued_data_frame?[0m?[2m=?[0mfalse
15:13:28.253 [Thread-5] DEBUG i.pact.plugins.jvm.core.ChildProcess - Plugin protobuf [46348] || ?[2m2023-03-27T09:43:28.246942Z?[0m ?[35mTRACE?[0m tokio-runtime-worker ?[1mrequest?[0m?[1m{?[0m?[3mmethod?[0m?[2m=?[0mPOST ?[3muri?[0m?[2m=?[0mhttp://[::1]:54371/io.pact.plugin.PactPlugin/VerifyInteraction ?[3mversion?[0m?[2m=?[0mHTTP/2.0 ?[3mheaders?[0m?[2m=?[0m{"content-type": "application/grpc", "te": "trailers", "user-agent": "grpc-java-netty/1.49.0", "grpc-accept-encoding": "gzip", "authorization": Sensitive}?[1m}?[0m?[2m:?[0m?[1mConnection?[0m?[1m{?[0m?[3mpeer?[0m?[2m=?[0mClient?[1m}?[0m?[2m:?[0m?[1mpoll?[0m?[2m:?[0m?[1mFramedWrite::flush?[0m?[2m:?[0m ?[2mh2::codec::framed_write?[0m?[2m:?[0m flushing buffer
15:13:28.292 [Thread-8] DEBUG org.apache.hc.client5.http.wire - http-outgoing-0 << "HTTP/1.1 200 OK[\r][\n]"
15:13:28.292 [Thread-8] DEBUG org.apache.hc.client5.http.wire - http-outgoing-0 << "Access-Control-Allow-Origin: *[\r][\n]"
15:13:28.292 [Thread-8] DEBUG org.apache.hc.client5.http.wire - http-outgoing-0 << "Date: Mon, 27 Mar 2023 09:43:28 GMT[\r][\n]"
15:13:28.292 [Thread-8] DEBUG org.apache.hc.client5.http.wire - http-outgoing-0 << "Pragma: no-cache[\r][\n]"
15:13:28.292 [Thread-8] DEBUG org.apache.hc.client5.http.wire - http-outgoing-0 << "Expires: Fri, 01 Jan 1990 00:00:00 GMT[\r][\n]"
15:13:28.292 [Thread-8] DEBUG org.apache.hc.client5.http.wire - http-outgoing-0 << "Cache-Control: no-cache, no-store, must-revalidate[\r][\n]"
15:13:28.292 [Thread-8] DEBUG org.apache.hc.client5.http.wire - http-outgoing-0 << "Last-Modified: Sun, 17 May 1998 03:00:00 GMT[\r][\n]"
15:13:28.292 [Thread-8] DEBUG org.apache.hc.client5.http.wire - http-outgoing-0 << "X-Content-Type-Options: nosniff[\r][\n]"
15:13:28.292 [Thread-8] DEBUG org.apache.hc.client5.http.wire - http-outgoing-0 << "Content-Type: image/gif[\r][\n]"
15:13:28.292 [Thread-8] DEBUG org.apache.hc.client5.http.wire - http-outgoing-0 << "Cross-Origin-Resource-Policy: cross-origin[\r][\n]"
15:13:28.292 [Thread-8] DEBUG org.apache.hc.client5.http.wire - http-outgoing-0 << "Server: Golfe2[\r][\n]"
15:13:28.292 [Thread-8] DEBUG org.apache.hc.client5.http.wire - http-outgoing-0 << "Content-Length: 35[\r][\n]"
15:13:28.292 [Thread-8] DEBUG org.apache.hc.client5.http.wire - http-outgoing-0 << "Alt-Svc: h3=":443"; ma=2592000,h3-29=":443"; ma=2592000[\r][\n]"
15:13:28.292 [Thread-8] DEBUG org.apache.hc.client5.http.wire - http-outgoing-0 << "[\r][\n]"
15:13:28.292 [Thread-8] DEBUG org.apache.hc.client5.http.wire - http-outgoing-0 << "GIF89a[0x1][0x0][0x1][0x0][0xffffff80][0xffffffff][0x0][0xffffffff][0xffffffff][0xffffffff][0x0][0x0][0x0],[0x0][0x0][0x0][0x0][0x1][0x0][0x1][0x0][0x0][0x2][0x2]D[0x1][0x0];"
15:13:28.293 [Thread-8] DEBUG org.apache.hc.client5.http.headers - http-outgoing-0 << HTTP/1.1 200 OK
15:13:28.293 [Thread-8] DEBUG org.apache.hc.client5.http.headers - http-outgoing-0 << Access-Control-Allow-Origin: *
15:13:28.293 [Thread-8] DEBUG org.apache.hc.client5.http.headers - http-outgoing-0 << Date: Mon, 27 Mar 2023 09:43:28 GMT
15:13:28.293 [Thread-8] DEBUG org.apache.hc.client5.http.headers - http-outgoing-0 << Pragma: no-cache
15:13:28.293 [Thread-8] DEBUG org.apache.hc.client5.http.headers - http-outgoing-0 << Expires: Fri, 01 Jan 1990 00:00:00 GMT
15:13:28.293 [Thread-8] DEBUG org.apache.hc.client5.http.headers - http-outgoing-0 << Cache-Control: no-cache, no-store, must-revalidate
15:13:28.293 [Thread-8] DEBUG org.apache.hc.client5.http.headers - http-outgoing-0 << Last-Modified: Sun, 17 May 1998 03:00:00 GMT
15:13:28.293 [Thread-8] DEBUG org.apache.hc.client5.http.headers - http-outgoing-0 << X-Content-Type-Options: nosniff
15:13:28.293 [Thread-8] DEBUG org.apache.hc.client5.http.headers - http-outgoing-0 << Content-Type: image/gif
15:13:28.293 [Thread-8] DEBUG org.apache.hc.client5.http.headers - http-outgoing-0 << Cross-Origin-Resource-Policy: cross-origin
15:13:28.293 [Thread-8] DEBUG org.apache.hc.client5.http.headers - http-outgoing-0 << Server: Golfe2
15:13:28.293 [Thread-8] DEBUG org.apache.hc.client5.http.headers - http-outgoing-0 << Content-Length: 35
15:13:28.293 [Thread-8] DEBUG org.apache.hc.client5.http.headers - http-outgoing-0 << Alt-Svc: h3=":443"; ma=2592000,h3-29=":443"; ma=2592000
15:13:28.293 [Thread-8] DEBUG o.a.h.c.h.i.classic.MainClientExec - ex-0000000002 connection can be kept alive for 3 MINUTES
15:13:28.293 [Thread-8] DEBUG o.a.h.c.h.i.c.InternalHttpClient - ep-0000000001 releasing valid endpoint
15:13:28.293 [Thread-8] DEBUG o.a.h.c.h.i.i.PoolingHttpClientConnectionManager - ep-0000000001 releasing endpoint
15:13:28.293 [Thread-8] DEBUG o.a.h.c.h.i.i.PoolingHttpClientConnectionManager - ep-0000000001 connection http-outgoing-0 can be kept alive for 3 MINUTES
15:13:28.293 [Thread-8] DEBUG o.a.h.c.h.i.i.PoolingHttpClientConnectionManager - ep-0000000001 connection released [route: {s}->https://www.google-analytics.com:443][total available: 1; route allocated: 1 of 100; total allocated: 1 of 200]
15:13:28.620 [Thread-5] DEBUG i.pact.plugins.jvm.core.ChildProcess - Plugin protobuf [46348] || ?[2m2023-03-27T09:43:28.620351Z?[0m ?[35mTRACE?[0m tokio-runtime-worker ?[1mrequest?[0m?[1m{?[0m?[3mmethod?[0m?[2m=?[0mPOST ?[3muri?[0m?[2m=?[0mhttp://[::1]:54371/io.pact.plugin.PactPlugin/VerifyInteraction ?[3mversion?[0m?[2m=?[0mHTTP/2.0 ?[3mheaders?[0m?[2m=?[0m{"content-type": "application/grpc", "te": "trailers", "user-agent": "grpc-java-netty/1.49.0", "grpc-accept-encoding": "gzip", "authorization": Sensitive}?[1m}?[0m?[2m:?[0m?[1mConnection?[0m?[1m{?[0m?[3mpeer?[0m?[2m=?[0mClient?[1m}?[0m?[2m:?[0m?[1mpoll?[0m?[2m:?[0m ?[2mh2::proto::connection?[0m?[2m:?[0m ?[3mconnection.state?[0m?[2m=?[0mOpen
15:13:28.621 [Thread-5] DEBUG i.pact.plugins.jvm.core.ChildProcess - Plugin protobuf [46348] || ?[2m2023-03-27T09:43:28.620482Z?[0m ?[35mTRACE?[0m tokio-runtime-worker ?[1mrequest?[0m?[1m{?[0m?[3mmethod?[0m?[2m=?[0mPOST ?[3muri?[0m?[2m=?[0mhttp://[::1]:54371/io.pact.plugin.PactPlugin/VerifyInteraction ?[3mversion?[0m?[2m=?[0mHTTP/2.0 ?[3mheaders?[0m?[2m=?[0m{"content-type": "application/grpc", "te": "trailers", "user-agent": "grpc-java-netty/1.49.0", "grpc-accept-encoding": "gzip", "authorization": Sensitive}?[1m}?[0m?[2m:?[0m?[1mConnection?[0m?[1m{?[0m?[3mpeer?[0m?[2m=?[0mClient?[1m}?[0m?[2m:?[0m?[1mpoll?[0m?[2m:?[0m?[1mFramedRead::poll_next?[0m?[2m:?[0m ?[2mh2::codec::framed_read?[0m?[2m:?[0m poll
15:13:28.621 [Thread-5] DEBUG i.pact.plugins.jvm.core.ChildProcess - Plugin protobuf [46348] || ?[2m2023-03-27T09:43:28.620519Z?[0m ?[35mTRACE?[0m tokio-runtime-worker ?[1mrequest?[0m?[1m{?[0m?[3mmethod?[0m?[2m=?[0mPOST ?[3muri?[0m?[2m=?[0mhttp://[::1]:54371/io.pact.plugin.PactPlugin/VerifyInteraction ?[3mversion?[0m?[2m=?[0mHTTP/2.0 ?[3mheaders?[0m?[2m=?[0m{"content-type": "application/grpc", "te": "trailers", "user-agent": "grpc-java-netty/1.49.0", "grpc-accept-encoding": "gzip", "authorization": Sensitive}?[1m}?[0m?[2m:?[0m?[1mConnection?[0m?[1m{?[0m?[3mpeer?[0m?[2m=?[0mClient?[1m}?[0m?[2m:?[0m?[1mpoll?[0m?[2m:?[0m?[1mFramedRead::poll_next?[0m?[2m:?[0m ?[2mtokio_util::codec::framed_impl?[0m?[2m:?[0m attempting to decode a frame
15:13:28.621 [Thread-5] DEBUG i.pact.plugins.jvm.core.ChildProcess - Plugin protobuf [46348] || ?[2m2023-03-27T09:43:28.620543Z?[0m ?[35mTRACE?[0m tokio-runtime-worker ?[1mrequest?[0m?[1m{?[0m?[3mmethod?[0m?[2m=?[0mPOST ?[3muri?[0m?[2m=?[0mhttp://[::1]:54371/io.pact.plugin.PactPlugin/VerifyInteraction ?[3mversion?[0m?[2m=?[0mHTTP/2.0 ?[3mheaders?[0m?[2m=?[0m{"content-type": "application/grpc", "te": "trailers", "user-agent": "grpc-java-netty/1.49.0", "grpc-accept-encoding": "gzip", "authorization": Sensitive}?[1m}?[0m?[2m:?[0m?[1mConnection?[0m?[1m{?[0m?[3mpeer?[0m?[2m=?[0mClient?[1m}?[0m?[2m:?[0m?[1mpoll?[0m?[2m:?[0m?[1mFramedRead::poll_next?[0m?[2m:?[0m ?[2mtokio_util::codec::framed_impl?[0m?[2m:?[0m frame decoded from buffer
15:13:28.621 [Thread-5] DEBUG i.pact.plugins.jvm.core.ChildProcess - Plugin protobuf [46348] || ?[2m2023-03-27T09:43:28.620560Z?[0m ?[35mTRACE?[0m tokio-runtime-worker ?[1mrequest?[0m?[1m{?[0m?[3mmethod?[0m?[2m=?[0mPOST ?[3muri?[0m?[2m=?[0mhttp://[::1]:54371/io.pact.plugin.PactPlugin/VerifyInteraction ?[3mversion?[0m?[2m=?[0mHTTP/2.0 ?[3mheaders?[0m?[2m=?[0m{"content-type": "application/grpc", "te": "trailers", "user-agent": "grpc-java-netty/1.49.0", "grpc-accept-encoding": "gzip", "authorization": Sensitive}?[1m}?[0m?[2m:?[0m?[1mConnection?[0m?[1m{?[0m?[3mpeer?[0m?[2m=?[0mClient?[1m}?[0m?[2m:?[0m?[1mpoll?[0m?[2m:?[0m?[1mFramedRead::poll_next?[0m?[2m:?[0m ?[2mh2::codec::framed_read?[0m?[2m:?[0m ?[3mread.bytes?[0m?[2m=?[0m27
15:13:28.621 [Thread-5] DEBUG i.pact.plugins.jvm.core.ChildProcess - Plugin protobuf [46348] || ?[2m2023-03-27T09:43:28.620590Z?[0m ?[35mTRACE?[0m tokio-runtime-worker ?[1mrequest?[0m?[1m{?[0m?[3mmethod?[0m?[2m=?[0mPOST ?[3muri?[0m?[2m=?[0mhttp://[::1]:54371/io.pact.plugin.PactPlugin/VerifyInteraction ?[3mversion?[0m?[2m=?[0mHTTP/2.0 ?[3mheaders?[0m?[2m=?[0m{"content-type": "application/grpc", "te": "trailers", "user-agent": "grpc-java-netty/1.49.0", "grpc-accept-encoding": "gzip", "authorization": Sensitive}?[1m}?[0m?[2m:?[0m?[1mConnection?[0m?[1m{?[0m?[3mpeer?[0m?[2m=?[0mClient?[1m}?[0m?[2m:?[0m?[1mpoll?[0m?[2m:?[0m?[1mFramedRead::poll_next?[0m?[2m:?[0m?[1mFramedRead::decode_frame?[0m?[1m{?[0m?[3moffset?[0m?[2m=?[0m27?[1m}?[0m?[2m:?[0m ?[2mh2::codec::framed_read?[0m?[2m:?[0m decoding frame from 27B
15:13:28.622 [Thread-5] DEBUG i.pact.plugins.jvm.core.ChildProcess - Plugin protobuf [46348] || ?[2m2023-03-27T09:43:28.620609Z?[0m ?[35mTRACE?[0m tokio-runtime-worker ?[1mrequest?[0m?[1m{?[0m?[3mmethod?[0m?[2m=?[0mPOST ?[3muri?[0m?[2m=?[0mhttp://[::1]:54371/io.pact.plugin.PactPlugin/VerifyInteraction ?[3mversion?[0m?[2m=?[0mHTTP/2.0 ?[3mheaders?[0m?[2m=?[0m{"content-type": "application/grpc", "te": "trailers", "user-agent": "grpc-java-netty/1.49.0", "grpc-accept-encoding": "gzip", "authorization": Sensitive}?[1m}?[0m?[2m:?[0m?[1mConnection?[0m?[1m{?[0m?[3mpeer?[0m?[2m=?[0mClient?[1m}?[0m?[2m:?[0m?[1mpoll?[0m?[2m:?[0m?[1mFramedRead::poll_next?[0m?[2m:?[0m?[1mFramedRead::decode_frame?[0m?[1m{?[0m?[3moffset?[0m?[2m=?[0m27?[1m}?[0m?[2m:?[0m ?[2mh2::codec::framed_read?[0m?[2m:?[0m ?[3mframe.kind?[0m?[2m=?[0mSettings
15:13:28.622 [Thread-5] DEBUG i.pact.plugins.jvm.core.ChildProcess - Plugin protobuf [46348] || ?[2m2023-03-27T09:43:28.620640Z?[0m ?[34mDEBUG?[0m tokio-runtime-worker ?[1mrequest?[0m?[1m{?[0m?[3mmethod?[0m?[2m=?[0mPOST ?[3muri?[0m?[2m=?[0mhttp://[::1]:54371/io.pact.plugin.PactPlugin/VerifyInteraction ?[3mversion?[0m?[2m=?[0mHTTP/2.0 ?[3mheaders?[0m?[2m=?[0m{"content-type": "application/grpc", "te": "trailers", "user-agent": "grpc-java-netty/1.49.0", "grpc-accept-encoding": "gzip", "authorization": Sensitive}?[1m}?[0m?[2m:?[0m?[1mConnection?[0m?[1m{?[0m?[3mpeer?[0m?[2m=?[0mClient?[1m}?[0m?[2m:?[0m?[1mpoll?[0m?[2m:?[0m?[1mFramedRead::poll_next?[0m?[2m:?[0m ?[2mh2::codec::framed_read?[0m?[2m:?[0m received ?[3mframe?[0m?[2m=?[0mSettings { flags: (0x0), max_concurrent_streams: 2147483647, initial_window_size: 1048576, max_header_list_size: 8192 }
15:13:28.622 [Thread-5] DEBUG i.pact.plugins.jvm.core.ChildProcess - Plugin protobuf [46348] || ?[2m2023-03-27T09:43:28.620689Z?[0m ?[35mTRACE?[0m tokio-runtime-worker ?[1mrequest?[0m?[1m{?[0m?[3mmethod?[0m?[2m=?[0mPOST ?[3muri?[0m?[2m=?[0mhttp://[::1]:54371/io.pact.plugin.PactPlugin/VerifyInteraction ?[3mversion?[0m?[2m=?[0mHTTP/2.0 ?[3mheaders?[0m?[2m=?[0m{"content-type": "application/grpc", "te": "trailers", "user-agent": "grpc-java-netty/1.49.0", "grpc-accept-encoding": "gzip", "authorization": Sensitive}?[1m}?[0m?[2m:?[0m?[1mConnection?[0m?[1m{?[0m?[3mpeer?[0m?[2m=?[0mClient?[1m}?[0m?[2m:?[0m?[1mpoll?[0m?[2m:?[0m ?[2mh2::proto::connection?[0m?[2m:?[0m recv SETTINGS ?[3mframe?[0m?[2m=?[0mSettings { flags: (0x0), max_concurrent_streams: 2147483647, initial_window_size: 1048576, max_header_list_size: 8192 }
15:13:28.623 [Thread-5] DEBUG i.pact.plugins.jvm.core.ChildProcess - Plugin protobuf [46348] || ?[2m2023-03-27T09:43:28.620738Z?[0m ?[34mDEBUG?[0m tokio-runtime-worker ?[1mrequest?[0m?[1m{?[0m?[3mmethod?[0m?[2m=?[0mPOST ?[3muri?[0m?[2m=?[0mhttp://[::1]:54371/io.pact.plugin.PactPlugin/VerifyInteraction ?[3mversion?[0m?[2m=?[0mHTTP/2.0 ?[3mheaders?[0m?[2m=?[0m{"content-type": "application/grpc", "te": "trailers", "user-agent": "grpc-java-netty/1.49.0", "grpc-accept-encoding": "gzip", "authorization": Sensitive}?[1m}?[0m?[2m:?[0m?[1mConnection?[0m?[1m{?[0m?[3mpeer?[0m?[2m=?[0mClient?[1m}?[0m?[2m:?[0m?[1mpoll?[0m?[2m:?[0m?[1mpoll_ready?[0m?[2m:?[0m?[1mFramedWrite::buffer?[0m?[1m{?[0m?[3mframe?[0m?[2m=?[0mSettings { flags: (0x1: ACK) }?[1m}?[0m?[2m:?[0m ?[2mh2::codec::framed_write?[0m?[2m:?[0m send ?[3mframe?[0m?[2m=?[0mSettings { flags: (0x1: ACK) }
15:13:28.623 [Thread-5] DEBUG i.pact.plugins.jvm.core.ChildProcess - Plugin protobuf [46348] || ?[2m2023-03-27T09:43:28.620760Z?[0m ?[35mTRACE?[0m tokio-runtime-worker ?[1mrequest?[0m?[1m{?[0m?[3mmethod?[0m?[2m=?[0mPOST ?[3muri?[0m?[2m=?[0mhttp://[::1]:54371/io.pact.plugin.PactPlugin/VerifyInteraction ?[3mversion?[0m?[2m=?[0mHTTP/2.0 ?[3mheaders?[0m?[2m=?[0m{"content-type": "application/grpc", "te": "trailers", "user-agent": "grpc-java-netty/1.49.0", "grpc-accept-encoding": "gzip", "authorization": Sensitive}?[1m}?[0m?[2m:?[0m?[1mConnection?[0m?[1m{?[0m?[3mpeer?[0m?[2m=?[0mClient?[1m}?[0m?[2m:?[0m?[1mpoll?[0m?[2m:?[0m?[1mpoll_ready?[0m?[2m:?[0m?[1mFramedWrite::buffer?[0m?[1m{?[0m?[3mframe?[0m?[2m=?[0mSettings { flags: (0x1: ACK) }?[1m}?[0m?[2m:?[0m ?[2mh2::frame::settings?[0m?[2m:?[0m encoding SETTINGS; len=0
15:13:28.623 [Thread-5] DEBUG i.pact.plugins.jvm.core.ChildProcess - Plugin protobuf [46348] || ?[2m2023-03-27T09:43:28.620779Z?[0m ?[35mTRACE?[0m tokio-runtime-worker ?[1mrequest?[0m?[1m{?[0m?[3mmethod?[0m?[2m=?[0mPOST ?[3muri?[0m?[2m=?[0mhttp://[::1]:54371/io.pact.plugin.PactPlugin/VerifyInteraction ?[3mversion?[0m?[2m=?[0mHTTP/2.0 ?[3mheaders?[0m?[2m=?[0m{"content-type": "application/grpc", "te": "trailers", "user-agent": "grpc-java-netty/1.49.0", "grpc-accept-encoding": "gzip", "authorization": Sensitive}?[1m}?[0m?[2m:?[0m?[1mConnection?[0m?[1m{?[0m?[3mpeer?[0m?[2m=?[0mClient?[1m}?[0m?[2m:?[0m?[1mpoll?[0m?[2m:?[0m?[1mpoll_ready?[0m?[2m:?[0m?[1mFramedWrite::buffer?[0m?[1m{?[0m?[3mframe?[0m?[2m=?[0mSettings { flags: (0x1: ACK) }?[1m}?[0m?[2m:?[0m ?[2mh2::codec::framed_write?[0m?[2m:?[0m encoded settings ?[3mrem?[0m?[2m=?[0m9
15:13:28.624 [Thread-5] DEBUG i.pact.plugins.jvm.core.ChildProcess - Plugin protobuf [46348] || ?[2m2023-03-27T09:43:28.620806Z?[0m ?[35mTRACE?[0m tokio-runtime-worker ?[1mrequest?[0m?[1m{?[0m?[3mmethod?[0m?[2m=?[0mPOST ?[3muri?[0m?[2m=?[0mhttp://[::1]:54371/io.pact.plugin.PactPlugin/VerifyInteraction ?[3mversion?[0m?[2m=?[0mHTTP/2.0 ?[3mheaders?[0m?[2m=?[0m{"content-type": "application/grpc", "te": "trailers", "user-agent": "grpc-java-netty/1.49.0", "grpc-accept-encoding": "gzip", "authorization": Sensitive}?[1m}?[0m?[2m:?[0m?[1mConnection?[0m?[1m{?[0m?[3mpeer?[0m?[2m=?[0mClient?[1m}?[0m?[2m:?[0m?[1mpoll?[0m?[2m:?[0m?[1mpoll_ready?[0m?[2m:?[0m ?[2mh2::proto::settings?[0m?[2m:?[0m ACK sent; applying settings
15:13:28.626 [Thread-5] DEBUG i.pact.plugins.jvm.core.ChildProcess - Plugin protobuf [46348] || ?[2m2023-03-27T09:43:28.620879Z?[0m ?[35mTRACE?[0m tokio-runtime-worker ?[1mrequest?[0m?[1m{?[0m?[3mmethod?[0m?[2m=?[0mPOST ?[3muri?[0m?[2m=?[0mhttp://[::1]:54371/io.pact.plugin.PactPlugin/VerifyInteraction ?[3mversion?[0m?[2m=?[0mHTTP/2.0 ?[3mheaders?[0m?[2m=?[0m{"content-type": "application/grpc", "te": "trailers", "user-agent": "grpc-java-netty/1.49.0", "grpc-accept-encoding": "gzip", "authorization": Sensitive}?[1m}?[0m?[2m:?[0m?[1mConnection?[0m?[1m{?[0m?[3mpeer?[0m?[2m=?[0mClient?[1m}?[0m?[2m:?[0m?[1mpoll?[0m?[2m:?[0m?[1mFramedRead::poll_next?[0m?[2m:?[0m ?[2mh2::codec::framed_read?[0m?[2m:?[0m poll
15:13:28.627 [Thread-5] DEBUG i.pact.plugins.jvm.core.ChildProcess - Plugin protobuf [46348] || ?[2m2023-03-27T09:43:28.620899Z?[0m ?[35mTRACE?[0m tokio-runtime-worker ?[1mrequest?[0m?[1m{?[0m?[3mmethod?[0m?[2m=?[0mPOST ?[3muri?[0m?[2m=?[0mhttp://[::1]:54371/io.pact.plugin.PactPlugin/VerifyInteraction ?[3mversion?[0m?[2m=?[0mHTTP/2.0 ?[3mheaders?[0m?[2m=?[0m{"content-type": "application/grpc", "te": "trailers", "user-agent": "grpc-java-netty/1.49.0", "grpc-accept-encoding": "gzip", "authorization": Sensitive}?[1m}?[0m?[2m:?[0m?[1mConnection?[0m?[1m{?[0m?[3mpeer?[0m?[2m=?[0mClient?[1m}?[0m?[2m:?[0m?[1mpoll?[0m?[2m:?[0m?[1mFramedRead::poll_next?[0m?[2m:?[0m ?[2mtokio_util::codec::framed_impl?[0m?[2m:?[0m attempting to decode a frame
15:13:28.627 [Thread-5] DEBUG i.pact.plugins.jvm.core.ChildProcess - Plugin protobuf [46348] || ?[2m2023-03-27T09:43:28.620917Z?[0m ?[35mTRACE?[0m tokio-runtime-worker ?[1mrequest?[0m?[1m{?[0m?[3mmethod?[0m?[2m=?[0mPOST ?[3muri?[0m?[2m=?[0mhttp://[::1]:54371/io.pact.plugin.PactPlugin/VerifyInteraction ?[3mversion?[0m?[2m=?[0mHTTP/2.0 ?[3mheaders?[0m?[2m=?[0m{"content-type": "application/grpc", "te": "trailers", "user-agent": "grpc-java-netty/1.49.0", "grpc-accept-encoding": "gzip", "authorization": Sensitive}?[1m}?[0m?[2m:?[0m?[1mConnection?[0m?[1m{?[0m?[3mpeer?[0m?[2m=?[0mClient?[1m}?[0m?[2m:?[0m?[1mpoll?[0m?[2m:?[0m?[1mFramedRead::poll_next?[0m?[2m:?[0m ?[2mtokio_util::codec::framed_impl?[0m?[2m:?[0m frame decoded from buffer
15:13:28.628 [Thread-5] DEBUG i.pact.plugins.jvm.core.ChildProcess - Plugin protobuf [46348] || ?[2m2023-03-27T09:43:28.620933Z?[0m ?[35mTRACE?[0m tokio-runtime-worker ?[1mrequest?[0m?[1m{?[0m?[3mmethod?[0m?[2m=?[0mPOST ?[3muri?[0m?[2m=?[0mhttp://[::1]:54371/io.pact.plugin.PactPlugin/VerifyInteraction ?[3mversion?[0m?[2m=?[0mHTTP/2.0 ?[3mheaders?[0m?[2m=?[0m{"content-type": "application/grpc", "te": "trailers", "user-agent": "grpc-java-netty/1.49.0", "grpc-accept-encoding": "gzip", "authorization": Sensitive}?[1m}?[0m?[2m:?[0m?[1mConnection?[0m?[1m{?[0m?[3mpeer?[0m?[2m=?[0mClient?[1m}?[0m?[2m:?[0m?[1mpoll?[0m?[2m:?[0m?[1mFramedRead::poll_next?[0m?[2m:?[0m ?[2mh2::codec::framed_read?[0m?[2m:?[0m ?[3mread.bytes?[0m?[2m=?[0m13
15:13:28.628 [Thread-5] DEBUG i.pact.plugins.jvm.core.ChildProcess - Plugin protobuf [46348] || ?[2m2023-03-27T09:43:28.620961Z?[0m ?[35mTRACE?[0m tokio-runtime-worker ?[1mrequest?[0m?[1m{?[0m?[3mmethod?[0m?[2m=?[0mPOST ?[3muri?[0m?[2m=?[0mhttp://[::1]:54371/io.pact.plugin.PactPlugin/VerifyInteraction ?[3mversion?[0m?[2m=?[0mHTTP/2.0 ?[3mheaders?[0m?[2m=?[0m{"content-type": "application/grpc", "te": "trailers", "user-agent": "grpc-java-netty/1.49.0", "grpc-accept-encoding": "gzip", "authorization": Sensitive}?[1m}?[0m?[2m:?[0m?[1mConnection?[0m?[1m{?[0m?[3mpeer?[0m?[2m=?[0mClient?[1m}?[0m?[2m:?[0m?[1mpoll?[0m?[2m:?[0m?[1mFramedRead::poll_next?[0m?[2m:?[0m?[1mFramedRead::decode_frame?[0m?[1m{?[0m?[3moffset?[0m?[2m=?[0m13?[1m}?[0m?[2m:?[0m ?[2mh2::codec::framed_read?[0m?[2m:?[0m decoding frame from 13B
15:13:28.628 [Thread-5] DEBUG i.pact.plugins.jvm.core.ChildProcess - Plugin protobuf [46348] || ?[2m2023-03-27T09:43:28.620980Z?[0m ?[35mTRACE?[0m tokio-runtime-worker ?[1mrequest?[0m?[1m{?[0m?[3mmethod?[0m?[2m=?[0mPOST ?[3muri?[0m?[2m=?[0mhttp://[::1]:54371/io.pact.plugin.PactPlugin/VerifyInteraction ?[3mversion?[0m?[2m=?[0mHTTP/2.0 ?[3mheaders?[0m?[2m=?[0m{"content-type": "application/grpc", "te": "trailers", "user-agent": "grpc-java-netty/1.49.0", "grpc-accept-encoding": "gzip", "authorization": Sensitive}?[1m}?[0m?[2m:?[0m?[1mConnection?[0m?[1m{?[0m?[3mpeer?[0m?[2m=?[0mClient?[1m}?[0m?[2m:?[0m?[1mpoll?[0m?[2m:?[0m?[1mFramedRead::poll_next?[0m?[2m:?[0m?[1mFramedRead::decode_frame?[0m?[1m{?[0m?[3moffset?[0m?[2m=?[0m13?[1m}?[0m?[2m:?[0m ?[2mh2::codec::framed_read?[0m?[2m:?[0m ?[3mframe.kind?[0m?[2m=?[0mWindowUpdate
15:13:28.628 [Thread-5] DEBUG i.pact.plugins.jvm.core.ChildProcess - Plugin protobuf [46348] || ?[2m2023-03-27T09:43:28.621007Z?[0m ?[34mDEBUG?[0m tokio-runtime-worker ?[1mrequest?[0m?[1m{?[0m?[3mmethod?[0m?[2m=?[0mPOST ?[3muri?[0m?[2m=?[0mhttp://[::1]:54371/io.pact.plugin.PactPlugin/VerifyInteraction ?[3mversion?[0m?[2m=?[0mHTTP/2.0 ?[3mheaders?[0m?[2m=?[0m{"content-type": "application/grpc", "te": "trailers", "user-agent": "grpc-java-netty/1.49.0", "grpc-accept-encoding": "gzip", "authorization": Sensitive}?[1m}?[0m?[2m:?[0m?[1mConnection?[0m?[1m{?[0m?[3mpeer?[0m?[2m=?[0mClient?[1m}?[0m?[2m:?[0m?[1mpoll?[0m?[2m:?[0m?[1mFramedRead::poll_next?[0m?[2m:?[0m ?[2mh2::codec::framed_read?[0m?[2m:?[0m received ?[3mframe?[0m?[2m=?[0mWindowUpdate { stream_id: StreamId(0), size_increment: 983041 }
15:13:28.629 [Thread-5] DEBUG i.pact.plugins.jvm.core.ChildProcess - Plugin protobuf [46348] || ?[2m2023-03-27T09:43:28.621037Z?[0m ?[35mTRACE?[0m tokio-runtime-worker ?[1mrequest?[0m?[1m{?[0m?[3mmethod?[0m?[2m=?[0mPOST ?[3muri?[0m?[2m=?[0mhttp://[::1]:54371/io.pact.plugin.PactPlugin/VerifyInteraction ?[3mversion?[0m?[2m=?[0mHTTP/2.0 ?[3mheaders?[0m?[2m=?[0m{"content-type": "application/grpc", "te": "trailers", "user-agent": "grpc-java-netty/1.49.0", "grpc-accept-encoding": "gzip", "authorization": Sensitive}?[1m}?[0m?[2m:?[0m?[1mConnection?[0m?[1m{?[0m?[3mpeer?[0m?[2m=?[0mClient?[1m}?[0m?[2m:?[0m?[1mpoll?[0m?[2m:?[0m ?[2mh2::proto::connection?[0m?[2m:?[0m recv WINDOW_UPDATE ?[3mframe?[0m?[2m=?[0mWindowUpdate { stream_id: StreamId(0), size_increment: 983041 }
15:13:28.629 [Thread-5] DEBUG i.pact.plugins.jvm.core.ChildProcess - Plugin protobuf [46348] || ?[2m2023-03-27T09:43:28.621062Z?[0m ?[35mTRACE?[0m tokio-runtime-worker ?[1mrequest?[0m?[1m{?[0m?[3mmethod?[0m?[2m=?[0mPOST ?[3muri?[0m?[2m=?[0mhttp://[::1]:54371/io.pact.plugin.PactPlugin/VerifyInteraction ?[3mversion?[0m?[2m=?[0mHTTP/2.0 ?[3mheaders?[0m?[2m=?[0m{"content-type": "application/grpc", "te": "trailers", "user-agent": "grpc-java-netty/1.49.0", "grpc-accept-encoding": "gzip", "authorization": Sensitive}?[1m}?[0m?[2m:?[0m?[1mConnection?[0m?[1m{?[0m?[3mpeer?[0m?[2m=?[0mClient?[1m}?[0m?[2m:?[0m?[1mpoll?[0m?[2m:?[0m ?[2mh2::proto::streams::flow_control?[0m?[2m:?[0m inc_window; sz=983041; old=65518; new=1048559
15:13:28.629 [Thread-5] DEBUG i.pact.plugins.jvm.core.ChildProcess - Plugin protobuf [46348] || ?[2m2023-03-27T09:43:28.621126Z?[0m ?[35mTRACE?[0m tokio-runtime-worker ?[1mrequest?[0m?[1m{?[0m?[3mmethod?[0m?[2m=?[0mPOST ?[3muri?[0m?[2m=?[0mhttp://[::1]:54371/io.pact.plugin.PactPlugin/VerifyInteraction ?[3mversion?[0m?[2m=?[0mHTTP/2.0 ?[3mheaders?[0m?[2m=?[0m{"content-type": "application/grpc", "te": "trailers", "user-agent": "grpc-java-netty/1.49.0", "grpc-accept-encoding": "gzip", "authorization": Sensitive}?[1m}?[0m?[2m:?[0m?[1mConnection?[0m?[1m{?[0m?[3mpeer?[0m?[2m=?[0mClient?[1m}?[0m?[2m:?[0m?[1mpoll?[0m?[2m:?[0m?[1mFramedRead::poll_next?[0m?[2m:?[0m ?[2mh2::codec::framed_read?[0m?[2m:?[0m poll
15:13:28.629 [Thread-5] DEBUG i.pact.plugins.jvm.core.ChildProcess - Plugin protobuf [46348] || ?[2m2023-03-27T09:43:28.621143Z?[0m ?[35mTRACE?[0m tokio-runtime-worker ?[1mrequest?[0m?[1m{?[0m?[3mmethod?[0m?[2m=?[0mPOST ?[3muri?[0m?[2m=?[0mhttp://[::1]:54371/io.pact.plugin.PactPlugin/VerifyInteraction ?[3mversion?[0m?[2m=?[0mHTTP/2.0 ?[3mheaders?[0m?[2m=?[0m{"content-type": "application/grpc", "te": "trailers", "user-agent": "grpc-java-netty/1.49.0", "grpc-accept-encoding": "gzip", "authorization": Sensitive}?[1m}?[0m?[2m:?[0m?[1mConnection?[0m?[1m{?[0m?[3mpeer?[0m?[2m=?[0mClient?[1m}?[0m?[2m:?[0m?[1mpoll?[0m?[2m:?[0m?[1mFramedRead::poll_next?[0m?[2m:?[0m ?[2mtokio_util::codec::framed_impl?[0m?[2m:?[0m attempting to decode a frame
15:13:28.629 [Thread-5] DEBUG i.pact.plugins.jvm.core.ChildProcess - Plugin protobuf [46348] || ?[2m2023-03-27T09:43:28.621192Z?[0m ?[35mTRACE?[0m tokio-runtime-worker ?[1mrequest?[0m?[1m{?[0m?[3mmethod?[0m?[2m=?[0mPOST ?[3muri?[0m?[2m=?[0mhttp://[::1]:54371/io.pact.plugin.PactPlugin/VerifyInteraction ?[3mversion?[0m?[2m=?[0mHTTP/2.0 ?[3mheaders?[0m?[2m=?[0m{"content-type": "application/grpc", "te": "trailers", "user-agent": "grpc-java-netty/1.49.0", "grpc-accept-encoding": "gzip", "authorization": Sensitive}?[1m}?[0m?[2m:?[0m?[1mConnection?[0m?[1m{?[0m?[3mpeer?[0m?[2m=?[0mClient?[1m}?[0m?[2m:?[0m?[1mpoll?[0m?[2m:?[0m ?[2mh2::proto::streams::prioritize?[0m?[2m:?[0m poll_complete
15:13:28.629 [Thread-5] DEBUG i.pact.plugins.jvm.core.ChildProcess - Plugin protobuf [46348] || ?[2m2023-03-27T09:43:28.621210Z?[0m ?[35mTRACE?[0m tokio-runtime-worker ?[1mrequest?[0m?[1m{?[0m?[3mmethod?[0m?[2m=?[0mPOST ?[3muri?[0m?[2m=?[0mhttp://[::1]:54371/io.pact.plugin.PactPlugin/VerifyInteraction ?[3mversion?[0m?[2m=?[0mHTTP/2.0 ?[3mheaders?[0m?[2m=?[0m{"content-type": "application/grpc", "te": "trailers", "user-agent": "grpc-java-netty/1.49.0", "grpc-accept-encoding": "gzip", "authorization": Sensitive}?[1m}?[0m?[2m:?[0m?[1mConnection?[0m?[1m{?[0m?[3mpeer?[0m?[2m=?[0mClient?[1m}?[0m?[2m:?[0m?[1mpoll?[0m?[2m:?[0m ?[2mh2::proto::streams::prioritize?[0m?[2m:?[0m schedule_pending_open
15:13:28.629 [Thread-5] DEBUG i.pact.plugins.jvm.core.ChildProcess - Plugin protobuf [46348] || ?[2m2023-03-27T09:43:28.621251Z?[0m ?[35mTRACE?[0m tokio-runtime-worker ?[1mrequest?[0m?[1m{?[0m?[3mmethod?[0m?[2m=?[0mPOST ?[3muri?[0m?[2m=?[0mhttp://[::1]:54371/io.pact.plugin.PactPlugin/VerifyInteraction ?[3mversion?[0m?[2m=?[0mHTTP/2.0 ?[3mheaders?[0m?[2m=?[0m{"content-type": "application/grpc", "te": "trailers", "user-agent": "grpc-java-netty/1.49.0", "grpc-accept-encoding": "gzip", "authorization": Sensitive}?[1m}?[0m?[2m:?[0m?[1mConnection?[0m?[1m{?[0m?[3mpeer?[0m?[2m=?[0mClient?[1m}?[0m?[2m:?[0m?[1mpoll?[0m?[2m:?[0m?[1mFramedWrite::flush?[0m?[2m:?[0m ?[2mh2::codec::framed_write?[0m?[2m:?[0m ?[3mqueued_data_frame?[0m?[2m=?[0mfalse
15:13:28.629 [Thread-5] DEBUG i.pact.plugins.jvm.core.ChildProcess - Plugin protobuf [46348] || ?[2m2023-03-27T09:43:28.621293Z?[0m ?[35mTRACE?[0m tokio-runtime-worker ?[1mrequest?[0m?[1m{?[0m?[3mmethod?[0m?[2m=?[0mPOST ?[3muri?[0m?[2m=?[0mhttp://[::1]:54371/io.pact.plugin.PactPlugin/VerifyInteraction ?[3mversion?[0m?[2m=?[0mHTTP/2.0 ?[3mheaders?[0m?[2m=?[0m{"content-type": "application/grpc", "te": "trailers", "user-agent": "grpc-java-netty/1.49.0", "grpc-accept-encoding": "gzip", "authorization": Sensitive}?[1m}?[0m?[2m:?[0m?[1mConnection?[0m?[1m{?[0m?[3mpeer?[0m?[2m=?[0mClient?[1m}?[0m?[2m:?[0m?[1mpoll?[0m?[2m:?[0m?[1mFramedWrite::flush?[0m?[2m:?[0m ?[2mh2::codec::framed_write?[0m?[2m:?[0m flushing buffer
15:13:28.692 [Thread-5] DEBUG i.pact.plugins.jvm.core.ChildProcess - Plugin protobuf [46348] || ?[2m2023-03-27T09:43:28.692188Z?[0m ?[35mTRACE?[0m tokio-runtime-worker ?[1mrequest?[0m?[1m{?[0m?[3mmethod?[0m?[2m=?[0mPOST ?[3muri?[0m?[2m=?[0mhttp://[::1]:54371/io.pact.plugin.PactPlugin/VerifyInteraction ?[3mversion?[0m?[2m=?[0mHTTP/2.0 ?[3mheaders?[0m?[2m=?[0m{"content-type": "application/grpc", "te": "trailers", "user-agent": "grpc-java-netty/1.49.0", "grpc-accept-encoding": "gzip", "authorization": Sensitive}?[1m}?[0m?[2m:?[0m?[1mConnection?[0m?[1m{?[0m?[3mpeer?[0m?[2m=?[0mClient?[1m}?[0m?[2m:?[0m?[1mpoll?[0m?[2m:?[0m ?[2mh2::proto::connection?[0m?[2m:?[0m ?[3mconnection.state?[0m?[2m=?[0mOpen
15:13:28.692 [Thread-5] DEBUG i.pact.plugins.jvm.core.ChildProcess - Plugin protobuf [46348] || ?[2m2023-03-27T09:43:28.692257Z?[0m ?[35mTRACE?[0m tokio-runtime-worker ?[1mrequest?[0m?[1m{?[0m?[3mmethod?[0m?[2m=?[0mPOST ?[3muri?[0m?[2m=?[0mhttp://[::1]:54371/io.pact.plugin.PactPlugin/VerifyInteraction ?[3mversion?[0m?[2m=?[0mHTTP/2.0 ?[3mheaders?[0m?[2m=?[0m{"content-type": "application/grpc", "te": "trailers", "user-agent": "grpc-java-netty/1.49.0", "grpc-accept-encoding": "gzip", "authorization": Sensitive}?[1m}?[0m?[2m:?[0m?[1mConnection?[0m?[1m{?[0m?[3mpeer?[0m?[2m=?[0mClient?[1m}?[0m?[2m:?[0m?[1mpoll?[0m?[2m:?[0m?[1mFramedRead::poll_next?[0m?[2m:?[0m ?[2mh2::codec::framed_read?[0m?[2m:?[0m poll
15:13:28.692 [Thread-5] DEBUG i.pact.plugins.jvm.core.ChildProcess - Plugin protobuf [46348] || ?[2m2023-03-27T09:43:28.692288Z?[0m ?[35mTRACE?[0m tokio-runtime-worker ?[1mrequest?[0m?[1m{?[0m?[3mmethod?[0m?[2m=?[0mPOST ?[3muri?[0m?[2m=?[0mhttp://[::1]:54371/io.pact.plugin.PactPlugin/VerifyInteraction ?[3mversion?[0m?[2m=?[0mHTTP/2.0 ?[3mheaders?[0m?[2m=?[0m{"content-type": "application/grpc", "te": "trailers", "user-agent": "grpc-java-netty/1.49.0", "grpc-accept-encoding": "gzip", "authorization": Sensitive}?[1m}?[0m?[2m:?[0m?[1mConnection?[0m?[1m{?[0m?[3mpeer?[0m?[2m=?[0mClient?[1m}?[0m?[2m:?[0m?[1mpoll?[0m?[2m:?[0m?[1mFramedRead::poll_next?[0m?[2m:?[0m ?[2mtokio_util::codec::framed_impl?[0m?[2m:?[0m attempting to decode a frame
15:13:28.692 [Thread-5] DEBUG i.pact.plugins.jvm.core.ChildProcess - Plugin protobuf [46348] || ?[2m2023-03-27T09:43:28.692309Z?[0m ?[35mTRACE?[0m tokio-runtime-worker ?[1mrequest?[0m?[1m{?[0m?[3mmethod?[0m?[2m=?[0mPOST ?[3muri?[0m?[2m=?[0mhttp://[::1]:54371/io.pact.plugin.PactPlugin/VerifyInteraction ?[3mversion?[0m?[2m=?[0mHTTP/2.0 ?[3mheaders?[0m?[2m=?[0m{"content-type": "application/grpc", "te": "trailers", "user-agent": "grpc-java-netty/1.49.0", "grpc-accept-encoding": "gzip", "authorization": Sensitive}?[1m}?[0m?[2m:?[0m?[1mConnection?[0m?[1m{?[0m?[3mpeer?[0m?[2m=?[0mClient?[1m}?[0m?[2m:?[0m?[1mpoll?[0m?[2m:?[0m?[1mFramedRead::poll_next?[0m?[2m:?[0m ?[2mtokio_util::codec::framed_impl?[0m?[2m:?[0m frame decoded from buffer
15:13:28.692 [Thread-5] DEBUG i.pact.plugins.jvm.core.ChildProcess - Plugin protobuf [46348] || ?[2m2023-03-27T09:43:28.692325Z?[0m ?[35mTRACE?[0m tokio-runtime-worker ?[1mrequest?[0m?[1m{?[0m?[3mmethod?[0m?[2m=?[0mPOST ?[3muri?[0m?[2m=?[0mhttp://[::1]:54371/io.pact.plugin.PactPlugin/VerifyInteraction ?[3mversion?[0m?[2m=?[0mHTTP/2.0 ?[3mheaders?[0m?[2m=?[0m{"content-type": "application/grpc", "te": "trailers", "user-agent": "grpc-java-netty/1.49.0", "grpc-accept-encoding": "gzip", "authorization": Sensitive}?[1m}?[0m?[2m:?[0m?[1mConnection?[0m?[1m{?[0m?[3mpeer?[0m?[2m=?[0mClient?[1m}?[0m?[2m:?[0m?[1mpoll?[0m?[2m:?[0m?[1mFramedRead::poll_next?[0m?[2m:?[0m ?[2mh2::codec::framed_read?[0m?[2m:?[0m ?[3mread.bytes?[0m?[2m=?[0m9
15:13:28.692 [Thread-5] DEBUG i.pact.plugins.jvm.core.ChildProcess - Plugin protobuf [46348] || ?[2m2023-03-27T09:43:28.692353Z?[0m ?[35mTRACE?[0m tokio-runtime-worker ?[1mrequest?[0m?[1m{?[0m?[3mmethod?[0m?[2m=?[0mPOST ?[3muri?[0m?[2m=?[0mhttp://[::1]:54371/io.pact.plugin.PactPlugin/VerifyInteraction ?[3mversion?[0m?[2m=?[0mHTTP/2.0 ?[3mheaders?[0m?[2m=?[0m{"content-type": "application/grpc", "te": "trailers", "user-agent": "grpc-java-netty/1.49.0", "grpc-accept-encoding": "gzip", "authorization": Sensitive}?[1m}?[0m?[2m:?[0m?[1mConnection?[0m?[1m{?[0m?[3mpeer?[0m?[2m=?[0mClient?[1m}?[0m?[2m:?[0m?[1mpoll?[0m?[2m:?[0m?[1mFramedRead::poll_next?[0m?[2m:?[0m?[1mFramedRead::decode_frame?[0m?[1m{?[0m?[3moffset?[0m?[2m=?[0m9?[1m}?[0m?[2m:?[0m ?[2mh2::codec::framed_read?[0m?[2m:?[0m decoding frame from 9B
15:13:28.693 [Thread-5] DEBUG i.pact.plugins.jvm.core.ChildProcess - Plugin protobuf [46348] || ?[2m2023-03-27T09:43:28.692370Z?[0m ?[35mTRACE?[0m tokio-runtime-worker ?[1mrequest?[0m?[1m{?[0m?[3mmethod?[0m?[2m=?[0mPOST ?[3muri?[0m?[2m=?[0mhttp://[::1]:54371/io.pact.plugin.PactPlugin/VerifyInteraction ?[3mversion?[0m?[2m=?[0mHTTP/2.0 ?[3mheaders?[0m?[2m=?[0m{"content-type": "application/grpc", "te": "trailers", "user-agent": "grpc-java-netty/1.49.0", "grpc-accept-encoding": "gzip", "authorization": Sensitive}?[1m}?[0m?[2m:?[0m?[1mConnection?[0m?[1m{?[0m?[3mpeer?[0m?[2m=?[0mClient?[1m}?[0m?[2m:?[0m?[1mpoll?[0m?[2m:?[0m?[1mFramedRead::poll_next?[0m?[2m:?[0m?[1mFramedRead::decode_frame?[0m?[1m{?[0m?[3moffset?[0m?[2m=?[0m9?[1m}?[0m?[2m:?[0m ?[2mh2::codec::framed_read?[0m?[2m:?[0m ?[3mframe.kind?[0m?[2m=?[0mSettings
15:13:28.693 [Thread-5] DEBUG i.pact.plugins.jvm.core.ChildProcess - Plugin protobuf [46348] || ?[2m2023-03-27T09:43:28.692399Z?[0m ?[34mDEBUG?[0m tokio-runtime-worker ?[1mrequest?[0m?[1m{?[0m?[3mmethod?[0m?[2m=?[0mPOST ?[3muri?[0m?[2m=?[0mhttp://[::1]:54371/io.pact.plugin.PactPlugin/VerifyInteraction ?[3mversion?[0m?[2m=?[0mHTTP/2.0 ?[3mheaders?[0m?[2m=?[0m{"content-type": "application/grpc", "te": "trailers", "user-agent": "grpc-java-netty/1.49.0", "grpc-accept-encoding": "gzip", "authorization": Sensitive}?[1m}?[0m?[2m:?[0m?[1mConnection?[0m?[1m{?[0m?[3mpeer?[0m?[2m=?[0mClient?[1m}?[0m?[2m:?[0m?[1mpoll?[0m?[2m:?[0m?[1mFramedRead::poll_next?[0m?[2m:?[0m ?[2mh2::codec::framed_read?[0m?[2m:?[0m received ?[3mframe?[0m?[2m=?[0mSettings { flags: (0x1: ACK) }
15:13:28.693 [Thread-5] DEBUG i.pact.plugins.jvm.core.ChildProcess - Plugin protobuf [46348] || ?[2m2023-03-27T09:43:28.692428Z?[0m ?[35mTRACE?[0m tokio-runtime-worker ?[1mrequest?[0m?[1m{?[0m?[3mmethod?[0m?[2m=?[0mPOST ?[3muri?[0m?[2m=?[0mhttp://[::1]:54371/io.pact.plugin.PactPlugin/VerifyInteraction ?[3mversion?[0m?[2m=?[0mHTTP/2.0 ?[3mheaders?[0m?[2m=?[0m{"content-type": "application/grpc", "te": "trailers", "user-agent": "grpc-java-netty/1.49.0", "grpc-accept-encoding": "gzip", "authorization": Sensitive}?[1m}?[0m?[2m:?[0m?[1mConnection?[0m?[1m{?[0m?[3mpeer?[0m?[2m=?[0mClient?[1m}?[0m?[2m:?[0m?[1mpoll?[0m?[2m:?[0m ?[2mh2::proto::connection?[0m?[2m:?[0m recv SETTINGS ?[3mframe?[0m?[2m=?[0mSettings { flags: (0x1: ACK) }
15:13:28.693 [Thread-5] DEBUG i.pact.plugins.jvm.core.ChildProcess - Plugin protobuf [46348] || ?[2m2023-03-27T09:43:28.692447Z?[0m ?[34mDEBUG?[0m tokio-runtime-worker ?[1mrequest?[0m?[1m{?[0m?[3mmethod?[0m?[2m=?[0mPOST ?[3muri?[0m?[2m=?[0mhttp://[::1]:54371/io.pact.plugin.PactPlugin/VerifyInteraction ?[3mversion?[0m?[2m=?[0mHTTP/2.0 ?[3mheaders?[0m?[2m=?[0m{"content-type": "application/grpc", "te": "trailers", "user-agent": "grpc-java-netty/1.49.0", "grpc-accept-encoding": "gzip", "authorization": Sensitive}?[1m}?[0m?[2m:?[0m?[1mConnection?[0m?[1m{?[0m?[3mpeer?[0m?[2m=?[0mClient?[1m}?[0m?[2m:?[0m?[1mpoll?[0m?[2m:?[0m ?[2mh2::proto::settings?[0m?[2m:?[0m received settings ACK; applying Settings { flags: (0x0), enable_push: 0, initial_window_size: 2097152, max_frame_size: 16384 }
15:13:28.693 [Thread-5] DEBUG i.pact.plugins.jvm.core.ChildProcess - Plugin protobuf [46348] || ?[2m2023-03-27T09:43:28.692466Z?[0m ?[35mTRACE?[0m tokio-runtime-worker ?[1mrequest?[0m?[1m{?[0m?[3mmethod?[0m?[2m=?[0mPOST ?[3muri?[0m?[2m=?[0mhttp://[::1]:54371/io.pact.plugin.PactPlugin/VerifyInteraction ?[3mversion?[0m?[2m=?[0mHTTP/2.0 ?[3mheaders?[0m?[2m=?[0m{"content-type": "application/grpc", "te": "trailers", "user-agent": "grpc-java-netty/1.49.0", "grpc-accept-encoding": "gzip", "authorization": Sensitive}?[1m}?[0m?[2m:?[0m?[1mConnection?[0m?[1m{?[0m?[3mpeer?[0m?[2m=?[0mClient?[1m}?[0m?[2m:?[0m?[1mpoll?[0m?[2m:?[0m ?[2mh2::proto::streams::recv?[0m?[2m:?[0m update_initial_window_size; new=2097152; old=2097152
15:13:28.693 [Thread-5] DEBUG i.pact.plugins.jvm.core.ChildProcess - Plugin protobuf [46348] || ?[2m2023-03-27T09:43:28.692511Z?[0m ?[35mTRACE?[0m tokio-runtime-worker ?[1mrequest?[0m?[1m{?[0m?[3mmethod?[0m?[2m=?[0mPOST ?[3muri?[0m?[2m=?[0mhttp://[::1]:54371/io.pact.plugin.PactPlugin/VerifyInteraction ?[3mversion?[0m?[2m=?[0mHTTP/2.0 ?[3mheaders?[0m?[2m=?[0m{"content-type": "application/grpc", "te": "trailers", "user-agent": "grpc-java-netty/1.49.0", "grpc-accept-encoding": "gzip", "authorization": Sensitive}?[1m}?[0m?[2m:?[0m?[1mConnection?[0m?[1m{?[0m?[3mpeer?[0m?[2m=?[0mClient?[1m}?[0m?[2m:?[0m?[1mpoll?[0m?[2m:?[0m?[1mFramedRead::poll_next?[0m?[2m:?[0m ?[2mh2::codec::framed_read?[0m?[2m:?[0m poll
15:13:28.693 [Thread-5] DEBUG i.pact.plugins.jvm.core.ChildProcess - Plugin protobuf [46348] || ?[2m2023-03-27T09:43:28.692533Z?[0m ?[35mTRACE?[0m tokio-runtime-worker ?[1mrequest?[0m?[1m{?[0m?[3mmethod?[0m?[2m=?[0mPOST ?[3muri?[0m?[2m=?[0mhttp://[::1]:54371/io.pact.plugin.PactPlugin/VerifyInteraction ?[3mversion?[0m?[2m=?[0mHTTP/2.0 ?[3mheaders?[0m?[2m=?[0m{"content-type": "application/grpc", "te": "trailers", "user-agent": "grpc-java-netty/1.49.0", "grpc-accept-encoding": "gzip", "authorization": Sensitive}?[1m}?[0m?[2m:?[0m?[1mConnection?[0m?[1m{?[0m?[3mpeer?[0m?[2m=?[0mClient?[1m}?[0m?[2m:?[0m?[1mpoll?[0m?[2m:?[0m?[1mFramedRead::poll_next?[0m?[2m:?[0m ?[2mtokio_util::codec::framed_impl?[0m?[2m:?[0m attempting to decode a frame
15:13:28.693 [Thread-5] DEBUG i.pact.plugins.jvm.core.ChildProcess - Plugin protobuf [46348] || ?[2m2023-03-27T09:43:28.692548Z?[0m ?[35mTRACE?[0m tokio-runtime-worker ?[1mrequest?[0m?[1m{?[0m?[3mmethod?[0m?[2m=?[0mPOST ?[3muri?[0m?[2m=?[0mhttp://[::1]:54371/io.pact.plugin.PactPlugin/VerifyInteraction ?[3mversion?[0m?[2m=?[0mHTTP/2.0 ?[3mheaders?[0m?[2m=?[0m{"content-type": "application/grpc", "te": "trailers", "user-agent": "grpc-java-netty/1.49.0", "grpc-accept-encoding": "gzip", "authorization": Sensitive}?[1m}?[0m?[2m:?[0m?[1mConnection?[0m?[1m{?[0m?[3mpeer?[0m?[2m=?[0mClient?[1m}?[0m?[2m:?[0m?[1mpoll?[0m?[2m:?[0m?[1mFramedRead::poll_next?[0m?[2m:?[0m ?[2mtokio_util::codec::framed_impl?[0m?[2m:?[0m frame decoded from buffer
15:13:28.693 [Thread-5] DEBUG i.pact.plugins.jvm.core.ChildProcess - Plugin protobuf [46348] || ?[2m2023-03-27T09:43:28.692562Z?[0m ?[35mTRACE?[0m tokio-runtime-worker ?[1mrequest?[0m?[1m{?[0m?[3mmethod?[0m?[2m=?[0mPOST ?[3muri?[0m?[2m=?[0mhttp://[::1]:54371/io.pact.plugin.PactPlugin/VerifyInteraction ?[3mversion?[0m?[2m=?[0mHTTP/2.0 ?[3mheaders?[0m?[2m=?[0m{"content-type": "application/grpc", "te": "trailers", "user-agent": "grpc-java-netty/1.49.0", "grpc-accept-encoding": "gzip", "authorization": Sensitive}?[1m}?[0m?[2m:?[0m?[1mConnection?[0m?[1m{?[0m?[3mpeer?[0m?[2m=?[0mClient?[1m}?[0m?[2m:?[0m?[1mpoll?[0m?[2m:?[0m?[1mFramedRead::poll_next?[0m?[2m:?[0m ?[2mh2::codec::framed_read?[0m?[2m:?[0m ?[3mread.bytes?[0m?[2m=?[0m17
15:13:28.693 [Thread-5] DEBUG i.pact.plugins.jvm.core.ChildProcess - Plugin protobuf [46348] || ?[2m2023-03-27T09:43:28.692586Z?[0m ?[35mTRACE?[0m tokio-runtime-worker ?[1mrequest?[0m?[1m{?[0m?[3mmethod?[0m?[2m=?[0mPOST ?[3muri?[0m?[2m=?[0mhttp://[::1]:54371/io.pact.plugin.PactPlugin/VerifyInteraction ?[3mversion?[0m?[2m=?[0mHTTP/2.0 ?[3mheaders?[0m?[2m=?[0m{"content-type": "application/grpc", "te": "trailers", "user-agent": "grpc-java-netty/1.49.0", "grpc-accept-encoding": "gzip", "authorization": Sensitive}?[1m}?[0m?[2m:?[0m?[1mConnection?[0m?[1m{?[0m?[3mpeer?[0m?[2m=?[0mClient?[1m}?[0m?[2m:?[0m?[1mpoll?[0m?[2m:?[0m?[1mFramedRead::poll_next?[0m?[2m:?[0m?[1mFramedRead::decode_frame?[0m?[1m{?[0m?[3moffset?[0m?[2m=?[0m17?[1m}?[0m?[2m:?[0m ?[2mh2::codec::framed_read?[0m?[2m:?[0m decoding frame from 17B
15:13:28.693 [Thread-5] DEBUG i.pact.plugins.jvm.core.ChildProcess - Plugin protobuf [46348] || ?[2m2023-03-27T09:43:28.692603Z?[0m ?[35mTRACE?[0m tokio-runtime-worker ?[1mrequest?[0m?[1m{?[0m?[3mmethod?[0m?[2m=?[0mPOST ?[3muri?[0m?[2m=?[0mhttp://[::1]:54371/io.pact.plugin.PactPlugin/VerifyInteraction ?[3mversion?[0m?[2m=?[0mHTTP/2.0 ?[3mheaders?[0m?[2m=?[0m{"content-type": "application/grpc", "te": "trailers", "user-agent": "grpc-java-netty/1.49.0", "grpc-accept-encoding": "gzip", "authorization": Sensitive}?[1m}?[0m?[2m:?[0m?[1mConnection?[0m?[1m{?[0m?[3mpeer?[0m?[2m=?[0mClient?[1m}?[0m?[2m:?[0m?[1mpoll?[0m?[2m:?[0m?[1mFramedRead::poll_next?[0m?[2m:?[0m?[1mFramedRead::decode_frame?[0m?[1m{?[0m?[3moffset?[0m?[2m=?[0m17?[1m}?[0m?[2m:?[0m ?[2mh2::codec::framed_read?[0m?[2m:?[0m ?[3mframe.kind?[0m?[2m=?[0mPing
15:13:28.693 [Thread-5] DEBUG i.pact.plugins.jvm.core.ChildProcess - Plugin protobuf [46348] || ?[2m2023-03-27T09:43:28.692629Z?[0m ?[34mDEBUG?[0m tokio-runtime-worker ?[1mrequest?[0m?[1m{?[0m?[3mmethod?[0m?[2m=?[0mPOST ?[3muri?[0m?[2m=?[0mhttp://[::1]:54371/io.pact.plugin.PactPlugin/VerifyInteraction ?[3mversion?[0m?[2m=?[0mHTTP/2.0 ?[3mheaders?[0m?[2m=?[0m{"content-type": "application/grpc", "te": "trailers", "user-agent": "grpc-java-netty/1.49.0", "grpc-accept-encoding": "gzip", "authorization": Sensitive}?[1m}?[0m?[2m:?[0m?[1mConnection?[0m?[1m{?[0m?[3mpeer?[0m?[2m=?[0mClient?[1m}?[0m?[2m:?[0m?[1mpoll?[0m?[2m:?[0m?[1mFramedRead::poll_next?[0m?[2m:?[0m ?[2mh2::codec::framed_read?[0m?[2m:?[0m received ?[3mframe?[0m?[2m=?[0mPing { ack: false, payload: [0, 0, 0, 0, 0, 0, 4, 210] }
15:13:28.693 [Thread-5] DEBUG i.pact.plugins.jvm.core.ChildProcess - Plugin protobuf [46348] || ?[2m2023-03-27T09:43:28.692658Z?[0m ?[35mTRACE?[0m tokio-runtime-worker ?[1mrequest?[0m?[1m{?[0m?[3mmethod?[0m?[2m=?[0mPOST ?[3muri?[0m?[2m=?[0mhttp://[::1]:54371/io.pact.plugin.PactPlugin/VerifyInteraction ?[3mversion?[0m?[2m=?[0mHTTP/2.0 ?[3mheaders?[0m?[2m=?[0m{"content-type": "application/grpc", "te": "trailers", "user-agent": "grpc-java-netty/1.49.0", "grpc-accept-encoding": "gzip", "authorization": Sensitive}?[1m}?[0m?[2m:?[0m?[1mConnection?[0m?[1m{?[0m?[3mpeer?[0m?[2m=?[0mClient?[1m}?[0m?[2m:?[0m?[1mpoll?[0m?[2m:?[0m ?[2mh2::proto::connection?[0m?[2m:?[0m recv PING ?[3mframe?[0m?[2m=?[0mPing { ack: false, payload: [0, 0, 0, 0, 0, 0, 4, 210] }
15:13:28.693 [Thread-5] DEBUG i.pact.plugins.jvm.core.ChildProcess - Plugin protobuf [46348] || ?[2m2023-03-27T09:43:28.692696Z?[0m ?[34mDEBUG?[0m tokio-runtime-worker ?[1mrequest?[0m?[1m{?[0m?[3mmethod?[0m?[2m=?[0mPOST ?[3muri?[0m?[2m=?[0mhttp://[::1]:54371/io.pact.plugin.PactPlugin/VerifyInteraction ?[3mversion?[0m?[2m=?[0mHTTP/2.0 ?[3mheaders?[0m?[2m=?[0m{"content-type": "application/grpc", "te": "trailers", "user-agent": "grpc-java-netty/1.49.0", "grpc-accept-encoding": "gzip", "authorization": Sensitive}?[1m}?[0m?[2m:?[0m?[1mConnection?[0m?[1m{?[0m?[3mpeer?[0m?[2m=?[0mClient?[1m}?[0m?[2m:?[0m?[1mpoll?[0m?[2m:?[0m?[1mpoll_ready?[0m?[2m:?[0m?[1mFramedWrite::buffer?[0m?[1m{?[0m?[3mframe?[0m?[2m=?[0mPing { ack: true, payload: [0, 0, 0, 0, 0, 0, 4, 210] }?[1m}?[0m?[2m:?[0m ?[2mh2::codec::framed_write?[0m?[2m:?[0m send ?[3mframe?[0m?[2m=?[0mPing { ack: true, payload: [0, 0, 0, 0, 0, 0, 4, 210] }
15:13:28.693 [Thread-5] DEBUG i.pact.plugins.jvm.core.ChildProcess - Plugin protobuf [46348] || ?[2m2023-03-27T09:43:28.692716Z?[0m ?[35mTRACE?[0m tokio-runtime-worker ?[1mrequest?[0m?[1m{?[0m?[3mmethod?[0m?[2m=?[0mPOST ?[3muri?[0m?[2m=?[0mhttp://[::1]:54371/io.pact.plugin.PactPlugin/VerifyInteraction ?[3mversion?[0m?[2m=?[0mHTTP/2.0 ?[3mheaders?[0m?[2m=?[0m{"content-type": "application/grpc", "te": "trailers", "user-agent": "grpc-java-netty/1.49.0", "grpc-accept-encoding": "gzip", "authorization": Sensitive}?[1m}?[0m?[2m:?[0m?[1mConnection?[0m?[1m{?[0m?[3mpeer?[0m?[2m=?[0mClient?[1m}?[0m?[2m:?[0m?[1mpoll?[0m?[2m:?[0m?[1mpoll_ready?[0m?[2m:?[0m?[1mFramedWrite::buffer?[0m?[1m{?[0m?[3mframe?[0m?[2m=?[0mPing { ack: true, payload: [0, 0, 0, 0, 0, 0, 4, 210] }?[1m}?[0m?[2m:?[0m ?[2mh2::frame::ping?[0m?[2m:?[0m encoding PING; ack=true len=8
15:13:28.694 [Thread-5] DEBUG i.pact.plugins.jvm.core.ChildProcess - Plugin protobuf [46348] || ?[2m2023-03-27T09:43:28.692734Z?[0m ?[35mTRACE?[0m tokio-runtime-worker ?[1mrequest?[0m?[1m{?[0m?[3mmethod?[0m?[2m=?[0mPOST ?[3muri?[0m?[2m=?[0mhttp://[::1]:54371/io.pact.plugin.PactPlugin/VerifyInteraction ?[3mversion?[0m?[2m=?[0mHTTP/2.0 ?[3mheaders?[0m?[2m=?[0m{"content-type": "application/grpc", "te": "trailers", "user-agent": "grpc-java-netty/1.49.0", "grpc-accept-encoding": "gzip", "authorization": Sensitive}?[1m}?[0m?[2m:?[0m?[1mConnection?[0m?[1m{?[0m?[3mpeer?[0m?[2m=?[0mClient?[1m}?[0m?[2m:?[0m?[1mpoll?[0m?[2m:?[0m?[1mpoll_ready?[0m?[2m:?[0m?[1mFramedWrite::buffer?[0m?[1m{?[0m?[3mframe?[0m?[2m=?[0mPing { ack: true, payload: [0, 0, 0, 0, 0, 0, 4, 210] }?[1m}?[0m?[2m:?[0m ?[2mh2::codec::framed_write?[0m?[2m:?[0m encoded ping ?[3mrem?[0m?[2m=?[0m17
15:13:28.694 [Thread-5] DEBUG i.pact.plugins.jvm.core.ChildProcess - Plugin protobuf [46348] || ?[2m2023-03-27T09:43:28.692774Z?[0m ?[35mTRACE?[0m tokio-runtime-worker ?[1mrequest?[0m?[1m{?[0m?[3mmethod?[0m?[2m=?[0mPOST ?[3muri?[0m?[2m=?[0mhttp://[::1]:54371/io.pact.plugin.PactPlugin/VerifyInteraction ?[3mversion?[0m?[2m=?[0mHTTP/2.0 ?[3mheaders?[0m?[2m=?[0m{"content-type": "application/grpc", "te": "trailers", "user-agent": "grpc-java-netty/1.49.0", "grpc-accept-encoding": "gzip", "authorization": Sensitive}?[1m}?[0m?[2m:?[0m?[1mConnection?[0m?[1m{?[0m?[3mpeer?[0m?[2m=?[0mClient?[1m}?[0m?[2m:?[0m?[1mpoll?[0m?[2m:?[0m?[1mFramedRead::poll_next?[0m?[2m:?[0m ?[2mh2::codec::framed_read?[0m?[2m:?[0m poll
15:13:28.694 [Thread-5] DEBUG i.pact.plugins.jvm.core.ChildProcess - Plugin protobuf [46348] || ?[2m2023-03-27T09:43:28.692789Z?[0m ?[35mTRACE?[0m tokio-runtime-worker ?[1mrequest?[0m?[1m{?[0m?[3mmethod?[0m?[2m=?[0mPOST ?[3muri?[0m?[2m=?[0mhttp://[::1]:54371/io.pact.plugin.PactPlugin/VerifyInteraction ?[3mversion?[0m?[2m=?[0mHTTP/2.0 ?[3mheaders?[0m?[2m=?[0m{"content-type": "application/grpc", "te": "trailers", "user-agent": "grpc-java-netty/1.49.0", "grpc-accept-encoding": "gzip", "authorization": Sensitive}?[1m}?[0m?[2m:?[0m?[1mConnection?[0m?[1m{?[0m?[3mpeer?[0m?[2m=?[0mClient?[1m}?[0m?[2m:?[0m?[1mpoll?[0m?[2m:?[0m?[1mFramedRead::poll_next?[0m?[2m:?[0m ?[2mtokio_util::codec::framed_impl?[0m?[2m:?[0m attempting to decode a frame
15:13:28.694 [Thread-5] DEBUG i.pact.plugins.jvm.core.ChildProcess - Plugin protobuf [46348] || ?[2m2023-03-27T09:43:28.692832Z?[0m ?[35mTRACE?[0m tokio-runtime-worker ?[1mrequest?[0m?[1m{?[0m?[3mmethod?[0m?[2m=?[0mPOST ?[3muri?[0m?[2m=?[0mhttp://[::1]:54371/io.pact.plugin.PactPlugin/VerifyInteraction ?[3mversion?[0m?[2m=?[0mHTTP/2.0 ?[3mheaders?[0m?[2m=?[0m{"content-type": "application/grpc", "te": "trailers", "user-agent": "grpc-java-netty/1.49.0", "grpc-accept-encoding": "gzip", "authorization": Sensitive}?[1m}?[0m?[2m:?[0m?[1mConnection?[0m?[1m{?[0m?[3mpeer?[0m?[2m=?[0mClient?[1m}?[0m?[2m:?[0m?[1mpoll?[0m?[2m:?[0m ?[2mh2::proto::streams::prioritize?[0m?[2m:?[0m poll_complete
15:13:28.694 [Thread-5] DEBUG i.pact.plugins.jvm.core.ChildProcess - Plugin protobuf [46348] || ?[2m2023-03-27T09:43:28.692847Z?[0m ?[35mTRACE?[0m tokio-runtime-worker ?[1mrequest?[0m?[1m{?[0m?[3mmethod?[0m?[2m=?[0mPOST ?[3muri?[0m?[2m=?[0mhttp://[::1]:54371/io.pact.plugin.PactPlugin/VerifyInteraction ?[3mversion?[0m?[2m=?[0mHTTP/2.0 ?[3mheaders?[0m?[2m=?[0m{"content-type": "application/grpc", "te": "trailers", "user-agent": "grpc-java-netty/1.49.0", "grpc-accept-encoding": "gzip", "authorization": Sensitive}?[1m}?[0m?[2m:?[0m?[1mConnection?[0m?[1m{?[0m?[3mpeer?[0m?[2m=?[0mClient?[1m}?[0m?[2m:?[0m?[1mpoll?[0m?[2m:?[0m ?[2mh2::proto::streams::prioritize?[0m?[2m:?[0m schedule_pending_open
15:13:28.694 [Thread-5] DEBUG i.pact.plugins.jvm.core.ChildProcess - Plugin protobuf [46348] || ?[2m2023-03-27T09:43:28.692884Z?[0m ?[35mTRACE?[0m tokio-runtime-worker ?[1mrequest?[0m?[1m{?[0m?[3mmethod?[0m?[2m=?[0mPOST ?[3muri?[0m?[2m=?[0mhttp://[::1]:54371/io.pact.plugin.PactPlugin/VerifyInteraction ?[3mversion?[0m?[2m=?[0mHTTP/2.0 ?[3mheaders?[0m?[2m=?[0m{"content-type": "application/grpc", "te": "trailers", "user-agent": "grpc-java-netty/1.49.0", "grpc-accept-encoding": "gzip", "authorization": Sensitive}?[1m}?[0m?[2m:?[0m?[1mConnection?[0m?[1m{?[0m?[3mpeer?[0m?[2m=?[0mClient?[1m}?[0m?[2m:?[0m?[1mpoll?[0m?[2m:?[0m?[1mFramedWrite::flush?[0m?[2m:?[0m ?[2mh2::codec::framed_write?[0m?[2m:?[0m ?[3mqueued_data_frame?[0m?[2m=?[0mfalse
15:13:28.694 [Thread-5] DEBUG i.pact.plugins.jvm.core.ChildProcess - Plugin protobuf [46348] || ?[2m2023-03-27T09:43:28.692918Z?[0m ?[35mTRACE?[0m tokio-runtime-worker ?[1mrequest?[0m?[1m{?[0m?[3mmethod?[0m?[2m=?[0mPOST ?[3muri?[0m?[2m=?[0mhttp://[::1]:54371/io.pact.plugin.PactPlugin/VerifyInteraction ?[3mversion?[0m?[2m=?[0mHTTP/2.0 ?[3mheaders?[0m?[2m=?[0m{"content-type": "application/grpc", "te": "trailers", "user-agent": "grpc-java-netty/1.49.0", "grpc-accept-encoding": "gzip", "authorization": Sensitive}?[1m}?[0m?[2m:?[0m?[1mConnection?[0m?[1m{?[0m?[3mpeer?[0m?[2m=?[0mClient?[1m}?[0m?[2m:?[0m?[1mpoll?[0m?[2m:?[0m?[1mFramedWrite::flush?[0m?[2m:?[0m ?[2mh2::codec::framed_write?[0m?[2m:?[0m flushing buffer
15:13:28.821 [Thread-5] DEBUG i.pact.plugins.jvm.core.ChildProcess - Plugin protobuf [46348] || ?[2m2023-03-27T09:43:28.821736Z?[0m ?[35mTRACE?[0m tokio-runtime-worker ?[1mrequest?[0m?[1m{?[0m?[3mmethod?[0m?[2m=?[0mPOST ?[3muri?[0m?[2m=?[0mhttp://[::1]:54371/io.pact.plugin.PactPlugin/VerifyInteraction ?[3mversion?[0m?[2m=?[0mHTTP/2.0 ?[3mheaders?[0m?[2m=?[0m{"content-type": "application/grpc", "te": "trailers", "user-agent": "grpc-java-netty/1.49.0", "grpc-accept-encoding": "gzip", "authorization": Sensitive}?[1m}?[0m?[2m:?[0m?[1mConnection?[0m?[1m{?[0m?[3mpeer?[0m?[2m=?[0mClient?[1m}?[0m?[2m:?[0m?[1mpoll?[0m?[2m:?[0m ?[2mh2::proto::connection?[0m?[2m:?[0m ?[3mconnection.state?[0m?[2m=?[0mOpen
15:13:28.821 [Thread-5] DEBUG i.pact.plugins.jvm.core.ChildProcess - Plugin protobuf [46348] || ?[2m2023-03-27T09:43:28.821801Z?[0m ?[35mTRACE?[0m tokio-runtime-worker ?[1mrequest?[0m?[1m{?[0m?[3mmethod?[0m?[2m=?[0mPOST ?[3muri?[0m?[2m=?[0mhttp://[::1]:54371/io.pact.plugin.PactPlugin/VerifyInteraction ?[3mversion?[0m?[2m=?[0mHTTP/2.0 ?[3mheaders?[0m?[2m=?[0m{"content-type": "application/grpc", "te": "trailers", "user-agent": "grpc-java-netty/1.49.0", "grpc-accept-encoding": "gzip", "authorization": Sensitive}?[1m}?[0m?[2m:?[0m?[1mConnection?[0m?[1m{?[0m?[3mpeer?[0m?[2m=?[0mClient?[1m}?[0m?[2m:?[0m?[1mpoll?[0m?[2m:?[0m?[1mFramedRead::poll_next?[0m?[2m:?[0m ?[2mh2::codec::framed_read?[0m?[2m:?[0m poll
15:13:28.822 [Thread-5] DEBUG i.pact.plugins.jvm.core.ChildProcess - Plugin protobuf [46348] || ?[2m2023-03-27T09:43:28.821829Z?[0m ?[35mTRACE?[0m tokio-runtime-worker ?[1mrequest?[0m?[1m{?[0m?[3mmethod?[0m?[2m=?[0mPOST ?[3muri?[0m?[2m=?[0mhttp://[::1]:54371/io.pact.plugin.PactPlugin/VerifyInteraction ?[3mversion?[0m?[2m=?[0mHTTP/2.0 ?[3mheaders?[0m?[2m=?[0m{"content-type": "application/grpc", "te": "trailers", "user-agent": "grpc-java-netty/1.49.0", "grpc-accept-encoding": "gzip", "authorization": Sensitive}?[1m}?[0m?[2m:?[0m?[1mConnection?[0m?[1m{?[0m?[3mpeer?[0m?[2m=?[0mClient?[1m}?[0m?[2m:?[0m?[1mpoll?[0m?[2m:?[0m?[1mFramedRead::poll_next?[0m?[2m:?[0m ?[2mtokio_util::codec::framed_impl?[0m?[2m:?[0m attempting to decode a frame
15:13:28.822 [Thread-5] DEBUG i.pact.plugins.jvm.core.ChildProcess - Plugin protobuf [46348] || ?[2m2023-03-27T09:43:28.821846Z?[0m ?[35mTRACE?[0m tokio-runtime-worker ?[1mrequest?[0m?[1m{?[0m?[3mmethod?[0m?[2m=?[0mPOST ?[3muri?[0m?[2m=?[0mhttp://[::1]:54371/io.pact.plugin.PactPlugin/VerifyInteraction ?[3mversion?[0m?[2m=?[0mHTTP/2.0 ?[3mheaders?[0m?[2m=?[0m{"content-type": "application/grpc", "te": "trailers", "user-agent": "grpc-java-netty/1.49.0", "grpc-accept-encoding": "gzip", "authorization": Sensitive}?[1m}?[0m?[2m:?[0m?[1mConnection?[0m?[1m{?[0m?[3mpeer?[0m?[2m=?[0mClient?[1m}?[0m?[2m:?[0m?[1mpoll?[0m?[2m:?[0m?[1mFramedRead::poll_next?[0m?[2m:?[0m ?[2mtokio_util::codec::framed_impl?[0m?[2m:?[0m frame decoded from buffer
15:13:28.822 [Thread-5] DEBUG i.pact.plugins.jvm.core.ChildProcess - Plugin protobuf [46348] || ?[2m2023-03-27T09:43:28.821860Z?[0m ?[35mTRACE?[0m tokio-runtime-worker ?[1mrequest?[0m?[1m{?[0m?[3mmethod?[0m?[2m=?[0mPOST ?[3muri?[0m?[2m=?[0mhttp://[::1]:54371/io.pact.plugin.PactPlugin/VerifyInteraction ?[3mversion?[0m?[2m=?[0mHTTP/2.0 ?[3mheaders?[0m?[2m=?[0m{"content-type": "application/grpc", "te": "trailers", "user-agent": "grpc-java-netty/1.49.0", "grpc-accept-encoding": "gzip", "authorization": Sensitive}?[1m}?[0m?[2m:?[0m?[1mConnection?[0m?[1m{?[0m?[3mpeer?[0m?[2m=?[0mClient?[1m}?[0m?[2m:?[0m?[1mpoll?[0m?[2m:?[0m?[1mFramedRead::poll_next?[0m?[2m:?[0m ?[2mh2::codec::framed_read?[0m?[2m:?[0m ?[3mread.bytes?[0m?[2m=?[0m79
15:13:28.822 [Thread-5] DEBUG i.pact.plugins.jvm.core.ChildProcess - Plugin protobuf [46348] || ?[2m2023-03-27T09:43:28.821885Z?[0m ?[35mTRACE?[0m tokio-runtime-worker ?[1mrequest?[0m?[1m{?[0m?[3mmethod?[0m?[2m=?[0mPOST ?[3muri?[0m?[2m=?[0mhttp://[::1]:54371/io.pact.plugin.PactPlugin/VerifyInteraction ?[3mversion?[0m?[2m=?[0mHTTP/2.0 ?[3mheaders?[0m?[2m=?[0m{"content-type": "application/grpc", "te": "trailers", "user-agent": "grpc-java-netty/1.49.0", "grpc-accept-encoding": "gzip", "authorization": Sensitive}?[1m}?[0m?[2m:?[0m?[1mConnection?[0m?[1m{?[0m?[3mpeer?[0m?[2m=?[0mClient?[1m}?[0m?[2m:?[0m?[1mpoll?[0m?[2m:?[0m?[1mFramedRead::poll_next?[0m?[2m:?[0m?[1mFramedRead::decode_frame?[0m?[1m{?[0m?[3moffset?[0m?[2m=?[0m79?[1m}?[0m?[2m:?[0m ?[2mh2::codec::framed_read?[0m?[2m:?[0m decoding frame from 79B
15:13:28.822 [Thread-5] DEBUG i.pact.plugins.jvm.core.ChildProcess - Plugin protobuf [46348] || ?[2m2023-03-27T09:43:28.821926Z?[0m ?[35mTRACE?[0m tokio-runtime-worker ?[1mrequest?[0m?[1m{?[0m?[3mmethod?[0m?[2m=?[0mPOST ?[3muri?[0m?[2m=?[0mhttp://[::1]:54371/io.pact.plugin.PactPlugin/VerifyInteraction ?[3mversion?[0m?[2m=?[0mHTTP/2.0 ?[3mheaders?[0m?[2m=?[0m{"content-type": "application/grpc", "te": "trailers", "user-agent": "grpc-java-netty/1.49.0", "grpc-accept-encoding": "gzip", "authorization": Sensitive}?[1m}?[0m?[2m:?[0m?[1mConnection?[0m?[1m{?[0m?[3mpeer?[0m?[2m=?[0mClient?[1m}?[0m?[2m:?[0m?[1mpoll?[0m?[2m:?[0m?[1mFramedRead::poll_next?[0m?[2m:?[0m?[1mFramedRead::decode_frame?[0m?[1m{?[0m?[3moffset?[0m?[2m=?[0m79?[1m}?[0m?[2m:?[0m ?[2mh2::codec::framed_read?[0m?[2m:?[0m ?[3mframe.kind?[0m?[2m=?[0mHeaders
15:13:28.822 [Thread-5] DEBUG i.pact.plugins.jvm.core.ChildProcess - Plugin protobuf [46348] || ?[2m2023-03-27T09:43:28.821945Z?[0m ?[35mTRACE?[0m tokio-runtime-worker ?[1mrequest?[0m?[1m{?[0m?[3mmethod?[0m?[2m=?[0mPOST ?[3muri?[0m?[2m=?[0mhttp://[::1]:54371/io.pact.plugin.PactPlugin/VerifyInteraction ?[3mversion?[0m?[2m=?[0mHTTP/2.0 ?[3mheaders?[0m?[2m=?[0m{"content-type": "application/grpc", "te": "trailers", "user-agent": "grpc-java-netty/1.49.0", "grpc-accept-encoding": "gzip", "authorization": Sensitive}?[1m}?[0m?[2m:?[0m?[1mConnection?[0m?[1m{?[0m?[3mpeer?[0m?[2m=?[0mClient?[1m}?[0m?[2m:?[0m?[1mpoll?[0m?[2m:?[0m?[1mFramedRead::poll_next?[0m?[2m:?[0m?[1mFramedRead::decode_frame?[0m?[1m{?[0m?[3moffset?[0m?[2m=?[0m79?[1m}?[0m?[2m:?[0m ?[2mh2::frame::headers?[0m?[2m:?[0m loading headers; flags=(0x4: END_HEADERS)
15:13:28.822 [Thread-5] DEBUG i.pact.plugins.jvm.core.ChildProcess - Plugin protobuf [46348] || ?[2m2023-03-27T09:43:28.822008Z?[0m ?[35mTRACE?[0m tokio-runtime-worker ?[1mrequest?[0m?[1m{?[0m?[3mmethod?[0m?[2m=?[0mPOST ?[3muri?[0m?[2m=?[0mhttp://[::1]:54371/io.pact.plugin.PactPlugin/VerifyInteraction ?[3mversion?[0m?[2m=?[0mHTTP/2.0 ?[3mheaders?[0m?[2m=?[0m{"content-type": "application/grpc", "te": "trailers", "user-agent": "grpc-java-netty/1.49.0", "grpc-accept-encoding": "gzip", "authorization": Sensitive}?[1m}?[0m?[2m:?[0m?[1mConnection?[0m?[1m{?[0m?[3mpeer?[0m?[2m=?[0mClient?[1m}?[0m?[2m:?[0m?[1mpoll?[0m?[2m:?[0m?[1mFramedRead::poll_next?[0m?[2m:?[0m?[1mFramedRead::decode_frame?[0m?[1m{?[0m?[3moffset?[0m?[2m=?[0m79?[1m}?[0m?[2m:?[0m?[1mhpack::decode?[0m?[2m:?[0m ?[2mh2::hpack::decoder?[0m?[2m:?[0m decode
15:13:28.822 [Thread-5] DEBUG i.pact.plugins.jvm.core.ChildProcess - Plugin protobuf [46348] || ?[2m2023-03-27T09:43:28.822024Z?[0m ?[35mTRACE?[0m tokio-runtime-worker ?[1mrequest?[0m?[1m{?[0m?[3mmethod?[0m?[2m=?[0mPOST ?[3muri?[0m?[2m=?[0mhttp://[::1]:54371/io.pact.plugin.PactPlugin/VerifyInteraction ?[3mversion?[0m?[2m=?[0mHTTP/2.0 ?[3mheaders?[0m?[2m=?[0m{"content-type": "application/grpc", "te": "trailers", "user-agent": "grpc-java-netty/1.49.0", "grpc-accept-encoding": "gzip", "authorization": Sensitive}?[1m}?[0m?[2m:?[0m?[1mConnection?[0m?[1m{?[0m?[3mpeer?[0m?[2m=?[0mClient?[1m}?[0m?[2m:?[0m?[1mpoll?[0m?[2m:?[0m?[1mFramedRead::poll_next?[0m?[2m:?[0m?[1mFramedRead::decode_frame?[0m?[1m{?[0m?[3moffset?[0m?[2m=?[0m79?[1m}?[0m?[2m:?[0m?[1mhpack::decode?[0m?[2m:?[0m ?[2mh2::hpack::decoder?[0m?[2m:?[0m ?[3mrem?[0m?[2m=?[0m70 ?[3mkind?[0m?[2m=?[0mIndexed
15:13:28.822 [Thread-5] DEBUG i.pact.plugins.jvm.core.ChildProcess - Plugin protobuf [46348] || ?[2m2023-03-27T09:43:28.822042Z?[0m ?[35mTRACE?[0m tokio-runtime-worker ?[1mrequest?[0m?[1m{?[0m?[3mmethod?[0m?[2m=?[0mPOST ?[3muri?[0m?[2m=?[0mhttp://[::1]:54371/io.pact.plugin.PactPlugin/VerifyInteraction ?[3mversion?[0m?[2m=?[0mHTTP/2.0 ?[3mheaders?[0m?[2m=?[0m{"content-type": "application/grpc", "te": "trailers", "user-agent": "grpc-java-netty/1.49.0", "grpc-accept-encoding": "gzip", "authorization": Sensitive}?[1m}?[0m?[2m:?[0m?[1mConnection?[0m?[1m{?[0m?[3mpeer?[0m?[2m=?[0mClient?[1m}?[0m?[2m:?[0m?[1mpoll?[0m?[2m:?[0m?[1mFramedRead::poll_next?[0m?[2m:?[0m?[1mFramedRead::decode_frame?[0m?[1m{?[0m?[3moffset?[0m?[2m=?[0m79?[1m}?[0m?[2m:?[0m?[1mhpack::decode?[0m?[2m:?[0m ?[2mh2::hpack::decoder?[0m?[2m:?[0m ?[3mrem?[0m?[2m=?[0m69 ?[3mkind?[0m?[2m=?[0mLiteralWithIndexing
15:13:28.822 [Thread-5] DEBUG i.pact.plugins.jvm.core.ChildProcess - Plugin protobuf [46348] || ?[2m2023-03-27T09:43:28.822063Z?[0m ?[35mTRACE?[0m tokio-runtime-worker ?[1mrequest?[0m?[1m{?[0m?[3mmethod?[0m?[2m=?[0mPOST ?[3muri?[0m?[2m=?[0mhttp://[::1]:54371/io.pact.plugin.PactPlugin/VerifyInteraction ?[3mversion?[0m?[2m=?[0mHTTP/2.0 ?[3mheaders?[0m?[2m=?[0m{"content-type": "application/grpc", "te": "trailers", "user-agent": "grpc-java-netty/1.49.0", "grpc-accept-encoding": "gzip", "authorization": Sensitive}?[1m}?[0m?[2m:?[0m?[1mConnection?[0m?[1m{?[0m?[3mpeer?[0m?[2m=?[0mClient?[1m}?[0m?[2m:?[0m?[1mpoll?[0m?[2m:?[0m?[1mFramedRead::poll_next?[0m?[2m:?[0m?[1mFramedRead::decode_frame?[0m?[1m{?[0m?[3moffset?[0m?[2m=?[0m79?[1m}?[0m?[2m:?[0m?[1mhpack::decode?[0m?[2m:?[0m ?[2mh2::hpack::decoder?[0m?[2m:?[0m ?[3mrem?[0m?[2m=?[0m51 ?[3mkind?[0m?[2m=?[0mLiteralWithIndexing
15:13:28.822 [Thread-5] DEBUG i.pact.plugins.jvm.core.ChildProcess - Plugin protobuf [46348] || ?[2m2023-03-27T09:43:28.822080Z?[0m ?[35mTRACE?[0m tokio-runtime-worker ?[1mrequest?[0m?[1m{?[0m?[3mmethod?[0m?[2m=?[0mPOST ?[3muri?[0m?[2m=?[0mhttp://[::1]:54371/io.pact.plugin.PactPlugin/VerifyInteraction ?[3mversion?[0m?[2m=?[0mHTTP/2.0 ?[3mheaders?[0m?[2m=?[0m{"content-type": "application/grpc", "te": "trailers", "user-agent": "grpc-java-netty/1.49.0", "grpc-accept-encoding": "gzip", "authorization": Sensitive}?[1m}?[0m?[2m:?[0m?[1mConnection?[0m?[1m{?[0m?[3mpeer?[0m?[2m=?[0mClient?[1m}?[0m?[2m:?[0m?[1mpoll?[0m?[2m:?[0m?[1mFramedRead::poll_next?[0m?[2m:?[0m?[1mFramedRead::decode_frame?[0m?[1m{?[0m?[3moffset?[0m?[2m=?[0m79?[1m}?[0m?[2m:?[0m?[1mhpack::decode?[0m?[2m:?[0m ?[2mh2::hpack::decoder?[0m?[2m:?[0m ?[3mrem?[0m?[2m=?[0m27 ?[3mkind?[0m?[2m=?[0mLiteralWithIndexing
15:13:28.822 [Thread-5] DEBUG i.pact.plugins.jvm.core.ChildProcess - Plugin protobuf [46348] || ?[2m2023-03-27T09:43:28.822113Z?[0m ?[34mDEBUG?[0m tokio-runtime-worker ?[1mrequest?[0m?[1m{?[0m?[3mmethod?[0m?[2m=?[0mPOST ?[3muri?[0m?[2m=?[0mhttp://[::1]:54371/io.pact.plugin.PactPlugin/VerifyInteraction ?[3mversion?[0m?[2m=?[0mHTTP/2.0 ?[3mheaders?[0m?[2m=?[0m{"content-type": "application/grpc", "te": "trailers", "user-agent": "grpc-java-netty/1.49.0", "grpc-accept-encoding": "gzip", "authorization": Sensitive}?[1m}?[0m?[2m:?[0m?[1mConnection?[0m?[1m{?[0m?[3mpeer?[0m?[2m=?[0mClient?[1m}?[0m?[2m:?[0m?[1mpoll?[0m?[2m:?[0m?[1mFramedRead::poll_next?[0m?[2m:?[0m ?[2mh2::codec::framed_read?[0m?[2m:?[0m received ?[3mframe?[0m?[2m=?[0mHeaders { stream_id: StreamId(1), flags: (0x4: END_HEADERS) }
15:13:28.822 [Thread-5] DEBUG i.pact.plugins.jvm.core.ChildProcess - Plugin protobuf [46348] || ?[2m2023-03-27T09:43:28.822145Z?[0m ?[35mTRACE?[0m tokio-runtime-worker ?[1mrequest?[0m?[1m{?[0m?[3mmethod?[0m?[2m=?[0mPOST ?[3muri?[0m?[2m=?[0mhttp://[::1]:54371/io.pact.plugin.PactPlugin/VerifyInteraction ?[3mversion?[0m?[2m=?[0mHTTP/2.0 ?[3mheaders?[0m?[2m=?[0m{"content-type": "application/grpc", "te": "trailers", "user-agent": "grpc-java-netty/1.49.0", "grpc-accept-encoding": "gzip", "authorization": Sensitive}?[1m}?[0m?[2m:?[0m?[1mConnection?[0m?[1m{?[0m?[3mpeer?[0m?[2m=?[0mClient?[1m}?[0m?[2m:?[0m?[1mpoll?[0m?[2m:?[0m ?[2mh2::proto::connection?[0m?[2m:?[0m recv HEADERS ?[3mframe?[0m?[2m=?[0mHeaders { stream_id: StreamId(1), flags: (0x4: END_HEADERS) }
15:13:28.822 [Thread-5] DEBUG i.pact.plugins.jvm.core.ChildProcess - Plugin protobuf [46348] || ?[2m2023-03-27T09:43:28.822168Z?[0m ?[35mTRACE?[0m tokio-runtime-worker ?[1mrequest?[0m?[1m{?[0m?[3mmethod?[0m?[2m=?[0mPOST ?[3muri?[0m?[2m=?[0mhttp://[::1]:54371/io.pact.plugin.PactPlugin/VerifyInteraction ?[3mversion?[0m?[2m=?[0mHTTP/2.0 ?[3mheaders?[0m?[2m=?[0m{"content-type": "application/grpc", "te": "trailers", "user-agent": "grpc-java-netty/1.49.0", "grpc-accept-encoding": "gzip", "authorization": Sensitive}?[1m}?[0m?[2m:?[0m?[1mConnection?[0m?[1m{?[0m?[3mpeer?[0m?[2m=?[0mClient?[1m}?[0m?[2m:?[0m?[1mpoll?[0m?[2m:?[0m ?[2mh2::proto::streams::streams?[0m?[2m:?[0m recv_headers; stream=StreamId(1); state=State { inner: HalfClosedLocal(AwaitingHeaders) }
15:13:28.822 [Thread-5] DEBUG i.pact.plugins.jvm.core.ChildProcess - Plugin protobuf [46348] || ?[2m2023-03-27T09:43:28.822185Z?[0m ?[35mTRACE?[0m tokio-runtime-worker ?[1mrequest?[0m?[1m{?[0m?[3mmethod?[0m?[2m=?[0mPOST ?[3muri?[0m?[2m=?[0mhttp://[::1]:54371/io.pact.plugin.PactPlugin/VerifyInteraction ?[3mversion?[0m?[2m=?[0mHTTP/2.0 ?[3mheaders?[0m?[2m=?[0m{"content-type": "application/grpc", "te": "trailers", "user-agent": "grpc-java-netty/1.49.0", "grpc-accept-encoding": "gzip", "authorization": Sensitive}?[1m}?[0m?[2m:?[0m?[1mConnection?[0m?[1m{?[0m?[3mpeer?[0m?[2m=?[0mClient?[1m}?[0m?[2m:?[0m?[1mpoll?[0m?[2m:?[0m ?[2mh2::proto::streams::recv?[0m?[2m:?[0m opening stream; init_window=2097152
15:13:28.822 [Thread-5] DEBUG i.pact.plugins.jvm.core.ChildProcess - Plugin protobuf [46348] || ?[2m2023-03-27T09:43:28.822206Z?[0m ?[35mTRACE?[0m tokio-runtime-worker ?[1mrequest?[0m?[1m{?[0m?[3mmethod?[0m?[2m=?[0mPOST ?[3muri?[0m?[2m=?[0mhttp://[::1]:54371/io.pact.plugin.PactPlugin/VerifyInteraction ?[3mversion?[0m?[2m=?[0mHTTP/2.0 ?[3mheaders?[0m?[2m=?[0m{"content-type": "application/grpc", "te": "trailers", "user-agent": "grpc-java-netty/1.49.0", "grpc-accept-encoding": "gzip", "authorization": Sensitive}?[1m}?[0m?[2m:?[0m?[1mConnection?[0m?[1m{?[0m?[3mpeer?[0m?[2m=?[0mClient?[1m}?[0m?[2m:?[0m?[1mpoll?[0m?[2m:?[0m ?[2mh2::proto::streams::counts?[0m?[2m:?[0m transition_after; stream=StreamId(1); state=State { inner: HalfClosedLocal(Streaming) }; is_closed=false; pending_send_empty=true; buffered_send_data=0; num_recv=0; num_send=1
15:13:28.822 [Thread-5] DEBUG i.pact.plugins.jvm.core.ChildProcess - Plugin protobuf [46348] || ?[2m2023-03-27T09:43:28.822244Z?[0m ?[35mTRACE?[0m tokio-runtime-worker ?[1mrequest?[0m?[1m{?[0m?[3mmethod?[0m?[2m=?[0mPOST ?[3muri?[0m?[2m=?[0mhttp://[::1]:54371/io.pact.plugin.PactPlugin/VerifyInteraction ?[3mversion?[0m?[2m=?[0mHTTP/2.0 ?[3mheaders?[0m?[2m=?[0m{"content-type": "application/grpc", "te": "trailers", "user-agent": "grpc-java-netty/1.49.0", "grpc-accept-encoding": "gzip", "authorization": Sensitive}?[1m}?[0m?[2m:?[0m?[1mConnection?[0m?[1m{?[0m?[3mpeer?[0m?[2m=?[0mClient?[1m}?[0m?[2m:?[0m?[1mpoll?[0m?[2m:?[0m?[1mFramedRead::poll_next?[0m?[2m:?[0m ?[2mh2::codec::framed_read?[0m?[2m:?[0m poll
15:13:28.822 [Thread-5] DEBUG i.pact.plugins.jvm.core.ChildProcess - Plugin protobuf [46348] || ?[2m2023-03-27T09:43:28.822258Z?[0m ?[35mTRACE?[0m tokio-runtime-worker ?[1mrequest?[0m?[1m{?[0m?[3mmethod?[0m?[2m=?[0mPOST ?[3muri?[0m?[2m=?[0mhttp://[::1]:54371/io.pact.plugin.PactPlugin/VerifyInteraction ?[3mversion?[0m?[2m=?[0mHTTP/2.0 ?[3mheaders?[0m?[2m=?[0m{"content-type": "application/grpc", "te": "trailers", "user-agent": "grpc-java-netty/1.49.0", "grpc-accept-encoding": "gzip", "authorization": Sensitive}?[1m}?[0m?[2m:?[0m?[1mConnection?[0m?[1m{?[0m?[3mpeer?[0m?[2m=?[0mClient?[1m}?[0m?[2m:?[0m?[1mpoll?[0m?[2m:?[0m?[1mFramedRead::poll_next?[0m?[2m:?[0m ?[2mtokio_util::codec::framed_impl?[0m?[2m:?[0m attempting to decode a frame
15:13:28.822 [Thread-5] DEBUG i.pact.plugins.jvm.core.ChildProcess - Plugin protobuf [46348] || ?[2m2023-03-27T09:43:28.822298Z?[0m ?[35mTRACE?[0m tokio-runtime-worker ?[1mrequest?[0m?[1m{?[0m?[3mmethod?[0m?[2m=?[0mPOST ?[3muri?[0m?[2m=?[0mhttp://[::1]:54371/io.pact.plugin.PactPlugin/VerifyInteraction ?[3mversion?[0m?[2m=?[0mHTTP/2.0 ?[3mheaders?[0m?[2m=?[0m{"content-type": "application/grpc", "te": "trailers", "user-agent": "grpc-java-netty/1.49.0", "grpc-accept-encoding": "gzip", "authorization": Sensitive}?[1m}?[0m?[2m:?[0m?[1mConnection?[0m?[1m{?[0m?[3mpeer?[0m?[2m=?[0mClient?[1m}?[0m?[2m:?[0m?[1mpoll?[0m?[2m:?[0m ?[2mh2::proto::streams::prioritize?[0m?[2m:?[0m poll_complete
15:13:28.822 [Thread-5] DEBUG i.pact.plugins.jvm.core.ChildProcess - Plugin protobuf [46348] || ?[2m2023-03-27T09:43:28.822312Z?[0m ?[35mTRACE?[0m tokio-runtime-worker ?[1mrequest?[0m?[1m{?[0m?[3mmethod?[0m?[2m=?[0mPOST ?[3muri?[0m?[2m=?[0mhttp://[::1]:54371/io.pact.plugin.PactPlugin/VerifyInteraction ?[3mversion?[0m?[2m=?[0mHTTP/2.0 ?[3mheaders?[0m?[2m=?[0m{"content-type": "application/grpc", "te": "trailers", "user-agent": "grpc-java-netty/1.49.0", "grpc-accept-encoding": "gzip", "authorization": Sensitive}?[1m}?[0m?[2m:?[0m?[1mConnection?[0m?[1m{?[0m?[3mpeer?[0m?[2m=?[0mClient?[1m}?[0m?[2m:?[0m?[1mpoll?[0m?[2m:?[0m ?[2mh2::proto::streams::prioritize?[0m?[2m:?[0m schedule_pending_open
15:13:28.822 [Thread-5] DEBUG i.pact.plugins.jvm.core.ChildProcess - Plugin protobuf [46348] || ?[2m2023-03-27T09:43:28.822376Z?[0m ?[35mTRACE?[0m tokio-runtime-worker ?[1mrequest?[0m?[1m{?[0m?[3mmethod?[0m?[2m=?[0mPOST ?[3muri?[0m?[2m=?[0mhttp://[::1]:54371/io.pact.plugin.PactPlugin/VerifyInteraction ?[3mversion?[0m?[2m=?[0mHTTP/2.0 ?[3mheaders?[0m?[2m=?[0m{"content-type": "application/grpc", "te": "trailers", "user-agent": "grpc-java-netty/1.49.0", "grpc-accept-encoding": "gzip", "authorization": Sensitive}?[1m}?[0m?[2m:?[0m?[1mConnection?[0m?[1m{?[0m?[3mpeer?[0m?[2m=?[0mClient?[1m}?[0m?[2m:?[0m?[1mpoll?[0m?[2m:?[0m?[1mFramedWrite::flush?[0m?[2m:?[0m ?[2mh2::codec::framed_write?[0m?[2m:?[0m flushing buffer
15:13:28.822 [Thread-5] DEBUG i.pact.plugins.jvm.core.ChildProcess - Plugin protobuf [46348] || ?[2m2023-03-27T09:43:28.822504Z?[0m ?[35mTRACE?[0m tokio-runtime-worker ?[2mh2::proto::streams::streams?[0m?[2m:?[0m drop_stream_ref; stream=Stream { id: StreamId(1), state: State { inner: HalfClosedLocal(Streaming) }, is_counted: true, ref_count: 2, next_pending_send: None, is_pending_send: false, send_flow: FlowControl { window_size: Window(65518), available: Window(0) }, requested_send_capacity: 0, buffered_send_data: 0, send_task: Some(Waker { data: 0x7fd88880aa00, vtable: 0x102fc7fd8 }), pending_send: Deque { indices: None }, next_pending_send_capacity: None, is_pending_send_capacity: false, send_capacity_inc: true, next_open: None, is_pending_open: false, is_pending_push: false, next_pending_accept: None, is_pending_accept: false, recv_flow: FlowControl { window_size: Window(2097152), available: Window(2097152) }, in_flight_recv_data: 0, next_window_update: None, is_pending_window_update: false, reset_at: None, next_reset_expire: None, pending_recv: Deque { indices: None }, recv_task: None, pending_push_promises: Queue { indices: None, _p: PhantomData }, content_length: Omitted }
15:13:28.823 [Thread-5] DEBUG i.pact.plugins.jvm.core.ChildProcess - Plugin protobuf [46348] || ?[2m2023-03-27T09:43:28.822599Z?[0m ?[35mTRACE?[0m tokio-runtime-worker ?[2mh2::proto::streams::counts?[0m?[2m:?[0m transition_after; stream=StreamId(1); state=State { inner: HalfClosedLocal(Streaming) }; is_closed=false; pending_send_empty=true; buffered_send_data=0; num_recv=0; num_send=1
15:13:28.834 [Thread-5] DEBUG i.pact.plugins.jvm.core.ChildProcess - Plugin protobuf [46348] || ?[2m2023-03-27T09:43:28.833947Z?[0m ?[35mTRACE?[0m tokio-runtime-worker ?[1mrequest?[0m?[1m{?[0m?[3mmethod?[0m?[2m=?[0mPOST ?[3muri?[0m?[2m=?[0mhttp://[::1]:54371/io.pact.plugin.PactPlugin/VerifyInteraction ?[3mversion?[0m?[2m=?[0mHTTP/2.0 ?[3mheaders?[0m?[2m=?[0m{"content-type": "application/grpc", "te": "trailers", "user-agent": "grpc-java-netty/1.49.0", "grpc-accept-encoding": "gzip", "authorization": Sensitive}?[1m}?[0m?[2m:?[0m?[1mConnection?[0m?[1m{?[0m?[3mpeer?[0m?[2m=?[0mClient?[1m}?[0m?[2m:?[0m?[1mpoll?[0m?[2m:?[0m ?[2mh2::proto::connection?[0m?[2m:?[0m ?[3mconnection.state?[0m?[2m=?[0mOpen
15:13:28.834 [Thread-5] DEBUG i.pact.plugins.jvm.core.ChildProcess - Plugin protobuf [46348] || ?[2m2023-03-27T09:43:28.834009Z?[0m ?[35mTRACE?[0m tokio-runtime-worker ?[1mrequest?[0m?[1m{?[0m?[3mmethod?[0m?[2m=?[0mPOST ?[3muri?[0m?[2m=?[0mhttp://[::1]:54371/io.pact.plugin.PactPlugin/VerifyInteraction ?[3mversion?[0m?[2m=?[0mHTTP/2.0 ?[3mheaders?[0m?[2m=?[0m{"content-type": "application/grpc", "te": "trailers", "user-agent": "grpc-java-netty/1.49.0", "grpc-accept-encoding": "gzip", "authorization": Sensitive}?[1m}?[0m?[2m:?[0m?[1mConnection?[0m?[1m{?[0m?[3mpeer?[0m?[2m=?[0mClient?[1m}?[0m?[2m:?[0m?[1mpoll?[0m?[2m:?[0m?[1mFramedRead::poll_next?[0m?[2m:?[0m ?[2mh2::codec::framed_read?[0m?[2m:?[0m poll
15:13:28.834 [Thread-5] DEBUG i.pact.plugins.jvm.core.ChildProcess - Plugin protobuf [46348] || ?[2m2023-03-27T09:43:28.834038Z?[0m ?[35mTRACE?[0m tokio-runtime-worker ?[1mrequest?[0m?[1m{?[0m?[3mmethod?[0m?[2m=?[0mPOST ?[3muri?[0m?[2m=?[0mhttp://[::1]:54371/io.pact.plugin.PactPlugin/VerifyInteraction ?[3mversion?[0m?[2m=?[0mHTTP/2.0 ?[3mheaders?[0m?[2m=?[0m{"content-type": "application/grpc", "te": "trailers", "user-agent": "grpc-java-netty/1.49.0", "grpc-accept-encoding": "gzip", "authorization": Sensitive}?[1m}?[0m?[2m:?[0m?[1mConnection?[0m?[1m{?[0m?[3mpeer?[0m?[2m=?[0mClient?[1m}?[0m?[2m:?[0m?[1mpoll?[0m?[2m:?[0m?[1mFramedRead::poll_next?[0m?[2m:?[0m ?[2mtokio_util::codec::framed_impl?[0m?[2m:?[0m attempting to decode a frame
15:13:28.834 [Thread-5] DEBUG i.pact.plugins.jvm.core.ChildProcess - Plugin protobuf [46348] || ?[2m2023-03-27T09:43:28.834053Z?[0m ?[35mTRACE?[0m tokio-runtime-worker ?[1mrequest?[0m?[1m{?[0m?[3mmethod?[0m?[2m=?[0mPOST ?[3muri?[0m?[2m=?[0mhttp://[::1]:54371/io.pact.plugin.PactPlugin/VerifyInteraction ?[3mversion?[0m?[2m=?[0mHTTP/2.0 ?[3mheaders?[0m?[2m=?[0m{"content-type": "application/grpc", "te": "trailers", "user-agent": "grpc-java-netty/1.49.0", "grpc-accept-encoding": "gzip", "authorization": Sensitive}?[1m}?[0m?[2m:?[0m?[1mConnection?[0m?[1m{?[0m?[3mpeer?[0m?[2m=?[0mClient?[1m}?[0m?[2m:?[0m?[1mpoll?[0m?[2m:?[0m?[1mFramedRead::poll_next?[0m?[2m:?[0m ?[2mtokio_util::codec::framed_impl?[0m?[2m:?[0m frame decoded from buffer
15:13:28.834 [Thread-5] DEBUG i.pact.plugins.jvm.core.ChildProcess - Plugin protobuf [46348] || ?[2m2023-03-27T09:43:28.834064Z?[0m ?[35mTRACE?[0m tokio-runtime-worker ?[1mrequest?[0m?[1m{?[0m?[3mmethod?[0m?[2m=?[0mPOST ?[3muri?[0m?[2m=?[0mhttp://[::1]:54371/io.pact.plugin.PactPlugin/VerifyInteraction ?[3mversion?[0m?[2m=?[0mHTTP/2.0 ?[3mheaders?[0m?[2m=?[0m{"content-type": "application/grpc", "te": "trailers", "user-agent": "grpc-java-netty/1.49.0", "grpc-accept-encoding": "gzip", "authorization": Sensitive}?[1m}?[0m?[2m:?[0m?[1mConnection?[0m?[1m{?[0m?[3mpeer?[0m?[2m=?[0mClient?[1m}?[0m?[2m:?[0m?[1mpoll?[0m?[2m:?[0m?[1mFramedRead::poll_next?[0m?[2m:?[0m ?[2mh2::codec::framed_read?[0m?[2m:?[0m ?[3mread.bytes?[0m?[2m=?[0m20
15:13:28.834 [Thread-5] DEBUG i.pact.plugins.jvm.core.ChildProcess - Plugin protobuf [46348] || ?[2m2023-03-27T09:43:28.834087Z?[0m ?[35mTRACE?[0m tokio-runtime-worker ?[1mrequest?[0m?[1m{?[0m?[3mmethod?[0m?[2m=?[0mPOST ?[3muri?[0m?[2m=?[0mhttp://[::1]:54371/io.pact.plugin.PactPlugin/VerifyInteraction ?[3mversion?[0m?[2m=?[0mHTTP/2.0 ?[3mheaders?[0m?[2m=?[0m{"content-type": "application/grpc", "te": "trailers", "user-agent": "grpc-java-netty/1.49.0", "grpc-accept-encoding": "gzip", "authorization": Sensitive}?[1m}?[0m?[2m:?[0m?[1mConnection?[0m?[1m{?[0m?[3mpeer?[0m?[2m=?[0mClient?[1m}?[0m?[2m:?[0m?[1mpoll?[0m?[2m:?[0m?[1mFramedRead::poll_next?[0m?[2m:?[0m?[1mFramedRead::decode_frame?[0m?[1m{?[0m?[3moffset?[0m?[2m=?[0m20?[1m}?[0m?[2m:?[0m ?[2mh2::codec::framed_read?[0m?[2m:?[0m decoding frame from 20B
15:13:28.834 [Thread-5] DEBUG i.pact.plugins.jvm.core.ChildProcess - Plugin protobuf [46348] || ?[2m2023-03-27T09:43:28.834104Z?[0m ?[35mTRACE?[0m tokio-runtime-worker ?[1mrequest?[0m?[1m{?[0m?[3mmethod?[0m?[2m=?[0mPOST ?[3muri?[0m?[2m=?[0mhttp://[::1]:54371/io.pact.plugin.PactPlugin/VerifyInteraction ?[3mversion?[0m?[2m=?[0mHTTP/2.0 ?[3mheaders?[0m?[2m=?[0m{"content-type": "application/grpc", "te": "trailers", "user-agent": "grpc-java-netty/1.49.0", "grpc-accept-encoding": "gzip", "authorization": Sensitive}?[1m}?[0m?[2m:?[0m?[1mConnection?[0m?[1m{?[0m?[3mpeer?[0m?[2m=?[0mClient?[1m}?[0m?[2m:?[0m?[1mpoll?[0m?[2m:?[0m?[1mFramedRead::poll_next?[0m?[2m:?[0m?[1mFramedRead::decode_frame?[0m?[1m{?[0m?[3moffset?[0m?[2m=?[0m20?[1m}?[0m?[2m:?[0m ?[2mh2::codec::framed_read?[0m?[2m:?[0m ?[3mframe.kind?[0m?[2m=?[0mData
15:13:28.834 [Thread-5] DEBUG i.pact.plugins.jvm.core.ChildProcess - Plugin protobuf [46348] || ?[2m2023-03-27T09:43:28.834128Z?[0m ?[34mDEBUG?[0m tokio-runtime-worker ?[1mrequest?[0m?[1m{?[0m?[3mmethod?[0m?[2m=?[0mPOST ?[3muri?[0m?[2m=?[0mhttp://[::1]:54371/io.pact.plugin.PactPlugin/VerifyInteraction ?[3mversion?[0m?[2m=?[0mHTTP/2.0 ?[3mheaders?[0m?[2m=?[0m{"content-type": "application/grpc", "te": "trailers", "user-agent": "grpc-java-netty/1.49.0", "grpc-accept-encoding": "gzip", "authorization": Sensitive}?[1m}?[0m?[2m:?[0m?[1mConnection?[0m?[1m{?[0m?[3mpeer?[0m?[2m=?[0mClient?[1m}?[0m?[2m:?[0m?[1mpoll?[0m?[2m:?[0m?[1mFramedRead::poll_next?[0m?[2m:?[0m ?[2mh2::codec::framed_read?[0m?[2m:?[0m received ?[3mframe?[0m?[2m=?[0mData { stream_id: StreamId(1) }
15:13:28.834 [Thread-5] DEBUG i.pact.plugins.jvm.core.ChildProcess - Plugin protobuf [46348] || ?[2m2023-03-27T09:43:28.834155Z?[0m ?[35mTRACE?[0m tokio-runtime-worker ?[1mrequest?[0m?[1m{?[0m?[3mmethod?[0m?[2m=?[0mPOST ?[3muri?[0m?[2m=?[0mhttp://[::1]:54371/io.pact.plugin.PactPlugin/VerifyInteraction ?[3mversion?[0m?[2m=?[0mHTTP/2.0 ?[3mheaders?[0m?[2m=?[0m{"content-type": "application/grpc", "te": "trailers", "user-agent": "grpc-java-netty/1.49.0", "grpc-accept-encoding": "gzip", "authorization": Sensitive}?[1m}?[0m?[2m:?[0m?[1mConnection?[0m?[1m{?[0m?[3mpeer?[0m?[2m=?[0mClient?[1m}?[0m?[2m:?[0m?[1mpoll?[0m?[2m:?[0m ?[2mh2::proto::connection?[0m?[2m:?[0m recv DATA ?[3mframe?[0m?[2m=?[0mData { stream_id: StreamId(1) }
15:13:28.834 [Thread-5] DEBUG i.pact.plugins.jvm.core.ChildProcess - Plugin protobuf [46348] || ?[2m2023-03-27T09:43:28.834183Z?[0m ?[35mTRACE?[0m tokio-runtime-worker ?[1mrequest?[0m?[1m{?[0m?[3mmethod?[0m?[2m=?[0mPOST ?[3muri?[0m?[2m=?[0mhttp://[::1]:54371/io.pact.plugin.PactPlugin/VerifyInteraction ?[3mversion?[0m?[2m=?[0mHTTP/2.0 ?[3mheaders?[0m?[2m=?[0m{"content-type": "application/grpc", "te": "trailers", "user-agent": "grpc-java-netty/1.49.0", "grpc-accept-encoding": "gzip", "authorization": Sensitive}?[1m}?[0m?[2m:?[0m?[1mConnection?[0m?[1m{?[0m?[3mpeer?[0m?[2m=?[0mClient?[1m}?[0m?[2m:?[0m?[1mpoll?[0m?[2m:?[0m ?[2mh2::proto::streams::recv?[0m?[2m:?[0m recv_data; size=11; connection=5242880; stream=2097152
15:13:28.834 [Thread-5] DEBUG i.pact.plugins.jvm.core.ChildProcess - Plugin protobuf [46348] || ?[2m2023-03-27T09:43:28.834200Z?[0m ?[35mTRACE?[0m tokio-runtime-worker ?[1mrequest?[0m?[1m{?[0m?[3mmethod?[0m?[2m=?[0mPOST ?[3muri?[0m?[2m=?[0mhttp://[::1]:54371/io.pact.plugin.PactPlugin/VerifyInteraction ?[3mversion?[0m?[2m=?[0mHTTP/2.0 ?[3mheaders?[0m?[2m=?[0m{"content-type": "application/grpc", "te": "trailers", "user-agent": "grpc-java-netty/1.49.0", "grpc-accept-encoding": "gzip", "authorization": Sensitive}?[1m}?[0m?[2m:?[0m?[1mConnection?[0m?[1m{?[0m?[3mpeer?[0m?[2m=?[0mClient?[1m}?[0m?[2m:?[0m?[1mpoll?[0m?[2m:?[0m ?[2mh2::proto::streams::flow_control?[0m?[2m:?[0m send_data; sz=11; window=5242880; available=5242880
15:13:28.834 [Thread-5] DEBUG i.pact.plugins.jvm.core.ChildProcess - Plugin protobuf [46348] || ?[2m2023-03-27T09:43:28.834215Z?[0m ?[35mTRACE?[0m tokio-runtime-worker ?[1mrequest?[0m?[1m{?[0m?[3mmethod?[0m?[2m=?[0mPOST ?[3muri?[0m?[2m=?[0mhttp://[::1]:54371/io.pact.plugin.PactPlugin/VerifyInteraction ?[3mversion?[0m?[2m=?[0mHTTP/2.0 ?[3mheaders?[0m?[2m=?[0m{"content-type": "application/grpc", "te": "trailers", "user-agent": "grpc-java-netty/1.49.0", "grpc-accept-encoding": "gzip", "authorization": Sensitive}?[1m}?[0m?[2m:?[0m?[1mConnection?[0m?[1m{?[0m?[3mpeer?[0m?[2m=?[0mClient?[1m}?[0m?[2m:?[0m?[1mpoll?[0m?[2m:?[0m ?[2mh2::proto::streams::flow_control?[0m?[2m:?[0m send_data; sz=11; window=2097152; available=2097152
15:13:28.834 [Thread-5] DEBUG i.pact.plugins.jvm.core.ChildProcess - Plugin protobuf [46348] || ?[2m2023-03-27T09:43:28.834230Z?[0m ?[35mTRACE?[0m tokio-runtime-worker ?[1mrequest?[0m?[1m{?[0m?[3mmethod?[0m?[2m=?[0mPOST ?[3muri?[0m?[2m=?[0mhttp://[::1]:54371/io.pact.plugin.PactPlugin/VerifyInteraction ?[3mversion?[0m?[2m=?[0mHTTP/2.0 ?[3mheaders?[0m?[2m=?[0m{"content-type": "application/grpc", "te": "trailers", "user-agent": "grpc-java-netty/1.49.0", "grpc-accept-encoding": "gzip", "authorization": Sensitive}?[1m}?[0m?[2m:?[0m?[1mConnection?[0m?[1m{?[0m?[3mpeer?[0m?[2m=?[0mClient?[1m}?[0m?[2m:?[0m?[1mpoll?[0m?[2m:?[0m ?[2mh2::proto::streams::counts?[0m?[2m:?[0m transition_after; stream=StreamId(1); state=State { inner: HalfClosedLocal(Streaming) }; is_closed=false; pending_send_empty=true; buffered_send_data=0; num_recv=0; num_send=1
15:13:28.834 [Thread-5] DEBUG i.pact.plugins.jvm.core.ChildProcess - Plugin protobuf [46348] || ?[2m2023-03-27T09:43:28.834273Z?[0m ?[35mTRACE?[0m tokio-runtime-worker ?[1mrequest?[0m?[1m{?[0m?[3mmethod?[0m?[2m=?[0mPOST ?[3muri?[0m?[2m=?[0mhttp://[::1]:54371/io.pact.plugin.PactPlugin/VerifyInteraction ?[3mversion?[0m?[2m=?[0mHTTP/2.0 ?[3mheaders?[0m?[2m=?[0m{"content-type": "application/grpc", "te": "trailers", "user-agent": "grpc-java-netty/1.49.0", "grpc-accept-encoding": "gzip", "authorization": Sensitive}?[1m}?[0m?[2m:?[0m?[1mConnection?[0m?[1m{?[0m?[3mpeer?[0m?[2m=?[0mClient?[1m}?[0m?[2m:?[0m?[1mpoll?[0m?[2m:?[0m?[1mFramedRead::poll_next?[0m?[2m:?[0m ?[2mh2::codec::framed_read?[0m?[2m:?[0m poll
15:13:28.834 [Thread-5] DEBUG i.pact.plugins.jvm.core.ChildProcess - Plugin protobuf [46348] || ?[2m2023-03-27T09:43:28.834289Z?[0m ?[35mTRACE?[0m tokio-runtime-worker ?[1mrequest?[0m?[1m{?[0m?[3mmethod?[0m?[2m=?[0mPOST ?[3muri?[0m?[2m=?[0mhttp://[::1]:54371/io.pact.plugin.PactPlugin/VerifyInteraction ?[3mversion?[0m?[2m=?[0mHTTP/2.0 ?[3mheaders?[0m?[2m=?[0m{"content-type": "application/grpc", "te": "trailers", "user-agent": "grpc-java-netty/1.49.0", "grpc-accept-encoding": "gzip", "authorization": Sensitive}?[1m}?[0m?[2m:?[0m?[1mConnection?[0m?[1m{?[0m?[3mpeer?[0m?[2m=?[0mClient?[1m}?[0m?[2m:?[0m?[1mpoll?[0m?[2m:?[0m?[1mFramedRead::poll_next?[0m?[2m:?[0m ?[2mtokio_util::codec::framed_impl?[0m?[2m:?[0m attempting to decode a frame
15:13:28.834 [Thread-5] DEBUG i.pact.plugins.jvm.core.ChildProcess - Plugin protobuf [46348] || ?[2m2023-03-27T09:43:28.834309Z?[0m ?[35mTRACE?[0m tokio-runtime-worker ?[1mrequest?[0m?[1m{?[0m?[3mmethod?[0m?[2m=?[0mPOST ?[3muri?[0m?[2m=?[0mhttp://[::1]:54371/io.pact.plugin.PactPlugin/VerifyInteraction ?[3mversion?[0m?[2m=?[0mHTTP/2.0 ?[3mheaders?[0m?[2m=?[0m{"content-type": "application/grpc", "te": "trailers", "user-agent": "grpc-java-netty/1.49.0", "grpc-accept-encoding": "gzip", "authorization": Sensitive}?[1m}?[0m?[2m:?[0m?[1mConnection?[0m?[1m{?[0m?[3mpeer?[0m?[2m=?[0mClient?[1m}?[0m?[2m:?[0m?[1mpoll?[0m?[2m:?[0m?[1mFramedRead::poll_next?[0m?[2m:?[0m ?[2mtokio_util::codec::framed_impl?[0m?[2m:?[0m frame decoded from buffer
15:13:28.834 [Thread-5] DEBUG i.pact.plugins.jvm.core.ChildProcess - Plugin protobuf [46348] || ?[2m2023-03-27T09:43:28.834322Z?[0m ?[35mTRACE?[0m tokio-runtime-worker ?[1mrequest?[0m?[1m{?[0m?[3mmethod?[0m?[2m=?[0mPOST ?[3muri?[0m?[2m=?[0mhttp://[::1]:54371/io.pact.plugin.PactPlugin/VerifyInteraction ?[3mversion?[0m?[2m=?[0mHTTP/2.0 ?[3mheaders?[0m?[2m=?[0m{"content-type": "application/grpc", "te": "trailers", "user-agent": "grpc-java-netty/1.49.0", "grpc-accept-encoding": "gzip", "authorization": Sensitive}?[1m}?[0m?[2m:?[0m?[1mConnection?[0m?[1m{?[0m?[3mpeer?[0m?[2m=?[0mClient?[1m}?[0m?[2m:?[0m?[1mpoll?[0m?[2m:?[0m?[1mFramedRead::poll_next?[0m?[2m:?[0m ?[2mh2::codec::framed_read?[0m?[2m:?[0m ?[3mread.bytes?[0m?[2m=?[0m24
15:13:28.834 [Thread-5] DEBUG i.pact.plugins.jvm.core.ChildProcess - Plugin protobuf [46348] || ?[2m2023-03-27T09:43:28.834351Z?[0m ?[35mTRACE?[0m tokio-runtime-worker ?[1mrequest?[0m?[1m{?[0m?[3mmethod?[0m?[2m=?[0mPOST ?[3muri?[0m?[2m=?[0mhttp://[::1]:54371/io.pact.plugin.PactPlugin/VerifyInteraction ?[3mversion?[0m?[2m=?[0mHTTP/2.0 ?[3mheaders?[0m?[2m=?[0m{"content-type": "application/grpc", "te": "trailers", "user-agent": "grpc-java-netty/1.49.0", "grpc-accept-encoding": "gzip", "authorization": Sensitive}?[1m}?[0m?[2m:?[0m?[1mConnection?[0m?[1m{?[0m?[3mpeer?[0m?[2m=?[0mClient?[1m}?[0m?[2m:?[0m?[1mpoll?[0m?[2m:?[0m?[1mFramedRead::poll_next?[0m?[2m:?[0m?[1mFramedRead::decode_frame?[0m?[1m{?[0m?[3moffset?[0m?[2m=?[0m24?[1m}?[0m?[2m:?[0m ?[2mh2::codec::framed_read?[0m?[2m:?[0m decoding frame from 24B
15:13:28.834 [Thread-5] DEBUG i.pact.plugins.jvm.core.ChildProcess - Plugin protobuf [46348] || ?[2m2023-03-27T09:43:28.834368Z?[0m ?[35mTRACE?[0m tokio-runtime-worker ?[1mrequest?[0m?[1m{?[0m?[3mmethod?[0m?[2m=?[0mPOST ?[3muri?[0m?[2m=?[0mhttp://[::1]:54371/io.pact.plugin.PactPlugin/VerifyInteraction ?[3mversion?[0m?[2m=?[0mHTTP/2.0 ?[3mheaders?[0m?[2m=?[0m{"content-type": "application/grpc", "te": "trailers", "user-agent": "grpc-java-netty/1.49.0", "grpc-accept-encoding": "gzip", "authorization": Sensitive}?[1m}?[0m?[2m:?[0m?[1mConnection?[0m?[1m{?[0m?[3mpeer?[0m?[2m=?[0mClient?[1m}?[0m?[2m:?[0m?[1mpoll?[0m?[2m:?[0m?[1mFramedRead::poll_next?[0m?[2m:?[0m?[1mFramedRead::decode_frame?[0m?[1m{?[0m?[3moffset?[0m?[2m=?[0m24?[1m}?[0m?[2m:?[0m ?[2mh2::codec::framed_read?[0m?[2m:?[0m ?[3mframe.kind?[0m?[2m=?[0mHeaders
15:13:28.834 [Thread-5] DEBUG i.pact.plugins.jvm.core.ChildProcess - Plugin protobuf [46348] || ?[2m2023-03-27T09:43:28.834383Z?[0m ?[35mTRACE?[0m tokio-runtime-worker ?[1mrequest?[0m?[1m{?[0m?[3mmethod?[0m?[2m=?[0mPOST ?[3muri?[0m?[2m=?[0mhttp://[::1]:54371/io.pact.plugin.PactPlugin/VerifyInteraction ?[3mversion?[0m?[2m=?[0mHTTP/2.0 ?[3mheaders?[0m?[2m=?[0m{"content-type": "application/grpc", "te": "trailers", "user-agent": "grpc-java-netty/1.49.0", "grpc-accept-encoding": "gzip", "authorization": Sensitive}?[1m}?[0m?[2m:?[0m?[1mConnection?[0m?[1m{?[0m?[3mpeer?[0m?[2m=?[0mClient?[1m}?[0m?[2m:?[0m?[1mpoll?[0m?[2m:?[0m?[1mFramedRead::poll_next?[0m?[2m:?[0m?[1mFramedRead::decode_frame?[0m?[1m{?[0m?[3moffset?[0m?[2m=?[0m24?[1m}?[0m?[2m:?[0m ?[2mh2::frame::headers?[0m?[2m:?[0m loading headers; flags=(0x5: END_HEADERS | END_STREAM)
15:13:28.835 [Thread-5] DEBUG i.pact.plugins.jvm.core.ChildProcess - Plugin protobuf [46348] || ?[2m2023-03-27T09:43:28.834413Z?[0m ?[35mTRACE?[0m tokio-runtime-worker ?[1mrequest?[0m?[1m{?[0m?[3mmethod?[0m?[2m=?[0mPOST ?[3muri?[0m?[2m=?[0mhttp://[::1]:54371/io.pact.plugin.PactPlugin/VerifyInteraction ?[3mversion?[0m?[2m=?[0mHTTP/2.0 ?[3mheaders?[0m?[2m=?[0m{"content-type": "application/grpc", "te": "trailers", "user-agent": "grpc-java-netty/1.49.0", "grpc-accept-encoding": "gzip", "authorization": Sensitive}?[1m}?[0m?[2m:?[0m?[1mConnection?[0m?[1m{?[0m?[3mpeer?[0m?[2m=?[0mClient?[1m}?[0m?[2m:?[0m?[1mpoll?[0m?[2m:?[0m?[1mFramedRead::poll_next?[0m?[2m:?[0m?[1mFramedRead::decode_frame?[0m?[1m{?[0m?[3moffset?[0m?[2m=?[0m24?[1m}?[0m?[2m:?[0m?[1mhpack::decode?[0m?[2m:?[0m ?[2mh2::hpack::decoder?[0m?[2m:?[0m decode
15:13:28.835 [Thread-5] DEBUG i.pact.plugins.jvm.core.ChildProcess - Plugin protobuf [46348] || ?[2m2023-03-27T09:43:28.834428Z?[0m ?[35mTRACE?[0m tokio-runtime-worker ?[1mrequest?[0m?[1m{?[0m?[3mmethod?[0m?[2m=?[0mPOST ?[3muri?[0m?[2m=?[0mhttp://[::1]:54371/io.pact.plugin.PactPlugin/VerifyInteraction ?[3mversion?[0m?[2m=?[0mHTTP/2.0 ?[3mheaders?[0m?[2m=?[0m{"content-type": "application/grpc", "te": "trailers", "user-agent": "grpc-java-netty/1.49.0", "grpc-accept-encoding": "gzip", "authorization": Sensitive}?[1m}?[0m?[2m:?[0m?[1mConnection?[0m?[1m{?[0m?[3mpeer?[0m?[2m=?[0mClient?[1m}?[0m?[2m:?[0m?[1mpoll?[0m?[2m:?[0m?[1mFramedRead::poll_next?[0m?[2m:?[0m?[1mFramedRead::decode_frame?[0m?[1m{?[0m?[3moffset?[0m?[2m=?[0m24?[1m}?[0m?[2m:?[0m?[1mhpack::decode?[0m?[2m:?[0m ?[2mh2::hpack::decoder?[0m?[2m:?[0m ?[3mrem?[0m?[2m=?[0m15 ?[3mkind?[0m?[2m=?[0mLiteralWithIndexing
15:13:28.835 [Thread-5] DEBUG i.pact.plugins.jvm.core.ChildProcess - Plugin protobuf [46348] || ?[2m2023-03-27T09:43:28.834469Z?[0m ?[34mDEBUG?[0m tokio-runtime-worker ?[1mrequest?[0m?[1m{?[0m?[3mmethod?[0m?[2m=?[0mPOST ?[3muri?[0m?[2m=?[0mhttp://[::1]:54371/io.pact.plugin.PactPlugin/VerifyInteraction ?[3mversion?[0m?[2m=?[0mHTTP/2.0 ?[3mheaders?[0m?[2m=?[0m{"content-type": "application/grpc", "te": "trailers", "user-agent": "grpc-java-netty/1.49.0", "grpc-accept-encoding": "gzip", "authorization": Sensitive}?[1m}?[0m?[2m:?[0m?[1mConnection?[0m?[1m{?[0m?[3mpeer?[0m?[2m=?[0mClient?[1m}?[0m?[2m:?[0m?[1mpoll?[0m?[2m:?[0m?[1mFramedRead::poll_next?[0m?[2m:?[0m ?[2mh2::codec::framed_read?[0m?[2m:?[0m received ?[3mframe?[0m?[2m=?[0mHeaders { stream_id: StreamId(1), flags: (0x5: END_HEADERS | END_STREAM) }
15:13:28.835 [Thread-5] DEBUG i.pact.plugins.jvm.core.ChildProcess - Plugin protobuf [46348] || ?[2m2023-03-27T09:43:28.834498Z?[0m ?[35mTRACE?[0m tokio-runtime-worker ?[1mrequest?[0m?[1m{?[0m?[3mmethod?[0m?[2m=?[0mPOST ?[3muri?[0m?[2m=?[0mhttp://[::1]:54371/io.pact.plugin.PactPlugin/VerifyInteraction ?[3mversion?[0m?[2m=?[0mHTTP/2.0 ?[3mheaders?[0m?[2m=?[0m{"content-type": "application/grpc", "te": "trailers", "user-agent": "grpc-java-netty/1.49.0", "grpc-accept-encoding": "gzip", "authorization": Sensitive}?[1m}?[0m?[2m:?[0m?[1mConnection?[0m?[1m{?[0m?[3mpeer?[0m?[2m=?[0mClient?[1m}?[0m?[2m:?[0m?[1mpoll?[0m?[2m:?[0m ?[2mh2::proto::connection?[0m?[2m:?[0m recv HEADERS ?[3mframe?[0m?[2m=?[0mHeaders { stream_id: StreamId(1), flags: (0x5: END_HEADERS | END_STREAM) }
15:13:28.835 [Thread-5] DEBUG i.pact.plugins.jvm.core.ChildProcess - Plugin protobuf [46348] || ?[2m2023-03-27T09:43:28.834516Z?[0m ?[35mTRACE?[0m tokio-runtime-worker ?[1mrequest?[0m?[1m{?[0m?[3mmethod?[0m?[2m=?[0mPOST ?[3muri?[0m?[2m=?[0mhttp://[::1]:54371/io.pact.plugin.PactPlugin/VerifyInteraction ?[3mversion?[0m?[2m=?[0mHTTP/2.0 ?[3mheaders?[0m?[2m=?[0m{"content-type": "application/grpc", "te": "trailers", "user-agent": "grpc-java-netty/1.49.0", "grpc-accept-encoding": "gzip", "authorization": Sensitive}?[1m}?[0m?[2m:?[0m?[1mConnection?[0m?[1m{?[0m?[3mpeer?[0m?[2m=?[0mClient?[1m}?[0m?[2m:?[0m?[1mpoll?[0m?[2m:?[0m ?[2mh2::proto::streams::streams?[0m?[2m:?[0m recv_headers; stream=StreamId(1); state=State { inner: HalfClosedLocal(Streaming) }
15:13:28.835 [Thread-5] DEBUG i.pact.plugins.jvm.core.ChildProcess - Plugin protobuf [46348] || ?[2m2023-03-27T09:43:28.834534Z?[0m ?[35mTRACE?[0m tokio-runtime-worker ?[1mrequest?[0m?[1m{?[0m?[3mmethod?[0m?[2m=?[0mPOST ?[3muri?[0m?[2m=?[0mhttp://[::1]:54371/io.pact.plugin.PactPlugin/VerifyInteraction ?[3mversion?[0m?[2m=?[0mHTTP/2.0 ?[3mheaders?[0m?[2m=?[0m{"content-type": "application/grpc", "te": "trailers", "user-agent": "grpc-java-netty/1.49.0", "grpc-accept-encoding": "gzip", "authorization": Sensitive}?[1m}?[0m?[2m:?[0m?[1mConnection?[0m?[1m{?[0m?[3mpeer?[0m?[2m=?[0mClient?[1m}?[0m?[2m:?[0m?[1mpoll?[0m?[2m:?[0m ?[2mh2::proto::streams::state?[0m?[2m:?[0m recv_close: HalfClosedLocal => Closed
15:13:28.835 [Thread-5] DEBUG i.pact.plugins.jvm.core.ChildProcess - Plugin protobuf [46348] || ?[2m2023-03-27T09:43:28.834554Z?[0m ?[35mTRACE?[0m tokio-runtime-worker ?[1mrequest?[0m?[1m{?[0m?[3mmethod?[0m?[2m=?[0mPOST ?[3muri?[0m?[2m=?[0mhttp://[::1]:54371/io.pact.plugin.PactPlugin/VerifyInteraction ?[3mversion?[0m?[2m=?[0mHTTP/2.0 ?[3mheaders?[0m?[2m=?[0m{"content-type": "application/grpc", "te": "trailers", "user-agent": "grpc-java-netty/1.49.0", "grpc-accept-encoding": "gzip", "authorization": Sensitive}?[1m}?[0m?[2m:?[0m?[1mConnection?[0m?[1m{?[0m?[3mpeer?[0m?[2m=?[0mClient?[1m}?[0m?[2m:?[0m?[1mpoll?[0m?[2m:?[0m ?[2mh2::proto::streams::counts?[0m?[2m:?[0m transition_after; stream=StreamId(1); state=State { inner: Closed(EndStream) }; is_closed=true; pending_send_empty=true; buffered_send_data=0; num_recv=0; num_send=1
15:13:28.835 [Thread-5] DEBUG i.pact.plugins.jvm.core.ChildProcess - Plugin protobuf [46348] || ?[2m2023-03-27T09:43:28.834571Z?[0m ?[35mTRACE?[0m tokio-runtime-worker ?[1mrequest?[0m?[1m{?[0m?[3mmethod?[0m?[2m=?[0mPOST ?[3muri?[0m?[2m=?[0mhttp://[::1]:54371/io.pact.plugin.PactPlugin/VerifyInteraction ?[3mversion?[0m?[2m=?[0mHTTP/2.0 ?[3mheaders?[0m?[2m=?[0m{"content-type": "application/grpc", "te": "trailers", "user-agent": "grpc-java-netty/1.49.0", "grpc-accept-encoding": "gzip", "authorization": Sensitive}?[1m}?[0m?[2m:?[0m?[1mConnection?[0m?[1m{?[0m?[3mpeer?[0m?[2m=?[0mClient?[1m}?[0m?[2m:?[0m?[1mpoll?[0m?[2m:?[0m ?[2mh2::proto::streams::counts?[0m?[2m:?[0m dec_num_streams; stream=StreamId(1)
15:13:28.835 [Thread-5] DEBUG i.pact.plugins.jvm.core.ChildProcess - Plugin protobuf [46348] || ?[2m2023-03-27T09:43:28.834608Z?[0m ?[35mTRACE?[0m tokio-runtime-worker ?[1mrequest?[0m?[1m{?[0m?[3mmethod?[0m?[2m=?[0mPOST ?[3muri?[0m?[2m=?[0mhttp://[::1]:54371/io.pact.plugin.PactPlugin/VerifyInteraction ?[3mversion?[0m?[2m=?[0mHTTP/2.0 ?[3mheaders?[0m?[2m=?[0m{"content-type": "application/grpc", "te": "trailers", "user-agent": "grpc-java-netty/1.49.0", "grpc-accept-encoding": "gzip", "authorization": Sensitive}?[1m}?[0m?[2m:?[0m?[1mConnection?[0m?[1m{?[0m?[3mpeer?[0m?[2m=?[0mClient?[1m}?[0m?[2m:?[0m?[1mpoll?[0m?[2m:?[0m?[1mFramedRead::poll_next?[0m?[2m:?[0m ?[2mh2::codec::framed_read?[0m?[2m:?[0m poll
15:13:28.835 [Thread-5] DEBUG i.pact.plugins.jvm.core.ChildProcess - Plugin protobuf [46348] || ?[2m2023-03-27T09:43:28.834624Z?[0m ?[35mTRACE?[0m tokio-runtime-worker ?[1mrequest?[0m?[1m{?[0m?[3mmethod?[0m?[2m=?[0mPOST ?[3muri?[0m?[2m=?[0mhttp://[::1]:54371/io.pact.plugin.PactPlugin/VerifyInteraction ?[3mversion?[0m?[2m=?[0mHTTP/2.0 ?[3mheaders?[0m?[2m=?[0m{"content-type": "application/grpc", "te": "trailers", "user-agent": "grpc-java-netty/1.49.0", "grpc-accept-encoding": "gzip", "authorization": Sensitive}?[1m}?[0m?[2m:?[0m?[1mConnection?[0m?[1m{?[0m?[3mpeer?[0m?[2m=?[0mClient?[1m}?[0m?[2m:?[0m?[1mpoll?[0m?[2m:?[0m?[1mFramedRead::poll_next?[0m?[2m:?[0m ?[2mtokio_util::codec::framed_impl?[0m?[2m:?[0m attempting to decode a frame
15:13:28.835 [Thread-5] DEBUG i.pact.plugins.jvm.core.ChildProcess - Plugin protobuf [46348] || ?[2m2023-03-27T09:43:28.834671Z?[0m ?[35mTRACE?[0m tokio-runtime-worker ?[1mrequest?[0m?[1m{?[0m?[3mmethod?[0m?[2m=?[0mPOST ?[3muri?[0m?[2m=?[0mhttp://[::1]:54371/io.pact.plugin.PactPlugin/VerifyInteraction ?[3mversion?[0m?[2m=?[0mHTTP/2.0 ?[3mheaders?[0m?[2m=?[0m{"content-type": "application/grpc", "te": "trailers", "user-agent": "grpc-java-netty/1.49.0", "grpc-accept-encoding": "gzip", "authorization": Sensitive}?[1m}?[0m?[2m:?[0m?[1mConnection?[0m?[1m{?[0m?[3mpeer?[0m?[2m=?[0mClient?[1m}?[0m?[2m:?[0m?[1mpoll?[0m?[2m:?[0m ?[2mh2::proto::streams::prioritize?[0m?[2m:?[0m poll_complete
15:13:28.835 [Thread-5] DEBUG i.pact.plugins.jvm.core.ChildProcess - Plugin protobuf [46348] || ?[2m2023-03-27T09:43:28.834685Z?[0m ?[35mTRACE?[0m tokio-runtime-worker ?[1mrequest?[0m?[1m{?[0m?[3mmethod?[0m?[2m=?[0mPOST ?[3muri?[0m?[2m=?[0mhttp://[::1]:54371/io.pact.plugin.PactPlugin/VerifyInteraction ?[3mversion?[0m?[2m=?[0mHTTP/2.0 ?[3mheaders?[0m?[2m=?[0m{"content-type": "application/grpc", "te": "trailers", "user-agent": "grpc-java-netty/1.49.0", "grpc-accept-encoding": "gzip", "authorization": Sensitive}?[1m}?[0m?[2m:?[0m?[1mConnection?[0m?[1m{?[0m?[3mpeer?[0m?[2m=?[0mClient?[1m}?[0m?[2m:?[0m?[1mpoll?[0m?[2m:?[0m ?[2mh2::proto::streams::prioritize?[0m?[2m:?[0m schedule_pending_open
15:13:28.835 [Thread-5] DEBUG i.pact.plugins.jvm.core.ChildProcess - Plugin protobuf [46348] || ?[2m2023-03-27T09:43:28.834725Z?[0m ?[35mTRACE?[0m tokio-runtime-worker ?[1mrequest?[0m?[1m{?[0m?[3mmethod?[0m?[2m=?[0mPOST ?[3muri?[0m?[2m=?[0mhttp://[::1]:54371/io.pact.plugin.PactPlugin/VerifyInteraction ?[3mversion?[0m?[2m=?[0mHTTP/2.0 ?[3mheaders?[0m?[2m=?[0m{"content-type": "application/grpc", "te": "trailers", "user-agent": "grpc-java-netty/1.49.0", "grpc-accept-encoding": "gzip", "authorization": Sensitive}?[1m}?[0m?[2m:?[0m?[1mConnection?[0m?[1m{?[0m?[3mpeer?[0m?[2m=?[0mClient?[1m}?[0m?[2m:?[0m?[1mpoll?[0m?[2m:?[0m?[1mFramedWrite::flush?[0m?[2m:?[0m ?[2mh2::codec::framed_write?[0m?[2m:?[0m flushing buffer
15:13:28.835 [Thread-5] DEBUG i.pact.plugins.jvm.core.ChildProcess - Plugin protobuf [46348] || ?[2m2023-03-27T09:43:28.834778Z?[0m ?[35mTRACE?[0m tokio-runtime-worker ?[1mrequest?[0m?[1m{?[0m?[3mmethod?[0m?[2m=?[0mPOST ?[3muri?[0m?[2m=?[0mhttp://[::1]:54371/io.pact.plugin.PactPlugin/VerifyInteraction ?[3mversion?[0m?[2m=?[0mHTTP/2.0 ?[3mheaders?[0m?[2m=?[0m{"content-type": "application/grpc", "te": "trailers", "user-agent": "grpc-java-netty/1.49.0", "grpc-accept-encoding": "gzip", "authorization": Sensitive}?[1m}?[0m?[2m:?[0m ?[2mh2::proto::streams::recv?[0m?[2m:?[0m release_capacity; size=11
15:13:28.835 [Thread-5] DEBUG i.pact.plugins.jvm.core.ChildProcess - Plugin protobuf [46348] || ?[2m2023-03-27T09:43:28.834792Z?[0m ?[35mTRACE?[0m tokio-runtime-worker ?[1mrequest?[0m?[1m{?[0m?[3mmethod?[0m?[2m=?[0mPOST ?[3muri?[0m?[2m=?[0mhttp://[::1]:54371/io.pact.plugin.PactPlugin/VerifyInteraction ?[3mversion?[0m?[2m=?[0mHTTP/2.0 ?[3mheaders?[0m?[2m=?[0m{"content-type": "application/grpc", "te": "trailers", "user-agent": "grpc-java-netty/1.49.0", "grpc-accept-encoding": "gzip", "authorization": Sensitive}?[1m}?[0m?[2m:?[0m ?[2mh2::proto::streams::recv?[0m?[2m:?[0m release_connection_capacity; size=11, connection in_flight_data=11
15:13:28.835 [Thread-5] DEBUG i.pact.plugins.jvm.core.ChildProcess - Plugin protobuf [46348] || ?[2m2023-03-27T09:43:28.835092Z?[0m ?[35mTRACE?[0m tokio-runtime-worker ?[1mrequest?[0m?[1m{?[0m?[3mmethod?[0m?[2m=?[0mPOST ?[3muri?[0m?[2m=?[0mhttp://[::1]:54371/io.pact.plugin.PactPlugin/VerifyInteraction ?[3mversion?[0m?[2m=?[0mHTTP/2.0 ?[3mheaders?[0m?[2m=?[0m{"content-type": "application/grpc", "te": "trailers", "user-agent": "grpc-java-netty/1.49.0", "grpc-accept-encoding": "gzip", "authorization": Sensitive}?[1m}?[0m?[2m:?[0m?[1mdecode?[0m?[1m{?[0m?[3mself?[0m?[2m=?[0mDynamicMessageDecoder { descriptor: DescriptorProto { name: Some("AreaResponse"), field: [FieldDescriptorProto { name: Some("value"), number: Some(1), label: Some(Repeated), r#type: Some(Float), type_name: None, extendee: None, default_value: None, oneof_index: None, json_name: Some("value"), options: None, proto3_optional: None }], extension: [], nested_type: [], enum_type: [], extension_range: [], oneof_decl: [], options: None, reserved_range: [], reserved_name: [] }, message: SynchronousMessage { id: None, key: Some("c7fbe3ee"), description: "calculate rectangle area request", provider_states: [], comments: {"testname": String("io.pact.example.grpc.consumer.PactConsumerTest.calculateRectangleArea(MockServer, SynchronousMessages)")}, request: MessageContents { contents: Present(b"\x12\n\r\0\0@@\x15\0\0\x80@", Some(ContentType { main_type: "application", sub_type: "protobuf", attributes: {"message": "ShapeMessage"}, suffix: None }), Some(BINARY)), metadata: {}, matching_rules: MatchingRules { rules: {BODY: MatchingRuleCategory { name: BODY, rules: {DocPath { path_tokens: [Root, Field("rectangle"), Field("length")], expr: "$.rectangle.length" }: RuleList { rules: [Number], rule_logic: And, cascaded: false }, DocPath { path_tokens: [Root, Field("rectangle"), Field("width")], expr: "$.rectangle.width" }: RuleList { rules: [Number], rule_logic: And, cascaded: false }} }} }, generators: Generators { categories: {} } }, response: [MessageContents { contents: Present(b"\r\0\0@A", Some(ContentType { main_type: "application", sub_type: "protobuf", attributes: {"message": "AreaResponse"}, suffix: None }), Some(BINARY)), metadata: {}, matching_rules: MatchingRules { rules: {BODY: MatchingRuleCategory { name: BODY, rules: {DocPath { path_tokens: [Root, Field("value")], expr: "$.value" }: RuleList { rules: [Number], rule_logic: And, cascaded: false }} }} }, generators: Generators { categories: {} } }], pending: false, plugin_config: {"protobuf": {"descriptorKey": String("a85dff8f82655a9681aad113575dcfbb"), "service": String("Calculator/calculateOne")}}, interaction_markup: InteractionMarkup { markup: "```protobuf\nmessage ShapeMessage {\n    message .area_calculator.Rectangle rectangle = 2;\n}\n```\n\n```protobuf\nmessage AreaResponse {\n    float value = 1;\n}\n```\n", markup_type: "COMMON_MARK" }, transport: Some("grpc") }, file_descriptor_set: FileDescriptorSet { file: [FileDescriptorProto { name: Some("area_calculator.proto"), package: Some("area_calculator"), dependency: [], public_dependency: [], weak_dependency: [], message_type: [DescriptorProto { name: Some("ShapeMessage"), field: [FieldDescriptorProto { name: Some("square"), number: Some(1), label: Some(Optional), r#type: Some(Message), type_name: Some(".area_calculator.Square"), extendee: None, default_value: None, oneof_index: Some(0), json_name: Some("square"), options: None, proto3_optional: None }, FieldDescriptorProto { name: Some("rectangle"), number: Some(2), label: Some(Optional), r#type: Some(Message), type_name: Some(".area_calculator.Rectangle"), extendee: None, default_value: None, oneof_index: Some(0), json_name: Some("rectangle"), options: None, proto3_optional: None }, FieldDescriptorProto { name: Some("circle"), number: Some(3), label: Some(Optional), r#type: Some(Message), type_name: Some(".area_calculator.Circle"), extendee: None, default_value: None, oneof_index: Some(0), json_name: Some("circle"), options: None, proto3_optional: None }, FieldDescriptorProto { name: Some("triangle"), number: Some(4), label: Some(Optional), r#type: Some(Message), type_name: Some(".area_calculator.Triangle"), extendee: None, default_value: None, oneof_index: Some(0), json_name: Some("triangle"), options: None, proto3_optional: None }, FieldDescriptorProto { name: Some("parallelogram"), number: Some(5), label: Some(Optional), r#type: Some(Message), type_name: Some(".area_calculator.Parallelogram"), extendee: None, default_value: None, oneof_index: Some(0), json_name: Some("parallelogram"), options: None, proto3_optional: None }], extension: [], nested_type: [], enum_type: [], extension_range: [], oneof_decl: [OneofDescriptorProto { name: Some("shape"), options: None }], options: None, reserved_range: [], reserved_name: [] }, DescriptorProto { name: Some("Square"), field: [FieldDescriptorProto { name: Some("edge_length"), number: Some(1), label: Some(Optional), r#type: Some(Float), type_name: None, extendee: None, default_value: None, oneof_index: None, json_name: Some("edgeLength"), options: None, proto3_optional: None }], extension: [], nested_type: [], enum_type: [], extension_range: [], oneof_decl: [], options: None, reserved_range: [], reserved_name: [] }, DescriptorProto { name: Some("Rectangle"), field: [FieldDescriptorProto { name: Some("length"), number: Some(1), label: Some(Optional), r#type: Some(Float), type_name: None, extendee: None, default_value: None, oneof_index: None, json_name: Some("length"), options: None, proto3_optional: None }, FieldDescriptorProto { name: Some("width"), number: Some(2), label: Some(Optional), r#type: Some(Float), type_name: None, extendee: None, default_value: None, oneof_index: None, json_name: Some("width"), options: None, proto3_optional: None }], extension: [], nested_type: [], enum_type: [], extension_range: [], oneof_decl: [], options: None, reserved_range: [], reserved_name: [] }, DescriptorProto { name: Some("Circle"), field: [FieldDescriptorProto { name: Some("radius"), number: Some(1), label: Some(Optional), r#type: Some(Float), type_name: None, extendee: None, default_value: None, oneof_index: None, json_name: Some("radius"), options: None, proto3_optional: None }], extension: [], nested_type: [], enum_type: [], extension_range: [], oneof_decl: [], options: None, reserved_range: [], reserved_name: [] }, DescriptorProto { name: Some("Triangle"), field: [FieldDescriptorProto { name: Some("edge_a"), number: Some(1), label: Some(Optional), r#type: Some(Float), type_name: None, extendee: None, default_value: None, oneof_index: None, json_name: Some("edgeA"), options: None, proto3_optional: None }, FieldDescriptorProto { name: Some("edge_b"), number: Some(2), label: Some(Optional), r#type: Some(Float), type_name: None, extendee: None, default_value: None, oneof_index: None, json_name: Some("edgeB"), options: None, proto3_optional: None }, FieldDescriptorProto { name: Some("edge_c"), number: Some(3), label: Some(Optional), r#type: Some(Float), type_name: None, extendee: None, default_value: None, oneof_index: None, json_name: Some("edgeC"), options: None, proto3_optional: None }], extension: [], nested_type: [], enum_type: [], extension_range: [], oneof_decl: [], options: None, reserved_range: [], reserved_name: [] }, DescriptorProto { name: Some("Parallelogram"), field: [FieldDescriptorProto { name: Some("base_length"), number: Some(1), label: Some(Optional), r#type: Some(Float), type_name: None, extendee: None, default_value: None, oneof_index: None, json_name: Some("baseLength"), options: None, proto3_optional: None }, FieldDescriptorProto { name: Some("height"), number: Some(2), label: Some(Optional), r#type: Some(Float), type_name: None, extendee: None, default_value: None, oneof_index: None, json_name: Some("height"), options: None, proto3_optional: None }], extension: [], nested_type: [], enum_type: [], extension_range: [], oneof_decl: [], options: None, reserved_range: [], reserved_name: [] }, DescriptorProto { name: Some("AreaRequest"), field: [FieldDescriptorProto { name: Some("shapes"), number: Some(1), label: Some(Repeated), r#type: Some(Message), type_name: Some(".area_calculator.ShapeMessage"), extendee: None, default_value: None, oneof_index: None, json_name: Some("shapes"), options: None, proto3_optional: None }], extension: [], nested_type: [], enum_type: [], extension_range: [], oneof_decl: [], options: None, reserved_range: [], reserved_name: [] }, DescriptorProto { name: Some("AreaResponse"), field: [FieldDescriptorProto { name: Some("value"), number: Some(1), label: Some(Repeated), r#type: Some(Float), type_name: None, extendee: None, default_value: None, oneof_index: None, json_name: Some("value"), options: None, proto3_optional: None }], extension: [], nested_type: [], enum_type: [], extension_range: [], oneof_decl: [], options: None, reserved_range: [], reserved_name: [] }], enum_type: [], service: [ServiceDescriptorProto { name: Some("Calculator"), method: [MethodDescriptorProto { name: Some("calculateOne"), input_type: Some(".area_calculator.ShapeMessage"), output_type: Some(".area_calculator.AreaResponse"), options: Some(MethodOptions { deprecated: None, idempotency_level: None, uninterpreted_option: [] }), client_streaming: None, server_streaming: None }, MethodDescriptorProto { name: Some("calculateMulti"), input_type: Some(".area_calculator.AreaRequest"), output_type: Some(".area_calculator.AreaResponse"), options: Some(MethodOptions { deprecated: None, idempotency_level: None, uninterpreted_option: [] }), client_streaming: None, server_streaming: None }], options: None }], extension: [], options: Some(FileOptions { java_package: None, java_outer_classname: None, java_multiple_files: None, java_generate_equals_and_hash: None, java_string_check_utf8: None, optimize_for: None, go_package: Some("io.pact/area_calculator"), cc_generic_services: None, java_generic_services: None, py_generic_services: None, php_generic_services: Some(true), deprecated: None, cc_enable_arenas: None, objc_class_prefix: None, csharp_namespace: None, swift_prefix: None, php_class_prefix: None, php_namespace: None, php_metadata_namespace: None, ruby_package: None, uninterpreted_option: [] }), source_code_info: None, syntax: Some("proto3") }] } } ?[3msrc?[0m?[2m=?[0mDecodeBuf { buf: b"\n\x04\0\0@A", len: 6 }?[1m}?[0m?[2m:?[0m ?[2mpact_protobuf_plugin::message_decoder?[0m?[2m:?[0m field_num=1, wire_type=LengthDelimited, bytes remaining = 5
15:13:28.836 [Thread-5] DEBUG i.pact.plugins.jvm.core.ChildProcess - Plugin protobuf [46348] || ?[2m2023-03-27T09:43:28.835164Z?[0m ?[31mERROR?[0m tokio-runtime-worker ?[1mrequest?[0m?[1m{?[0m?[3mmethod?[0m?[2m=?[0mPOST ?[3muri?[0m?[2m=?[0mhttp://[::1]:54371/io.pact.plugin.PactPlugin/VerifyInteraction ?[3mversion?[0m?[2m=?[0mHTTP/2.0 ?[3mheaders?[0m?[2m=?[0m{"content-type": "application/grpc", "te": "trailers", "user-agent": "grpc-java-netty/1.49.0", "grpc-accept-encoding": "gzip", "authorization": Sensitive}?[1m}?[0m?[2m:?[0m?[1mdecode?[0m?[1m{?[0m?[3mself?[0m?[2m=?[0mDynamicMessageDecoder { descriptor: DescriptorProto { name: Some("AreaResponse"), field: [FieldDescriptorProto { name: Some("value"), number: Some(1), label: Some(Repeated), r#type: Some(Float), type_name: None, extendee: None, default_value: None, oneof_index: None, json_name: Some("value"), options: None, proto3_optional: None }], extension: [], nested_type: [], enum_type: [], extension_range: [], oneof_decl: [], options: None, reserved_range: [], reserved_name: [] }, message: SynchronousMessage { id: None, key: Some("c7fbe3ee"), description: "calculate rectangle area request", provider_states: [], comments: {"testname": String("io.pact.example.grpc.consumer.PactConsumerTest.calculateRectangleArea(MockServer, SynchronousMessages)")}, request: MessageContents { contents: Present(b"\x12\n\r\0\0@@\x15\0\0\x80@", Some(ContentType { main_type: "application", sub_type: "protobuf", attributes: {"message": "ShapeMessage"}, suffix: None }), Some(BINARY)), metadata: {}, matching_rules: MatchingRules { rules: {BODY: MatchingRuleCategory { name: BODY, rules: {DocPath { path_tokens: [Root, Field("rectangle"), Field("length")], expr: "$.rectangle.length" }: RuleList { rules: [Number], rule_logic: And, cascaded: false }, DocPath { path_tokens: [Root, Field("rectangle"), Field("width")], expr: "$.rectangle.width" }: RuleList { rules: [Number], rule_logic: And, cascaded: false }} }} }, generators: Generators { categories: {} } }, response: [MessageContents { contents: Present(b"\r\0\0@A", Some(ContentType { main_type: "application", sub_type: "protobuf", attributes: {"message": "AreaResponse"}, suffix: None }), Some(BINARY)), metadata: {}, matching_rules: MatchingRules { rules: {BODY: MatchingRuleCategory { name: BODY, rules: {DocPath { path_tokens: [Root, Field("value")], expr: "$.value" }: RuleList { rules: [Number], rule_logic: And, cascaded: false }} }} }, generators: Generators { categories: {} } }], pending: false, plugin_config: {"protobuf": {"descriptorKey": String("a85dff8f82655a9681aad113575dcfbb"), "service": String("Calculator/calculateOne")}}, interaction_markup: InteractionMarkup { markup: "```protobuf\nmessage ShapeMessage {\n    message .area_calculator.Rectangle rectangle = 2;\n}\n```\n\n```protobuf\nmessage AreaResponse {\n    float value = 1;\n}\n```\n", markup_type: "COMMON_MARK" }, transport: Some("grpc") }, file_descriptor_set: FileDescriptorSet { file: [FileDescriptorProto { name: Some("area_calculator.proto"), package: Some("area_calculator"), dependency: [], public_dependency: [], weak_dependency: [], message_type: [DescriptorProto { name: Some("ShapeMessage"), field: [FieldDescriptorProto { name: Some("square"), number: Some(1), label: Some(Optional), r#type: Some(Message), type_name: Some(".area_calculator.Square"), extendee: None, default_value: None, oneof_index: Some(0), json_name: Some("square"), options: None, proto3_optional: None }, FieldDescriptorProto { name: Some("rectangle"), number: Some(2), label: Some(Optional), r#type: Some(Message), type_name: Some(".area_calculator.Rectangle"), extendee: None, default_value: None, oneof_index: Some(0), json_name: Some("rectangle"), options: None, proto3_optional: None }, FieldDescriptorProto { name: Some("circle"), number: Some(3), label: Some(Optional), r#type: Some(Message), type_name: Some(".area_calculator.Circle"), extendee: None, default_value: None, oneof_index: Some(0), json_name: Some("circle"), options: None, proto3_optional: None }, FieldDescriptorProto { name: Some("triangle"), number: Some(4), label: Some(Optional), r#type: Some(Message), type_name: Some(".area_calculator.Triangle"), extendee: None, default_value: None, oneof_index: Some(0), json_name: Some("triangle"), options: None, proto3_optional: None }, FieldDescriptorProto { name: Some("parallelogram"), number: Some(5), label: Some(Optional), r#type: Some(Message), type_name: Some(".area_calculator.Parallelogram"), extendee: None, default_value: None, oneof_index: Some(0), json_name: Some("parallelogram"), options: None, proto3_optional: None }], extension: [], nested_type: [], enum_type: [], extension_range: [], oneof_decl: [OneofDescriptorProto { name: Some("shape"), options: None }], options: None, reserved_range: [], reserved_name: [] }, DescriptorProto { name: Some("Square"), field: [FieldDescriptorProto { name: Some("edge_length"), number: Some(1), label: Some(Optional), r#type: Some(Float), type_name: None, extendee: None, default_value: None, oneof_index: None, json_name: Some("edgeLength"), options: None, proto3_optional: None }], extension: [], nested_type: [], enum_type: [], extension_range: [], oneof_decl: [], options: None, reserved_range: [], reserved_name: [] }, DescriptorProto { name: Some("Rectangle"), field: [FieldDescriptorProto { name: Some("length"), number: Some(1), label: Some(Optional), r#type: Some(Float), type_name: None, extendee: None, default_value: None, oneof_index: None, json_name: Some("length"), options: None, proto3_optional: None }, FieldDescriptorProto { name: Some("width"), number: Some(2), label: Some(Optional), r#type: Some(Float), type_name: None, extendee: None, default_value: None, oneof_index: None, json_name: Some("width"), options: None, proto3_optional: None }], extension: [], nested_type: [], enum_type: [], extension_range: [], oneof_decl: [], options: None, reserved_range: [], reserved_name: [] }, DescriptorProto { name: Some("Circle"), field: [FieldDescriptorProto { name: Some("radius"), number: Some(1), label: Some(Optional), r#type: Some(Float), type_name: None, extendee: None, default_value: None, oneof_index: None, json_name: Some("radius"), options: None, proto3_optional: None }], extension: [], nested_type: [], enum_type: [], extension_range: [], oneof_decl: [], options: None, reserved_range: [], reserved_name: [] }, DescriptorProto { name: Some("Triangle"), field: [FieldDescriptorProto { name: Some("edge_a"), number: Some(1), label: Some(Optional), r#type: Some(Float), type_name: None, extendee: None, default_value: None, oneof_index: None, json_name: Some("edgeA"), options: None, proto3_optional: None }, FieldDescriptorProto { name: Some("edge_b"), number: Some(2), label: Some(Optional), r#type: Some(Float), type_name: None, extendee: None, default_value: None, oneof_index: None, json_name: Some("edgeB"), options: None, proto3_optional: None }, FieldDescriptorProto { name: Some("edge_c"), number: Some(3), label: Some(Optional), r#type: Some(Float), type_name: None, extendee: None, default_value: None, oneof_index: None, json_name: Some("edgeC"), options: None, proto3_optional: None }], extension: [], nested_type: [], enum_type: [], extension_range: [], oneof_decl: [], options: None, reserved_range: [], reserved_name: [] }, DescriptorProto { name: Some("Parallelogram"), field: [FieldDescriptorProto { name: Some("base_length"), number: Some(1), label: Some(Optional), r#type: Some(Float), type_name: None, extendee: None, default_value: None, oneof_index: None, json_name: Some("baseLength"), options: None, proto3_optional: None }, FieldDescriptorProto { name: Some("height"), number: Some(2), label: Some(Optional), r#type: Some(Float), type_name: None, extendee: None, default_value: None, oneof_index: None, json_name: Some("height"), options: None, proto3_optional: None }], extension: [], nested_type: [], enum_type: [], extension_range: [], oneof_decl: [], options: None, reserved_range: [], reserved_name: [] }, DescriptorProto { name: Some("AreaRequest"), field: [FieldDescriptorProto { name: Some("shapes"), number: Some(1), label: Some(Repeated), r#type: Some(Message), type_name: Some(".area_calculator.ShapeMessage"), extendee: None, default_value: None, oneof_index: None, json_name: Some("shapes"), options: None, proto3_optional: None }], extension: [], nested_type: [], enum_type: [], extension_range: [], oneof_decl: [], options: None, reserved_range: [], reserved_name: [] }, DescriptorProto { name: Some("AreaResponse"), field: [FieldDescriptorProto { name: Some("value"), number: Some(1), label: Some(Repeated), r#type: Some(Float), type_name: None, extendee: None, default_value: None, oneof_index: None, json_name: Some("value"), options: None, proto3_optional: None }], extension: [], nested_type: [], enum_type: [], extension_range: [], oneof_decl: [], options: None, reserved_range: [], reserved_name: [] }], enum_type: [], service: [ServiceDescriptorProto { name: Some("Calculator"), method: [MethodDescriptorProto { name: Some("calculateOne"), input_type: Some(".area_calculator.ShapeMessage"), output_type: Some(".area_calculator.AreaResponse"), options: Some(MethodOptions { deprecated: None, idempotency_level: None, uninterpreted_option: [] }), client_streaming: None, server_streaming: None }, MethodDescriptorProto { name: Some("calculateMulti"), input_type: Some(".area_calculator.AreaRequest"), output_type: Some(".area_calculator.AreaResponse"), options: Some(MethodOptions { deprecated: None, idempotency_level: None, uninterpreted_option: [] }), client_streaming: None, server_streaming: None }], options: None }], extension: [], options: Some(FileOptions { java_package: None, java_outer_classname: None, java_multiple_files: None, java_generate_equals_and_hash: None, java_string_check_utf8: None, optimize_for: None, go_package: Some("io.pact/area_calculator"), cc_generic_services: None, java_generic_services: None, py_generic_services: None, php_generic_services: Some(true), deprecated: None, cc_enable_arenas: None, objc_class_prefix: None, csharp_namespace: None, swift_prefix: None, php_class_prefix: None, php_namespace: None, php_metadata_namespace: None, ruby_package: None, uninterpreted_option: [] }), source_code_info: None, syntax: Some("proto3") }] } } ?[3msrc?[0m?[2m=?[0mDecodeBuf { buf: b"\n\x04\0\0@A", len: 6 }?[1m}?[0m?[2m:?[0m ?[2mpact_protobuf_plugin::message_decoder?[0m?[2m:?[0m Was expecting Float but received an unknown length-delimited type
15:13:28.836 [Thread-5] DEBUG i.pact.plugins.jvm.core.ChildProcess - Plugin protobuf [46348] || ?[2m2023-03-27T09:43:28.835296Z?[0m ?[35mTRACE?[0m tokio-runtime-worker ?[1mrequest?[0m?[1m{?[0m?[3mmethod?[0m?[2m=?[0mPOST ?[3muri?[0m?[2m=?[0mhttp://[::1]:54371/io.pact.plugin.PactPlugin/VerifyInteraction ?[3mversion?[0m?[2m=?[0mHTTP/2.0 ?[3mheaders?[0m?[2m=?[0m{"content-type": "application/grpc", "te": "trailers", "user-agent": "grpc-java-netty/1.49.0", "grpc-accept-encoding": "gzip", "authorization": Sensitive}?[1m}?[0m?[2m:?[0m ?[2mh2::proto::streams::streams?[0m?[2m:?[0m drop_stream_ref; stream=Stream { id: StreamId(1), state: State { inner: Closed(EndStream) }, is_counted: false, ref_count: 1, next_pending_send: None, is_pending_send: false, send_flow: FlowControl { window_size: Window(65518), available: Window(0) }, requested_send_capacity: 0, buffered_send_data: 0, send_task: Some(Waker { data: 0x7fd88880aa00, vtable: 0x102fc7fd8 }), pending_send: Deque { indices: None }, next_pending_send_capacity: None, is_pending_send_capacity: false, send_capacity_inc: true, next_open: None, is_pending_open: false, is_pending_push: false, next_pending_accept: None, is_pending_accept: false, recv_flow: FlowControl { window_size: Window(2097141), available: Window(2097152) }, in_flight_recv_data: 0, next_window_update: None, is_pending_window_update: false, reset_at: None, next_reset_expire: None, pending_recv: Deque { indices: None }, recv_task: None, pending_push_promises: Queue { indices: None, _p: PhantomData }, content_length: Omitted }
15:13:28.836 [Thread-5] DEBUG i.pact.plugins.jvm.core.ChildProcess - Plugin protobuf [46348] || ?[2m2023-03-27T09:43:28.835333Z?[0m ?[35mTRACE?[0m tokio-runtime-worker ?[1mrequest?[0m?[1m{?[0m?[3mmethod?[0m?[2m=?[0mPOST ?[3muri?[0m?[2m=?[0mhttp://[::1]:54371/io.pact.plugin.PactPlugin/VerifyInteraction ?[3mversion?[0m?[2m=?[0mHTTP/2.0 ?[3mheaders?[0m?[2m=?[0m{"content-type": "application/grpc", "te": "trailers", "user-agent": "grpc-java-netty/1.49.0", "grpc-accept-encoding": "gzip", "authorization": Sensitive}?[1m}?[0m?[2m:?[0m ?[2mh2::proto::streams::counts?[0m?[2m:?[0m transition_after; stream=StreamId(1); state=State { inner: Closed(EndStream) }; is_closed=true; pending_send_empty=true; buffered_send_data=0; num_recv=0; num_send=0
15:13:28.837 [Thread-5] DEBUG i.pact.plugins.jvm.core.ChildProcess - Plugin protobuf [46348] || ?[2m2023-03-27T09:43:28.837421Z?[0m ?[34mDEBUG?[0m tokio-runtime-worker ?[1mrequest?[0m?[1m{?[0m?[3mmethod?[0m?[2m=?[0mPOST ?[3muri?[0m?[2m=?[0mhttp://[::1]:54371/io.pact.plugin.PactPlugin/VerifyInteraction ?[3mversion?[0m?[2m=?[0mHTTP/2.0 ?[3mheaders?[0m?[2m=?[0m{"content-type": "application/grpc", "te": "trailers", "user-agent": "grpc-java-netty/1.49.0", "grpc-accept-encoding": "gzip", "authorization": Sensitive}?[1m}?[0m?[2m:?[0m ?[2mpact_protobuf_plugin::verification?[0m?[2m:?[0m Received response from gRPC server - Response { metadata: MetadataMap { headers: {"content-type": "application/grpc", "grpc-encoding": "identity", "grpc-accept-encoding": "gzip", "grpc-status": "0"} }, message: DynamicMessage { descriptor: DescriptorProto { name: Some("AreaResponse"), field: [FieldDescriptorProto { name: Some("value"), number: Some(1), label: Some(Repeated), r#type: Some(Float), type_name: None, extendee: None, default_value: None, oneof_index: None, json_name: Some("value"), options: None, proto3_optional: None }], extension: [], nested_type: [], enum_type: [], extension_range: [], oneof_decl: [], options: None, reserved_range: [], reserved_name: [] }, fields: [ProtobufField { field_num: 1, wire_type: LengthDelimited, data: Unknown([4, 0, 0, 64, 65]) }] }, extensions: Extensions }
15:13:28.837 [Thread-5] DEBUG i.pact.plugins.jvm.core.ChildProcess - Plugin protobuf [46348] || ?[2m2023-03-27T09:43:28.837497Z?[0m ?[35mTRACE?[0m tokio-runtime-worker ?[1mrequest?[0m?[1m{?[0m?[3mmethod?[0m?[2m=?[0mPOST ?[3muri?[0m?[2m=?[0mhttp://[::1]:54371/io.pact.plugin.PactPlugin/VerifyInteraction ?[3mversion?[0m?[2m=?[0mHTTP/2.0 ?[3mheaders?[0m?[2m=?[0m{"content-type": "application/grpc", "te": "trailers", "user-agent": "grpc-java-netty/1.49.0", "grpc-accept-encoding": "gzip", "authorization": Sensitive}?[1m}?[0m?[2m:?[0m ?[2mpact_protobuf_plugin::verification?[0m?[2m:?[0m gRPC metadata: MetadataMap { headers: {"content-type": "application/grpc", "grpc-encoding": "identity", "grpc-accept-encoding": "gzip", "grpc-status": "0"} }
15:13:28.837 [Thread-5] DEBUG i.pact.plugins.jvm.core.ChildProcess - Plugin protobuf [46348] || ?[2m2023-03-27T09:43:28.837520Z?[0m ?[35mTRACE?[0m tokio-runtime-worker ?[1mrequest?[0m?[1m{?[0m?[3mmethod?[0m?[2m=?[0mPOST ?[3muri?[0m?[2m=?[0mhttp://[::1]:54371/io.pact.plugin.PactPlugin/VerifyInteraction ?[3mversion?[0m?[2m=?[0mHTTP/2.0 ?[3mheaders?[0m?[2m=?[0m{"content-type": "application/grpc", "te": "trailers", "user-agent": "grpc-java-netty/1.49.0", "grpc-accept-encoding": "gzip", "authorization": Sensitive}?[1m}?[0m?[2m:?[0m ?[2mpact_protobuf_plugin::verification?[0m?[2m:?[0m gRPC body: DynamicMessage { descriptor: DescriptorProto { name: Some("AreaResponse"), field: [FieldDescriptorProto { name: Some("value"), number: Some(1), label: Some(Repeated), r#type: Some(Float), type_name: None, extendee: None, default_value: None, oneof_index: None, json_name: Some("value"), options: None, proto3_optional: None }], extension: [], nested_type: [], enum_type: [], extension_range: [], oneof_decl: [], options: None, reserved_range: [], reserved_name: [] }, fields: [ProtobufField { field_num: 1, wire_type: LengthDelimited, data: Unknown([4, 0, 0, 64, 65]) }] }
15:13:28.837 [Thread-5] DEBUG i.pact.plugins.jvm.core.ChildProcess - Plugin protobuf [46348] || ?[2m2023-03-27T09:43:28.837562Z?[0m ?[35mTRACE?[0m tokio-runtime-worker ?[1mrequest?[0m?[1m{?[0m?[3mmethod?[0m?[2m=?[0mPOST ?[3muri?[0m?[2m=?[0mhttp://[::1]:54371/io.pact.plugin.PactPlugin/VerifyInteraction ?[3mversion?[0m?[2m=?[0mHTTP/2.0 ?[3mheaders?[0m?[2m=?[0m{"content-type": "application/grpc", "te": "trailers", "user-agent": "grpc-java-netty/1.49.0", "grpc-accept-encoding": "gzip", "authorization": Sensitive}?[1m}?[0m?[2m:?[0m ?[2mpact_protobuf_plugin::dynamic_message?[0m?[2m:?[0m Writing ?[3mfield?[0m?[2m=?[0m"1:(LengthDelimited, Unknown) = 0400004041"
15:13:28.837 [Thread-5] DEBUG i.pact.plugins.jvm.core.ChildProcess - Plugin protobuf [46348] || ?[2m2023-03-27T09:43:28.837585Z?[0m ?[34mDEBUG?[0m tokio-runtime-worker ?[1mrequest?[0m?[1m{?[0m?[3mmethod?[0m?[2m=?[0mPOST ?[3muri?[0m?[2m=?[0mhttp://[::1]:54371/io.pact.plugin.PactPlugin/VerifyInteraction ?[3mversion?[0m?[2m=?[0mHTTP/2.0 ?[3mheaders?[0m?[2m=?[0m{"content-type": "application/grpc", "te": "trailers", "user-agent": "grpc-java-netty/1.49.0", "grpc-accept-encoding": "gzip", "authorization": Sensitive}?[1m}?[0m?[2m:?[0m ?[2mpact_protobuf_plugin::dynamic_message?[0m?[2m:?[0m Writing unknown field 0400004041
15:13:28.837 [Thread-5] DEBUG i.pact.plugins.jvm.core.ChildProcess - Plugin protobuf [46348] || ?[2m2023-03-27T09:43:28.837607Z?[0m ?[34mDEBUG?[0m tokio-runtime-worker ?[1mrequest?[0m?[1m{?[0m?[3mmethod?[0m?[2m=?[0mPOST ?[3muri?[0m?[2m=?[0mhttp://[::1]:54371/io.pact.plugin.PactPlugin/VerifyInteraction ?[3mversion?[0m?[2m=?[0mHTTP/2.0 ?[3mheaders?[0m?[2m=?[0m{"content-type": "application/grpc", "te": "trailers", "user-agent": "grpc-java-netty/1.49.0", "grpc-accept-encoding": "gzip", "authorization": Sensitive}?[1m}?[0m?[2m:?[0m ?[2mpact_protobuf_plugin::matching?[0m?[2m:?[0m Looking for service 'Calculator'
15:13:28.837 [Thread-5] DEBUG i.pact.plugins.jvm.core.ChildProcess - Plugin protobuf [46348] || ?[2m2023-03-27T09:43:28.837620Z?[0m ?[35mTRACE?[0m tokio-runtime-worker ?[1mrequest?[0m?[1m{?[0m?[3mmethod?[0m?[2m=?[0mPOST ?[3muri?[0m?[2m=?[0mhttp://[::1]:54371/io.pact.plugin.PactPlugin/VerifyInteraction ?[3mversion?[0m?[2m=?[0mHTTP/2.0 ?[3mheaders?[0m?[2m=?[0m{"content-type": "application/grpc", "te": "trailers", "user-agent": "grpc-java-netty/1.49.0", "grpc-accept-encoding": "gzip", "authorization": Sensitive}?[1m}?[0m?[2m:?[0m ?[2mpact_protobuf_plugin::matching?[0m?[2m:?[0m Found service descriptor with name Some("Calculator")
15:13:28.837 [Thread-5] DEBUG i.pact.plugins.jvm.core.ChildProcess - Plugin protobuf [46348] || ?[2m2023-03-27T09:43:28.837633Z?[0m ?[35mTRACE?[0m tokio-runtime-worker ?[1mrequest?[0m?[1m{?[0m?[3mmethod?[0m?[2m=?[0mPOST ?[3muri?[0m?[2m=?[0mhttp://[::1]:54371/io.pact.plugin.PactPlugin/VerifyInteraction ?[3mversion?[0m?[2m=?[0mHTTP/2.0 ?[3mheaders?[0m?[2m=?[0m{"content-type": "application/grpc", "te": "trailers", "user-agent": "grpc-java-netty/1.49.0", "grpc-accept-encoding": "gzip", "authorization": Sensitive}?[1m}?[0m?[2m:?[0m ?[2mpact_protobuf_plugin::matching?[0m?[2m:?[0m Found method descriptor with name Some("calculateOne")
15:13:28.837 [Thread-5] DEBUG i.pact.plugins.jvm.core.ChildProcess - Plugin protobuf [46348] || ?[2m2023-03-27T09:43:28.837648Z?[0m ?[35mTRACE?[0m tokio-runtime-worker ?[1mrequest?[0m?[1m{?[0m?[3mmethod?[0m?[2m=?[0mPOST ?[3muri?[0m?[2m=?[0mhttp://[::1]:54371/io.pact.plugin.PactPlugin/VerifyInteraction ?[3mversion?[0m?[2m=?[0mHTTP/2.0 ?[3mheaders?[0m?[2m=?[0m{"content-type": "application/grpc", "te": "trailers", "user-agent": "grpc-java-netty/1.49.0", "grpc-accept-encoding": "gzip", "authorization": Sensitive}?[1m}?[0m?[2m:?[0m ?[2mpact_protobuf_plugin::matching?[0m?[2m:?[0m Message type = .area_calculator.AreaResponse
15:13:28.837 [Thread-5] DEBUG i.pact.plugins.jvm.core.ChildProcess - Plugin protobuf [46348] || ?[2m2023-03-27T09:43:28.837662Z?[0m ?[34mDEBUG?[0m tokio-runtime-worker ?[1mrequest?[0m?[1m{?[0m?[3mmethod?[0m?[2m=?[0mPOST ?[3muri?[0m?[2m=?[0mhttp://[::1]:54371/io.pact.plugin.PactPlugin/VerifyInteraction ?[3mversion?[0m?[2m=?[0mHTTP/2.0 ?[3mheaders?[0m?[2m=?[0m{"content-type": "application/grpc", "te": "trailers", "user-agent": "grpc-java-netty/1.49.0", "grpc-accept-encoding": "gzip", "authorization": Sensitive}?[1m}?[0m?[2m:?[0m ?[2mpact_protobuf_plugin::matching?[0m?[2m:?[0m Looking for message 'AreaResponse'
15:13:28.837 [Thread-5] DEBUG i.pact.plugins.jvm.core.ChildProcess - Plugin protobuf [46348] || ?[2m2023-03-27T09:43:28.837678Z?[0m ?[35mTRACE?[0m tokio-runtime-worker ?[1mrequest?[0m?[1m{?[0m?[3mmethod?[0m?[2m=?[0mPOST ?[3muri?[0m?[2m=?[0mhttp://[::1]:54371/io.pact.plugin.PactPlugin/VerifyInteraction ?[3mversion?[0m?[2m=?[0mHTTP/2.0 ?[3mheaders?[0m?[2m=?[0m{"content-type": "application/grpc", "te": "trailers", "user-agent": "grpc-java-netty/1.49.0", "grpc-accept-encoding": "gzip", "authorization": Sensitive}?[1m}?[0m?[2m:?[0m ?[2mpact_protobuf_plugin::message_decoder?[0m?[2m:?[0m field_num=1, wire_type=ThirtyTwoBit, bytes remaining = 4
15:13:28.837 [Thread-5] DEBUG i.pact.plugins.jvm.core.ChildProcess - Plugin protobuf [46348] || ?[2m2023-03-27T09:43:28.837693Z?[0m ?[34mDEBUG?[0m tokio-runtime-worker ?[1mrequest?[0m?[1m{?[0m?[3mmethod?[0m?[2m=?[0mPOST ?[3muri?[0m?[2m=?[0mhttp://[::1]:54371/io.pact.plugin.PactPlugin/VerifyInteraction ?[3mversion?[0m?[2m=?[0mHTTP/2.0 ?[3mheaders?[0m?[2m=?[0m{"content-type": "application/grpc", "te": "trailers", "user-agent": "grpc-java-netty/1.49.0", "grpc-accept-encoding": "gzip", "authorization": Sensitive}?[1m}?[0m?[2m:?[0m ?[2mpact_protobuf_plugin::matching?[0m?[2m:?[0m expected message = [ProtobufField { field_num: 1, wire_type: ThirtyTwoBit, data: Float(12.0) }]
15:13:28.837 [Thread-5] DEBUG i.pact.plugins.jvm.core.ChildProcess - Plugin protobuf [46348] || ?[2m2023-03-27T09:43:28.837707Z?[0m ?[35mTRACE?[0m tokio-runtime-worker ?[1mrequest?[0m?[1m{?[0m?[3mmethod?[0m?[2m=?[0mPOST ?[3muri?[0m?[2m=?[0mhttp://[::1]:54371/io.pact.plugin.PactPlugin/VerifyInteraction ?[3mversion?[0m?[2m=?[0mHTTP/2.0 ?[3mheaders?[0m?[2m=?[0m{"content-type": "application/grpc", "te": "trailers", "user-agent": "grpc-java-netty/1.49.0", "grpc-accept-encoding": "gzip", "authorization": Sensitive}?[1m}?[0m?[2m:?[0m ?[2mpact_protobuf_plugin::message_decoder?[0m?[2m:?[0m field_num=1, wire_type=LengthDelimited, bytes remaining = 5
15:13:28.837 [Thread-5] DEBUG i.pact.plugins.jvm.core.ChildProcess - Plugin protobuf [46348] || ?[2m2023-03-27T09:43:28.837719Z?[0m ?[31mERROR?[0m tokio-runtime-worker ?[1mrequest?[0m?[1m{?[0m?[3mmethod?[0m?[2m=?[0mPOST ?[3muri?[0m?[2m=?[0mhttp://[::1]:54371/io.pact.plugin.PactPlugin/VerifyInteraction ?[3mversion?[0m?[2m=?[0mHTTP/2.0 ?[3mheaders?[0m?[2m=?[0m{"content-type": "application/grpc", "te": "trailers", "user-agent": "grpc-java-netty/1.49.0", "grpc-accept-encoding": "gzip", "authorization": Sensitive}?[1m}?[0m?[2m:?[0m ?[2mpact_protobuf_plugin::message_decoder?[0m?[2m:?[0m Was expecting Float but received an unknown length-delimited type
15:13:28.837 [Thread-5] DEBUG i.pact.plugins.jvm.core.ChildProcess - Plugin protobuf [46348] || ?[2m2023-03-27T09:43:28.837732Z?[0m ?[34mDEBUG?[0m tokio-runtime-worker ?[1mrequest?[0m?[1m{?[0m?[3mmethod?[0m?[2m=?[0mPOST ?[3muri?[0m?[2m=?[0mhttp://[::1]:54371/io.pact.plugin.PactPlugin/VerifyInteraction ?[3mversion?[0m?[2m=?[0mHTTP/2.0 ?[3mheaders?[0m?[2m=?[0m{"content-type": "application/grpc", "te": "trailers", "user-agent": "grpc-java-netty/1.49.0", "grpc-accept-encoding": "gzip", "authorization": Sensitive}?[1m}?[0m?[2m:?[0m ?[2mpact_protobuf_plugin::matching?[0m?[2m:?[0m actual message = [ProtobufField { field_num: 1, wire_type: LengthDelimited, data: Unknown([4, 0, 0, 64, 65]) }]
15:13:28.838 [Thread-5] DEBUG i.pact.plugins.jvm.core.ChildProcess - Plugin protobuf [46348] || ?[2m2023-03-27T09:43:28.837995Z?[0m ?[35mTRACE?[0m tokio-runtime-worker ?[1mrequest?[0m?[1m{?[0m?[3mmethod?[0m?[2m=?[0mPOST ?[3muri?[0m?[2m=?[0mhttp://[::1]:54371/io.pact.plugin.PactPlugin/VerifyInteraction ?[3mversion?[0m?[2m=?[0mHTTP/2.0 ?[3mheaders?[0m?[2m=?[0m{"content-type": "application/grpc", "te": "trailers", "user-agent": "grpc-java-netty/1.49.0", "grpc-accept-encoding": "gzip", "authorization": Sensitive}?[1m}?[0m?[2m:?[0m?[1mConnection?[0m?[1m{?[0m?[3mpeer?[0m?[2m=?[0mClient?[1m}?[0m?[2m:?[0m?[1mpoll?[0m?[2m:?[0m ?[2mh2::proto::connection?[0m?[2m:?[0m ?[3mconnection.state?[0m?[2m=?[0mOpen
15:13:28.838 [Thread-5] DEBUG i.pact.plugins.jvm.core.ChildProcess - Plugin protobuf [46348] || ?[2m2023-03-27T09:43:28.838039Z?[0m ?[35mTRACE?[0m tokio-runtime-worker ?[1mrequest?[0m?[1m{?[0m?[3mmethod?[0m?[2m=?[0mPOST ?[3muri?[0m?[2m=?[0mhttp://[::1]:54371/io.pact.plugin.PactPlugin/VerifyInteraction ?[3mversion?[0m?[2m=?[0mHTTP/2.0 ?[3mheaders?[0m?[2m=?[0m{"content-type": "application/grpc", "te": "trailers", "user-agent": "grpc-java-netty/1.49.0", "grpc-accept-encoding": "gzip", "authorization": Sensitive}?[1m}?[0m?[2m:?[0m?[1mConnection?[0m?[1m{?[0m?[3mpeer?[0m?[2m=?[0mClient?[1m}?[0m?[2m:?[0m?[1mpoll?[0m?[2m:?[0m?[1mFramedRead::poll_next?[0m?[2m:?[0m ?[2mh2::codec::framed_read?[0m?[2m:?[0m poll
15:13:28.838 [Thread-5] DEBUG i.pact.plugins.jvm.core.ChildProcess - Plugin protobuf [46348] || ?[2m2023-03-27T09:43:28.838078Z?[0m ?[35mTRACE?[0m tokio-runtime-worker ?[1mrequest?[0m?[1m{?[0m?[3mmethod?[0m?[2m=?[0mPOST ?[3muri?[0m?[2m=?[0mhttp://[::1]:54371/io.pact.plugin.PactPlugin/VerifyInteraction ?[3mversion?[0m?[2m=?[0mHTTP/2.0 ?[3mheaders?[0m?[2m=?[0m{"content-type": "application/grpc", "te": "trailers", "user-agent": "grpc-java-netty/1.49.0", "grpc-accept-encoding": "gzip", "authorization": Sensitive}?[1m}?[0m?[2m:?[0m?[1mConnection?[0m?[1m{?[0m?[3mpeer?[0m?[2m=?[0mClient?[1m}?[0m?[2m:?[0m?[1mpoll?[0m?[2m:?[0m ?[2mh2::proto::streams::prioritize?[0m?[2m:?[0m poll_complete
15:13:28.838 [Thread-5] DEBUG i.pact.plugins.jvm.core.ChildProcess - Plugin protobuf [46348] || ?[2m2023-03-27T09:43:28.838092Z?[0m ?[35mTRACE?[0m tokio-runtime-worker ?[1mrequest?[0m?[1m{?[0m?[3mmethod?[0m?[2m=?[0mPOST ?[3muri?[0m?[2m=?[0mhttp://[::1]:54371/io.pact.plugin.PactPlugin/VerifyInteraction ?[3mversion?[0m?[2m=?[0mHTTP/2.0 ?[3mheaders?[0m?[2m=?[0m{"content-type": "application/grpc", "te": "trailers", "user-agent": "grpc-java-netty/1.49.0", "grpc-accept-encoding": "gzip", "authorization": Sensitive}?[1m}?[0m?[2m:?[0m?[1mConnection?[0m?[1m{?[0m?[3mpeer?[0m?[2m=?[0mClient?[1m}?[0m?[2m:?[0m?[1mpoll?[0m?[2m:?[0m ?[2mh2::proto::streams::prioritize?[0m?[2m:?[0m schedule_pending_open
15:13:28.838 [Thread-5] DEBUG i.pact.plugins.jvm.core.ChildProcess - Plugin protobuf [46348] || ?[2m2023-03-27T09:43:28.838124Z?[0m ?[35mTRACE?[0m tokio-runtime-worker ?[1mrequest?[0m?[1m{?[0m?[3mmethod?[0m?[2m=?[0mPOST ?[3muri?[0m?[2m=?[0mhttp://[::1]:54371/io.pact.plugin.PactPlugin/VerifyInteraction ?[3mversion?[0m?[2m=?[0mHTTP/2.0 ?[3mheaders?[0m?[2m=?[0m{"content-type": "application/grpc", "te": "trailers", "user-agent": "grpc-java-netty/1.49.0", "grpc-accept-encoding": "gzip", "authorization": Sensitive}?[1m}?[0m?[2m:?[0m?[1mConnection?[0m?[1m{?[0m?[3mpeer?[0m?[2m=?[0mClient?[1m}?[0m?[2m:?[0m?[1mpoll?[0m?[2m:?[0m?[1mFramedWrite::flush?[0m?[2m:?[0m ?[2mh2::codec::framed_write?[0m?[2m:?[0m flushing buffer
15:13:28.839 [Thread-5] DEBUG i.pact.plugins.jvm.core.ChildProcess - Plugin protobuf [46348] || ?[2m2023-03-27T09:43:28.839189Z?[0m ?[35mTRACE?[0m tokio-runtime-worker ?[1mrequest?[0m?[1m{?[0m?[3mmethod?[0m?[2m=?[0mPOST ?[3muri?[0m?[2m=?[0mhttp://[::1]:54371/io.pact.plugin.PactPlugin/VerifyInteraction ?[3mversion?[0m?[2m=?[0mHTTP/2.0 ?[3mheaders?[0m?[2m=?[0m{"content-type": "application/grpc", "te": "trailers", "user-agent": "grpc-java-netty/1.49.0", "grpc-accept-encoding": "gzip", "authorization": Sensitive}?[1m}?[0m?[2m:?[0m ?[2mpact_protobuf_plugin::matching?[0m?[2m:?[0m >> compare_message($, [ProtobufField { field_num: 1, wire_type: ThirtyTwoBit, data: Float(12.0) }], [ProtobufField { field_num: 1, wire_type: LengthDelimited, data: Unknown([4, 0, 0, 64, 65]) }])
15:13:28.842 [Thread-5] DEBUG i.pact.plugins.jvm.core.ChildProcess - Plugin protobuf [46348] || ?[2m2023-03-27T09:43:28.842180Z?[0m ?[35mTRACE?[0m tokio-runtime-worker ?[1mrequest?[0m?[1m{?[0m?[3mmethod?[0m?[2m=?[0mPOST ?[3muri?[0m?[2m=?[0mhttp://[::1]:54371/io.pact.plugin.PactPlugin/VerifyInteraction ?[3mversion?[0m?[2m=?[0mHTTP/2.0 ?[3mheaders?[0m?[2m=?[0m{"content-type": "application/grpc", "te": "trailers", "user-agent": "grpc-java-netty/1.49.0", "grpc-accept-encoding": "gzip", "authorization": Sensitive}?[1m}?[0m?[2m:?[0m ?[2mpact_protobuf_plugin::matching?[0m?[2m:?[0m Comparing message field value:1
15:13:28.842 [Thread-5] DEBUG i.pact.plugins.jvm.core.ChildProcess - Plugin protobuf [46348] || ?[2m2023-03-27T09:43:28.842237Z?[0m ?[35mTRACE?[0m tokio-runtime-worker ?[1mrequest?[0m?[1m{?[0m?[3mmethod?[0m?[2m=?[0mPOST ?[3muri?[0m?[2m=?[0mhttp://[::1]:54371/io.pact.plugin.PactPlugin/VerifyInteraction ?[3mversion?[0m?[2m=?[0mHTTP/2.0 ?[3mheaders?[0m?[2m=?[0m{"content-type": "application/grpc", "te": "trailers", "user-agent": "grpc-java-netty/1.49.0", "grpc-accept-encoding": "gzip", "authorization": Sensitive}?[1m}?[0m?[2m:?[0m ?[2mpact_protobuf_plugin::matching?[0m?[2m:?[0m >>> compare_repeated_field($.value, [ProtobufField { field_num: 1, wire_type: ThirtyTwoBit, data: Float(12.0) }], [ProtobufField { field_num: 1, wire_type: LengthDelimited, data: Unknown([4, 0, 0, 64, 65]) }])
15:13:28.842 [Thread-5] DEBUG i.pact.plugins.jvm.core.ChildProcess - Plugin protobuf [46348] || ?[2m2023-03-27T09:43:28.842279Z?[0m ?[35mTRACE?[0m tokio-runtime-worker ?[1mrequest?[0m?[1m{?[0m?[3mmethod?[0m?[2m=?[0mPOST ?[3muri?[0m?[2m=?[0mhttp://[::1]:54371/io.pact.plugin.PactPlugin/VerifyInteraction ?[3mversion?[0m?[2m=?[0mHTTP/2.0 ?[3mheaders?[0m?[2m=?[0m{"content-type": "application/grpc", "te": "trailers", "user-agent": "grpc-java-netty/1.49.0", "grpc-accept-encoding": "gzip", "authorization": Sensitive}?[1m}?[0m?[2m:?[0m ?[2mpact_models::path_exp?[0m?[2m:?[0m Calculating weight for path tokens '[Root, Field("value")]' and path '["$", "value"]'
15:13:28.842 [Thread-5] DEBUG i.pact.plugins.jvm.core.ChildProcess - Plugin protobuf [46348] || ?[2m2023-03-27T09:43:28.842304Z?[0m ?[35mTRACE?[0m tokio-runtime-worker ?[1mrequest?[0m?[1m{?[0m?[3mmethod?[0m?[2m=?[0mPOST ?[3muri?[0m?[2m=?[0mhttp://[::1]:54371/io.pact.plugin.PactPlugin/VerifyInteraction ?[3mversion?[0m?[2m=?[0mHTTP/2.0 ?[3mheaders?[0m?[2m=?[0m{"content-type": "application/grpc", "te": "trailers", "user-agent": "grpc-java-netty/1.49.0", "grpc-accept-encoding": "gzip", "authorization": Sensitive}?[1m}?[0m?[2m:?[0m ?[2mpact_models::path_exp?[0m?[2m:?[0m Calculated weight (4, 2) for path '$.value' and '["$", "value"]'
15:13:28.842 [Thread-5] DEBUG i.pact.plugins.jvm.core.ChildProcess - Plugin protobuf [46348] || ?[2m2023-03-27T09:43:28.842324Z?[0m ?[35mTRACE?[0m tokio-runtime-worker ?[1mrequest?[0m?[1m{?[0m?[3mmethod?[0m?[2m=?[0mPOST ?[3muri?[0m?[2m=?[0mhttp://[::1]:54371/io.pact.plugin.PactPlugin/VerifyInteraction ?[3mversion?[0m?[2m=?[0mHTTP/2.0 ?[3mheaders?[0m?[2m=?[0m{"content-type": "application/grpc", "te": "trailers", "user-agent": "grpc-java-netty/1.49.0", "grpc-accept-encoding": "gzip", "authorization": Sensitive}?[1m}?[0m?[2m:?[0m ?[2mpact_models::matchingrules?[0m?[2m:?[0m matcher_is_defined: for category body and path ["$", "value"] -> true
15:13:28.842 [Thread-5] DEBUG i.pact.plugins.jvm.core.ChildProcess - Plugin protobuf [46348] || ?[2m2023-03-27T09:43:28.842341Z?[0m ?[34mDEBUG?[0m tokio-runtime-worker ?[1mrequest?[0m?[1m{?[0m?[3mmethod?[0m?[2m=?[0mPOST ?[3muri?[0m?[2m=?[0mhttp://[::1]:54371/io.pact.plugin.PactPlugin/VerifyInteraction ?[3mversion?[0m?[2m=?[0mHTTP/2.0 ?[3mheaders?[0m?[2m=?[0m{"content-type": "application/grpc", "te": "trailers", "user-agent": "grpc-java-netty/1.49.0", "grpc-accept-encoding": "gzip", "authorization": Sensitive}?[1m}?[0m?[2m:?[0m ?[2mpact_protobuf_plugin::matching?[0m?[2m:?[0m compare_repeated_field: Matcher defined for path '$.value'
15:13:28.842 [Thread-5] DEBUG i.pact.plugins.jvm.core.ChildProcess - Plugin protobuf [46348] || ?[2m2023-03-27T09:43:28.842356Z?[0m ?[35mTRACE?[0m tokio-runtime-worker ?[1mrequest?[0m?[1m{?[0m?[3mmethod?[0m?[2m=?[0mPOST ?[3muri?[0m?[2m=?[0mhttp://[::1]:54371/io.pact.plugin.PactPlugin/VerifyInteraction ?[3mversion?[0m?[2m=?[0mHTTP/2.0 ?[3mheaders?[0m?[2m=?[0m{"content-type": "application/grpc", "te": "trailers", "user-agent": "grpc-java-netty/1.49.0", "grpc-accept-encoding": "gzip", "authorization": Sensitive}?[1m}?[0m?[2m:?[0m ?[2mpact_models::path_exp?[0m?[2m:?[0m Calculating weight for path tokens '[Root, Field("value")]' and path '["$", "value"]'
15:13:28.842 [Thread-5] DEBUG i.pact.plugins.jvm.core.ChildProcess - Plugin protobuf [46348] || ?[2m2023-03-27T09:43:28.842371Z?[0m ?[35mTRACE?[0m tokio-runtime-worker ?[1mrequest?[0m?[1m{?[0m?[3mmethod?[0m?[2m=?[0mPOST ?[3muri?[0m?[2m=?[0mhttp://[::1]:54371/io.pact.plugin.PactPlugin/VerifyInteraction ?[3mversion?[0m?[2m=?[0mHTTP/2.0 ?[3mheaders?[0m?[2m=?[0m{"content-type": "application/grpc", "te": "trailers", "user-agent": "grpc-java-netty/1.49.0", "grpc-accept-encoding": "gzip", "authorization": Sensitive}?[1m}?[0m?[2m:?[0m ?[2mpact_models::path_exp?[0m?[2m:?[0m Calculated weight (4, 2) for path '$.value' and '["$", "value"]'
15:13:28.842 [Thread-5] DEBUG i.pact.plugins.jvm.core.ChildProcess - Plugin protobuf [46348] || ?[2m2023-03-27T09:43:28.842793Z?[0m ?[35mTRACE?[0m tokio-runtime-worker ?[1mrequest?[0m?[1m{?[0m?[3mmethod?[0m?[2m=?[0mPOST ?[3muri?[0m?[2m=?[0mhttp://[::1]:54371/io.pact.plugin.PactPlugin/VerifyInteraction ?[3mversion?[0m?[2m=?[0mHTTP/2.0 ?[3mheaders?[0m?[2m=?[0m{"content-type": "application/grpc", "te": "trailers", "user-agent": "grpc-java-netty/1.49.0", "grpc-accept-encoding": "gzip", "authorization": Sensitive}?[1m}?[0m?[2m:?[0m ?[2mpact_protobuf_plugin::matching?[0m?[2m:?[0m compare_field($.value[0], ProtobufField { field_num: 1, wire_type: ThirtyTwoBit, data: Float(12.0) }, FieldDescriptorProto { name: Some("value"), number: Some(1), label: Some(Repeated), r#type: Some(Float), type_name: None, extendee: None, default_value: None, oneof_index: None, json_name: Some("value"), options: None, proto3_optional: None }, ProtobufField { field_num: 1, wire_type: LengthDelimited, data: Unknown([4, 0, 0, 64, 65]) })
15:13:28.843 [Thread-5] DEBUG i.pact.plugins.jvm.core.ChildProcess - Plugin protobuf [46348] || ?[2m2023-03-27T09:43:28.843185Z?[0m ?[34mDEBUG?[0m tokio-runtime-worker ?[1mrequest?[0m?[1m{?[0m?[3mmethod?[0m?[2m=?[0mPOST ?[3muri?[0m?[2m=?[0mhttp://[::1]:54371/io.pact.plugin.PactPlugin/VerifyInteraction ?[3mversion?[0m?[2m=?[0mHTTP/2.0 ?[3mheaders?[0m?[2m=?[0m{"content-type": "application/grpc", "te": "trailers", "user-agent": "grpc-java-netty/1.49.0", "grpc-accept-encoding": "gzip", "authorization": Sensitive}?[1m}?[0m?[2m:?[0m ?[2mpact_protobuf_plugin::verification?[0m?[2m:?[0m Match service result: BodyMismatches({"$.value": [BodyMismatch { path: "$.value", expected: Some(b"[\"1:(ThirtyTwoBit, Float) = 12\"]"), actual: Some(b"[\"1:(LengthDelimited, Unknown) = 0400004041\"]"), mismatch: "Unable to match [\"1:(ThirtyTwoBit, Float) = 12\"] using Number" }, BodyMismatch { path: "$.value[0]", expected: Some(b"12"), actual: Some(b"0400004041"), mismatch: "Expected and actual field have different types: 1:(ThirtyTwoBit, Float) = 12 and 1:(LengthDelimited, Unknown) = 0400004041" }]})
15:13:28.843 [Thread-5] DEBUG i.pact.plugins.jvm.core.ChildProcess - Plugin protobuf [46348] || ?[2m2023-03-27T09:43:28.843677Z?[0m ?[34mDEBUG?[0m tokio-runtime-worker ?[1mrequest?[0m?[1m{?[0m?[3mmethod?[0m?[2m=?[0mPOST ?[3muri?[0m?[2m=?[0mhttp://[::1]:54371/io.pact.plugin.PactPlugin/VerifyInteraction ?[3mversion?[0m?[2m=?[0mHTTP/2.0 ?[3mheaders?[0m?[2m=?[0m{"content-type": "application/grpc", "te": "trailers", "user-agent": "grpc-java-netty/1.49.0", "grpc-accept-encoding": "gzip", "authorization": Sensitive}?[1m}?[0m?[2m:?[0m ?[2mtower_http::trace::on_response?[0m?[2m:?[0m finished processing request ?[3mlatency?[0m?[2m=?[0m631 ms
15:13:28.843 [Thread-5] DEBUG i.pact.plugins.jvm.core.ChildProcess - Plugin protobuf [46348] || ?[2m2023-03-27T09:43:28.843712Z?[0m ?[35mTRACE?[0m tokio-runtime-worker ?[2mh2::proto::streams::send?[0m?[2m:?[0m send_headers; frame=Headers { stream_id: StreamId(9), flags: (0x4: END_HEADERS) }; init_window=1048576
15:13:28.843 [Thread-5] DEBUG i.pact.plugins.jvm.core.ChildProcess - Plugin protobuf [46348] || ?[2m2023-03-27T09:43:28.843741Z?[0m ?[35mTRACE?[0m tokio-runtime-worker ?[1mPrioritize::queue_frame?[0m?[1m{?[0m?[3mstream.id?[0m?[2m=?[0mStreamId(9)?[1m}?[0m?[2m:?[0m ?[2mh2::proto::streams::prioritize?[0m?[2m:?[0m schedule_send ?[3mstream.id?[0m?[2m=?[0mStreamId(9)
15:13:28.843 [Thread-5] DEBUG i.pact.plugins.jvm.core.ChildProcess - Plugin protobuf [46348] || ?[2m2023-03-27T09:43:28.843755Z?[0m ?[35mTRACE?[0m tokio-runtime-worker ?[1mPrioritize::queue_frame?[0m?[1m{?[0m?[3mstream.id?[0m?[2m=?[0mStreamId(9)?[1m}?[0m?[2m:?[0m ?[2mh2::proto::streams::store?[0m?[2m:?[0m Queue::push
15:13:28.843 [Thread-5] DEBUG i.pact.plugins.jvm.core.ChildProcess - Plugin protobuf [46348] || ?[2m2023-03-27T09:43:28.843766Z?[0m ?[35mTRACE?[0m tokio-runtime-worker ?[1mPrioritize::queue_frame?[0m?[1m{?[0m?[3mstream.id?[0m?[2m=?[0mStreamId(9)?[1m}?[0m?[2m:?[0m ?[2mh2::proto::streams::store?[0m?[2m:?[0m  -> first entry
15:13:28.843 [Thread-5] DEBUG i.pact.plugins.jvm.core.ChildProcess - Plugin protobuf [46348] || ?[2m2023-03-27T09:43:28.843791Z?[0m ?[35mTRACE?[0m tokio-runtime-worker ?[2mh2::proto::streams::counts?[0m?[2m:?[0m transition_after; stream=StreamId(9); state=State { inner: HalfClosedRemote(Streaming) }; is_closed=false; pending_send_empty=false; buffered_send_data=0; num_recv=1; num_send=0
15:13:28.843 [Thread-5] DEBUG i.pact.plugins.jvm.core.ChildProcess - Plugin protobuf [46348] || ?[2m2023-03-27T09:43:28.843801Z?[0m ?[35mTRACE?[0m tokio-runtime-worker ?[2mtower::buffer::worker?[0m?[2m:?[0m worker polling for next message
15:13:28.843 [Thread-5] DEBUG i.pact.plugins.jvm.core.ChildProcess - Plugin protobuf [46348] || ?[2m2023-03-27T09:43:28.843826Z?[0m ?[35mTRACE?[0m tokio-runtime-worker ?[2mtower::buffer::worker?[0m?[2m:?[0m buffer already closed
15:13:28.843 [Thread-5] DEBUG i.pact.plugins.jvm.core.ChildProcess - Plugin protobuf [46348] || ?[2m2023-03-27T09:43:28.843825Z?[0m ?[35mTRACE?[0m tokio-runtime-worker ?[1mreserve_capacity?[0m?[1m{?[0m?[3mstream.id?[0m?[2m=?[0mStreamId(9) ?[3mrequested?[0m?[2m=?[0m1 ?[3meffective?[0m?[2m=?[0m1 ?[3mcurr?[0m?[2m=?[0m0?[1m}?[0m?[2m:?[0m?[1mtry_assign_capacity?[0m?[1m{?[0m?[3mstream.id?[0m?[2m=?[0mStreamId(9)?[1m}?[0m?[2m:?[0m ?[2mh2::proto::streams::prioritize?[0m?[2m:?[0m ?[3mrequested?[0m?[2m=?[0m1 ?[3madditional?[0m?[2m=?[0m1 ?[3mbuffered?[0m?[2m=?[0m0 ?[3mwindow?[0m?[2m=?[0m1048576 ?[3mconn?[0m?[2m=?[0m1048311
15:13:28.843 [Thread-5] DEBUG i.pact.plugins.jvm.core.ChildProcess - Plugin protobuf [46348] || ?[2m2023-03-27T09:43:28.843842Z?[0m ?[35mTRACE?[0m tokio-runtime-worker ?[1mreserve_capacity?[0m?[1m{?[0m?[3mstream.id?[0m?[2m=?[0mStreamId(9) ?[3mrequested?[0m?[2m=?[0m1 ?[3meffective?[0m?[2m=?[0m1 ?[3mcurr?[0m?[2m=?[0m0?[1m}?[0m?[2m:?[0m?[1mtry_assign_capacity?[0m?[1m{?[0m?[3mstream.id?[0m?[2m=?[0mStreamId(9)?[1m}?[0m?[2m:?[0m ?[2mh2::proto::streams::prioritize?[0m?[2m:?[0m assigning ?[3mcapacity?[0m?[2m=?[0m1
15:13:28.843 [Thread-5] DEBUG i.pact.plugins.jvm.core.ChildProcess - Plugin protobuf [46348] || ?[2m2023-03-27T09:43:28.843854Z?[0m ?[35mTRACE?[0m tokio-runtime-worker ?[1mreserve_capacity?[0m?[1m{?[0m?[3mstream.id?[0m?[2m=?[0mStreamId(9) ?[3mrequested?[0m?[2m=?[0m1 ?[3meffective?[0m?[2m=?[0m1 ?[3mcurr?[0m?[2m=?[0m0?[1m}?[0m?[2m:?[0m?[1mtry_assign_capacity?[0m?[1m{?[0m?[3mstream.id?[0m?[2m=?[0mStreamId(9)?[1m}?[0m?[2m:?[0m ?[2mh2::proto::streams::stream?[0m?[2m:?[0m   assigned capacity to stream; available=1; buffered=0; id=StreamId(9); max_buffer_size=409600
15:13:28.844 [Thread-5] DEBUG i.pact.plugins.jvm.core.ChildProcess - Plugin protobuf [46348] || ?[2m2023-03-27T09:43:28.843867Z?[0m ?[35mTRACE?[0m tokio-runtime-worker ?[1mreserve_capacity?[0m?[1m{?[0m?[3mstream.id?[0m?[2m=?[0mStreamId(9) ?[3mrequested?[0m?[2m=?[0m1 ?[3meffective?[0m?[2m=?[0m1 ?[3mcurr?[0m?[2m=?[0m0?[1m}?[0m?[2m:?[0m?[1mtry_assign_capacity?[0m?[1m{?[0m?[3mstream.id?[0m?[2m=?[0mStreamId(9)?[1m}?[0m?[2m:?[0m ?[2mh2::proto::streams::stream?[0m?[2m:?[0m   notifying task
15:13:28.844 [Thread-5] DEBUG i.pact.plugins.jvm.core.ChildProcess - Plugin protobuf [46348] || ?[2m2023-03-27T09:43:28.843878Z?[0m ?[35mTRACE?[0m tokio-runtime-worker ?[1mreserve_capacity?[0m?[1m{?[0m?[3mstream.id?[0m?[2m=?[0mStreamId(9) ?[3mrequested?[0m?[2m=?[0m1 ?[3meffective?[0m?[2m=?[0m1 ?[3mcurr?[0m?[2m=?[0m0?[1m}?[0m?[2m:?[0m?[1mtry_assign_capacity?[0m?[1m{?[0m?[3mstream.id?[0m?[2m=?[0mStreamId(9)?[1m}?[0m?[2m:?[0m ?[2mh2::proto::streams::prioritize?[0m?[2m:?[0m ?[3mavailable?[0m?[2m=?[0m1 ?[3mrequested?[0m?[2m=?[0m1 ?[3mbuffered?[0m?[2m=?[0m0 ?[3mhas_unavailable?[0m?[2m=?[0mtrue
15:13:28.844 [Thread-5] DEBUG i.pact.plugins.jvm.core.ChildProcess - Plugin protobuf [46348] || ?[2m2023-03-27T09:43:28.843923Z?[0m ?[35mTRACE?[0m tokio-runtime-worker ?[2mhyper::proto::h2?[0m?[2m:?[0m send body chunk: 546 bytes, eos=false
15:13:28.844 [Thread-5] DEBUG i.pact.plugins.jvm.core.ChildProcess - Plugin protobuf [46348] || ?[2m2023-03-27T09:43:28.843942Z?[0m ?[35mTRACE?[0m tokio-runtime-worker ?[1msend_data?[0m?[1m{?[0m?[3msz?[0m?[2m=?[0m546 ?[3mrequested?[0m?[2m=?[0m1?[1m}?[0m?[2m:?[0m ?[2mh2::proto::streams::prioritize?[0m?[2m:?[0m ?[3mbuffered?[0m?[2m=?[0m546
15:13:28.844 [Thread-5] DEBUG i.pact.plugins.jvm.core.ChildProcess - Plugin protobuf [46348] || ?[2m2023-03-27T09:43:28.843960Z?[0m ?[35mTRACE?[0m tokio-runtime-worker ?[1msend_data?[0m?[1m{?[0m?[3msz?[0m?[2m=?[0m546 ?[3mrequested?[0m?[2m=?[0m1?[1m}?[0m?[2m:?[0m?[1mtry_assign_capacity?[0m?[1m{?[0m?[3mstream.id?[0m?[2m=?[0mStreamId(9)?[1m}?[0m?[2m:?[0m ?[2mh2::proto::streams::prioritize?[0m?[2m:?[0m ?[3mrequested?[0m?[2m=?[0m546 ?[3madditional?[0m?[2m=?[0m545 ?[3mbuffered?[0m?[2m=?[0m546 ?[3mwindow?[0m?[2m=?[0m1048576 ?[3mconn?[0m?[2m=?[0m1048310
15:13:28.844 [Thread-5] DEBUG i.pact.plugins.jvm.core.ChildProcess - Plugin protobuf [46348] || ?[2m2023-03-27T09:43:28.843975Z?[0m ?[35mTRACE?[0m tokio-runtime-worker ?[1msend_data?[0m?[1m{?[0m?[3msz?[0m?[2m=?[0m546 ?[3mrequested?[0m?[2m=?[0m1?[1m}?[0m?[2m:?[0m?[1mtry_assign_capacity?[0m?[1m{?[0m?[3mstream.id?[0m?[2m=?[0mStreamId(9)?[1m}?[0m?[2m:?[0m ?[2mh2::proto::streams::prioritize?[0m?[2m:?[0m assigning ?[3mcapacity?[0m?[2m=?[0m545
15:13:28.844 [Thread-5] DEBUG i.pact.plugins.jvm.core.ChildProcess - Plugin protobuf [46348] || ?[2m2023-03-27T09:43:28.843986Z?[0m ?[35mTRACE?[0m tokio-runtime-worker ?[1msend_data?[0m?[1m{?[0m?[3msz?[0m?[2m=?[0m546 ?[3mrequested?[0m?[2m=?[0m1?[1m}?[0m?[2m:?[0m?[1mtry_assign_capacity?[0m?[1m{?[0m?[3mstream.id?[0m?[2m=?[0mStreamId(9)?[1m}?[0m?[2m:?[0m ?[2mh2::proto::streams::stream?[0m?[2m:?[0m   assigned capacity to stream; available=546; buffered=546; id=StreamId(9); max_buffer_size=409600
15:13:28.844 [Thread-5] DEBUG i.pact.plugins.jvm.core.ChildProcess - Plugin protobuf [46348] || ?[2m2023-03-27T09:43:28.843998Z?[0m ?[35mTRACE?[0m tokio-runtime-worker ?[1msend_data?[0m?[1m{?[0m?[3msz?[0m?[2m=?[0m546 ?[3mrequested?[0m?[2m=?[0m1?[1m}?[0m?[2m:?[0m?[1mtry_assign_capacity?[0m?[1m{?[0m?[3mstream.id?[0m?[2m=?[0mStreamId(9)?[1m}?[0m?[2m:?[0m ?[2mh2::proto::streams::prioritize?[0m?[2m:?[0m ?[3mavailable?[0m?[2m=?[0m546 ?[3mrequested?[0m?[2m=?[0m546 ?[3mbuffered?[0m?[2m=?[0m546 ?[3mhas_unavailable?[0m?[2m=?[0mtrue
15:13:28.844 [Thread-5] DEBUG i.pact.plugins.jvm.core.ChildProcess - Plugin protobuf [46348] || ?[2m2023-03-27T09:43:28.844012Z?[0m ?[35mTRACE?[0m tokio-runtime-worker ?[1msend_data?[0m?[1m{?[0m?[3msz?[0m?[2m=?[0m546 ?[3mrequested?[0m?[2m=?[0m1?[1m}?[0m?[2m:?[0m?[1mtry_assign_capacity?[0m?[1m{?[0m?[3mstream.id?[0m?[2m=?[0mStreamId(9)?[1m}?[0m?[2m:?[0m ?[2mh2::proto::streams::store?[0m?[2m:?[0m Queue::push
15:13:28.844 [Thread-5] DEBUG i.pact.plugins.jvm.core.ChildProcess - Plugin protobuf [46348] || ?[2m2023-03-27T09:43:28.844022Z?[0m ?[35mTRACE?[0m tokio-runtime-worker ?[1msend_data?[0m?[1m{?[0m?[3msz?[0m?[2m=?[0m546 ?[3mrequested?[0m?[2m=?[0m1?[1m}?[0m?[2m:?[0m?[1mtry_assign_capacity?[0m?[1m{?[0m?[3mstream.id?[0m?[2m=?[0mStreamId(9)?[1m}?[0m?[2m:?[0m ?[2mh2::proto::streams::store?[0m?[2m:?[0m  -> already queued
15:13:28.844 [Thread-5] DEBUG i.pact.plugins.jvm.core.ChildProcess - Plugin protobuf [46348] || ?[2m2023-03-27T09:43:28.844040Z?[0m ?[35mTRACE?[0m tokio-runtime-worker ?[1msend_data?[0m?[1m{?[0m?[3msz?[0m?[2m=?[0m546 ?[3mrequested?[0m?[2m=?[0m1?[1m}?[0m?[2m:?[0m ?[2mh2::proto::streams::prioritize?[0m?[2m:?[0m ?[3mavailable?[0m?[2m=?[0m546 ?[3mbuffered?[0m?[2m=?[0m546
15:13:28.844 [Thread-5] DEBUG i.pact.plugins.jvm.core.ChildProcess - Plugin protobuf [46348] || ?[2m2023-03-27T09:43:28.844058Z?[0m ?[35mTRACE?[0m tokio-runtime-worker ?[1msend_data?[0m?[1m{?[0m?[3msz?[0m?[2m=?[0m546 ?[3mrequested?[0m?[2m=?[0m1?[1m}?[0m?[2m:?[0m?[1mPrioritize::queue_frame?[0m?[1m{?[0m?[3mstream.id?[0m?[2m=?[0mStreamId(9)?[1m}?[0m?[2m:?[0m ?[2mh2::proto::streams::prioritize?[0m?[2m:?[0m schedule_send ?[3mstream.id?[0m?[2m=?[0mStreamId(9)
15:13:28.844 [Thread-5] DEBUG i.pact.plugins.jvm.core.ChildProcess - Plugin protobuf [46348] || ?[2m2023-03-27T09:43:28.844070Z?[0m ?[35mTRACE?[0m tokio-runtime-worker ?[1msend_data?[0m?[1m{?[0m?[3msz?[0m?[2m=?[0m546 ?[3mrequested?[0m?[2m=?[0m1?[1m}?[0m?[2m:?[0m?[1mPrioritize::queue_frame?[0m?[1m{?[0m?[3mstream.id?[0m?[2m=?[0mStreamId(9)?[1m}?[0m?[2m:?[0m ?[2mh2::proto::streams::store?[0m?[2m:?[0m Queue::push
15:13:28.844 [Thread-5] DEBUG i.pact.plugins.jvm.core.ChildProcess - Plugin protobuf [46348] || ?[2m2023-03-27T09:43:28.844081Z?[0m ?[35mTRACE?[0m tokio-runtime-worker ?[1msend_data?[0m?[1m{?[0m?[3msz?[0m?[2m=?[0m546 ?[3mrequested?[0m?[2m=?[0m1?[1m}?[0m?[2m:?[0m?[1mPrioritize::queue_frame?[0m?[1m{?[0m?[3mstream.id?[0m?[2m=?[0mStreamId(9)?[1m}?[0m?[2m:?[0m ?[2mh2::proto::streams::store?[0m?[2m:?[0m  -> already queued
15:13:28.844 [Thread-5] DEBUG i.pact.plugins.jvm.core.ChildProcess - Plugin protobuf [46348] || ?[2m2023-03-27T09:43:28.844101Z?[0m ?[35mTRACE?[0m tokio-runtime-worker ?[2mh2::proto::streams::counts?[0m?[2m:?[0m transition_after; stream=StreamId(9); state=State { inner: HalfClosedRemote(Streaming) }; is_closed=false; pending_send_empty=false; buffered_send_data=546; num_recv=1; num_send=0
15:13:28.845 [Thread-5] DEBUG i.pact.plugins.jvm.core.ChildProcess - Plugin protobuf [46348] || ?[2m2023-03-27T09:43:28.844998Z?[0m ?[35mTRACE?[0m tokio-runtime-worker ?[1mreserve_capacity?[0m?[1m{?[0m?[3mstream.id?[0m?[2m=?[0mStreamId(9) ?[3mrequested?[0m?[2m=?[0m1 ?[3meffective?[0m?[2m=?[0m547 ?[3mcurr?[0m?[2m=?[0m546?[1m}?[0m?[2m:?[0m?[1mtry_assign_capacity?[0m?[1m{?[0m?[3mstream.id?[0m?[2m=?[0mStreamId(9)?[1m}?[0m?[2m:?[0m ?[2mh2::proto::streams::prioritize?[0m?[2m:?[0m ?[3mrequested?[0m?[2m=?[0m547 ?[3madditional?[0m?[2m=?[0m1 ?[3mbuffered?[0m?[2m=?[0m546 ?[3mwindow?[0m?[2m=?[0m1048576 ?[3mconn?[0m?[2m=?[0m1047765
15:13:28.845 [Thread-5] DEBUG i.pact.plugins.jvm.core.ChildProcess - Plugin protobuf [46348] || ?[2m2023-03-27T09:43:28.845020Z?[0m ?[35mTRACE?[0m tokio-runtime-worker ?[1mreserve_capacity?[0m?[1m{?[0m?[3mstream.id?[0m?[2m=?[0mStreamId(9) ?[3mrequested?[0m?[2m=?[0m1 ?[3meffective?[0m?[2m=?[0m547 ?[3mcurr?[0m?[2m=?[0m546?[1m}?[0m?[2m:?[0m?[1mtry_assign_capacity?[0m?[1m{?[0m?[3mstream.id?[0m?[2m=?[0mStreamId(9)?[1m}?[0m?[2m:?[0m ?[2mh2::proto::streams::prioritize?[0m?[2m:?[0m assigning ?[3mcapacity?[0m?[2m=?[0m1
15:13:28.845 [Thread-5] DEBUG i.pact.plugins.jvm.core.ChildProcess - Plugin protobuf [46348] || ?[2m2023-03-27T09:43:28.845034Z?[0m ?[35mTRACE?[0m tokio-runtime-worker ?[1mreserve_capacity?[0m?[1m{?[0m?[3mstream.id?[0m?[2m=?[0mStreamId(9) ?[3mrequested?[0m?[2m=?[0m1 ?[3meffective?[0m?[2m=?[0m547 ?[3mcurr?[0m?[2m=?[0m546?[1m}?[0m?[2m:?[0m?[1mtry_assign_capacity?[0m?[1m{?[0m?[3mstream.id?[0m?[2m=?[0mStreamId(9)?[1m}?[0m?[2m:?[0m ?[2mh2::proto::streams::stream?[0m?[2m:?[0m   assigned capacity to stream; available=547; buffered=546; id=StreamId(9); max_buffer_size=409600
15:13:28.845 [Thread-5] DEBUG i.pact.plugins.jvm.core.ChildProcess - Plugin protobuf [46348] || ?[2m2023-03-27T09:43:28.845048Z?[0m ?[35mTRACE?[0m tokio-runtime-worker ?[1mreserve_capacity?[0m?[1m{?[0m?[3mstream.id?[0m?[2m=?[0mStreamId(9) ?[3mrequested?[0m?[2m=?[0m1 ?[3meffective?[0m?[2m=?[0m547 ?[3mcurr?[0m?[2m=?[0m546?[1m}?[0m?[2m:?[0m?[1mtry_assign_capacity?[0m?[1m{?[0m?[3mstream.id?[0m?[2m=?[0mStreamId(9)?[1m}?[0m?[2m:?[0m ?[2mh2::proto::streams::stream?[0m?[2m:?[0m   notifying task
15:13:28.845 [Thread-5] DEBUG i.pact.plugins.jvm.core.ChildProcess - Plugin protobuf [46348] || ?[2m2023-03-27T09:43:28.845060Z?[0m ?[35mTRACE?[0m tokio-runtime-worker ?[1mreserve_capacity?[0m?[1m{?[0m?[3mstream.id?[0m?[2m=?[0mStreamId(9) ?[3mrequested?[0m?[2m=?[0m1 ?[3meffective?[0m?[2m=?[0m547 ?[3mcurr?[0m?[2m=?[0m546?[1m}?[0m?[2m:?[0m?[1mtry_assign_capacity?[0m?[1m{?[0m?[3mstream.id?[0m?[2m=?[0mStreamId(9)?[1m}?[0m?[2m:?[0m ?[2mh2::proto::streams::prioritize?[0m?[2m:?[0m ?[3mavailable?[0m?[2m=?[0m547 ?[3mrequested?[0m?[2m=?[0m547 ?[3mbuffered?[0m?[2m=?[0m546 ?[3mhas_unavailable?[0m?[2m=?[0mtrue
15:13:28.845 [Thread-5] DEBUG i.pact.plugins.jvm.core.ChildProcess - Plugin protobuf [46348] || ?[2m2023-03-27T09:43:28.845075Z?[0m ?[35mTRACE?[0m tokio-runtime-worker ?[1mreserve_capacity?[0m?[1m{?[0m?[3mstream.id?[0m?[2m=?[0mStreamId(9) ?[3mrequested?[0m?[2m=?[0m1 ?[3meffective?[0m?[2m=?[0m547 ?[3mcurr?[0m?[2m=?[0m546?[1m}?[0m?[2m:?[0m?[1mtry_assign_capacity?[0m?[1m{?[0m?[3mstream.id?[0m?[2m=?[0mStreamId(9)?[1m}?[0m?[2m:?[0m ?[2mh2::proto::streams::store?[0m?[2m:?[0m Queue::push
15:13:28.845 [Thread-5] DEBUG i.pact.plugins.jvm.core.ChildProcess - Plugin protobuf [46348] || ?[2m2023-03-27T09:43:28.845087Z?[0m ?[35mTRACE?[0m tokio-runtime-worker ?[1mreserve_capacity?[0m?[1m{?[0m?[3mstream.id?[0m?[2m=?[0mStreamId(9) ?[3mrequested?[0m?[2m=?[0m1 ?[3meffective?[0m?[2m=?[0m547 ?[3mcurr?[0m?[2m=?[0m546?[1m}?[0m?[2m:?[0m?[1mtry_assign_capacity?[0m?[1m{?[0m?[3mstream.id?[0m?[2m=?[0mStreamId(9)?[1m}?[0m?[2m:?[0m ?[2mh2::proto::streams::store?[0m?[2m:?[0m  -> already queued
15:13:28.845 [Thread-5] DEBUG i.pact.plugins.jvm.core.ChildProcess - Plugin protobuf [46348] || ?[2m2023-03-27T09:43:28.845154Z?[0m ?[35mTRACE?[0m tokio-runtime-worker ?[2mhyper::proto::h2::client?[0m?[2m:?[0m client::dispatch::Sender dropped
15:13:28.845 [Thread-5] DEBUG i.pact.plugins.jvm.core.ChildProcess - Plugin protobuf [46348] || ?[2m2023-03-27T09:43:28.845154Z?[0m ?[34mDEBUG?[0m tokio-runtime-worker ?[1mrequest?[0m?[1m{?[0m?[3mmethod?[0m?[2m=?[0mPOST ?[3muri?[0m?[2m=?[0mhttp://[::1]:54371/io.pact.plugin.PactPlugin/VerifyInteraction ?[3mversion?[0m?[2m=?[0mHTTP/2.0 ?[3mheaders?[0m?[2m=?[0m{"content-type": "application/grpc", "te": "trailers", "user-agent": "grpc-java-netty/1.49.0", "grpc-accept-encoding": "gzip", "authorization": Sensitive}?[1m}?[0m?[2m:?[0m ?[2mtower_http::trace::on_eos?[0m?[2m:?[0m end of stream ?[3mstream_duration?[0m?[2m=?[0m1 ms ?[3mstatus?[0m?[2m=?[0m0
15:13:28.845 [Thread-5] DEBUG i.pact.plugins.jvm.core.ChildProcess - Plugin protobuf [46348] || ?[2m2023-03-27T09:43:28.845181Z?[0m ?[35mTRACE?[0m tokio-runtime-worker ?[2mh2::proto::streams::state?[0m?[2m:?[0m send_close: HalfClosedRemote => Closed
15:13:28.845 [Thread-5] DEBUG i.pact.plugins.jvm.core.ChildProcess - Plugin protobuf [46348] || ?[2m2023-03-27T09:43:28.845190Z?[0m ?[35mTRACE?[0m tokio-runtime-worker ?[2mh2::proto::streams::send?[0m?[2m:?[0m send_trailers -- queuing; frame=Headers { stream_id: StreamId(9), flags: (0x5: END_HEADERS | END_STREAM) }
15:13:28.845 [Thread-5] DEBUG i.pact.plugins.jvm.core.ChildProcess - Plugin protobuf [46348] || ?[2m2023-03-27T09:43:28.845210Z?[0m ?[35mTRACE?[0m tokio-runtime-worker ?[1mPrioritize::queue_frame?[0m?[1m{?[0m?[3mstream.id?[0m?[2m=?[0mStreamId(9)?[1m}?[0m?[2m:?[0m ?[2mh2::proto::streams::prioritize?[0m?[2m:?[0m schedule_send ?[3mstream.id?[0m?[2m=?[0mStreamId(9)
15:13:28.845 [Thread-5] DEBUG i.pact.plugins.jvm.core.ChildProcess - Plugin protobuf [46348] || ?[2m2023-03-27T09:43:28.845210Z?[0m ?[35mTRACE?[0m tokio-runtime-worker ?[1mrequest?[0m?[1m{?[0m?[3mmethod?[0m?[2m=?[0mPOST ?[3muri?[0m?[2m=?[0mhttp://[::1]:54371/io.pact.plugin.PactPlugin/VerifyInteraction ?[3mversion?[0m?[2m=?[0mHTTP/2.0 ?[3mheaders?[0m?[2m=?[0m{"content-type": "application/grpc", "te": "trailers", "user-agent": "grpc-java-netty/1.49.0", "grpc-accept-encoding": "gzip", "authorization": Sensitive}?[1m}?[0m?[2m:?[0m?[1mConnection?[0m?[1m{?[0m?[3mpeer?[0m?[2m=?[0mClient?[1m}?[0m?[2m:?[0m?[1mpoll?[0m?[2m:?[0m ?[2mh2::proto::connection?[0m?[2m:?[0m ?[3mconnection.state?[0m?[2m=?[0mOpen
15:13:28.845 [Thread-5] DEBUG i.pact.plugins.jvm.core.ChildProcess - Plugin protobuf [46348] || ?[2m2023-03-27T09:43:28.845222Z?[0m ?[35mTRACE?[0m tokio-runtime-worker ?[1mPrioritize::queue_frame?[0m?[1m{?[0m?[3mstream.id?[0m?[2m=?[0mStreamId(9)?[1m}?[0m?[2m:?[0m ?[2mh2::proto::streams::store?[0m?[2m:?[0m Queue::push
15:13:28.845 [Thread-5] DEBUG i.pact.plugins.jvm.core.ChildProcess - Plugin protobuf [46348] || ?[2m2023-03-27T09:43:28.845232Z?[0m ?[35mTRACE?[0m tokio-runtime-worker ?[1mPrioritize::queue_frame?[0m?[1m{?[0m?[3mstream.id?[0m?[2m=?[0mStreamId(9)?[1m}?[0m?[2m:?[0m ?[2mh2::proto::streams::store?[0m?[2m:?[0m  -> already queued
15:13:28.845 [Thread-5] DEBUG i.pact.plugins.jvm.core.ChildProcess - Plugin protobuf [46348] || ?[2m2023-03-27T09:43:28.845243Z?[0m ?[34mDEBUG?[0m tokio-runtime-worker ?[1mrequest?[0m?[1m{?[0m?[3mmethod?[0m?[2m=?[0mPOST ?[3muri?[0m?[2m=?[0mhttp://[::1]:54371/io.pact.plugin.PactPlugin/VerifyInteraction ?[3mversion?[0m?[2m=?[0mHTTP/2.0 ?[3mheaders?[0m?[2m=?[0m{"content-type": "application/grpc", "te": "trailers", "user-agent": "grpc-java-netty/1.49.0", "grpc-accept-encoding": "gzip", "authorization": Sensitive}?[1m}?[0m?[2m:?[0m?[1mConnection?[0m?[1m{?[0m?[3mpeer?[0m?[2m=?[0mClient?[1m}?[0m?[2m:?[0m?[1mpoll?[0m?[2m:?[0m?[1mFramedWrite::buffer?[0m?[1m{?[0m?[3mframe?[0m?[2m=?[0mGoAway { error_code: NO_ERROR, last_stream_id: StreamId(0) }?[1m}?[0m?[2m:?[0m ?[2mh2::codec::framed_write?[0m?[2m:?[0m send ?[3mframe?[0m?[2m=?[0mGoAway { error_code: NO_ERROR, last_stream_id: StreamId(0) }
15:13:28.845 [Thread-5] DEBUG i.pact.plugins.jvm.core.ChildProcess - Plugin protobuf [46348] || ?[2m2023-03-27T09:43:28.845265Z?[0m ?[35mTRACE?[0m tokio-runtime-worker ?[2mh2::proto::streams::counts?[0m?[2m:?[0m transition_after; stream=StreamId(9); state=State { inner: Closed(EndStream) }; is_closed=false; pending_send_empty=false; buffered_send_data=546; num_recv=1; num_send=0
15:13:28.845 [Thread-5] DEBUG i.pact.plugins.jvm.core.ChildProcess - Plugin protobuf [46348] || ?[2m2023-03-27T09:43:28.845272Z?[0m ?[35mTRACE?[0m tokio-runtime-worker ?[1mrequest?[0m?[1m{?[0m?[3mmethod?[0m?[2m=?[0mPOST ?[3muri?[0m?[2m=?[0mhttp://[::1]:54371/io.pact.plugin.PactPlugin/VerifyInteraction ?[3mversion?[0m?[2m=?[0mHTTP/2.0 ?[3mheaders?[0m?[2m=?[0m{"content-type": "application/grpc", "te": "trailers", "user-agent": "grpc-java-netty/1.49.0", "grpc-accept-encoding": "gzip", "authorization": Sensitive}?[1m}?[0m?[2m:?[0m?[1mConnection?[0m?[1m{?[0m?[3mpeer?[0m?[2m=?[0mClient?[1m}?[0m?[2m:?[0m?[1mpoll?[0m?[2m:?[0m?[1mFramedWrite::buffer?[0m?[1m{?[0m?[3mframe?[0m?[2m=?[0mGoAway { error_code: NO_ERROR, last_stream_id: StreamId(0) }?[1m}?[0m?[2m:?[0m ?[2mh2::frame::go_away?[0m?[2m:?[0m encoding GO_AWAY; code=NO_ERROR
15:13:28.845 [Thread-5] DEBUG i.pact.plugins.jvm.core.ChildProcess - Plugin protobuf [46348] || ?[2m2023-03-27T09:43:28.845279Z?[0m ?[35mTRACE?[0m tokio-runtime-worker ?[2mh2::proto::streams::streams?[0m?[2m:?[0m drop_stream_ref; stream=Stream { id: StreamId(9), state: State { inner: Closed(EndStream) }, is_counted: true, ref_count: 2, next_pending_send: None, is_pending_send: true, send_flow: FlowControl { window_size: Window(1048576), available: Window(546) }, requested_send_capacity: 546, buffered_send_data: 546, send_task: Some(Waker { data: 0x600002818000, vtable: 0x102fab458 }), pending_send: Deque { indices: Some(Indices { head: 2, tail: 0 }) }, next_pending_send_capacity: None, is_pending_send_capacity: false, send_capacity_inc: true, next_open: None, is_pending_open: false, is_pending_push: false, next_pending_accept: None, is_pending_accept: false, recv_flow: FlowControl { window_size: Window(1043601), available: Window(1048576) }, in_flight_recv_data: 0, next_window_update: None, is_pending_window_update: false, reset_at: None, next_reset_expire: None, pending_recv: Deque { indices: None }, recv_task: None, pending_push_promises: Queue { indices: None, _p: PhantomData }, content_length: Omitted }
15:13:28.845 [Thread-5] DEBUG i.pact.plugins.jvm.core.ChildProcess - Plugin protobuf [46348] || ?[2m2023-03-27T09:43:28.845294Z?[0m ?[35mTRACE?[0m tokio-runtime-worker ?[1mrequest?[0m?[1m{?[0m?[3mmethod?[0m?[2m=?[0mPOST ?[3muri?[0m?[2m=?[0mhttp://[::1]:54371/io.pact.plugin.PactPlugin/VerifyInteraction ?[3mversion?[0m?[2m=?[0mHTTP/2.0 ?[3mheaders?[0m?[2m=?[0m{"content-type": "application/grpc", "te": "trailers", "user-agent": "grpc-java-netty/1.49.0", "grpc-accept-encoding": "gzip", "authorization": Sensitive}?[1m}?[0m?[2m:?[0m?[1mConnection?[0m?[1m{?[0m?[3mpeer?[0m?[2m=?[0mClient?[1m}?[0m?[2m:?[0m?[1mpoll?[0m?[2m:?[0m?[1mFramedWrite::buffer?[0m?[1m{?[0m?[3mframe?[0m?[2m=?[0mGoAway { error_code: NO_ERROR, last_stream_id: StreamId(0) }?[1m}?[0m?[2m:?[0m ?[2mh2::codec::framed_write?[0m?[2m:?[0m encoded go_away ?[3mrem?[0m?[2m=?[0m17
15:13:28.845 [Thread-5] DEBUG i.pact.plugins.jvm.core.ChildProcess - Plugin protobuf [46348] || ?[2m2023-03-27T09:43:28.845307Z?[0m ?[35mTRACE?[0m tokio-runtime-worker ?[2mh2::proto::streams::counts?[0m?[2m:?[0m transition_after; stream=StreamId(9); state=State { inner: Closed(EndStream) }; is_closed=false; pending_send_empty=false; buffered_send_data=546; num_recv=1; num_send=0
15:13:28.845 [Thread-5] DEBUG i.pact.plugins.jvm.core.ChildProcess - Plugin protobuf [46348] || ?[2m2023-03-27T09:43:28.845319Z?[0m ?[35mTRACE?[0m tokio-runtime-worker ?[2mh2::proto::streams::streams?[0m?[2m:?[0m drop_stream_ref; stream=Stream { id: StreamId(9), state: State { inner: Closed(EndStream) }, is_counted: true, ref_count: 1, next_pending_send: None, is_pending_send: true, send_flow: FlowControl { window_size: Window(1048576), available: Window(546) }, requested_send_capacity: 546, buffered_send_data: 546, send_task: Some(Waker { data: 0x600002818000, vtable: 0x102fab458 }), pending_send: Deque { indices: Some(Indices { head: 2, tail: 0 }) }, next_pending_send_capacity: None, is_pending_send_capacity: false, send_capacity_inc: true, next_open: None, is_pending_open: false, is_pending_push: false, next_pending_accept: None, is_pending_accept: false, recv_flow: FlowControl { window_size: Window(1043601), available: Window(1048576) }, in_flight_recv_data: 0, next_window_update: None, is_pending_window_update: false, reset_at: None, next_reset_expire: None, pending_recv: Deque { indices: None }, recv_task: None, pending_push_promises: Queue { indices: None, _p: PhantomData }, content_length: Omitted }
15:13:28.845 [Thread-5] DEBUG i.pact.plugins.jvm.core.ChildProcess - Plugin protobuf [46348] || ?[2m2023-03-27T09:43:28.845324Z?[0m ?[34mDEBUG?[0m tokio-runtime-worker ?[1mrequest?[0m?[1m{?[0m?[3mmethod?[0m?[2m=?[0mPOST ?[3muri?[0m?[2m=?[0mhttp://[::1]:54371/io.pact.plugin.PactPlugin/VerifyInteraction ?[3mversion?[0m?[2m=?[0mHTTP/2.0 ?[3mheaders?[0m?[2m=?[0m{"content-type": "application/grpc", "te": "trailers", "user-agent": "grpc-java-netty/1.49.0", "grpc-accept-encoding": "gzip", "authorization": Sensitive}?[1m}?[0m?[2m:?[0m?[1mConnection?[0m?[1m{?[0m?[3mpeer?[0m?[2m=?[0mClient?[1m}?[0m?[2m:?[0m?[1mpoll?[0m?[2m:?[0m ?[2mh2::proto::connection?[0m?[2m:?[0m Connection::poll; connection error ?[3merror?[0m?[2m=?[0mGoAway(b"", NO_ERROR, Library)
15:13:28.845 [Thread-5] DEBUG i.pact.plugins.jvm.core.ChildProcess - Plugin protobuf [46348] || ?[2m2023-03-27T09:43:28.845342Z?[0m ?[35mTRACE?[0m tokio-runtime-worker ?[1mrequest?[0m?[1m{?[0m?[3mmethod?[0m?[2m=?[0mPOST ?[3muri?[0m?[2m=?[0mhttp://[::1]:54371/io.pact.plugin.PactPlugin/VerifyInteraction ?[3mversion?[0m?[2m=?[0mHTTP/2.0 ?[3mheaders?[0m?[2m=?[0m{"content-type": "application/grpc", "te": "trailers", "user-agent": "grpc-java-netty/1.49.0", "grpc-accept-encoding": "gzip", "authorization": Sensitive}?[1m}?[0m?[2m:?[0m?[1mConnection?[0m?[1m{?[0m?[3mpeer?[0m?[2m=?[0mClient?[1m}?[0m?[2m:?[0m?[1mpoll?[0m?[2m:?[0m ?[2mh2::proto::connection?[0m?[2m:?[0m     -> already going away
15:13:28.845 [Thread-5] DEBUG i.pact.plugins.jvm.core.ChildProcess - Plugin protobuf [46348] || ?[2m2023-03-27T09:43:28.845346Z?[0m ?[35mTRACE?[0m tokio-runtime-worker ?[2mh2::proto::streams::counts?[0m?[2m:?[0m transition_after; stream=StreamId(9); state=State { inner: Closed(EndStream) }; is_closed=false; pending_send_empty=false; buffered_send_data=546; num_recv=1; num_send=0
15:13:28.845 [Thread-5] DEBUG i.pact.plugins.jvm.core.ChildProcess - Plugin protobuf [46348] || ?[2m2023-03-27T09:43:28.845356Z?[0m ?[35mTRACE?[0m tokio-runtime-worker ?[1mrequest?[0m?[1m{?[0m?[3mmethod?[0m?[2m=?[0mPOST ?[3muri?[0m?[2m=?[0mhttp://[::1]:54371/io.pact.plugin.PactPlugin/VerifyInteraction ?[3mversion?[0m?[2m=?[0mHTTP/2.0 ?[3mheaders?[0m?[2m=?[0m{"content-type": "application/grpc", "te": "trailers", "user-agent": "grpc-java-netty/1.49.0", "grpc-accept-encoding": "gzip", "authorization": Sensitive}?[1m}?[0m?[2m:?[0m?[1mConnection?[0m?[1m{?[0m?[3mpeer?[0m?[2m=?[0mClient?[1m}?[0m?[2m:?[0m?[1mpoll?[0m?[2m:?[0m ?[2mh2::proto::connection?[0m?[2m:?[0m ?[3mconnection.state?[0m?[2m=?[0mClosing(NO_ERROR, Library)
15:13:28.845 [Thread-5] DEBUG i.pact.plugins.jvm.core.ChildProcess - Plugin protobuf [46348] || ?[2m2023-03-27T09:43:28.845374Z?[0m ?[35mTRACE?[0m tokio-runtime-worker ?[1mrequest?[0m?[1m{?[0m?[3mmethod?[0m?[2m=?[0mPOST ?[3muri?[0m?[2m=?[0mhttp://[::1]:54371/io.pact.plugin.PactPlugin/VerifyInteraction ?[3mversion?[0m?[2m=?[0mHTTP/2.0 ?[3mheaders?[0m?[2m=?[0m{"content-type": "application/grpc", "te": "trailers", "user-agent": "grpc-java-netty/1.49.0", "grpc-accept-encoding": "gzip", "authorization": Sensitive}?[1m}?[0m?[2m:?[0m?[1mConnection?[0m?[1m{?[0m?[3mpeer?[0m?[2m=?[0mClient?[1m}?[0m?[2m:?[0m?[1mpoll?[0m?[2m:?[0m ?[2mh2::proto::connection?[0m?[2m:?[0m connection closing after flush
15:13:28.845 [Thread-5] DEBUG i.pact.plugins.jvm.core.ChildProcess - Plugin protobuf [46348] || ?[2m2023-03-27T09:43:28.845396Z?[0m ?[35mTRACE?[0m tokio-runtime-worker ?[1mrequest?[0m?[1m{?[0m?[3mmethod?[0m?[2m=?[0mPOST ?[3muri?[0m?[2m=?[0mhttp://[::1]:54371/io.pact.plugin.PactPlugin/VerifyInteraction ?[3mversion?[0m?[2m=?[0mHTTP/2.0 ?[3mheaders?[0m?[2m=?[0m{"content-type": "application/grpc", "te": "trailers", "user-agent": "grpc-java-netty/1.49.0", "grpc-accept-encoding": "gzip", "authorization": Sensitive}?[1m}?[0m?[2m:?[0m?[1mConnection?[0m?[1m{?[0m?[3mpeer?[0m?[2m=?[0mClient?[1m}?[0m?[2m:?[0m?[1mpoll?[0m?[2m:?[0m?[1mFramedWrite::flush?[0m?[2m:?[0m ?[2mh2::codec::framed_write?[0m?[2m:?[0m ?[3mqueued_data_frame?[0m?[2m=?[0mfalse
15:13:28.845 [Thread-5] DEBUG i.pact.plugins.jvm.core.ChildProcess - Plugin protobuf [46348] || ?[2m2023-03-27T09:43:28.845393Z?[0m ?[35mTRACE?[0m tokio-runtime-worker ?[1mserver_handshake?[0m?[2m:?[0m?[1mConnection?[0m?[1m{?[0m?[3mpeer?[0m?[2m=?[0mServer?[1m}?[0m?[2m:?[0m?[1mpoll?[0m?[2m:?[0m ?[2mh2::proto::connection?[0m?[2m:?[0m ?[3mconnection.state?[0m?[2m=?[0mOpen
15:13:28.845 [Thread-5] DEBUG i.pact.plugins.jvm.core.ChildProcess - Plugin protobuf [46348] || ?[2m2023-03-27T09:43:28.845432Z?[0m ?[35mTRACE?[0m tokio-runtime-worker ?[1mrequest?[0m?[1m{?[0m?[3mmethod?[0m?[2m=?[0mPOST ?[3muri?[0m?[2m=?[0mhttp://[::1]:54371/io.pact.plugin.PactPlugin/VerifyInteraction ?[3mversion?[0m?[2m=?[0mHTTP/2.0 ?[3mheaders?[0m?[2m=?[0m{"content-type": "application/grpc", "te": "trailers", "user-agent": "grpc-java-netty/1.49.0", "grpc-accept-encoding": "gzip", "authorization": Sensitive}?[1m}?[0m?[2m:?[0m?[1mConnection?[0m?[1m{?[0m?[3mpeer?[0m?[2m=?[0mClient?[1m}?[0m?[2m:?[0m?[1mpoll?[0m?[2m:?[0m?[1mFramedWrite::flush?[0m?[2m:?[0m ?[2mh2::codec::framed_write?[0m?[2m:?[0m flushing buffer
15:13:28.845 [Thread-5] DEBUG i.pact.plugins.jvm.core.ChildProcess - Plugin protobuf [46348] || ?[2m2023-03-27T09:43:28.845442Z?[0m ?[35mTRACE?[0m tokio-runtime-worker ?[1mserver_handshake?[0m?[2m:?[0m?[1mConnection?[0m?[1m{?[0m?[3mpeer?[0m?[2m=?[0mServer?[1m}?[0m?[2m:?[0m?[1mpoll?[0m?[2m:?[0m?[1mFramedRead::poll_next?[0m?[2m:?[0m ?[2mh2::codec::framed_read?[0m?[2m:?[0m poll
15:13:28.845 [Thread-5] DEBUG i.pact.plugins.jvm.core.ChildProcess - Plugin protobuf [46348] || ?[2m2023-03-27T09:43:28.845470Z?[0m ?[35mTRACE?[0m tokio-runtime-worker ?[1mrequest?[0m?[1m{?[0m?[3mmethod?[0m?[2m=?[0mPOST ?[3muri?[0m?[2m=?[0mhttp://[::1]:54371/io.pact.plugin.PactPlugin/VerifyInteraction ?[3mversion?[0m?[2m=?[0mHTTP/2.0 ?[3mheaders?[0m?[2m=?[0m{"content-type": "application/grpc", "te": "trailers", "user-agent": "grpc-java-netty/1.49.0", "grpc-accept-encoding": "gzip", "authorization": Sensitive}?[1m}?[0m?[2m:?[0m?[1mConnection?[0m?[1m{?[0m?[3mpeer?[0m?[2m=?[0mClient?[1m}?[0m?[2m:?[0m?[1mpoll?[0m?[2m:?[0m ?[2mh2::proto::connection?[0m?[2m:?[0m ?[3mconnection.state?[0m?[2m=?[0mClosed(NO_ERROR, Library)
15:13:28.845 [Thread-5] DEBUG i.pact.plugins.jvm.core.ChildProcess - Plugin protobuf [46348] || ?[2m2023-03-27T09:43:28.845478Z?[0m ?[35mTRACE?[0m tokio-runtime-worker ?[1mserver_handshake?[0m?[2m:?[0m?[1mConnection?[0m?[1m{?[0m?[3mpeer?[0m?[2m=?[0mServer?[1m}?[0m?[2m:?[0m?[1mpoll?[0m?[2m:?[0m ?[2mh2::proto::streams::prioritize?[0m?[2m:?[0m poll_complete
15:13:28.845 [Thread-5] DEBUG i.pact.plugins.jvm.core.ChildProcess - Plugin protobuf [46348] || ?[2m2023-03-27T09:43:28.845492Z?[0m ?[35mTRACE?[0m tokio-runtime-worker ?[1mserver_handshake?[0m?[2m:?[0m?[1mConnection?[0m?[1m{?[0m?[3mpeer?[0m?[2m=?[0mServer?[1m}?[0m?[2m:?[0m?[1mpoll?[0m?[2m:?[0m ?[2mh2::proto::streams::prioritize?[0m?[2m:?[0m schedule_pending_open
15:13:28.845 [Thread-5] DEBUG i.pact.plugins.jvm.core.ChildProcess - Plugin protobuf [46348] || ?[2m2023-03-27T09:43:28.845499Z?[0m ?[35mTRACE?[0m tokio-runtime-worker ?[2mh2::proto::streams::streams?[0m?[2m:?[0m Streams::recv_eof
15:13:28.845 [Thread-5] DEBUG i.pact.plugins.jvm.core.ChildProcess - Plugin protobuf [46348] || ?[2m2023-03-27T09:43:28.845543Z?[0m ?[35mTRACE?[0m tokio-runtime-worker ?[1mserver_handshake?[0m?[2m:?[0m?[1mConnection?[0m?[1m{?[0m?[3mpeer?[0m?[2m=?[0mServer?[1m}?[0m?[2m:?[0m?[1mpoll?[0m?[2m:?[0m?[1mpop_frame?[0m?[2m:?[0m?[1mpopped?[0m?[1m{?[0m?[3mstream.id?[0m?[2m=?[0mStreamId(9) ?[3mstream.state?[0m?[2m=?[0mState { inner: Closed(EndStream) }?[1m}?[0m?[2m:?[0m ?[2mh2::proto::streams::prioritize?[0m?[2m:?[0m ?[3mis_pending_reset?[0m?[2m=?[0mfalse
15:13:28.845 [Thread-5] DEBUG i.pact.plugins.jvm.core.ChildProcess - Plugin protobuf [46348] || ?[2m2023-03-27T09:43:28.845563Z?[0m ?[35mTRACE?[0m tokio-runtime-worker ?[1mserver_handshake?[0m?[2m:?[0m?[1mConnection?[0m?[1m{?[0m?[3mpeer?[0m?[2m=?[0mServer?[1m}?[0m?[2m:?[0m?[1mpoll?[0m?[2m:?[0m?[1mpop_frame?[0m?[2m:?[0m?[1mpopped?[0m?[1m{?[0m?[3mstream.id?[0m?[2m=?[0mStreamId(9) ?[3mstream.state?[0m?[2m=?[0mState { inner: Closed(EndStream) }?[1m}?[0m?[2m:?[0m ?[2mh2::proto::streams::prioritize?[0m?[2m:?[0m pop_frame; frame=Headers { stream_id: StreamId(9), flags: (0x4: END_HEADERS) }
15:13:28.845 [Thread-5] DEBUG i.pact.plugins.jvm.core.ChildProcess - Plugin protobuf [46348] || ?[2m2023-03-27T09:43:28.845581Z?[0m ?[35mTRACE?[0m tokio-runtime-worker ?[1mserver_handshake?[0m?[2m:?[0m?[1mConnection?[0m?[1m{?[0m?[3mpeer?[0m?[2m=?[0mServer?[1m}?[0m?[2m:?[0m?[1mpoll?[0m?[2m:?[0m?[1mpop_frame?[0m?[2m:?[0m?[1mpopped?[0m?[1m{?[0m?[3mstream.id?[0m?[2m=?[0mStreamId(9) ?[3mstream.state?[0m?[2m=?[0mState { inner: Closed(EndStream) }?[1m}?[0m?[2m:?[0m ?[2mh2::proto::streams::store?[0m?[2m:?[0m Queue::push
15:13:28.845 [Thread-5] DEBUG i.pact.plugins.jvm.core.ChildProcess - Plugin protobuf [46348] || ?[2m2023-03-27T09:43:28.845595Z?[0m ?[35mTRACE?[0m tokio-runtime-worker ?[1mserver_handshake?[0m?[2m:?[0m?[1mConnection?[0m?[1m{?[0m?[3mpeer?[0m?[2m=?[0mServer?[1m}?[0m?[2m:?[0m?[1mpoll?[0m?[2m:?[0m?[1mpop_frame?[0m?[2m:?[0m?[1mpopped?[0m?[1m{?[0m?[3mstream.id?[0m?[2m=?[0mStreamId(9) ?[3mstream.state?[0m?[2m=?[0mState { inner: Closed(EndStream) }?[1m}?[0m?[2m:?[0m ?[2mh2::proto::streams::store?[0m?[2m:?[0m  -> first entry
15:13:28.845 [Thread-5] DEBUG i.pact.plugins.jvm.core.ChildProcess - Plugin protobuf [46348] || ?[2m2023-03-27T09:43:28.845608Z?[0m ?[35mTRACE?[0m tokio-runtime-worker ?[1mserver_handshake?[0m?[2m:?[0m?[1mConnection?[0m?[1m{?[0m?[3mpeer?[0m?[2m=?[0mServer?[1m}?[0m?[2m:?[0m?[1mpoll?[0m?[2m:?[0m?[1mpop_frame?[0m?[2m:?[0m?[1mpopped?[0m?[1m{?[0m?[3mstream.id?[0m?[2m=?[0mStreamId(9) ?[3mstream.state?[0m?[2m=?[0mState { inner: Closed(EndStream) }?[1m}?[0m?[2m:?[0m ?[2mh2::proto::streams::counts?[0m?[2m:?[0m transition_after; stream=StreamId(9); state=State { inner: Closed(EndStream) }; is_closed=false; pending_send_empty=false; buffered_send_data=546; num_recv=1; num_send=0
15:13:28.845 [Thread-5] DEBUG i.pact.plugins.jvm.core.ChildProcess - Plugin protobuf [46348] || ?[2m2023-03-27T09:43:28.845640Z?[0m ?[35mTRACE?[0m tokio-runtime-worker ?[1mserver_handshake?[0m?[2m:?[0m?[1mConnection?[0m?[1m{?[0m?[3mpeer?[0m?[2m=?[0mServer?[1m}?[0m?[2m:?[0m?[1mpoll?[0m?[2m:?[0m ?[2mh2::proto::streams::prioritize?[0m?[2m:?[0m writing ?[3mframe?[0m?[2m=?[0mHeaders { stream_id: StreamId(9), flags: (0x4: END_HEADERS) }
15:13:28.845 [Thread-5] DEBUG i.pact.plugins.jvm.core.ChildProcess - Plugin protobuf [46348] || ?[2m2023-03-27T09:43:28.845666Z?[0m ?[34mDEBUG?[0m tokio-runtime-worker ?[1mserver_handshake?[0m?[2m:?[0m?[1mConnection?[0m?[1m{?[0m?[3mpeer?[0m?[2m=?[0mServer?[1m}?[0m?[2m:?[0m?[1mpoll?[0m?[2m:?[0m?[1mFramedWrite::buffer?[0m?[1m{?[0m?[3mframe?[0m?[2m=?[0mHeaders { stream_id: StreamId(9), flags: (0x4: END_HEADERS) }?[1m}?[0m?[2m:?[0m ?[2mh2::codec::framed_write?[0m?[2m:?[0m send ?[3mframe?[0m?[2m=?[0mHeaders { stream_id: StreamId(9), flags: (0x4: END_HEADERS) }
15:13:28.845 [Thread-5] DEBUG i.pact.plugins.jvm.core.ChildProcess - Plugin protobuf [46348] || ?[2m2023-03-27T09:43:28.845720Z?[0m ?[35mTRACE?[0m tokio-runtime-worker ?[1mserver_handshake?[0m?[2m:?[0m?[1mConnection?[0m?[1m{?[0m?[3mpeer?[0m?[2m=?[0mServer?[1m}?[0m?[2m:?[0m?[1mpoll?[0m?[2m:?[0m ?[2mh2::proto::streams::prioritize?[0m?[2m:?[0m schedule_pending_open
15:13:28.845 [Thread-5] DEBUG i.pact.plugins.jvm.core.ChildProcess - Plugin protobuf [46348] || ?[2m2023-03-27T09:43:28.845747Z?[0m ?[35mTRACE?[0m tokio-runtime-worker ?[1mserver_handshake?[0m?[2m:?[0m?[1mConnection?[0m?[1m{?[0m?[3mpeer?[0m?[2m=?[0mServer?[1m}?[0m?[2m:?[0m?[1mpoll?[0m?[2m:?[0m?[1mpop_frame?[0m?[2m:?[0m?[1mpopped?[0m?[1m{?[0m?[3mstream.id?[0m?[2m=?[0mStreamId(9) ?[3mstream.state?[0m?[2m=?[0mState { inner: Closed(EndStream) }?[1m}?[0m?[2m:?[0m ?[2mh2::proto::streams::prioritize?[0m?[2m:?[0m ?[3mis_pending_reset?[0m?[2m=?[0mfalse
15:13:28.845 [Thread-5] DEBUG i.pact.plugins.jvm.core.ChildProcess - Plugin protobuf [46348] || ?[2m2023-03-27T09:43:28.845762Z?[0m ?[35mTRACE?[0m tokio-runtime-worker ?[1mserver_handshake?[0m?[2m:?[0m?[1mConnection?[0m?[1m{?[0m?[3mpeer?[0m?[2m=?[0mServer?[1m}?[0m?[2m:?[0m?[1mpoll?[0m?[2m:?[0m?[1mpop_frame?[0m?[2m:?[0m?[1mpopped?[0m?[1m{?[0m?[3mstream.id?[0m?[2m=?[0mStreamId(9) ?[3mstream.state?[0m?[2m=?[0mState { inner: Closed(EndStream) }?[1m}?[0m?[2m:?[0m ?[2mh2::proto::streams::prioritize?[0m?[2m:?[0m data frame ?[3msz?[0m?[2m=?[0m546 ?[3meos?[0m?[2m=?[0mfalse ?[3mwindow?[0m?[2m=?[0m546 ?[3mavailable?[0m?[2m=?[0m546 ?[3mrequested?[0m?[2m=?[0m546 ?[3mbuffered?[0m?[2m=?[0m546
15:13:28.845 [Thread-5] DEBUG i.pact.plugins.jvm.core.ChildProcess - Plugin protobuf [46348] || ?[2m2023-03-27T09:43:28.845781Z?[0m ?[35mTRACE?[0m tokio-runtime-worker ?[1mserver_handshake?[0m?[2m:?[0m?[1mConnection?[0m?[1m{?[0m?[3mpeer?[0m?[2m=?[0mServer?[1m}?[0m?[2m:?[0m?[1mpoll?[0m?[2m:?[0m?[1mpop_frame?[0m?[2m:?[0m?[1mpopped?[0m?[1m{?[0m?[3mstream.id?[0m?[2m=?[0mStreamId(9) ?[3mstream.state?[0m?[2m=?[0mState { inner: Closed(EndStream) }?[1m}?[0m?[2m:?[0m ?[2mh2::proto::streams::prioritize?[0m?[2m:?[0m sending data frame ?[3mlen?[0m?[2m=?[0m546
15:13:28.846 [Thread-5] DEBUG i.pact.plugins.jvm.core.ChildProcess - Plugin protobuf [46348] || ?[2m2023-03-27T09:43:28.845801Z?[0m ?[35mTRACE?[0m tokio-runtime-worker ?[1mserver_handshake?[0m?[2m:?[0m?[1mConnection?[0m?[1m{?[0m?[3mpeer?[0m?[2m=?[0mServer?[1m}?[0m?[2m:?[0m?[1mpoll?[0m?[2m:?[0m?[1mpop_frame?[0m?[2m:?[0m?[1mpopped?[0m?[1m{?[0m?[3mstream.id?[0m?[2m=?[0mStreamId(9) ?[3mstream.state?[0m?[2m=?[0mState { inner: Closed(EndStream) }?[1m}?[0m?[2m:?[0m?[1mupdating stream flow?[0m?[2m:?[0m ?[2mh2::proto::streams::flow_control?[0m?[2m:?[0m send_data; sz=546; window=1048576; available=546
15:13:28.846 [Thread-5] DEBUG i.pact.plugins.jvm.core.ChildProcess - Plugin protobuf [46348] || ?[2m2023-03-27T09:43:28.845828Z?[0m ?[35mTRACE?[0m tokio-runtime-worker ?[1mserver_handshake?[0m?[2m:?[0m?[1mConnection?[0m?[1m{?[0m?[3mpeer?[0m?[2m=?[0mServer?[1m}?[0m?[2m:?[0m?[1mpoll?[0m?[2m:?[0m?[1mpop_frame?[0m?[2m:?[0m?[1mpopped?[0m?[1m{?[0m?[3mstream.id?[0m?[2m=?[0mStreamId(9) ?[3mstream.state?[0m?[2m=?[0mState { inner: Closed(EndStream) }?[1m}?[0m?[2m:?[0m?[1mupdating connection flow?[0m?[2m:?[0m ?[2mh2::proto::streams::flow_control?[0m?[2m:?[0m send_data; sz=546; window=1048311; available=1048311
15:13:28.846 [Thread-5] DEBUG i.pact.plugins.jvm.core.ChildProcess - Plugin protobuf [46348] || ?[2m2023-03-27T09:43:28.845848Z?[0m ?[35mTRACE?[0m tokio-runtime-worker ?[1mserver_handshake?[0m?[2m:?[0m?[1mConnection?[0m?[1m{?[0m?[3mpeer?[0m?[2m=?[0mServer?[1m}?[0m?[2m:?[0m?[1mpoll?[0m?[2m:?[0m?[1mpop_frame?[0m?[2m:?[0m?[1mpopped?[0m?[1m{?[0m?[3mstream.id?[0m?[2m=?[0mStreamId(9) ?[3mstream.state?[0m?[2m=?[0mState { inner: Closed(EndStream) }?[1m}?[0m?[2m:?[0m ?[2mh2::proto::streams::prioritize?[0m?[2m:?[0m pop_frame; frame=Data { stream_id: StreamId(9) }
15:13:28.846 [Thread-5] DEBUG i.pact.plugins.jvm.core.ChildProcess - Plugin protobuf [46348] || ?[2m2023-03-27T09:43:28.845862Z?[0m ?[35mTRACE?[0m tokio-runtime-worker ?[1mserver_handshake?[0m?[2m:?[0m?[1mConnection?[0m?[1m{?[0m?[3mpeer?[0m?[2m=?[0mServer?[1m}?[0m?[2m:?[0m?[1mpoll?[0m?[2m:?[0m?[1mpop_frame?[0m?[2m:?[0m?[1mpopped?[0m?[1m{?[0m?[3mstream.id?[0m?[2m=?[0mStreamId(9) ?[3mstream.state?[0m?[2m=?[0mState { inner: Closed(EndStream) }?[1m}?[0m?[2m:?[0m ?[2mh2::proto::streams::store?[0m?[2m:?[0m Queue::push
15:13:28.846 [Thread-5] DEBUG i.pact.plugins.jvm.core.ChildProcess - Plugin protobuf [46348] || ?[2m2023-03-27T09:43:28.845874Z?[0m ?[35mTRACE?[0m tokio-runtime-worker ?[1mserver_handshake?[0m?[2m:?[0m?[1mConnection?[0m?[1m{?[0m?[3mpeer?[0m?[2m=?[0mServer?[1m}?[0m?[2m:?[0m?[1mpoll?[0m?[2m:?[0m?[1mpop_frame?[0m?[2m:?[0m?[1mpopped?[0m?[1m{?[0m?[3mstream.id?[0m?[2m=?[0mStreamId(9) ?[3mstream.state?[0m?[2m=?[0mState { inner: Closed(EndStream) }?[1m}?[0m?[2m:?[0m ?[2mh2::proto::streams::store?[0m?[2m:?[0m  -> first entry
15:13:28.846 [Thread-5] DEBUG i.pact.plugins.jvm.core.ChildProcess - Plugin protobuf [46348] || ?[2m2023-03-27T09:43:28.845884Z?[0m ?[35mTRACE?[0m tokio-runtime-worker ?[1mserver_handshake?[0m?[2m:?[0m?[1mConnection?[0m?[1m{?[0m?[3mpeer?[0m?[2m=?[0mServer?[1m}?[0m?[2m:?[0m?[1mpoll?[0m?[2m:?[0m?[1mpop_frame?[0m?[2m:?[0m?[1mpopped?[0m?[1m{?[0m?[3mstream.id?[0m?[2m=?[0mStreamId(9) ?[3mstream.state?[0m?[2m=?[0mState { inner: Closed(EndStream) }?[1m}?[0m?[2m:?[0m ?[2mh2::proto::streams::counts?[0m?[2m:?[0m transition_after; stream=StreamId(9); state=State { inner: Closed(EndStream) }; is_closed=false; pending_send_empty=false; buffered_send_data=0; num_recv=1; num_send=0
15:13:28.846 [Thread-5] DEBUG i.pact.plugins.jvm.core.ChildProcess - Plugin protobuf [46348] || ?[2m2023-03-27T09:43:28.845910Z?[0m ?[35mTRACE?[0m tokio-runtime-worker ?[1mserver_handshake?[0m?[2m:?[0m?[1mConnection?[0m?[1m{?[0m?[3mpeer?[0m?[2m=?[0mServer?[1m}?[0m?[2m:?[0m?[1mpoll?[0m?[2m:?[0m ?[2mh2::proto::streams::prioritize?[0m?[2m:?[0m writing ?[3mframe?[0m?[2m=?[0mData { stream_id: StreamId(9) }
15:13:28.846 [Thread-5] DEBUG i.pact.plugins.jvm.core.ChildProcess - Plugin protobuf [46348] || ?[2m2023-03-27T09:43:28.845929Z?[0m ?[34mDEBUG?[0m tokio-runtime-worker ?[1mserver_handshake?[0m?[2m:?[0m?[1mConnection?[0m?[1m{?[0m?[3mpeer?[0m?[2m=?[0mServer?[1m}?[0m?[2m:?[0m?[1mpoll?[0m?[2m:?[0m?[1mFramedWrite::buffer?[0m?[1m{?[0m?[3mframe?[0m?[2m=?[0mData { stream_id: StreamId(9) }?[1m}?[0m?[2m:?[0m ?[2mh2::codec::framed_write?[0m?[2m:?[0m send ?[3mframe?[0m?[2m=?[0mData { stream_id: StreamId(9) }
15:13:28.846 [Thread-5] DEBUG i.pact.plugins.jvm.core.ChildProcess - Plugin protobuf [46348] || ?[2m2023-03-27T09:43:28.845953Z?[0m ?[35mTRACE?[0m tokio-runtime-worker ?[1mserver_handshake?[0m?[2m:?[0m?[1mConnection?[0m?[1m{?[0m?[3mpeer?[0m?[2m=?[0mServer?[1m}?[0m?[2m:?[0m?[1mpoll?[0m?[2m:?[0m?[1mFramedWrite::flush?[0m?[2m:?[0m ?[2mh2::codec::framed_write?[0m?[2m:?[0m ?[3mqueued_data_frame?[0m?[2m=?[0mtrue
15:13:28.846 [Thread-5] DEBUG i.pact.plugins.jvm.core.ChildProcess - Plugin protobuf [46348] || ?[2m2023-03-27T09:43:28.845980Z?[0m ?[35mTRACE?[0m tokio-runtime-worker ?[1mserver_handshake?[0m?[2m:?[0m?[1mConnection?[0m?[1m{?[0m?[3mpeer?[0m?[2m=?[0mServer?[1m}?[0m?[2m:?[0m?[1mpoll?[0m?[2m:?[0m?[1mFramedWrite::flush?[0m?[2m:?[0m ?[2mh2::codec::framed_write?[0m?[2m:?[0m ?[3mqueued_data_frame?[0m?[2m=?[0mtrue
15:13:28.846 [Thread-5] DEBUG i.pact.plugins.jvm.core.ChildProcess - Plugin protobuf [46348] || ?[2m2023-03-27T09:43:28.845999Z?[0m ?[35mTRACE?[0m tokio-runtime-worker ?[1mserver_handshake?[0m?[2m:?[0m?[1mConnection?[0m?[1m{?[0m?[3mpeer?[0m?[2m=?[0mServer?[1m}?[0m?[2m:?[0m?[1mpoll?[0m?[2m:?[0m?[1mFramedWrite::flush?[0m?[2m:?[0m ?[2mh2::codec::framed_write?[0m?[2m:?[0m flushing buffer
15:13:28.846 [Thread-5] DEBUG i.pact.plugins.jvm.core.ChildProcess - Plugin protobuf [46348] || ?[2m2023-03-27T09:43:28.846024Z?[0m ?[35mTRACE?[0m tokio-runtime-worker ?[1mserver_handshake?[0m?[2m:?[0m?[1mConnection?[0m?[1m{?[0m?[3mpeer?[0m?[2m=?[0mServer?[1m}?[0m?[2m:?[0m?[1mpoll?[0m?[2m:?[0m?[1mtry_reclaim_frame?[0m?[2m:?[0m ?[2mh2::proto::streams::prioritize?[0m?[2m:?[0m reclaimed ?[3mframe?[0m?[2m=?[0mData { stream_id: StreamId(9) } ?[3msz?[0m?[2m=?[0m0
15:13:28.846 [Thread-5] DEBUG i.pact.plugins.jvm.core.ChildProcess - Plugin protobuf [46348] || ?[2m2023-03-27T09:43:28.846046Z?[0m ?[35mTRACE?[0m tokio-runtime-worker ?[1mserver_handshake?[0m?[2m:?[0m?[1mConnection?[0m?[1m{?[0m?[3mpeer?[0m?[2m=?[0mServer?[1m}?[0m?[2m:?[0m?[1mpoll?[0m?[2m:?[0m ?[2mh2::proto::streams::prioritize?[0m?[2m:?[0m schedule_pending_open
15:13:28.846 [Thread-5] DEBUG i.pact.plugins.jvm.core.ChildProcess - Plugin protobuf [46348] || ?[2m2023-03-27T09:43:28.846073Z?[0m ?[35mTRACE?[0m tokio-runtime-worker ?[1mserver_handshake?[0m?[2m:?[0m?[1mConnection?[0m?[1m{?[0m?[3mpeer?[0m?[2m=?[0mServer?[1m}?[0m?[2m:?[0m?[1mpoll?[0m?[2m:?[0m?[1mpop_frame?[0m?[2m:?[0m?[1mpopped?[0m?[1m{?[0m?[3mstream.id?[0m?[2m=?[0mStreamId(9) ?[3mstream.state?[0m?[2m=?[0mState { inner: Closed(EndStream) }?[1m}?[0m?[2m:?[0m ?[2mh2::proto::streams::prioritize?[0m?[2m:?[0m ?[3mis_pending_reset?[0m?[2m=?[0mfalse
15:13:28.846 [Thread-5] DEBUG i.pact.plugins.jvm.core.ChildProcess - Plugin protobuf [46348] || ?[2m2023-03-27T09:43:28.846088Z?[0m ?[35mTRACE?[0m tokio-runtime-worker ?[1mserver_handshake?[0m?[2m:?[0m?[1mConnection?[0m?[1m{?[0m?[3mpeer?[0m?[2m=?[0mServer?[1m}?[0m?[2m:?[0m?[1mpoll?[0m?[2m:?[0m?[1mpop_frame?[0m?[2m:?[0m?[1mpopped?[0m?[1m{?[0m?[3mstream.id?[0m?[2m=?[0mStreamId(9) ?[3mstream.state?[0m?[2m=?[0mState { inner: Closed(EndStream) }?[1m}?[0m?[2m:?[0m ?[2mh2::proto::streams::prioritize?[0m?[2m:?[0m pop_frame; frame=Headers { stream_id: StreamId(9), flags: (0x5: END_HEADERS | END_STREAM) }
15:13:28.846 [Thread-5] DEBUG i.pact.plugins.jvm.core.ChildProcess - Plugin protobuf [46348] || ?[2m2023-03-27T09:43:28.846104Z?[0m ?[35mTRACE?[0m tokio-runtime-worker ?[1mserver_handshake?[0m?[2m:?[0m?[1mConnection?[0m?[1m{?[0m?[3mpeer?[0m?[2m=?[0mServer?[1m}?[0m?[2m:?[0m?[1mpoll?[0m?[2m:?[0m?[1mpop_frame?[0m?[2m:?[0m?[1mpopped?[0m?[1m{?[0m?[3mstream.id?[0m?[2m=?[0mStreamId(9) ?[3mstream.state?[0m?[2m=?[0mState { inner: Closed(EndStream) }?[1m}?[0m?[2m:?[0m ?[2mh2::proto::streams::counts?[0m?[2m:?[0m transition_after; stream=StreamId(9); state=State { inner: Closed(EndStream) }; is_closed=true; pending_send_empty=true; buffered_send_data=0; num_recv=1; num_send=0
15:13:28.846 [Thread-5] DEBUG i.pact.plugins.jvm.core.ChildProcess - Plugin protobuf [46348] || ?[2m2023-03-27T09:43:28.846120Z?[0m ?[35mTRACE?[0m tokio-runtime-worker ?[1mserver_handshake?[0m?[2m:?[0m?[1mConnection?[0m?[1m{?[0m?[3mpeer?[0m?[2m=?[0mServer?[1m}?[0m?[2m:?[0m?[1mpoll?[0m?[2m:?[0m?[1mpop_frame?[0m?[2m:?[0m?[1mpopped?[0m?[1m{?[0m?[3mstream.id?[0m?[2m=?[0mStreamId(9) ?[3mstream.state?[0m?[2m=?[0mState { inner: Closed(EndStream) }?[1m}?[0m?[2m:?[0m ?[2mh2::proto::streams::counts?[0m?[2m:?[0m dec_num_streams; stream=StreamId(9)
15:13:28.846 [Thread-5] DEBUG i.pact.plugins.jvm.core.ChildProcess - Plugin protobuf [46348] || ?[2m2023-03-27T09:43:28.846208Z?[0m ?[35mTRACE?[0m tokio-runtime-worker ?[1mserver_handshake?[0m?[2m:?[0m?[1mConnection?[0m?[1m{?[0m?[3mpeer?[0m?[2m=?[0mServer?[1m}?[0m?[2m:?[0m?[1mpoll?[0m?[2m:?[0m ?[2mh2::proto::streams::prioritize?[0m?[2m:?[0m writing ?[3mframe?[0m?[2m=?[0mHeaders { stream_id: StreamId(9), flags: (0x5: END_HEADERS | END_STREAM) }
15:13:28.846 [Thread-5] DEBUG i.pact.plugins.jvm.core.ChildProcess - Plugin protobuf [46348] || ?[2m2023-03-27T09:43:28.846244Z?[0m ?[34mDEBUG?[0m tokio-runtime-worker ?[1mserver_handshake?[0m?[2m:?[0m?[1mConnection?[0m?[1m{?[0m?[3mpeer?[0m?[2m=?[0mServer?[1m}?[0m?[2m:?[0m?[1mpoll?[0m?[2m:?[0m?[1mFramedWrite::buffer?[0m?[1m{?[0m?[3mframe?[0m?[2m=?[0mHeaders { stream_id: StreamId(9), flags: (0x5: END_HEADERS | END_STREAM) }?[1m}?[0m?[2m:?[0m ?[2mh2::codec::framed_write?[0m?[2m:?[0m send ?[3mframe?[0m?[2m=?[0mHeaders { stream_id: StreamId(9), flags: (0x5: END_HEADERS | END_STREAM) }
15:13:28.846 [Thread-5] DEBUG i.pact.plugins.jvm.core.ChildProcess - Plugin protobuf [46348] || ?[2m2023-03-27T09:43:28.846299Z?[0m ?[35mTRACE?[0m tokio-runtime-worker ?[1mserver_handshake?[0m?[2m:?[0m?[1mConnection?[0m?[1m{?[0m?[3mpeer?[0m?[2m=?[0mServer?[1m}?[0m?[2m:?[0m?[1mpoll?[0m?[2m:?[0m ?[2mh2::proto::streams::prioritize?[0m?[2m:?[0m schedule_pending_open
15:13:28.846 [Thread-5] DEBUG i.pact.plugins.jvm.core.ChildProcess - Plugin protobuf [46348] || ?[2m2023-03-27T09:43:28.846332Z?[0m ?[35mTRACE?[0m tokio-runtime-worker ?[1mserver_handshake?[0m?[2m:?[0m?[1mConnection?[0m?[1m{?[0m?[3mpeer?[0m?[2m=?[0mServer?[1m}?[0m?[2m:?[0m?[1mpoll?[0m?[2m:?[0m?[1mFramedWrite::flush?[0m?[2m:?[0m ?[2mh2::codec::framed_write?[0m?[2m:?[0m ?[3mqueued_data_frame?[0m?[2m=?[0mfalse
15:13:28.846 [Thread-5] DEBUG i.pact.plugins.jvm.core.ChildProcess - Plugin protobuf [46348] || ?[2m2023-03-27T09:43:28.846367Z?[0m ?[35mTRACE?[0m tokio-runtime-worker ?[1mserver_handshake?[0m?[2m:?[0m?[1mConnection?[0m?[1m{?[0m?[3mpeer?[0m?[2m=?[0mServer?[1m}?[0m?[2m:?[0m?[1mpoll?[0m?[2m:?[0m?[1mFramedWrite::flush?[0m?[2m:?[0m ?[2mh2::codec::framed_write?[0m?[2m:?[0m flushing buffer
15:13:28.848 [grpc-nio-worker-ELG-1-2] DEBUG io.grpc.netty.NettyClientHandler - [id: 0x9e25d4de, L:/0:0:0:0:0:0:0:1:54373 - R:/0:0:0:0:0:0:0:1:54371] INBOUND HEADERS: streamId=9 headers=GrpcHttp2ResponseHeaders[:status: 200, content-type: application/grpc, date: Mon, 27 Mar 2023 09:43:28 GMT] padding=0 endStream=false
15:13:28.849 [grpc-nio-worker-ELG-1-2] DEBUG io.grpc.netty.NettyClientHandler - [id: 0x9e25d4de, L:/0:0:0:0:0:0:0:1:54373 - R:/0:0:0:0:0:0:0:1:54371] INBOUND DATA: streamId=9 padding=0 endStream=false length=546 bytes=000000021d129a041aa001129d010a220a205b22313a2854686972747954776f4269742c20466c6f617429203d203132225d122f0a2d5b22313a284c656e6774...
15:13:28.849 [grpc-nio-worker-ELG-1-2] DEBUG io.grpc.netty.NettyClientHandler - [id: 0x9e25d4de, L:/0:0:0:0:0:0:0:1:54373 - R:/0:0:0:0:0:0:0:1:54371] OUTBOUND PING: ack=false bytes=1234
15:13:28.849 [grpc-nio-worker-ELG-1-2] DEBUG io.grpc.netty.NettyClientHandler - [id: 0x9e25d4de, L:/0:0:0:0:0:0:0:1:54373 - R:/0:0:0:0:0:0:0:1:54371] INBOUND HEADERS: streamId=9 headers=GrpcHttp2ResponseHeaders[grpc-status: 0] padding=0 endStream=true
15:13:28.851 [Thread-5] DEBUG i.pact.plugins.jvm.core.ChildProcess - Plugin protobuf [46348] || ?[2m2023-03-27T09:43:28.851120Z?[0m ?[35mTRACE?[0m tokio-runtime-worker ?[1mserver_handshake?[0m?[2m:?[0m?[1mConnection?[0m?[1m{?[0m?[3mpeer?[0m?[2m=?[0mServer?[1m}?[0m?[2m:?[0m?[1mpoll?[0m?[2m:?[0m ?[2mh2::proto::connection?[0m?[2m:?[0m ?[3mconnection.state?[0m?[2m=?[0mOpen
15:13:28.851 [Thread-5] DEBUG i.pact.plugins.jvm.core.ChildProcess - Plugin protobuf [46348] || ?[2m2023-03-27T09:43:28.851173Z?[0m ?[35mTRACE?[0m tokio-runtime-worker ?[1mserver_handshake?[0m?[2m:?[0m?[1mConnection?[0m?[1m{?[0m?[3mpeer?[0m?[2m=?[0mServer?[1m}?[0m?[2m:?[0m?[1mpoll?[0m?[2m:?[0m?[1mFramedRead::poll_next?[0m?[2m:?[0m ?[2mh2::codec::framed_read?[0m?[2m:?[0m poll
15:13:28.851 [Thread-5] DEBUG i.pact.plugins.jvm.core.ChildProcess - Plugin protobuf [46348] || ?[2m2023-03-27T09:43:28.851196Z?[0m ?[35mTRACE?[0m tokio-runtime-worker ?[1mserver_handshake?[0m?[2m:?[0m?[1mConnection?[0m?[1m{?[0m?[3mpeer?[0m?[2m=?[0mServer?[1m}?[0m?[2m:?[0m?[1mpoll?[0m?[2m:?[0m?[1mFramedRead::poll_next?[0m?[2m:?[0m ?[2mtokio_util::codec::framed_impl?[0m?[2m:?[0m attempting to decode a frame
15:13:28.851 [Thread-5] DEBUG i.pact.plugins.jvm.core.ChildProcess - Plugin protobuf [46348] || ?[2m2023-03-27T09:43:28.851211Z?[0m ?[35mTRACE?[0m tokio-runtime-worker ?[1mserver_handshake?[0m?[2m:?[0m?[1mConnection?[0m?[1m{?[0m?[3mpeer?[0m?[2m=?[0mServer?[1m}?[0m?[2m:?[0m?[1mpoll?[0m?[2m:?[0m?[1mFramedRead::poll_next?[0m?[2m:?[0m ?[2mtokio_util::codec::framed_impl?[0m?[2m:?[0m frame decoded from buffer
15:13:28.851 [Thread-5] DEBUG i.pact.plugins.jvm.core.ChildProcess - Plugin protobuf [46348] || ?[2m2023-03-27T09:43:28.851222Z?[0m ?[35mTRACE?[0m tokio-runtime-worker ?[1mserver_handshake?[0m?[2m:?[0m?[1mConnection?[0m?[1m{?[0m?[3mpeer?[0m?[2m=?[0mServer?[1m}?[0m?[2m:?[0m?[1mpoll?[0m?[2m:?[0m?[1mFramedRead::poll_next?[0m?[2m:?[0m ?[2mh2::codec::framed_read?[0m?[2m:?[0m ?[3mread.bytes?[0m?[2m=?[0m17
15:13:28.851 [Thread-5] DEBUG i.pact.plugins.jvm.core.ChildProcess - Plugin protobuf [46348] || ?[2m2023-03-27T09:43:28.851243Z?[0m ?[35mTRACE?[0m tokio-runtime-worker ?[1mserver_handshake?[0m?[2m:?[0m?[1mConnection?[0m?[1m{?[0m?[3mpeer?[0m?[2m=?[0mServer?[1m}?[0m?[2m:?[0m?[1mpoll?[0m?[2m:?[0m?[1mFramedRead::poll_next?[0m?[2m:?[0m?[1mFramedRead::decode_frame?[0m?[1m{?[0m?[3moffset?[0m?[2m=?[0m17?[1m}?[0m?[2m:?[0m ?[2mh2::codec::framed_read?[0m?[2m:?[0m decoding frame from 17B
15:13:28.851 [Thread-5] DEBUG i.pact.plugins.jvm.core.ChildProcess - Plugin protobuf [46348] || ?[2m2023-03-27T09:43:28.851257Z?[0m ?[35mTRACE?[0m tokio-runtime-worker ?[1mserver_handshake?[0m?[2m:?[0m?[1mConnection?[0m?[1m{?[0m?[3mpeer?[0m?[2m=?[0mServer?[1m}?[0m?[2m:?[0m?[1mpoll?[0m?[2m:?[0m?[1mFramedRead::poll_next?[0m?[2m:?[0m?[1mFramedRead::decode_frame?[0m?[1m{?[0m?[3moffset?[0m?[2m=?[0m17?[1m}?[0m?[2m:?[0m ?[2mh2::codec::framed_read?[0m?[2m:?[0m ?[3mframe.kind?[0m?[2m=?[0mPing
15:13:28.851 [Thread-5] DEBUG i.pact.plugins.jvm.core.ChildProcess - Plugin protobuf [46348] || ?[2m2023-03-27T09:43:28.851278Z?[0m ?[34mDEBUG?[0m tokio-runtime-worker ?[1mserver_handshake?[0m?[2m:?[0m?[1mConnection?[0m?[1m{?[0m?[3mpeer?[0m?[2m=?[0mServer?[1m}?[0m?[2m:?[0m?[1mpoll?[0m?[2m:?[0m?[1mFramedRead::poll_next?[0m?[2m:?[0m ?[2mh2::codec::framed_read?[0m?[2m:?[0m received ?[3mframe?[0m?[2m=?[0mPing { ack: false, payload: [0, 0, 0, 0, 0, 0, 4, 210] }
15:13:28.851 [Thread-5] DEBUG i.pact.plugins.jvm.core.ChildProcess - Plugin protobuf [46348] || ?[2m2023-03-27T09:43:28.851302Z?[0m ?[35mTRACE?[0m tokio-runtime-worker ?[1mserver_handshake?[0m?[2m:?[0m?[1mConnection?[0m?[1m{?[0m?[3mpeer?[0m?[2m=?[0mServer?[1m}?[0m?[2m:?[0m?[1mpoll?[0m?[2m:?[0m ?[2mh2::proto::connection?[0m?[2m:?[0m recv PING ?[3mframe?[0m?[2m=?[0mPing { ack: false, payload: [0, 0, 0, 0, 0, 0, 4, 210] }
15:13:28.851 [Thread-5] DEBUG i.pact.plugins.jvm.core.ChildProcess - Plugin protobuf [46348] || ?[2m2023-03-27T09:43:28.851334Z?[0m ?[34mDEBUG?[0m tokio-runtime-worker ?[1mserver_handshake?[0m?[2m:?[0m?[1mConnection?[0m?[1m{?[0m?[3mpeer?[0m?[2m=?[0mServer?[1m}?[0m?[2m:?[0m?[1mpoll?[0m?[2m:?[0m?[1mpoll_ready?[0m?[2m:?[0m?[1mFramedWrite::buffer?[0m?[1m{?[0m?[3mframe?[0m?[2m=?[0mPing { ack: true, payload: [0, 0, 0, 0, 0, 0, 4, 210] }?[1m}?[0m?[2m:?[0m ?[2mh2::codec::framed_write?[0m?[2m:?[0m send ?[3mframe?[0m?[2m=?[0mPing { ack: true, payload: [0, 0, 0, 0, 0, 0, 4, 210] }
15:13:28.851 [Thread-5] DEBUG i.pact.plugins.jvm.core.ChildProcess - Plugin protobuf [46348] || ?[2m2023-03-27T09:43:28.851351Z?[0m ?[35mTRACE?[0m tokio-runtime-worker ?[1mserver_handshake?[0m?[2m:?[0m?[1mConnection?[0m?[1m{?[0m?[3mpeer?[0m?[2m=?[0mServer?[1m}?[0m?[2m:?[0m?[1mpoll?[0m?[2m:?[0m?[1mpoll_ready?[0m?[2m:?[0m?[1mFramedWrite::buffer?[0m?[1m{?[0m?[3mframe?[0m?[2m=?[0mPing { ack: true, payload: [0, 0, 0, 0, 0, 0, 4, 210] }?[1m}?[0m?[2m:?[0m ?[2mh2::frame::ping?[0m?[2m:?[0m encoding PING; ack=true len=8
15:13:28.851 [Thread-5] DEBUG i.pact.plugins.jvm.core.ChildProcess - Plugin protobuf [46348] || ?[2m2023-03-27T09:43:28.851366Z?[0m ?[35mTRACE?[0m tokio-runtime-worker ?[1mserver_handshake?[0m?[2m:?[0m?[1mConnection?[0m?[1m{?[0m?[3mpeer?[0m?[2m=?[0mServer?[1m}?[0m?[2m:?[0m?[1mpoll?[0m?[2m:?[0m?[1mpoll_ready?[0m?[2m:?[0m?[1mFramedWrite::buffer?[0m?[1m{?[0m?[3mframe?[0m?[2m=?[0mPing { ack: true, payload: [0, 0, 0, 0, 0, 0, 4, 210] }?[1m}?[0m?[2m:?[0m ?[2mh2::codec::framed_write?[0m?[2m:?[0m encoded ping ?[3mrem?[0m?[2m=?[0m17
15:13:28.851 [Thread-5] DEBUG i.pact.plugins.jvm.core.ChildProcess - Plugin protobuf [46348] || ?[2m2023-03-27T09:43:28.851398Z?[0m ?[35mTRACE?[0m tokio-runtime-worker ?[1mserver_handshake?[0m?[2m:?[0m?[1mConnection?[0m?[1m{?[0m?[3mpeer?[0m?[2m=?[0mServer?[1m}?[0m?[2m:?[0m?[1mpoll?[0m?[2m:?[0m?[1mFramedRead::poll_next?[0m?[2m:?[0m ?[2mh2::codec::framed_read?[0m?[2m:?[0m poll
15:13:28.851 [Thread-5] DEBUG i.pact.plugins.jvm.core.ChildProcess - Plugin protobuf [46348] || ?[2m2023-03-27T09:43:28.851410Z?[0m ?[35mTRACE?[0m tokio-runtime-worker ?[1mserver_handshake?[0m?[2m:?[0m?[1mConnection?[0m?[1m{?[0m?[3mpeer?[0m?[2m=?[0mServer?[1m}?[0m?[2m:?[0m?[1mpoll?[0m?[2m:?[0m?[1mFramedRead::poll_next?[0m?[2m:?[0m ?[2mtokio_util::codec::framed_impl?[0m?[2m:?[0m attempting to decode a frame
15:13:28.851 [Thread-5] DEBUG i.pact.plugins.jvm.core.ChildProcess - Plugin protobuf [46348] || ?[2m2023-03-27T09:43:28.851445Z?[0m ?[35mTRACE?[0m tokio-runtime-worker ?[1mserver_handshake?[0m?[2m:?[0m?[1mConnection?[0m?[1m{?[0m?[3mpeer?[0m?[2m=?[0mServer?[1m}?[0m?[2m:?[0m?[1mpoll?[0m?[2m:?[0m ?[2mh2::proto::streams::prioritize?[0m?[2m:?[0m poll_complete
15:13:28.851 [Thread-5] DEBUG i.pact.plugins.jvm.core.ChildProcess - Plugin protobuf [46348] || ?[2m2023-03-27T09:43:28.851457Z?[0m ?[35mTRACE?[0m tokio-runtime-worker ?[1mserver_handshake?[0m?[2m:?[0m?[1mConnection?[0m?[1m{?[0m?[3mpeer?[0m?[2m=?[0mServer?[1m}?[0m?[2m:?[0m?[1mpoll?[0m?[2m:?[0m ?[2mh2::proto::streams::prioritize?[0m?[2m:?[0m schedule_pending_open
15:13:28.851 [Thread-5] DEBUG i.pact.plugins.jvm.core.ChildProcess - Plugin protobuf [46348] || ?[2m2023-03-27T09:43:28.851484Z?[0m ?[35mTRACE?[0m tokio-runtime-worker ?[1mserver_handshake?[0m?[2m:?[0m?[1mConnection?[0m?[1m{?[0m?[3mpeer?[0m?[2m=?[0mServer?[1m}?[0m?[2m:?[0m?[1mpoll?[0m?[2m:?[0m?[1mFramedWrite::flush?[0m?[2m:?[0m ?[2mh2::codec::framed_write?[0m?[2m:?[0m ?[3mqueued_data_frame?[0m?[2m=?[0mfalse
15:13:28.851 [Thread-5] DEBUG i.pact.plugins.jvm.core.ChildProcess - Plugin protobuf [46348] || ?[2m2023-03-27T09:43:28.851517Z?[0m ?[35mTRACE?[0m tokio-runtime-worker ?[1mserver_handshake?[0m?[2m:?[0m?[1mConnection?[0m?[1m{?[0m?[3mpeer?[0m?[2m=?[0mServer?[1m}?[0m?[2m:?[0m?[1mpoll?[0m?[2m:?[0m?[1mFramedWrite::flush?[0m?[2m:?[0m ?[2mh2::codec::framed_write?[0m?[2m:?[0m flushing buffer
15:13:28.852 [grpc-nio-worker-ELG-1-2] DEBUG io.grpc.netty.NettyClientHandler - [id: 0x9e25d4de, L:/0:0:0:0:0:0:0:1:54373 - R:/0:0:0:0:0:0:0:1:54371] INBOUND PING: ack=true bytes=1234
15:13:28.886 [Test worker] DEBUG i.p.p.jvm.core.DefaultPluginManager - Got response: result {
  mismatches {
    mismatch {
      expected {
        value: "[\"1:(ThirtyTwoBit, Float) = 12\"]"
      }
      actual {
        value: "[\"1:(LengthDelimited, Unknown) = 0400004041\"]"
      }
      mismatch: "Unable to match [\"1:(ThirtyTwoBit, Float) = 12\"] using Number"
      path: "$.value"
    }
  }
  mismatches {
    mismatch {
      expected {
        value: "12"
      }
      actual {
        value: "0400004041"
      }
      mismatch: "Expected and actual field have different types: 1:(ThirtyTwoBit, Float) = 12 and 1:(LengthDelimited, Unknown) = 0400004041"
      path: "$.value[0]"
    }
  }
  output: "Given a \033[1mCalculator\033[0m/\033[1mcalculateOne\033[0m request"
  output: "    with an input \033[1m.area_calculator.ShapeMessage\033[0m message"
  output: "    will return an output \033[1m.area_calculator.AreaResponse\033[0m message [\033[31mFAILED\033[0m]"
}

Given a ?[1mCalculator?[0m/?[1mcalculateOne?[0m request
    with an input ?[1m.area_calculator.ShapeMessage?[0m message
    will return an output ?[1m.area_calculator.AreaResponse?[0m message [?[31mFAILED?[0m]

Failures:

1) Verification Failed

    1.1) body: $.value Unable to match ["1:(ThirtyTwoBit, Float) = 12"] using Number

    1.2) body: $.value[0] Expected and actual field have different types: 1:(ThirtyTwoBit, Float) = 12 and 1:(LengthDelimited, Unknown) = 0400004041


15:13:28.954 [Test worker] DEBUG a.c.d.p.p.DefaultTestResultAccumulator - Received test result 'Failed(results=[{interactionId=, attribute=body, description=Unable to match ["1:(ThirtyTwoBit, Float) = 12"] using Number, identifier=$.value, diff=null}, {interactionId=, attribute=body, description=Expected and actual field have different types: 1:(ThirtyTwoBit, Float) = 12 and 1:(LengthDelimited, Unknown) = 0400004041, identifier=$.value[0], diff=null}], description=Verification via plugin failed)' for Pact area-calculator-provider-grpc-consumer-jvm and calculate rectangle area request (File /Users/karthik/Downloads/pact-plugins-main/examples/protobuf/protobuf-consumer-jvm/build/resources/test/pacts/grpc-consumer-jvm-area-calculator-provider.json)
15:13:28.965 [Test worker] DEBUG a.c.d.p.p.DefaultTestResultAccumulator - Number of interactions #1 and results: [Failed(results=[{interactionId=, attribute=body, description=Unable to match ["1:(ThirtyTwoBit, Float) = 12"] using Number, identifier=$.value, diff=null}, {interactionId=, attribute=body, description=Expected and actual field have different types: 1:(ThirtyTwoBit, Float) = 12 and 1:(LengthDelimited, Unknown) = 0400004041, identifier=$.value[0], diff=null}], description=Verification via plugin failed)]
15:13:28.967 [Test worker] DEBUG a.c.d.p.p.DefaultTestResultAccumulator - All interactions for Pact area-calculator-provider-grpc-consumer-jvm have a verification result
15:13:28.967 [Test worker] WARN  a.c.d.p.p.DefaultTestResultAccumulator - Skipping publishing of verification results as it has been disabled (pact.verifier.publishResults is not 'true')
15:13:28.968 [Test worker] DEBUG a.c.d.p.p.j.PactVerificationStateChangeExtension - afterEach for interaction 'calculate rectangle area request'
]]></system-out>
  <system-err><![CDATA[]]></system-err>
</testsuite>
